-- The CXX compiler identification is GNU 9.4.0
-- Check for working CXX compiler: /usr/bin/c++
-- Check for working CXX compiler: /usr/bin/c++ -- works
-- Detecting CXX compiler ABI info
-- Detecting CXX compiler ABI info - done
-- Detecting CXX compile features
-- Detecting CXX compile features - done
-- Set RPATH explicitly to '/home/unitree/Desktop/unitree_dex3/install/fcl/lib'
-- Performing Test _compiler_supports_sse
-- Performing Test _compiler_supports_sse - Failed
-- Checking for one of the modules 'ccd;libccd'
-- FCL uses OctoMap
-- Performing Test COMPILER_SUPPORTS_VISIBILITY
-- Performing Test COMPILER_SUPPORTS_VISIBILITY - Success
-- Performing Test COMPILER_HAS_HIDDEN_VISIBILITY
-- Performing Test COMPILER_HAS_HIDDEN_VISIBILITY - Success
-- Performing Test COMPILER_HAS_HIDDEN_INLINE_VISIBILITY
-- Performing Test COMPILER_HAS_HIDDEN_INLINE_VISIBILITY - Success
-- Performing Test COMPILER_HAS_DEPRECATED_ATTR
-- Performing Test COMPILER_HAS_DEPRECATED_ATTR - Success
-- Configuring done
-- Generating done
-- Build files have been written to: /home/unitree/Desktop/unitree_dex3/build/fcl
Scanning dependencies of target fcl
[  0%] Building CXX object src/CMakeFiles/fcl.dir/broadphase/broadphase_SSaP.cpp.o
[  1%] Building CXX object src/CMakeFiles/fcl.dir/broadphase/broadphase_interval_tree.cpp.o
[  2%] Building CXX object src/CMakeFiles/fcl.dir/broadphase/broadphase_spatialhash.cpp.o
[  2%] Building CXX object src/CMakeFiles/fcl.dir/broadphase/detail/interval_tree.cpp.o
[  3%] Building CXX object src/CMakeFiles/fcl.dir/broadphase/detail/interval_tree_node.cpp.o
[  4%] Building CXX object src/CMakeFiles/fcl.dir/broadphase/detail/morton.cpp.o
[  5%] Building CXX object src/CMakeFiles/fcl.dir/broadphase/detail/simple_interval.cpp.o
[  6%] Building CXX object src/CMakeFiles/fcl.dir/broadphase/detail/spatial_hash.cpp.o
[  7%] Building CXX object src/CMakeFiles/fcl.dir/common/detail/profiler.cpp.o
[  8%] Building CXX object src/CMakeFiles/fcl.dir/common/exception.cpp.o
[  9%] Building CXX object src/CMakeFiles/fcl.dir/common/time.cpp.o
[ 10%] Building CXX object src/CMakeFiles/fcl.dir/geometry/bvh/BVH_utility.cpp.o
[ 10%] Building CXX object src/CMakeFiles/fcl.dir/geometry/bvh/BV_node_base.cpp.o
[ 11%] Building CXX object src/CMakeFiles/fcl.dir/geometry/bvh/detail/BVH_front.cpp.o
[ 12%] Building CXX object src/CMakeFiles/fcl.dir/geometry/collision_geometry.cpp.o
[ 13%] Building CXX object src/CMakeFiles/fcl.dir/geometry/octree/octree.cpp.o
[ 14%] Building CXX object src/CMakeFiles/fcl.dir/geometry/shape/box.cpp.o
[ 15%] Building CXX object src/CMakeFiles/fcl.dir/geometry/shape/capsule.cpp.o
[ 16%] Building CXX object src/CMakeFiles/fcl.dir/geometry/shape/cone.cpp.o
[ 17%] Building CXX object src/CMakeFiles/fcl.dir/geometry/shape/convex.cpp.o
[ 18%] Building CXX object src/CMakeFiles/fcl.dir/geometry/shape/cylinder.cpp.o
[ 19%] Building CXX object src/CMakeFiles/fcl.dir/geometry/shape/ellipsoid.cpp.o
[ 19%] Building CXX object src/CMakeFiles/fcl.dir/geometry/shape/halfspace.cpp.o
[ 20%] Building CXX object src/CMakeFiles/fcl.dir/geometry/shape/plane.cpp.o
[ 21%] Building CXX object src/CMakeFiles/fcl.dir/geometry/shape/shape_base.cpp.o
[ 22%] Building CXX object src/CMakeFiles/fcl.dir/geometry/shape/sphere.cpp.o
[ 23%] Building CXX object src/CMakeFiles/fcl.dir/geometry/shape/triangle_p.cpp.o
[ 24%] Building CXX object src/CMakeFiles/fcl.dir/geometry/shape/utility.cpp.o
[ 25%] Building CXX object src/CMakeFiles/fcl.dir/math/bv/AABB.cpp.o
[ 26%] Building CXX object src/CMakeFiles/fcl.dir/math/bv/OBB.cpp.o
[ 27%] Building CXX object src/CMakeFiles/fcl.dir/math/bv/OBBRSS.cpp.o
[ 27%] Building CXX object src/CMakeFiles/fcl.dir/math/bv/RSS.cpp.o
[ 28%] Building CXX object src/CMakeFiles/fcl.dir/math/bv/kDOP.cpp.o
[ 29%] Building CXX object src/CMakeFiles/fcl.dir/math/bv/kIOS.cpp.o
[ 30%] Building CXX object src/CMakeFiles/fcl.dir/math/bv/utility.cpp.o
[ 31%] Building CXX object src/CMakeFiles/fcl.dir/math/constants.cpp.o
[ 32%] Building CXX object src/CMakeFiles/fcl.dir/math/detail/polysolver.cpp.o
[ 33%] Building CXX object src/CMakeFiles/fcl.dir/math/detail/project.cpp.o
[ 34%] Building CXX object src/CMakeFiles/fcl.dir/math/detail/seed.cpp.o
[ 35%] Building CXX object src/CMakeFiles/fcl.dir/math/geometry.cpp.o
[ 35%] Building CXX object src/CMakeFiles/fcl.dir/math/motion/interp_motion.cpp.o
[ 36%] Building CXX object src/CMakeFiles/fcl.dir/math/motion/motion_base.cpp.o
[ 37%] Building CXX object src/CMakeFiles/fcl.dir/math/motion/screw_motion.cpp.o
[ 38%] Building CXX object src/CMakeFiles/fcl.dir/math/motion/spline_motion.cpp.o
[ 39%] Building CXX object src/CMakeFiles/fcl.dir/math/motion/taylor_model/interval.cpp.o
[ 40%] Building CXX object src/CMakeFiles/fcl.dir/math/motion/taylor_model/interval_matrix.cpp.o
[ 41%] Building CXX object src/CMakeFiles/fcl.dir/math/motion/taylor_model/interval_vector.cpp.o
[ 42%] Building CXX object src/CMakeFiles/fcl.dir/math/motion/taylor_model/taylor_matrix.cpp.o
[ 43%] Building CXX object src/CMakeFiles/fcl.dir/math/motion/taylor_model/taylor_model.cpp.o
[ 44%] Building CXX object src/CMakeFiles/fcl.dir/math/motion/taylor_model/taylor_vector.cpp.o
[ 44%] Building CXX object src/CMakeFiles/fcl.dir/math/motion/taylor_model/time_interval.cpp.o
[ 45%] Building CXX object src/CMakeFiles/fcl.dir/math/motion/translation_motion.cpp.o
[ 46%] Building CXX object src/CMakeFiles/fcl.dir/math/motion/triangle_motion_bound_visitor.cpp.o
[ 47%] Building CXX object src/CMakeFiles/fcl.dir/math/rng.cpp.o
[ 48%] Building CXX object src/CMakeFiles/fcl.dir/math/sampler/sampler_base.cpp.o
[ 49%] Building CXX object src/CMakeFiles/fcl.dir/math/sampler/sampler_se2.cpp.o
[ 50%] Building CXX object src/CMakeFiles/fcl.dir/math/sampler/sampler_se2_disk.cpp.o
[ 51%] Building CXX object src/CMakeFiles/fcl.dir/math/sampler/sampler_se3_euler.cpp.o
[ 52%] Building CXX object src/CMakeFiles/fcl.dir/math/sampler/sampler_se3_euler_ball.cpp.o
[ 52%] Building CXX object src/CMakeFiles/fcl.dir/math/sampler/sampler_se3_quat.cpp.o
[ 53%] Building CXX object src/CMakeFiles/fcl.dir/math/sampler/sampler_se3_quat_ball.cpp.o
[ 54%] Building CXX object src/CMakeFiles/fcl.dir/math/triangle.cpp.o
[ 55%] Building CXX object src/CMakeFiles/fcl.dir/math/variance3.cpp.o
[ 56%] Building CXX object src/CMakeFiles/fcl.dir/narrowphase/collision.cpp.o
[ 57%] Building CXX object src/CMakeFiles/fcl.dir/narrowphase/collision_object.cpp.o
[ 58%] Building CXX object src/CMakeFiles/fcl.dir/broadphase/broadphase_dynamic_AABB_tree_array.cpp.o
[ 59%] Building CXX object src/CMakeFiles/fcl.dir/broadphase/broadphase_dynamic_AABB_tree.cpp.o
[ 60%] Building CXX object src/CMakeFiles/fcl.dir/broadphase/broadphase_continuous_collision_manager.cpp.o
[ 61%] Building CXX object src/CMakeFiles/fcl.dir/broadphase/broadphase_collision_manager.cpp.o
[ 62%] Building CXX object src/CMakeFiles/fcl.dir/narrowphase/continuous_collision.cpp.o
[ 62%] Building CXX object src/CMakeFiles/fcl.dir/narrowphase/contact_point.cpp.o
[ 63%] Building CXX object src/CMakeFiles/fcl.dir/narrowphase/contact.cpp.o
[ 64%] Building CXX object src/CMakeFiles/fcl.dir/narrowphase/collision_result.cpp.o
[ 65%] Building CXX object src/CMakeFiles/fcl.dir/narrowphase/collision_request.cpp.o
[ 66%] Building CXX object src/CMakeFiles/fcl.dir/narrowphase/continuous_collision_object.cpp.o
[ 67%] Building CXX object src/CMakeFiles/fcl.dir/broadphase/broadphase_bruteforce.cpp.o
[ 68%] Building CXX object src/CMakeFiles/fcl.dir/narrowphase/detail/convexity_based_algorithm/gjk.cpp.o
[ 69%] Building CXX object src/CMakeFiles/fcl.dir/narrowphase/detail/convexity_based_algorithm/epa.cpp.o
[ 70%] Building CXX object src/CMakeFiles/fcl.dir/narrowphase/cost_source.cpp.o
[ 71%] Building CXX object src/CMakeFiles/fcl.dir/narrowphase/continuous_collision_result.cpp.o
[ 72%] Building CXX object src/CMakeFiles/fcl.dir/narrowphase/continuous_collision_request.cpp.o
[ 73%] Building CXX object src/CMakeFiles/fcl.dir/narrowphase/detail/convexity_based_algorithm/gjk_libccd.cpp.o
[ 74%] Building CXX object src/CMakeFiles/fcl.dir/narrowphase/detail/convexity_based_algorithm/minkowski_diff.cpp.o
[ 75%] Building CXX object src/CMakeFiles/fcl.dir/broadphase/broadphase_SaP.cpp.o
[ 76%] Building CXX object src/CMakeFiles/fcl.dir/narrowphase/detail/primitive_shape_algorithm/halfspace.cpp.o
[ 77%] Building CXX object src/CMakeFiles/fcl.dir/narrowphase/detail/primitive_shape_algorithm/capsule_capsule.cpp.o
[ 78%] Building CXX object src/CMakeFiles/fcl.dir/narrowphase/detail/primitive_shape_algorithm/box_box.cpp.o
[ 79%] Building CXX object src/CMakeFiles/fcl.dir/narrowphase/detail/gjk_solver_libccd.cpp.o
[ 80%] Building CXX object src/CMakeFiles/fcl.dir/narrowphase/detail/gjk_solver_indep.cpp.o
[ 80%] Building CXX object src/CMakeFiles/fcl.dir/narrowphase/detail/failed_at_this_configuration.cpp.o
[ 81%] Building CXX object src/CMakeFiles/fcl.dir/narrowphase/detail/primitive_shape_algorithm/intersect.cpp.o
[ 82%] Building CXX object src/CMakeFiles/fcl.dir/narrowphase/detail/primitive_shape_algorithm/plane.cpp.o
[ 83%] Building CXX object src/CMakeFiles/fcl.dir/narrowphase/detail/traversal/collision/collision_traversal_node_base.cpp.o
[ 84%] Building CXX object src/CMakeFiles/fcl.dir/narrowphase/detail/primitive_shape_algorithm/triangle_distance.cpp.o
[ 85%] Building CXX object src/CMakeFiles/fcl.dir/narrowphase/detail/primitive_shape_algorithm/sphere_triangle.cpp.o
[ 86%] Building CXX object src/CMakeFiles/fcl.dir/narrowphase/detail/primitive_shape_algorithm/sphere_sphere.cpp.o
[ 87%] Building CXX object src/CMakeFiles/fcl.dir/narrowphase/detail/primitive_shape_algorithm/sphere_cylinder.cpp.o
[ 88%] Building CXX object src/CMakeFiles/fcl.dir/narrowphase/detail/traversal/collision/mesh_collision_traversal_node.cpp.o
[ 88%] Building CXX object src/CMakeFiles/fcl.dir/narrowphase/detail/primitive_shape_algorithm/sphere_capsule.cpp.o
[ 89%] Building CXX object src/CMakeFiles/fcl.dir/narrowphase/detail/traversal/distance/mesh_distance_traversal_node.cpp.o
[ 90%] Building CXX object src/CMakeFiles/fcl.dir/narrowphase/detail/traversal/distance/mesh_conservative_advancement_traversal_node.cpp.o
[ 91%] Building CXX object src/CMakeFiles/fcl.dir/narrowphase/detail/traversal/distance/distance_traversal_node_base.cpp.o
[ 92%] Building CXX object src/CMakeFiles/fcl.dir/narrowphase/distance.cpp.o
[ 93%] Building CXX object src/CMakeFiles/fcl.dir/narrowphase/detail/traversal/traversal_recurse.cpp.o
[ 94%] Building CXX object src/CMakeFiles/fcl.dir/narrowphase/detail/traversal/traversal_node_base.cpp.o
[ 94%] Building CXX object src/CMakeFiles/fcl.dir/narrowphase/detail/traversal/distance/conservative_advancement_stack_data.cpp.o
[ 95%] Building CXX object src/CMakeFiles/fcl.dir/narrowphase/detail/traversal/collision_node.cpp.o
[ 96%] Building CXX object src/CMakeFiles/fcl.dir/narrowphase/detail/traversal/collision/mesh_continuous_collision_traversal_node.cpp.o
[ 97%] Building CXX object src/CMakeFiles/fcl.dir/narrowphase/distance_request.cpp.o
[ 99%] Building CXX object src/CMakeFiles/fcl.dir/narrowphase/distance_result.cpp.o
[ 99%] Building CXX object src/CMakeFiles/fcl.dir/narrowphase/detail/primitive_shape_algorithm/sphere_box.cpp.o
[100%] Linking CXX shared library ../lib/libfcl.so
[100%] Built target fcl
-- Install configuration: "Release"
-- Installing: /home/unitree/Desktop/unitree_dex3/install/fcl/lib/cmake/fcl/fcl-config.cmake
-- Installing: /home/unitree/Desktop/unitree_dex3/install/fcl/lib/cmake/fcl/fcl-config-version.cmake
-- Installing: /home/unitree/Desktop/unitree_dex3/install/fcl/lib/pkgconfig/fcl.pc
-- Installing: /home/unitree/Desktop/unitree_dex3/install/fcl/share/fcl/package.xml
-- Installing: /home/unitree/Desktop/unitree_dex3/install/fcl/lib/libfcl.so.0.7.0
-- Installing: /home/unitree/Desktop/unitree_dex3/install/fcl/lib/libfcl.so.0.7
-- Set runtime path of "/home/unitree/Desktop/unitree_dex3/install/fcl/lib/libfcl.so.0.7.0" to "/home/unitree/Desktop/unitree_dex3/install/fcl/lib:/opt/ros/foxy/lib"
-- Installing: /home/unitree/Desktop/unitree_dex3/install/fcl/lib/libfcl.so
-- Installing: /home/unitree/Desktop/unitree_dex3/install/fcl/lib/cmake/fcl/fcl-targets.cmake
-- Installing: /home/unitree/Desktop/unitree_dex3/install/fcl/lib/cmake/fcl/fcl-targets-release.cmake
-- Installing: /home/unitree/Desktop/unitree_dex3/install/fcl/include
-- Installing: /home/unitree/Desktop/unitree_dex3/install/fcl/include/fcl
-- Installing: /home/unitree/Desktop/unitree_dex3/install/fcl/include/fcl/config.h
-- Installing: /home/unitree/Desktop/unitree_dex3/install/fcl/include/fcl/fcl.h
-- Installing: /home/unitree/Desktop/unitree_dex3/install/fcl/include/fcl/export.h
-- Up-to-date: /home/unitree/Desktop/unitree_dex3/install/fcl/include
-- Up-to-date: /home/unitree/Desktop/unitree_dex3/install/fcl/include/fcl
-- Installing: /home/unitree/Desktop/unitree_dex3/install/fcl/include/fcl/geometry
-- Installing: /home/unitree/Desktop/unitree_dex3/install/fcl/include/fcl/geometry/collision_geometry.h
-- Installing: /home/unitree/Desktop/unitree_dex3/install/fcl/include/fcl/geometry/bvh
-- Installing: /home/unitree/Desktop/unitree_dex3/install/fcl/include/fcl/geometry/bvh/BVH_model-inl.h
-- Installing: /home/unitree/Desktop/unitree_dex3/install/fcl/include/fcl/geometry/bvh/BVH_internal.h
-- Installing: /home/unitree/Desktop/unitree_dex3/install/fcl/include/fcl/geometry/bvh/BVH_utility-inl.h
-- Installing: /home/unitree/Desktop/unitree_dex3/install/fcl/include/fcl/geometry/bvh/BVH_model.h
-- Installing: /home/unitree/Desktop/unitree_dex3/install/fcl/include/fcl/geometry/bvh/BV_node-inl.h
-- Installing: /home/unitree/Desktop/unitree_dex3/install/fcl/include/fcl/geometry/bvh/BV_node_base.h
-- Installing: /home/unitree/Desktop/unitree_dex3/install/fcl/include/fcl/geometry/bvh/detail
-- Installing: /home/unitree/Desktop/unitree_dex3/install/fcl/include/fcl/geometry/bvh/detail/BV_splitter.h
-- Installing: /home/unitree/Desktop/unitree_dex3/install/fcl/include/fcl/geometry/bvh/detail/BV_splitter-inl.h
-- Installing: /home/unitree/Desktop/unitree_dex3/install/fcl/include/fcl/geometry/bvh/detail/BV_fitter_base.h
-- Installing: /home/unitree/Desktop/unitree_dex3/install/fcl/include/fcl/geometry/bvh/detail/BV_fitter-inl.h
-- Installing: /home/unitree/Desktop/unitree_dex3/install/fcl/include/fcl/geometry/bvh/detail/BVH_front.h
-- Installing: /home/unitree/Desktop/unitree_dex3/install/fcl/include/fcl/geometry/bvh/detail/BV_splitter_base.h
-- Installing: /home/unitree/Desktop/unitree_dex3/install/fcl/include/fcl/geometry/bvh/detail/BV_fitter.h
-- Installing: /home/unitree/Desktop/unitree_dex3/install/fcl/include/fcl/geometry/bvh/BVH_utility.h
-- Installing: /home/unitree/Desktop/unitree_dex3/install/fcl/include/fcl/geometry/bvh/BV_node.h
-- Installing: /home/unitree/Desktop/unitree_dex3/install/fcl/include/fcl/geometry/geometric_shape_to_BVH_model-inl.h
-- Installing: /home/unitree/Desktop/unitree_dex3/install/fcl/include/fcl/geometry/geometric_shape_to_BVH_model.h
-- Installing: /home/unitree/Desktop/unitree_dex3/install/fcl/include/fcl/geometry/shape
-- Installing: /home/unitree/Desktop/unitree_dex3/install/fcl/include/fcl/geometry/shape/cylinder.h
-- Installing: /home/unitree/Desktop/unitree_dex3/install/fcl/include/fcl/geometry/shape/convex.h
-- Installing: /home/unitree/Desktop/unitree_dex3/install/fcl/include/fcl/geometry/shape/triangle_p-inl.h
-- Installing: /home/unitree/Desktop/unitree_dex3/install/fcl/include/fcl/geometry/shape/plane-inl.h
-- Installing: /home/unitree/Desktop/unitree_dex3/install/fcl/include/fcl/geometry/shape/convex-inl.h
-- Installing: /home/unitree/Desktop/unitree_dex3/install/fcl/include/fcl/geometry/shape/capsule.h
-- Installing: /home/unitree/Desktop/unitree_dex3/install/fcl/include/fcl/geometry/shape/triangle_p.h
-- Installing: /home/unitree/Desktop/unitree_dex3/install/fcl/include/fcl/geometry/shape/shape_base.h
-- Installing: /home/unitree/Desktop/unitree_dex3/install/fcl/include/fcl/geometry/shape/capsule-inl.h
-- Installing: /home/unitree/Desktop/unitree_dex3/install/fcl/include/fcl/geometry/shape/ellipsoid.h
-- Installing: /home/unitree/Desktop/unitree_dex3/install/fcl/include/fcl/geometry/shape/cone.h
-- Installing: /home/unitree/Desktop/unitree_dex3/install/fcl/include/fcl/geometry/shape/sphere-inl.h
-- Installing: /home/unitree/Desktop/unitree_dex3/install/fcl/include/fcl/geometry/shape/box.h
-- Installing: /home/unitree/Desktop/unitree_dex3/install/fcl/include/fcl/geometry/shape/cylinder-inl.h
-- Installing: /home/unitree/Desktop/unitree_dex3/install/fcl/include/fcl/geometry/shape/cone-inl.h
-- Installing: /home/unitree/Desktop/unitree_dex3/install/fcl/include/fcl/geometry/shape/sphere.h
-- Installing: /home/unitree/Desktop/unitree_dex3/install/fcl/include/fcl/geometry/shape/utility.h
-- Installing: /home/unitree/Desktop/unitree_dex3/install/fcl/include/fcl/geometry/shape/plane.h
-- Installing: /home/unitree/Desktop/unitree_dex3/install/fcl/include/fcl/geometry/shape/halfspace-inl.h
-- Installing: /home/unitree/Desktop/unitree_dex3/install/fcl/include/fcl/geometry/shape/utility-inl.h
-- Installing: /home/unitree/Desktop/unitree_dex3/install/fcl/include/fcl/geometry/shape/shape_base-inl.h
-- Installing: /home/unitree/Desktop/unitree_dex3/install/fcl/include/fcl/geometry/shape/halfspace.h
-- Installing: /home/unitree/Desktop/unitree_dex3/install/fcl/include/fcl/geometry/shape/box-inl.h
-- Installing: /home/unitree/Desktop/unitree_dex3/install/fcl/include/fcl/geometry/shape/ellipsoid-inl.h
-- Installing: /home/unitree/Desktop/unitree_dex3/install/fcl/include/fcl/geometry/collision_geometry-inl.h
-- Installing: /home/unitree/Desktop/unitree_dex3/install/fcl/include/fcl/geometry/octree
-- Installing: /home/unitree/Desktop/unitree_dex3/install/fcl/include/fcl/geometry/octree/octree.h
-- Installing: /home/unitree/Desktop/unitree_dex3/install/fcl/include/fcl/geometry/octree/octree-inl.h
-- Installing: /home/unitree/Desktop/unitree_dex3/install/fcl/include/fcl/narrowphase
-- Installing: /home/unitree/Desktop/unitree_dex3/install/fcl/include/fcl/narrowphase/continuous_collision_request-inl.h
-- Installing: /home/unitree/Desktop/unitree_dex3/install/fcl/include/fcl/narrowphase/distance.h
-- Installing: /home/unitree/Desktop/unitree_dex3/install/fcl/include/fcl/narrowphase/contact-inl.h
-- Installing: /home/unitree/Desktop/unitree_dex3/install/fcl/include/fcl/narrowphase/cost_source.h
-- Installing: /home/unitree/Desktop/unitree_dex3/install/fcl/include/fcl/narrowphase/contact_point-inl.h
-- Installing: /home/unitree/Desktop/unitree_dex3/install/fcl/include/fcl/narrowphase/collision_request.h
-- Installing: /home/unitree/Desktop/unitree_dex3/install/fcl/include/fcl/narrowphase/collision_result-inl.h
-- Installing: /home/unitree/Desktop/unitree_dex3/install/fcl/include/fcl/narrowphase/distance_request.h
-- Installing: /home/unitree/Desktop/unitree_dex3/install/fcl/include/fcl/narrowphase/distance_request-inl.h
-- Installing: /home/unitree/Desktop/unitree_dex3/install/fcl/include/fcl/narrowphase/gjk_solver_type.h
-- Installing: /home/unitree/Desktop/unitree_dex3/install/fcl/include/fcl/narrowphase/collision.h
-- Installing: /home/unitree/Desktop/unitree_dex3/install/fcl/include/fcl/narrowphase/distance_result.h
-- Installing: /home/unitree/Desktop/unitree_dex3/install/fcl/include/fcl/narrowphase/continuous_collision_object.h
-- Installing: /home/unitree/Desktop/unitree_dex3/install/fcl/include/fcl/narrowphase/distance_result-inl.h
-- Installing: /home/unitree/Desktop/unitree_dex3/install/fcl/include/fcl/narrowphase/contact_point.h
-- Installing: /home/unitree/Desktop/unitree_dex3/install/fcl/include/fcl/narrowphase/collision_object.h
-- Installing: /home/unitree/Desktop/unitree_dex3/install/fcl/include/fcl/narrowphase/continuous_collision_request.h
-- Installing: /home/unitree/Desktop/unitree_dex3/install/fcl/include/fcl/narrowphase/continuous_collision_object-inl.h
-- Installing: /home/unitree/Desktop/unitree_dex3/install/fcl/include/fcl/narrowphase/collision_result.h
-- Installing: /home/unitree/Desktop/unitree_dex3/install/fcl/include/fcl/narrowphase/distance-inl.h
-- Installing: /home/unitree/Desktop/unitree_dex3/install/fcl/include/fcl/narrowphase/collision_request-inl.h
-- Installing: /home/unitree/Desktop/unitree_dex3/install/fcl/include/fcl/narrowphase/continuous_collision-inl.h
-- Installing: /home/unitree/Desktop/unitree_dex3/install/fcl/include/fcl/narrowphase/continuous_collision_result-inl.h
-- Installing: /home/unitree/Desktop/unitree_dex3/install/fcl/include/fcl/narrowphase/continuous_collision.h
-- Installing: /home/unitree/Desktop/unitree_dex3/install/fcl/include/fcl/narrowphase/detail
-- Installing: /home/unitree/Desktop/unitree_dex3/install/fcl/include/fcl/narrowphase/detail/collision_func_matrix-inl.h
-- Installing: /home/unitree/Desktop/unitree_dex3/install/fcl/include/fcl/narrowphase/detail/gjk_solver_libccd-inl.h
-- Installing: /home/unitree/Desktop/unitree_dex3/install/fcl/include/fcl/narrowphase/detail/collision_func_matrix.h
-- Installing: /home/unitree/Desktop/unitree_dex3/install/fcl/include/fcl/narrowphase/detail/distance_func_matrix-inl.h
-- Installing: /home/unitree/Desktop/unitree_dex3/install/fcl/include/fcl/narrowphase/detail/failed_at_this_configuration.h
-- Installing: /home/unitree/Desktop/unitree_dex3/install/fcl/include/fcl/narrowphase/detail/distance_func_matrix.h
-- Installing: /home/unitree/Desktop/unitree_dex3/install/fcl/include/fcl/narrowphase/detail/conservative_advancement_func_matrix.h
-- Installing: /home/unitree/Desktop/unitree_dex3/install/fcl/include/fcl/narrowphase/detail/conservative_advancement_func_matrix-inl.h
-- Installing: /home/unitree/Desktop/unitree_dex3/install/fcl/include/fcl/narrowphase/detail/gjk_solver_libccd.h
-- Installing: /home/unitree/Desktop/unitree_dex3/install/fcl/include/fcl/narrowphase/detail/convexity_based_algorithm
-- Installing: /home/unitree/Desktop/unitree_dex3/install/fcl/include/fcl/narrowphase/detail/convexity_based_algorithm/polytope.h
-- Installing: /home/unitree/Desktop/unitree_dex3/install/fcl/include/fcl/narrowphase/detail/convexity_based_algorithm/minkowski_diff-inl.h
-- Installing: /home/unitree/Desktop/unitree_dex3/install/fcl/include/fcl/narrowphase/detail/convexity_based_algorithm/gjk-inl.h
-- Installing: /home/unitree/Desktop/unitree_dex3/install/fcl/include/fcl/narrowphase/detail/convexity_based_algorithm/gjk_libccd-inl.h
-- Installing: /home/unitree/Desktop/unitree_dex3/install/fcl/include/fcl/narrowphase/detail/convexity_based_algorithm/epa-inl.h
-- Installing: /home/unitree/Desktop/unitree_dex3/install/fcl/include/fcl/narrowphase/detail/convexity_based_algorithm/minkowski_diff.h
-- Installing: /home/unitree/Desktop/unitree_dex3/install/fcl/include/fcl/narrowphase/detail/convexity_based_algorithm/epa.h
-- Installing: /home/unitree/Desktop/unitree_dex3/install/fcl/include/fcl/narrowphase/detail/convexity_based_algorithm/gjk.h
-- Installing: /home/unitree/Desktop/unitree_dex3/install/fcl/include/fcl/narrowphase/detail/convexity_based_algorithm/support.h
-- Installing: /home/unitree/Desktop/unitree_dex3/install/fcl/include/fcl/narrowphase/detail/convexity_based_algorithm/alloc.h
-- Installing: /home/unitree/Desktop/unitree_dex3/install/fcl/include/fcl/narrowphase/detail/convexity_based_algorithm/simplex.h
-- Installing: /home/unitree/Desktop/unitree_dex3/install/fcl/include/fcl/narrowphase/detail/convexity_based_algorithm/gjk_libccd.h
-- Installing: /home/unitree/Desktop/unitree_dex3/install/fcl/include/fcl/narrowphase/detail/convexity_based_algorithm/list.h
-- Installing: /home/unitree/Desktop/unitree_dex3/install/fcl/include/fcl/narrowphase/detail/gjk_solver_indep.h
-- Installing: /home/unitree/Desktop/unitree_dex3/install/fcl/include/fcl/narrowphase/detail/traversal
-- Installing: /home/unitree/Desktop/unitree_dex3/install/fcl/include/fcl/narrowphase/detail/traversal/collision
-- Installing: /home/unitree/Desktop/unitree_dex3/install/fcl/include/fcl/narrowphase/detail/traversal/collision/collision_traversal_node_base-inl.h
-- Installing: /home/unitree/Desktop/unitree_dex3/install/fcl/include/fcl/narrowphase/detail/traversal/collision/shape_bvh_collision_traversal_node-inl.h
-- Installing: /home/unitree/Desktop/unitree_dex3/install/fcl/include/fcl/narrowphase/detail/traversal/collision/mesh_shape_collision_traversal_node.h
-- Installing: /home/unitree/Desktop/unitree_dex3/install/fcl/include/fcl/narrowphase/detail/traversal/collision/intersect-inl.h
-- Installing: /home/unitree/Desktop/unitree_dex3/install/fcl/include/fcl/narrowphase/detail/traversal/collision/shape_mesh_collision_traversal_node-inl.h
-- Installing: /home/unitree/Desktop/unitree_dex3/install/fcl/include/fcl/narrowphase/detail/traversal/collision/bvh_collision_traversal_node-inl.h
-- Installing: /home/unitree/Desktop/unitree_dex3/install/fcl/include/fcl/narrowphase/detail/traversal/collision/bvh_collision_traversal_node.h
-- Installing: /home/unitree/Desktop/unitree_dex3/install/fcl/include/fcl/narrowphase/detail/traversal/collision/intersect.h
-- Installing: /home/unitree/Desktop/unitree_dex3/install/fcl/include/fcl/narrowphase/detail/traversal/collision/mesh_collision_traversal_node-inl.h
-- Installing: /home/unitree/Desktop/unitree_dex3/install/fcl/include/fcl/narrowphase/detail/traversal/collision/mesh_continuous_collision_traversal_node.h
-- Installing: /home/unitree/Desktop/unitree_dex3/install/fcl/include/fcl/narrowphase/detail/traversal/collision/shape_collision_traversal_node-inl.h
-- Installing: /home/unitree/Desktop/unitree_dex3/install/fcl/include/fcl/narrowphase/detail/traversal/collision/shape_bvh_collision_traversal_node.h
-- Installing: /home/unitree/Desktop/unitree_dex3/install/fcl/include/fcl/narrowphase/detail/traversal/collision/bvh_shape_collision_traversal_node-inl.h
-- Installing: /home/unitree/Desktop/unitree_dex3/install/fcl/include/fcl/narrowphase/detail/traversal/collision/mesh_collision_traversal_node.h
-- Installing: /home/unitree/Desktop/unitree_dex3/install/fcl/include/fcl/narrowphase/detail/traversal/collision/mesh_continuous_collision_traversal_node-inl.h
-- Installing: /home/unitree/Desktop/unitree_dex3/install/fcl/include/fcl/narrowphase/detail/traversal/collision/mesh_shape_collision_traversal_node-inl.h
-- Installing: /home/unitree/Desktop/unitree_dex3/install/fcl/include/fcl/narrowphase/detail/traversal/collision/shape_collision_traversal_node.h
-- Installing: /home/unitree/Desktop/unitree_dex3/install/fcl/include/fcl/narrowphase/detail/traversal/collision/shape_mesh_collision_traversal_node.h
-- Installing: /home/unitree/Desktop/unitree_dex3/install/fcl/include/fcl/narrowphase/detail/traversal/collision/bvh_shape_collision_traversal_node.h
-- Installing: /home/unitree/Desktop/unitree_dex3/install/fcl/include/fcl/narrowphase/detail/traversal/collision/collision_traversal_node_base.h
-- Installing: /home/unitree/Desktop/unitree_dex3/install/fcl/include/fcl/narrowphase/detail/traversal/distance
-- Installing: /home/unitree/Desktop/unitree_dex3/install/fcl/include/fcl/narrowphase/detail/traversal/distance/shape_mesh_conservative_advancement_traversal_node-inl.h
-- Installing: /home/unitree/Desktop/unitree_dex3/install/fcl/include/fcl/narrowphase/detail/traversal/distance/conservative_advancement_stack_data-inl.h
-- Installing: /home/unitree/Desktop/unitree_dex3/install/fcl/include/fcl/narrowphase/detail/traversal/distance/bvh_distance_traversal_node.h
-- Installing: /home/unitree/Desktop/unitree_dex3/install/fcl/include/fcl/narrowphase/detail/traversal/distance/bvh_shape_distance_traversal_node.h
-- Installing: /home/unitree/Desktop/unitree_dex3/install/fcl/include/fcl/narrowphase/detail/traversal/distance/shape_distance_traversal_node.h
-- Installing: /home/unitree/Desktop/unitree_dex3/install/fcl/include/fcl/narrowphase/detail/traversal/distance/shape_mesh_conservative_advancement_traversal_node.h
-- Installing: /home/unitree/Desktop/unitree_dex3/install/fcl/include/fcl/narrowphase/detail/traversal/distance/distance_traversal_node_base-inl.h
-- Installing: /home/unitree/Desktop/unitree_dex3/install/fcl/include/fcl/narrowphase/detail/traversal/distance/shape_bvh_distance_traversal_node-inl.h
-- Installing: /home/unitree/Desktop/unitree_dex3/install/fcl/include/fcl/narrowphase/detail/traversal/distance/bvh_shape_distance_traversal_node-inl.h
-- Installing: /home/unitree/Desktop/unitree_dex3/install/fcl/include/fcl/narrowphase/detail/traversal/distance/bvh_distance_traversal_node-inl.h
-- Installing: /home/unitree/Desktop/unitree_dex3/install/fcl/include/fcl/narrowphase/detail/traversal/distance/shape_mesh_distance_traversal_node.h
-- Installing: /home/unitree/Desktop/unitree_dex3/install/fcl/include/fcl/narrowphase/detail/traversal/distance/shape_conservative_advancement_traversal_node-inl.h
-- Installing: /home/unitree/Desktop/unitree_dex3/install/fcl/include/fcl/narrowphase/detail/traversal/distance/shape_bvh_distance_traversal_node.h
-- Installing: /home/unitree/Desktop/unitree_dex3/install/fcl/include/fcl/narrowphase/detail/traversal/distance/mesh_shape_conservative_advancement_traversal_node.h
-- Installing: /home/unitree/Desktop/unitree_dex3/install/fcl/include/fcl/narrowphase/detail/traversal/distance/mesh_conservative_advancement_traversal_node.h
-- Installing: /home/unitree/Desktop/unitree_dex3/install/fcl/include/fcl/narrowphase/detail/traversal/distance/shape_conservative_advancement_traversal_node.h
-- Installing: /home/unitree/Desktop/unitree_dex3/install/fcl/include/fcl/narrowphase/detail/traversal/distance/mesh_shape_conservative_advancement_traversal_node-inl.h
-- Installing: /home/unitree/Desktop/unitree_dex3/install/fcl/include/fcl/narrowphase/detail/traversal/distance/shape_mesh_distance_traversal_node-inl.h
-- Installing: /home/unitree/Desktop/unitree_dex3/install/fcl/include/fcl/narrowphase/detail/traversal/distance/mesh_distance_traversal_node-inl.h
-- Installing: /home/unitree/Desktop/unitree_dex3/install/fcl/include/fcl/narrowphase/detail/traversal/distance/mesh_distance_traversal_node.h
-- Installing: /home/unitree/Desktop/unitree_dex3/install/fcl/include/fcl/narrowphase/detail/traversal/distance/shape_distance_traversal_node-inl.h
-- Installing: /home/unitree/Desktop/unitree_dex3/install/fcl/include/fcl/narrowphase/detail/traversal/distance/distance_traversal_node_base.h
-- Installing: /home/unitree/Desktop/unitree_dex3/install/fcl/include/fcl/narrowphase/detail/traversal/distance/mesh_shape_distance_traversal_node.h
-- Installing: /home/unitree/Desktop/unitree_dex3/install/fcl/include/fcl/narrowphase/detail/traversal/distance/conservative_advancement_stack_data.h
-- Installing: /home/unitree/Desktop/unitree_dex3/install/fcl/include/fcl/narrowphase/detail/traversal/distance/mesh_conservative_advancement_traversal_node-inl.h
-- Installing: /home/unitree/Desktop/unitree_dex3/install/fcl/include/fcl/narrowphase/detail/traversal/distance/mesh_shape_distance_traversal_node-inl.h
-- Installing: /home/unitree/Desktop/unitree_dex3/install/fcl/include/fcl/narrowphase/detail/traversal/traversal_recurse-inl.h
-- Installing: /home/unitree/Desktop/unitree_dex3/install/fcl/include/fcl/narrowphase/detail/traversal/collision_node.h
-- Installing: /home/unitree/Desktop/unitree_dex3/install/fcl/include/fcl/narrowphase/detail/traversal/traversal_recurse.h
-- Installing: /home/unitree/Desktop/unitree_dex3/install/fcl/include/fcl/narrowphase/detail/traversal/collision_node-inl.h
-- Installing: /home/unitree/Desktop/unitree_dex3/install/fcl/include/fcl/narrowphase/detail/traversal/traversal_node_base.h
-- Installing: /home/unitree/Desktop/unitree_dex3/install/fcl/include/fcl/narrowphase/detail/traversal/octree
-- Installing: /home/unitree/Desktop/unitree_dex3/install/fcl/include/fcl/narrowphase/detail/traversal/octree/collision
-- Installing: /home/unitree/Desktop/unitree_dex3/install/fcl/include/fcl/narrowphase/detail/traversal/octree/collision/mesh_octree_collision_traversal_node.h
-- Installing: /home/unitree/Desktop/unitree_dex3/install/fcl/include/fcl/narrowphase/detail/traversal/octree/collision/octree_mesh_collision_traversal_node.h
-- Installing: /home/unitree/Desktop/unitree_dex3/install/fcl/include/fcl/narrowphase/detail/traversal/octree/collision/octree_shape_collision_traversal_node-inl.h
-- Installing: /home/unitree/Desktop/unitree_dex3/install/fcl/include/fcl/narrowphase/detail/traversal/octree/collision/mesh_octree_collision_traversal_node-inl.h
-- Installing: /home/unitree/Desktop/unitree_dex3/install/fcl/include/fcl/narrowphase/detail/traversal/octree/collision/octree_collision_traversal_node-inl.h
-- Installing: /home/unitree/Desktop/unitree_dex3/install/fcl/include/fcl/narrowphase/detail/traversal/octree/collision/octree_mesh_collision_traversal_node-inl.h
-- Installing: /home/unitree/Desktop/unitree_dex3/install/fcl/include/fcl/narrowphase/detail/traversal/octree/collision/shape_octree_collision_traversal_node.h
-- Installing: /home/unitree/Desktop/unitree_dex3/install/fcl/include/fcl/narrowphase/detail/traversal/octree/collision/octree_collision_traversal_node.h
-- Installing: /home/unitree/Desktop/unitree_dex3/install/fcl/include/fcl/narrowphase/detail/traversal/octree/collision/octree_shape_collision_traversal_node.h
-- Installing: /home/unitree/Desktop/unitree_dex3/install/fcl/include/fcl/narrowphase/detail/traversal/octree/collision/shape_octree_collision_traversal_node-inl.h
-- Installing: /home/unitree/Desktop/unitree_dex3/install/fcl/include/fcl/narrowphase/detail/traversal/octree/distance
-- Installing: /home/unitree/Desktop/unitree_dex3/install/fcl/include/fcl/narrowphase/detail/traversal/octree/distance/octree_distance_traversal_node-inl.h
-- Installing: /home/unitree/Desktop/unitree_dex3/install/fcl/include/fcl/narrowphase/detail/traversal/octree/distance/shape_octree_distance_traversal_node.h
-- Installing: /home/unitree/Desktop/unitree_dex3/install/fcl/include/fcl/narrowphase/detail/traversal/octree/distance/mesh_octree_distance_traversal_node-inl.h
-- Installing: /home/unitree/Desktop/unitree_dex3/install/fcl/include/fcl/narrowphase/detail/traversal/octree/distance/octree_mesh_distance_traversal_node.h
-- Installing: /home/unitree/Desktop/unitree_dex3/install/fcl/include/fcl/narrowphase/detail/traversal/octree/distance/shape_octree_distance_traversal_node-inl.h
-- Installing: /home/unitree/Desktop/unitree_dex3/install/fcl/include/fcl/narrowphase/detail/traversal/octree/distance/octree_shape_distance_traversal_node.h
-- Installing: /home/unitree/Desktop/unitree_dex3/install/fcl/include/fcl/narrowphase/detail/traversal/octree/distance/octree_mesh_distance_traversal_node-inl.h
-- Installing: /home/unitree/Desktop/unitree_dex3/install/fcl/include/fcl/narrowphase/detail/traversal/octree/distance/octree_shape_distance_traversal_node-inl.h
-- Installing: /home/unitree/Desktop/unitree_dex3/install/fcl/include/fcl/narrowphase/detail/traversal/octree/distance/mesh_octree_distance_traversal_node.h
-- Installing: /home/unitree/Desktop/unitree_dex3/install/fcl/include/fcl/narrowphase/detail/traversal/octree/distance/octree_distance_traversal_node.h
-- Installing: /home/unitree/Desktop/unitree_dex3/install/fcl/include/fcl/narrowphase/detail/traversal/octree/octree_solver-inl.h
-- Installing: /home/unitree/Desktop/unitree_dex3/install/fcl/include/fcl/narrowphase/detail/traversal/octree/octree_solver.h
-- Installing: /home/unitree/Desktop/unitree_dex3/install/fcl/include/fcl/narrowphase/detail/traversal/traversal_node_base-inl.h
-- Installing: /home/unitree/Desktop/unitree_dex3/install/fcl/include/fcl/narrowphase/detail/gjk_solver_indep-inl.h
-- Installing: /home/unitree/Desktop/unitree_dex3/install/fcl/include/fcl/narrowphase/detail/primitive_shape_algorithm
-- Installing: /home/unitree/Desktop/unitree_dex3/install/fcl/include/fcl/narrowphase/detail/primitive_shape_algorithm/sphere_triangle.h
-- Installing: /home/unitree/Desktop/unitree_dex3/install/fcl/include/fcl/narrowphase/detail/primitive_shape_algorithm/sphere_box-inl.h
-- Installing: /home/unitree/Desktop/unitree_dex3/install/fcl/include/fcl/narrowphase/detail/primitive_shape_algorithm/plane-inl.h
-- Installing: /home/unitree/Desktop/unitree_dex3/install/fcl/include/fcl/narrowphase/detail/primitive_shape_algorithm/capsule_capsule-inl.h
-- Installing: /home/unitree/Desktop/unitree_dex3/install/fcl/include/fcl/narrowphase/detail/primitive_shape_algorithm/sphere_cylinder.h
-- Installing: /home/unitree/Desktop/unitree_dex3/install/fcl/include/fcl/narrowphase/detail/primitive_shape_algorithm/sphere_capsule-inl.h
-- Installing: /home/unitree/Desktop/unitree_dex3/install/fcl/include/fcl/narrowphase/detail/primitive_shape_algorithm/sphere_capsule.h
-- Installing: /home/unitree/Desktop/unitree_dex3/install/fcl/include/fcl/narrowphase/detail/primitive_shape_algorithm/capsule_capsule.h
-- Installing: /home/unitree/Desktop/unitree_dex3/install/fcl/include/fcl/narrowphase/detail/primitive_shape_algorithm/box_box-inl.h
-- Installing: /home/unitree/Desktop/unitree_dex3/install/fcl/include/fcl/narrowphase/detail/primitive_shape_algorithm/sphere_box.h
-- Installing: /home/unitree/Desktop/unitree_dex3/install/fcl/include/fcl/narrowphase/detail/primitive_shape_algorithm/sphere_cylinder-inl.h
-- Installing: /home/unitree/Desktop/unitree_dex3/install/fcl/include/fcl/narrowphase/detail/primitive_shape_algorithm/triangle_distance-inl.h
-- Installing: /home/unitree/Desktop/unitree_dex3/install/fcl/include/fcl/narrowphase/detail/primitive_shape_algorithm/plane.h
-- Installing: /home/unitree/Desktop/unitree_dex3/install/fcl/include/fcl/narrowphase/detail/primitive_shape_algorithm/halfspace-inl.h
-- Installing: /home/unitree/Desktop/unitree_dex3/install/fcl/include/fcl/narrowphase/detail/primitive_shape_algorithm/sphere_sphere.h
-- Installing: /home/unitree/Desktop/unitree_dex3/install/fcl/include/fcl/narrowphase/detail/primitive_shape_algorithm/halfspace.h
-- Installing: /home/unitree/Desktop/unitree_dex3/install/fcl/include/fcl/narrowphase/detail/primitive_shape_algorithm/triangle_distance.h
-- Installing: /home/unitree/Desktop/unitree_dex3/install/fcl/include/fcl/narrowphase/detail/primitive_shape_algorithm/box_box.h
-- Installing: /home/unitree/Desktop/unitree_dex3/install/fcl/include/fcl/narrowphase/detail/primitive_shape_algorithm/sphere_sphere-inl.h
-- Installing: /home/unitree/Desktop/unitree_dex3/install/fcl/include/fcl/narrowphase/detail/primitive_shape_algorithm/sphere_triangle-inl.h
-- Installing: /home/unitree/Desktop/unitree_dex3/install/fcl/include/fcl/narrowphase/contact.h
-- Installing: /home/unitree/Desktop/unitree_dex3/install/fcl/include/fcl/narrowphase/cost_source-inl.h
-- Installing: /home/unitree/Desktop/unitree_dex3/install/fcl/include/fcl/narrowphase/continuous_collision_result.h
-- Installing: /home/unitree/Desktop/unitree_dex3/install/fcl/include/fcl/narrowphase/collision_object-inl.h
-- Installing: /home/unitree/Desktop/unitree_dex3/install/fcl/include/fcl/narrowphase/collision-inl.h
-- Installing: /home/unitree/Desktop/unitree_dex3/install/fcl/include/fcl/common
-- Installing: /home/unitree/Desktop/unitree_dex3/install/fcl/include/fcl/common/time.h
-- Installing: /home/unitree/Desktop/unitree_dex3/install/fcl/include/fcl/common/unused.h
-- Installing: /home/unitree/Desktop/unitree_dex3/install/fcl/include/fcl/common/profiler.h
-- Installing: /home/unitree/Desktop/unitree_dex3/install/fcl/include/fcl/common/types.h
-- Installing: /home/unitree/Desktop/unitree_dex3/install/fcl/include/fcl/common/warning.h
-- Installing: /home/unitree/Desktop/unitree_dex3/install/fcl/include/fcl/common/exception.h
-- Installing: /home/unitree/Desktop/unitree_dex3/install/fcl/include/fcl/common/detail
-- Installing: /home/unitree/Desktop/unitree_dex3/install/fcl/include/fcl/common/detail/profiler.h
-- Installing: /home/unitree/Desktop/unitree_dex3/install/fcl/include/fcl/math
-- Installing: /home/unitree/Desktop/unitree_dex3/install/fcl/include/fcl/math/rng-inl.h
-- Installing: /home/unitree/Desktop/unitree_dex3/install/fcl/include/fcl/math/motion
-- Installing: /home/unitree/Desktop/unitree_dex3/install/fcl/include/fcl/math/motion/screw_motion.h
-- Installing: /home/unitree/Desktop/unitree_dex3/install/fcl/include/fcl/math/motion/screw_motion-inl.h
-- Installing: /home/unitree/Desktop/unitree_dex3/install/fcl/include/fcl/math/motion/translation_motion.h
-- Installing: /home/unitree/Desktop/unitree_dex3/install/fcl/include/fcl/math/motion/translation_motion-inl.h
-- Installing: /home/unitree/Desktop/unitree_dex3/install/fcl/include/fcl/math/motion/motion_base.h
-- Installing: /home/unitree/Desktop/unitree_dex3/install/fcl/include/fcl/math/motion/tbv_motion_bound_visitor.h
-- Installing: /home/unitree/Desktop/unitree_dex3/install/fcl/include/fcl/math/motion/spline_motion.h
-- Installing: /home/unitree/Desktop/unitree_dex3/install/fcl/include/fcl/math/motion/motion_base-inl.h
-- Installing: /home/unitree/Desktop/unitree_dex3/install/fcl/include/fcl/math/motion/triangle_motion_bound_visitor-inl.h
-- Installing: /home/unitree/Desktop/unitree_dex3/install/fcl/include/fcl/math/motion/bv_motion_bound_visitor.h
-- Installing: /home/unitree/Desktop/unitree_dex3/install/fcl/include/fcl/math/motion/taylor_model
-- Installing: /home/unitree/Desktop/unitree_dex3/install/fcl/include/fcl/math/motion/taylor_model/interval_vector.h
-- Installing: /home/unitree/Desktop/unitree_dex3/install/fcl/include/fcl/math/motion/taylor_model/interval_matrix-inl.h
-- Installing: /home/unitree/Desktop/unitree_dex3/install/fcl/include/fcl/math/motion/taylor_model/taylor_vector.h
-- Installing: /home/unitree/Desktop/unitree_dex3/install/fcl/include/fcl/math/motion/taylor_model/interval.h
-- Installing: /home/unitree/Desktop/unitree_dex3/install/fcl/include/fcl/math/motion/taylor_model/taylor_vector-inl.h
-- Installing: /home/unitree/Desktop/unitree_dex3/install/fcl/include/fcl/math/motion/taylor_model/taylor_model.h
-- Installing: /home/unitree/Desktop/unitree_dex3/install/fcl/include/fcl/math/motion/taylor_model/taylor_model-inl.h
-- Installing: /home/unitree/Desktop/unitree_dex3/install/fcl/include/fcl/math/motion/taylor_model/interval_vector-inl.h
-- Installing: /home/unitree/Desktop/unitree_dex3/install/fcl/include/fcl/math/motion/taylor_model/taylor_matrix.h
-- Installing: /home/unitree/Desktop/unitree_dex3/install/fcl/include/fcl/math/motion/taylor_model/interval-inl.h
-- Installing: /home/unitree/Desktop/unitree_dex3/install/fcl/include/fcl/math/motion/taylor_model/time_interval.h
-- Installing: /home/unitree/Desktop/unitree_dex3/install/fcl/include/fcl/math/motion/taylor_model/taylor_matrix-inl.h
-- Installing: /home/unitree/Desktop/unitree_dex3/install/fcl/include/fcl/math/motion/taylor_model/time_interval-inl.h
-- Installing: /home/unitree/Desktop/unitree_dex3/install/fcl/include/fcl/math/motion/taylor_model/interval_matrix.h
-- Installing: /home/unitree/Desktop/unitree_dex3/install/fcl/include/fcl/math/motion/interp_motion.h
-- Installing: /home/unitree/Desktop/unitree_dex3/install/fcl/include/fcl/math/motion/interp_motion-inl.h
-- Installing: /home/unitree/Desktop/unitree_dex3/install/fcl/include/fcl/math/motion/tbv_motion_bound_visitor-inl.h
-- Installing: /home/unitree/Desktop/unitree_dex3/install/fcl/include/fcl/math/motion/spline_motion-inl.h
-- Installing: /home/unitree/Desktop/unitree_dex3/install/fcl/include/fcl/math/motion/triangle_motion_bound_visitor.h
-- Installing: /home/unitree/Desktop/unitree_dex3/install/fcl/include/fcl/math/variance3-inl.h
-- Installing: /home/unitree/Desktop/unitree_dex3/install/fcl/include/fcl/math/constants.h
-- Installing: /home/unitree/Desktop/unitree_dex3/install/fcl/include/fcl/math/geometry-inl.h
-- Installing: /home/unitree/Desktop/unitree_dex3/install/fcl/include/fcl/math/bv
-- Installing: /home/unitree/Desktop/unitree_dex3/install/fcl/include/fcl/math/bv/kIOS.h
-- Installing: /home/unitree/Desktop/unitree_dex3/install/fcl/include/fcl/math/bv/OBB-inl.h
-- Installing: /home/unitree/Desktop/unitree_dex3/install/fcl/include/fcl/math/bv/RSS-inl.h
-- Installing: /home/unitree/Desktop/unitree_dex3/install/fcl/include/fcl/math/bv/OBB.h
-- Installing: /home/unitree/Desktop/unitree_dex3/install/fcl/include/fcl/math/bv/RSS.h
-- Installing: /home/unitree/Desktop/unitree_dex3/install/fcl/include/fcl/math/bv/OBBRSS-inl.h
-- Installing: /home/unitree/Desktop/unitree_dex3/install/fcl/include/fcl/math/bv/OBBRSS.h
-- Installing: /home/unitree/Desktop/unitree_dex3/install/fcl/include/fcl/math/bv/kIOS-inl.h
-- Installing: /home/unitree/Desktop/unitree_dex3/install/fcl/include/fcl/math/bv/kDOP-inl.h
-- Installing: /home/unitree/Desktop/unitree_dex3/install/fcl/include/fcl/math/bv/AABB.h
-- Installing: /home/unitree/Desktop/unitree_dex3/install/fcl/include/fcl/math/bv/kDOP.h
-- Installing: /home/unitree/Desktop/unitree_dex3/install/fcl/include/fcl/math/bv/utility.h
-- Installing: /home/unitree/Desktop/unitree_dex3/install/fcl/include/fcl/math/bv/utility-inl.h
-- Installing: /home/unitree/Desktop/unitree_dex3/install/fcl/include/fcl/math/bv/AABB-inl.h
-- Installing: /home/unitree/Desktop/unitree_dex3/install/fcl/include/fcl/math/sampler
-- Installing: /home/unitree/Desktop/unitree_dex3/install/fcl/include/fcl/math/sampler/sampler_se3_quat_ball.h
-- Installing: /home/unitree/Desktop/unitree_dex3/install/fcl/include/fcl/math/sampler/sampler_se3_euler_ball.h
-- Installing: /home/unitree/Desktop/unitree_dex3/install/fcl/include/fcl/math/sampler/sampler_se3_quat_ball-inl.h
-- Installing: /home/unitree/Desktop/unitree_dex3/install/fcl/include/fcl/math/sampler/sampler_base.h
-- Installing: /home/unitree/Desktop/unitree_dex3/install/fcl/include/fcl/math/sampler/sampler_se3_euler.h
-- Installing: /home/unitree/Desktop/unitree_dex3/install/fcl/include/fcl/math/sampler/sampler_r.h
-- Installing: /home/unitree/Desktop/unitree_dex3/install/fcl/include/fcl/math/sampler/sampler_se3_euler_ball-inl.h
-- Installing: /home/unitree/Desktop/unitree_dex3/install/fcl/include/fcl/math/sampler/sampler_se3_quat.h
-- Installing: /home/unitree/Desktop/unitree_dex3/install/fcl/include/fcl/math/sampler/sampler_se3_quat-inl.h
-- Installing: /home/unitree/Desktop/unitree_dex3/install/fcl/include/fcl/math/sampler/sampler_se2.h
-- Installing: /home/unitree/Desktop/unitree_dex3/install/fcl/include/fcl/math/sampler/sampler_r-inl.h
-- Installing: /home/unitree/Desktop/unitree_dex3/install/fcl/include/fcl/math/sampler/sampler_se3_euler-inl.h
-- Installing: /home/unitree/Desktop/unitree_dex3/install/fcl/include/fcl/math/sampler/sampler_se2-inl.h
-- Installing: /home/unitree/Desktop/unitree_dex3/install/fcl/include/fcl/math/sampler/sampler_se2_disk.h
-- Installing: /home/unitree/Desktop/unitree_dex3/install/fcl/include/fcl/math/sampler/sampler_se2_disk-inl.h
-- Installing: /home/unitree/Desktop/unitree_dex3/install/fcl/include/fcl/math/triangle.h
-- Installing: /home/unitree/Desktop/unitree_dex3/install/fcl/include/fcl/math/rng.h
-- Installing: /home/unitree/Desktop/unitree_dex3/install/fcl/include/fcl/math/detail
-- Installing: /home/unitree/Desktop/unitree_dex3/install/fcl/include/fcl/math/detail/project-inl.h
-- Installing: /home/unitree/Desktop/unitree_dex3/install/fcl/include/fcl/math/detail/polysolver.h
-- Installing: /home/unitree/Desktop/unitree_dex3/install/fcl/include/fcl/math/detail/seed.h
-- Installing: /home/unitree/Desktop/unitree_dex3/install/fcl/include/fcl/math/detail/polysolver-inl.h
-- Installing: /home/unitree/Desktop/unitree_dex3/install/fcl/include/fcl/math/detail/project.h
-- Installing: /home/unitree/Desktop/unitree_dex3/install/fcl/include/fcl/math/geometry.h
-- Installing: /home/unitree/Desktop/unitree_dex3/install/fcl/include/fcl/math/variance3.h
-- Installing: /home/unitree/Desktop/unitree_dex3/install/fcl/include/fcl/broadphase
-- Installing: /home/unitree/Desktop/unitree_dex3/install/fcl/include/fcl/broadphase/broadphase_bruteforce-inl.h
-- Installing: /home/unitree/Desktop/unitree_dex3/install/fcl/include/fcl/broadphase/broadphase_collision_manager-inl.h
-- Installing: /home/unitree/Desktop/unitree_dex3/install/fcl/include/fcl/broadphase/broadphase_dynamic_AABB_tree-inl.h
-- Installing: /home/unitree/Desktop/unitree_dex3/install/fcl/include/fcl/broadphase/broadphase_SSaP.h
-- Installing: /home/unitree/Desktop/unitree_dex3/install/fcl/include/fcl/broadphase/broadphase_spatialhash-inl.h
-- Installing: /home/unitree/Desktop/unitree_dex3/install/fcl/include/fcl/broadphase/broadphase_SaP.h
-- Installing: /home/unitree/Desktop/unitree_dex3/install/fcl/include/fcl/broadphase/broadphase_continuous_collision_manager.h
-- Installing: /home/unitree/Desktop/unitree_dex3/install/fcl/include/fcl/broadphase/default_broadphase_callbacks.h
-- Installing: /home/unitree/Desktop/unitree_dex3/install/fcl/include/fcl/broadphase/broadphase_interval_tree.h
-- Installing: /home/unitree/Desktop/unitree_dex3/install/fcl/include/fcl/broadphase/broadphase_SSaP-inl.h
-- Installing: /home/unitree/Desktop/unitree_dex3/install/fcl/include/fcl/broadphase/broadphase_dynamic_AABB_tree_array-inl.h
-- Installing: /home/unitree/Desktop/unitree_dex3/install/fcl/include/fcl/broadphase/broadphase_SaP-inl.h
-- Installing: /home/unitree/Desktop/unitree_dex3/install/fcl/include/fcl/broadphase/broadphase_dynamic_AABB_tree.h
-- Installing: /home/unitree/Desktop/unitree_dex3/install/fcl/include/fcl/broadphase/broadphase_collision_manager.h
-- Installing: /home/unitree/Desktop/unitree_dex3/install/fcl/include/fcl/broadphase/broadphase_continuous_collision_manager-inl.h
-- Installing: /home/unitree/Desktop/unitree_dex3/install/fcl/include/fcl/broadphase/broadphase_interval_tree-inl.h
-- Installing: /home/unitree/Desktop/unitree_dex3/install/fcl/include/fcl/broadphase/broadphase_dynamic_AABB_tree_array.h
-- Installing: /home/unitree/Desktop/unitree_dex3/install/fcl/include/fcl/broadphase/detail
-- Installing: /home/unitree/Desktop/unitree_dex3/install/fcl/include/fcl/broadphase/detail/simple_interval.h
-- Installing: /home/unitree/Desktop/unitree_dex3/install/fcl/include/fcl/broadphase/detail/hierarchy_tree_array-inl.h
-- Installing: /home/unitree/Desktop/unitree_dex3/install/fcl/include/fcl/broadphase/detail/simple_interval-inl.h
-- Installing: /home/unitree/Desktop/unitree_dex3/install/fcl/include/fcl/broadphase/detail/hierarchy_tree-inl.h
-- Installing: /home/unitree/Desktop/unitree_dex3/install/fcl/include/fcl/broadphase/detail/spatial_hash.h
-- Installing: /home/unitree/Desktop/unitree_dex3/install/fcl/include/fcl/broadphase/detail/node_base.h
-- Installing: /home/unitree/Desktop/unitree_dex3/install/fcl/include/fcl/broadphase/detail/interval_tree.h
-- Installing: /home/unitree/Desktop/unitree_dex3/install/fcl/include/fcl/broadphase/detail/simple_hash_table.h
-- Installing: /home/unitree/Desktop/unitree_dex3/install/fcl/include/fcl/broadphase/detail/hierarchy_tree_array.h
-- Installing: /home/unitree/Desktop/unitree_dex3/install/fcl/include/fcl/broadphase/detail/spatial_hash-inl.h
-- Installing: /home/unitree/Desktop/unitree_dex3/install/fcl/include/fcl/broadphase/detail/morton.h
-- Installing: /home/unitree/Desktop/unitree_dex3/install/fcl/include/fcl/broadphase/detail/hierarchy_tree.h
-- Installing: /home/unitree/Desktop/unitree_dex3/install/fcl/include/fcl/broadphase/detail/interval_tree_node.h
-- Installing: /home/unitree/Desktop/unitree_dex3/install/fcl/include/fcl/broadphase/detail/node_base-inl.h
-- Installing: /home/unitree/Desktop/unitree_dex3/install/fcl/include/fcl/broadphase/detail/simple_hash_table-inl.h
-- Installing: /home/unitree/Desktop/unitree_dex3/install/fcl/include/fcl/broadphase/detail/interval_tree-inl.h
-- Installing: /home/unitree/Desktop/unitree_dex3/install/fcl/include/fcl/broadphase/detail/sparse_hash_table.h
-- Installing: /home/unitree/Desktop/unitree_dex3/install/fcl/include/fcl/broadphase/detail/morton-inl.h
-- Installing: /home/unitree/Desktop/unitree_dex3/install/fcl/include/fcl/broadphase/detail/node_base_array-inl.h
-- Installing: /home/unitree/Desktop/unitree_dex3/install/fcl/include/fcl/broadphase/detail/sparse_hash_table-inl.h
-- Installing: /home/unitree/Desktop/unitree_dex3/install/fcl/include/fcl/broadphase/detail/node_base_array.h
-- Installing: /home/unitree/Desktop/unitree_dex3/install/fcl/include/fcl/broadphase/detail/interval_tree_node-inl.h
-- Installing: /home/unitree/Desktop/unitree_dex3/install/fcl/include/fcl/broadphase/broadphase_spatialhash.h
-- Installing: /home/unitree/Desktop/unitree_dex3/install/fcl/include/fcl/broadphase/broadphase_bruteforce.h
