[0.056s] Invoking command in '/home/unitree/Desktop/unitree_dex3/build/unitree_g1_dex3_stack': AMENT_PREFIX_PATH=/home/unitree/Desktop/unitree_dex3/install/trac_ik_lib:/home/unitree/Desktop/unitree_dex3/install/bboxes_ex_msgs:${AMENT_PREFIX_PATH} CMAKE_PREFIX_PATH=/home/unitree/Desktop/unitree_dex3/install/trac_ik_lib:/home/unitree/Desktop/unitree_dex3/install/bboxes_ex_msgs:/home/unitree/unitree_ros2/cyclonedds_ws/install:/home/unitree/cyclonedds_ws/install/rmw_cyclonedds_cpp:/home/unitree/cyclonedds_ws/install/cyclonedds:/opt/ros/foxy CONDA_PROMPT_MODIFIER=(base) LD_LIBRARY_PATH=/home/unitree/Desktop/unitree_dex3/install/trac_ik_lib/lib:/home/unitree/Desktop/unitree_dex3/install/bboxes_ex_msgs/lib:${LD_LIBRARY_PATH} PYTHONPATH=/home/unitree/Desktop/unitree_dex3/install/bboxes_ex_msgs/lib/python3.8/site-packages:${PYTHONPATH} /usr/bin/cmake --build /home/unitree/Desktop/unitree_dex3/build/unitree_g1_dex3_stack -- -j8 -l8
[0.241s] [ 12%] Built target joint_trajectory_executor
[0.354s] [ 25%] Built target project_to_3d_node
[0.446s] [ 37%] Built target visual_detection_yolo_tester
[0.512s] [ 50%] Built target detection_to_goal_node
[0.591s] Scanning dependencies of target visual_detection_tester
[0.641s] [ 56%] Building CXX object CMakeFiles/visual_detection_tester.dir/src/visual_detection_tester.cpp.o
[25.444s] [ 62%] Linking CXX executable visual_detection_tester
[27.387s] [ 62%] Built target visual_detection_tester
[27.453s] [ 75%] Built target right_hand_pressure_monitor
[27.545s] [ 87%] Built target dex3_controller
[27.630s] [100%] Built target joint_state_publisher
[27.657s] Invoked command in '/home/unitree/Desktop/unitree_dex3/build/unitree_g1_dex3_stack' returned '0': AMENT_PREFIX_PATH=/home/unitree/Desktop/unitree_dex3/install/trac_ik_lib:/home/unitree/Desktop/unitree_dex3/install/bboxes_ex_msgs:${AMENT_PREFIX_PATH} CMAKE_PREFIX_PATH=/home/unitree/Desktop/unitree_dex3/install/trac_ik_lib:/home/unitree/Desktop/unitree_dex3/install/bboxes_ex_msgs:/home/unitree/unitree_ros2/cyclonedds_ws/install:/home/unitree/cyclonedds_ws/install/rmw_cyclonedds_cpp:/home/unitree/cyclonedds_ws/install/cyclonedds:/opt/ros/foxy CONDA_PROMPT_MODIFIER=(base) LD_LIBRARY_PATH=/home/unitree/Desktop/unitree_dex3/install/trac_ik_lib/lib:/home/unitree/Desktop/unitree_dex3/install/bboxes_ex_msgs/lib:${LD_LIBRARY_PATH} PYTHONPATH=/home/unitree/Desktop/unitree_dex3/install/bboxes_ex_msgs/lib/python3.8/site-packages:${PYTHONPATH} /usr/bin/cmake --build /home/unitree/Desktop/unitree_dex3/build/unitree_g1_dex3_stack -- -j8 -l8
[27.694s] Invoking command in '/home/unitree/Desktop/unitree_dex3/build/unitree_g1_dex3_stack': AMENT_PREFIX_PATH=/home/unitree/Desktop/unitree_dex3/install/trac_ik_lib:/home/unitree/Desktop/unitree_dex3/install/bboxes_ex_msgs:${AMENT_PREFIX_PATH} CMAKE_PREFIX_PATH=/home/unitree/Desktop/unitree_dex3/install/trac_ik_lib:/home/unitree/Desktop/unitree_dex3/install/bboxes_ex_msgs:/home/unitree/unitree_ros2/cyclonedds_ws/install:/home/unitree/cyclonedds_ws/install/rmw_cyclonedds_cpp:/home/unitree/cyclonedds_ws/install/cyclonedds:/opt/ros/foxy CONDA_PROMPT_MODIFIER=(base) LD_LIBRARY_PATH=/home/unitree/Desktop/unitree_dex3/install/trac_ik_lib/lib:/home/unitree/Desktop/unitree_dex3/install/bboxes_ex_msgs/lib:${LD_LIBRARY_PATH} PYTHONPATH=/home/unitree/Desktop/unitree_dex3/install/bboxes_ex_msgs/lib/python3.8/site-packages:${PYTHONPATH} /usr/bin/cmake --install /home/unitree/Desktop/unitree_dex3/build/unitree_g1_dex3_stack
[27.709s] -- Install configuration: ""
[27.709s] -- Up-to-date: /home/unitree/Desktop/unitree_dex3/install/unitree_g1_dex3_stack/lib/unitree_g1_dex3_stack/joint_state_publisher
[27.711s] -- Up-to-date: /home/unitree/Desktop/unitree_dex3/install/unitree_g1_dex3_stack/lib/unitree_g1_dex3_stack/dex3_controller
[27.711s] -- Up-to-date: /home/unitree/Desktop/unitree_dex3/install/unitree_g1_dex3_stack/lib/unitree_g1_dex3_stack/joint_trajectory_executor
[27.711s] -- Up-to-date: /home/unitree/Desktop/unitree_dex3/install/unitree_g1_dex3_stack/lib/unitree_g1_dex3_stack/project_to_3d_node
[27.712s] -- Up-to-date: /home/unitree/Desktop/unitree_dex3/install/unitree_g1_dex3_stack/lib/unitree_g1_dex3_stack/detection_to_goal_node
[27.712s] -- Up-to-date: /home/unitree/Desktop/unitree_dex3/install/unitree_g1_dex3_stack/lib/unitree_g1_dex3_stack/right_hand_pressure_monitor
[27.713s] -- Installing: /home/unitree/Desktop/unitree_dex3/install/unitree_g1_dex3_stack/lib/unitree_g1_dex3_stack/visual_detection_tester
[27.724s] -- Set runtime path of "/home/unitree/Desktop/unitree_dex3/install/unitree_g1_dex3_stack/lib/unitree_g1_dex3_stack/visual_detection_tester" to ""
[27.724s] -- Up-to-date: /home/unitree/Desktop/unitree_dex3/install/unitree_g1_dex3_stack/lib/unitree_g1_dex3_stack/visual_detection_yolo_tester
[27.724s] -- Up-to-date: /home/unitree/Desktop/unitree_dex3/install/unitree_g1_dex3_stack/share/unitree_g1_dex3_stack/launch
[27.724s] -- Installing: /home/unitree/Desktop/unitree_dex3/install/unitree_g1_dex3_stack/share/unitree_g1_dex3_stack/launch/visual_detect_click.launch.py
[27.725s] -- Up-to-date: /home/unitree/Desktop/unitree_dex3/install/unitree_g1_dex3_stack/share/unitree_g1_dex3_stack/launch/__pycache__
[27.725s] -- Installing: /home/unitree/Desktop/unitree_dex3/install/unitree_g1_dex3_stack/share/unitree_g1_dex3_stack/launch/__pycache__/perception.launch.cpython-38.pyc
[27.728s] -- Up-to-date: /home/unitree/Desktop/unitree_dex3/install/unitree_g1_dex3_stack/share/unitree_g1_dex3_stack/launch/robot.launch.py
[27.728s] -- Up-to-date: /home/unitree/Desktop/unitree_dex3/install/unitree_g1_dex3_stack/share/unitree_g1_dex3_stack/launch/control.launch.py
[27.728s] -- Up-to-date: /home/unitree/Desktop/unitree_dex3/install/unitree_g1_dex3_stack/share/unitree_g1_dex3_stack/launch/perception.launch.py
[27.728s] -- Up-to-date: /home/unitree/Desktop/unitree_dex3/install/unitree_g1_dex3_stack/share/unitree_g1_dex3_stack/launch/visual_detect_yolo.launch.py
[27.729s] -- Up-to-date: /home/unitree/Desktop/unitree_dex3/install/unitree_g1_dex3_stack/share/unitree_g1_dex3_stack/launch/visual_detection_test.launch.py
[27.729s] -- Up-to-date: /home/unitree/Desktop/unitree_dex3/install/unitree_g1_dex3_stack/share/unitree_g1_dex3_stack/launch/planner.launch.py
[27.729s] -- Up-to-date: /home/unitree/Desktop/unitree_dex3/install/unitree_g1_dex3_stack/share/unitree_g1_dex3_stack/robots
[27.729s] -- Up-to-date: /home/unitree/Desktop/unitree_dex3/install/unitree_g1_dex3_stack/share/unitree_g1_dex3_stack/robots/dexterous_hand_description
[27.729s] -- Up-to-date: /home/unitree/Desktop/unitree_dex3/install/unitree_g1_dex3_stack/share/unitree_g1_dex3_stack/robots/dexterous_hand_description/dex3_1
[27.729s] -- Up-to-date: /home/unitree/Desktop/unitree_dex3/install/unitree_g1_dex3_stack/share/unitree_g1_dex3_stack/robots/dexterous_hand_description/dex3_1/dex3_1_r.urdf
[27.729s] -- Up-to-date: /home/unitree/Desktop/unitree_dex3/install/unitree_g1_dex3_stack/share/unitree_g1_dex3_stack/robots/dexterous_hand_description/dex3_1/meshes
[27.729s] -- Up-to-date: /home/unitree/Desktop/unitree_dex3/install/unitree_g1_dex3_stack/share/unitree_g1_dex3_stack/robots/dexterous_hand_description/dex3_1/meshes/left_hand_thumb_2_link.STL
[27.729s] -- Up-to-date: /home/unitree/Desktop/unitree_dex3/install/unitree_g1_dex3_stack/share/unitree_g1_dex3_stack/robots/dexterous_hand_description/dex3_1/meshes/left_hand_thumb_1_link.STL
[27.730s] -- Up-to-date: /home/unitree/Desktop/unitree_dex3/install/unitree_g1_dex3_stack/share/unitree_g1_dex3_stack/robots/dexterous_hand_description/dex3_1/meshes/right_hand_thumb_2_link.STL
[27.730s] -- Up-to-date: /home/unitree/Desktop/unitree_dex3/install/unitree_g1_dex3_stack/share/unitree_g1_dex3_stack/robots/dexterous_hand_description/dex3_1/meshes/left_hand_middle_1_link.STL
[27.730s] -- Up-to-date: /home/unitree/Desktop/unitree_dex3/install/unitree_g1_dex3_stack/share/unitree_g1_dex3_stack/robots/dexterous_hand_description/dex3_1/meshes/right_hand_middle_1_link.STL
[27.730s] -- Up-to-date: /home/unitree/Desktop/unitree_dex3/install/unitree_g1_dex3_stack/share/unitree_g1_dex3_stack/robots/dexterous_hand_description/dex3_1/meshes/right_hand_middle_0_link.STL
[27.730s] -- Up-to-date: /home/unitree/Desktop/unitree_dex3/install/unitree_g1_dex3_stack/share/unitree_g1_dex3_stack/robots/dexterous_hand_description/dex3_1/meshes/right_hand_palm_link.STL
[27.730s] -- Up-to-date: /home/unitree/Desktop/unitree_dex3/install/unitree_g1_dex3_stack/share/unitree_g1_dex3_stack/robots/dexterous_hand_description/dex3_1/meshes/left_hand_middle_0_link.STL
[27.730s] -- Up-to-date: /home/unitree/Desktop/unitree_dex3/install/unitree_g1_dex3_stack/share/unitree_g1_dex3_stack/robots/dexterous_hand_description/dex3_1/meshes/left_hand_index_1_link.STL
[27.730s] -- Up-to-date: /home/unitree/Desktop/unitree_dex3/install/unitree_g1_dex3_stack/share/unitree_g1_dex3_stack/robots/dexterous_hand_description/dex3_1/meshes/left_hand_thumb_0_link.STL
[27.730s] -- Up-to-date: /home/unitree/Desktop/unitree_dex3/install/unitree_g1_dex3_stack/share/unitree_g1_dex3_stack/robots/dexterous_hand_description/dex3_1/meshes/right_hand_index_1_link.STL
[27.730s] -- Up-to-date: /home/unitree/Desktop/unitree_dex3/install/unitree_g1_dex3_stack/share/unitree_g1_dex3_stack/robots/dexterous_hand_description/dex3_1/meshes/left_hand_palm_link.STL
[27.731s] -- Up-to-date: /home/unitree/Desktop/unitree_dex3/install/unitree_g1_dex3_stack/share/unitree_g1_dex3_stack/robots/dexterous_hand_description/dex3_1/meshes/right_hand_thumb_1_link.STL
[27.731s] -- Up-to-date: /home/unitree/Desktop/unitree_dex3/install/unitree_g1_dex3_stack/share/unitree_g1_dex3_stack/robots/dexterous_hand_description/dex3_1/meshes/left_hand_index_0_link.STL
[27.731s] -- Up-to-date: /home/unitree/Desktop/unitree_dex3/install/unitree_g1_dex3_stack/share/unitree_g1_dex3_stack/robots/dexterous_hand_description/dex3_1/meshes/right_hand_thumb_0_link.STL
[27.731s] -- Up-to-date: /home/unitree/Desktop/unitree_dex3/install/unitree_g1_dex3_stack/share/unitree_g1_dex3_stack/robots/dexterous_hand_description/dex3_1/meshes/right_hand_index_0_link.STL
[27.731s] -- Up-to-date: /home/unitree/Desktop/unitree_dex3/install/unitree_g1_dex3_stack/share/unitree_g1_dex3_stack/robots/dexterous_hand_description/dex3_1/dex3_1_l.urdf
[27.731s] -- Up-to-date: /home/unitree/Desktop/unitree_dex3/install/unitree_g1_dex3_stack/share/unitree_g1_dex3_stack/robots/g1_description
[27.731s] -- Up-to-date: /home/unitree/Desktop/unitree_dex3/install/unitree_g1_dex3_stack/share/unitree_g1_dex3_stack/robots/g1_description/collision_trimesh.py
[27.731s] -- Up-to-date: /home/unitree/Desktop/unitree_dex3/install/unitree_g1_dex3_stack/share/unitree_g1_dex3_stack/robots/g1_description/meshes
[27.731s] -- Up-to-date: /home/unitree/Desktop/unitree_dex3/install/unitree_g1_dex3_stack/share/unitree_g1_dex3_stack/robots/g1_description/meshes/left_wrist_roll_link.STL
[27.732s] -- Up-to-date: /home/unitree/Desktop/unitree_dex3/install/unitree_g1_dex3_stack/share/unitree_g1_dex3_stack/robots/g1_description/meshes/right_index_2.STL
[27.732s] -- Up-to-date: /home/unitree/Desktop/unitree_dex3/install/unitree_g1_dex3_stack/share/unitree_g1_dex3_stack/robots/g1_description/meshes/waist_constraint_L.STL
[27.732s] -- Up-to-date: /home/unitree/Desktop/unitree_dex3/install/unitree_g1_dex3_stack/share/unitree_g1_dex3_stack/robots/g1_description/meshes/Link15_L.STL
[27.732s] -- Up-to-date: /home/unitree/Desktop/unitree_dex3/install/unitree_g1_dex3_stack/share/unitree_g1_dex3_stack/robots/g1_description/meshes/left_ring_force_sensor_2.STL
[27.732s] -- Up-to-date: /home/unitree/Desktop/unitree_dex3/install/unitree_g1_dex3_stack/share/unitree_g1_dex3_stack/robots/g1_description/meshes/Link12_R.STL
[27.732s] -- Up-to-date: /home/unitree/Desktop/unitree_dex3/install/unitree_g1_dex3_stack/share/unitree_g1_dex3_stack/robots/g1_description/meshes/right_middle_force_sensor_1.STL
[27.732s] -- Up-to-date: /home/unitree/Desktop/unitree_dex3/install/unitree_g1_dex3_stack/share/unitree_g1_dex3_stack/robots/g1_description/meshes/right_middle_2.STL
[27.732s] -- Up-to-date: /home/unitree/Desktop/unitree_dex3/install/unitree_g1_dex3_stack/share/unitree_g1_dex3_stack/robots/g1_description/meshes/torso_constraint_R_link.STL
[27.732s] -- Up-to-date: /home/unitree/Desktop/unitree_dex3/install/unitree_g1_dex3_stack/share/unitree_g1_dex3_stack/robots/g1_description/meshes/left_hand_thumb_2_link.STL
[27.732s] -- Up-to-date: /home/unitree/Desktop/unitree_dex3/install/unitree_g1_dex3_stack/share/unitree_g1_dex3_stack/robots/g1_description/meshes/right_thumb_3.STL
[27.733s] -- Up-to-date: /home/unitree/Desktop/unitree_dex3/install/unitree_g1_dex3_stack/share/unitree_g1_dex3_stack/robots/g1_description/meshes/torso_constraint_R_rod_link.STL
[27.733s] -- Up-to-date: /home/unitree/Desktop/unitree_dex3/install/unitree_g1_dex3_stack/share/unitree_g1_dex3_stack/robots/g1_description/meshes/Link17_L.STL
[27.733s] -- Up-to-date: /home/unitree/Desktop/unitree_dex3/install/unitree_g1_dex3_stack/share/unitree_g1_dex3_stack/robots/g1_description/meshes/left_thumb_4.STL
[27.733s] -- Up-to-date: /home/unitree/Desktop/unitree_dex3/install/unitree_g1_dex3_stack/share/unitree_g1_dex3_stack/robots/g1_description/meshes/Link17_R.STL
[27.733s] -- Up-to-date: /home/unitree/Desktop/unitree_dex3/install/unitree_g1_dex3_stack/share/unitree_g1_dex3_stack/robots/g1_description/meshes/right_index_force_sensor_2.STL
[27.733s] -- Up-to-date: /home/unitree/Desktop/unitree_dex3/install/unitree_g1_dex3_stack/share/unitree_g1_dex3_stack/robots/g1_description/meshes/left_hip_pitch_link.STL
[27.733s] -- Up-to-date: /home/unitree/Desktop/unitree_dex3/install/unitree_g1_dex3_stack/share/unitree_g1_dex3_stack/robots/g1_description/meshes/Link18_L.STL
[27.733s] -- Up-to-date: /home/unitree/Desktop/unitree_dex3/install/unitree_g1_dex3_stack/share/unitree_g1_dex3_stack/robots/g1_description/meshes/left_shoulder_pitch_link.STL
[27.733s] -- Up-to-date: /home/unitree/Desktop/unitree_dex3/install/unitree_g1_dex3_stack/share/unitree_g1_dex3_stack/robots/g1_description/meshes/right_thumb_1.STL
[27.733s] -- Up-to-date: /home/unitree/Desktop/unitree_dex3/install/unitree_g1_dex3_stack/share/unitree_g1_dex3_stack/robots/g1_description/meshes/left_wrist_yaw_link.STL
[27.734s] -- Up-to-date: /home/unitree/Desktop/unitree_dex3/install/unitree_g1_dex3_stack/share/unitree_g1_dex3_stack/robots/g1_description/meshes/Link22_R.STL
[27.734s] -- Up-to-date: /home/unitree/Desktop/unitree_dex3/install/unitree_g1_dex3_stack/share/unitree_g1_dex3_stack/robots/g1_description/meshes/left_wrist_roll_rubber_hand.STL
[27.734s] -- Up-to-date: /home/unitree/Desktop/unitree_dex3/install/unitree_g1_dex3_stack/share/unitree_g1_dex3_stack/robots/g1_description/meshes/left_index_2.STL
[27.734s] -- Up-to-date: /home/unitree/Desktop/unitree_dex3/install/unitree_g1_dex3_stack/share/unitree_g1_dex3_stack/robots/g1_description/meshes/right_wrist_pitch_link.STL
[27.734s] -- Up-to-date: /home/unitree/Desktop/unitree_dex3/install/unitree_g1_dex3_stack/share/unitree_g1_dex3_stack/robots/g1_description/meshes/left_hand_thumb_1_link.STL
[27.734s] -- Up-to-date: /home/unitree/Desktop/unitree_dex3/install/unitree_g1_dex3_stack/share/unitree_g1_dex3_stack/robots/g1_description/meshes/right_hip_yaw_link.STL
[27.734s] -- Up-to-date: /home/unitree/Desktop/unitree_dex3/install/unitree_g1_dex3_stack/share/unitree_g1_dex3_stack/robots/g1_description/meshes/left_index_force_sensor_1.STL
[27.734s] -- Up-to-date: /home/unitree/Desktop/unitree_dex3/install/unitree_g1_dex3_stack/share/unitree_g1_dex3_stack/robots/g1_description/meshes/Link13_R.STL
[27.734s] -- Up-to-date: /home/unitree/Desktop/unitree_dex3/install/unitree_g1_dex3_stack/share/unitree_g1_dex3_stack/robots/g1_description/meshes/right_thumb_2.STL
[27.734s] -- Up-to-date: /home/unitree/Desktop/unitree_dex3/install/unitree_g1_dex3_stack/share/unitree_g1_dex3_stack/robots/g1_description/meshes/right_little_1.STL
[27.735s] -- Up-to-date: /home/unitree/Desktop/unitree_dex3/install/unitree_g1_dex3_stack/share/unitree_g1_dex3_stack/robots/g1_description/meshes/right_ring_1.STL
[27.735s] -- Up-to-date: /home/unitree/Desktop/unitree_dex3/install/unitree_g1_dex3_stack/share/unitree_g1_dex3_stack/robots/g1_description/meshes/R_hand_base_link.STL
[27.735s] -- Up-to-date: /home/unitree/Desktop/unitree_dex3/install/unitree_g1_dex3_stack/share/unitree_g1_dex3_stack/robots/g1_description/meshes/waist_constraint_R.STL
[27.735s] -- Up-to-date: /home/unitree/Desktop/unitree_dex3/install/unitree_g1_dex3_stack/share/unitree_g1_dex3_stack/robots/g1_description/meshes/right_ring_force_sensor_2.STL
[27.735s] -- Up-to-date: /home/unitree/Desktop/unitree_dex3/install/unitree_g1_dex3_stack/share/unitree_g1_dex3_stack/robots/g1_description/meshes/Link11_R.STL
[27.735s] -- Up-to-date: /home/unitree/Desktop/unitree_dex3/install/unitree_g1_dex3_stack/share/unitree_g1_dex3_stack/robots/g1_description/meshes/right_index_force_sensor_3.STL
[27.735s] -- Up-to-date: /home/unitree/Desktop/unitree_dex3/install/unitree_g1_dex3_stack/share/unitree_g1_dex3_stack/robots/g1_description/meshes/right_base_link.STL
[27.735s] -- Up-to-date: /home/unitree/Desktop/unitree_dex3/install/unitree_g1_dex3_stack/share/unitree_g1_dex3_stack/robots/g1_description/meshes/xl330_link.STL
[27.735s] -- Up-to-date: /home/unitree/Desktop/unitree_dex3/install/unitree_g1_dex3_stack/share/unitree_g1_dex3_stack/robots/g1_description/meshes/Link19_R.STL
[27.736s] -- Up-to-date: /home/unitree/Desktop/unitree_dex3/install/unitree_g1_dex3_stack/share/unitree_g1_dex3_stack/robots/g1_description/meshes/right_shoulder_pitch_link.STL
[27.736s] -- Up-to-date: /home/unitree/Desktop/unitree_dex3/install/unitree_g1_dex3_stack/share/unitree_g1_dex3_stack/robots/g1_description/meshes/left_middle_force_sensor_2.STL
[27.751s] -- Up-to-date: /home/unitree/Desktop/unitree_dex3/install/unitree_g1_dex3_stack/share/unitree_g1_dex3_stack/robots/g1_description/meshes/Link18_R.STL
[27.752s] -- Up-to-date: /home/unitree/Desktop/unitree_dex3/install/unitree_g1_dex3_stack/share/unitree_g1_dex3_stack/robots/g1_description/meshes/Link13_L.STL
[27.753s] -- Up-to-date: /home/unitree/Desktop/unitree_dex3/install/unitree_g1_dex3_stack/share/unitree_g1_dex3_stack/robots/g1_description/meshes/right_hand_thumb_2_link.STL
[27.753s] -- Up-to-date: /home/unitree/Desktop/unitree_dex3/install/unitree_g1_dex3_stack/share/unitree_g1_dex3_stack/robots/g1_description/meshes/left_index_1.STL
[27.753s] -- Up-to-date: /home/unitree/Desktop/unitree_dex3/install/unitree_g1_dex3_stack/share/unitree_g1_dex3_stack/robots/g1_description/meshes/left_hand_middle_1_link.STL
[27.754s] -- Up-to-date: /home/unitree/Desktop/unitree_dex3/install/unitree_g1_dex3_stack/share/unitree_g1_dex3_stack/robots/g1_description/meshes/left_palm_force_sensor.STL
[27.754s] -- Up-to-date: /home/unitree/Desktop/unitree_dex3/install/unitree_g1_dex3_stack/share/unitree_g1_dex3_stack/robots/g1_description/meshes/left_little_force_sensor_3.STL
[27.754s] -- Up-to-date: /home/unitree/Desktop/unitree_dex3/install/unitree_g1_dex3_stack/share/unitree_g1_dex3_stack/robots/g1_description/meshes/right_hand_middle_1_link.STL
[27.755s] -- Up-to-date: /home/unitree/Desktop/unitree_dex3/install/unitree_g1_dex3_stack/share/unitree_g1_dex3_stack/robots/g1_description/meshes/left_little_force_sensor_1.STL
[27.755s] -- Up-to-date: /home/unitree/Desktop/unitree_dex3/install/unitree_g1_dex3_stack/share/unitree_g1_dex3_stack/robots/g1_description/meshes/left_little_1.STL
[27.755s] -- Up-to-date: /home/unitree/Desktop/unitree_dex3/install/unitree_g1_dex3_stack/share/unitree_g1_dex3_stack/robots/g1_description/meshes/left_ring_2.STL
[27.755s] -- Up-to-date: /home/unitree/Desktop/unitree_dex3/install/unitree_g1_dex3_stack/share/unitree_g1_dex3_stack/robots/g1_description/meshes/right_wrist_yaw_link.STL
[27.755s] -- Up-to-date: /home/unitree/Desktop/unitree_dex3/install/unitree_g1_dex3_stack/share/unitree_g1_dex3_stack/robots/g1_description/meshes/left_thumb_force_sensor_1.STL
[27.755s] -- Up-to-date: /home/unitree/Desktop/unitree_dex3/install/unitree_g1_dex3_stack/share/unitree_g1_dex3_stack/robots/g1_description/meshes/Link20_L.STL
[27.755s] -- Up-to-date: /home/unitree/Desktop/unitree_dex3/install/unitree_g1_dex3_stack/share/unitree_g1_dex3_stack/robots/g1_description/meshes/left_thumb_force_sensor_3.STL
[27.756s] -- Up-to-date: /home/unitree/Desktop/unitree_dex3/install/unitree_g1_dex3_stack/share/unitree_g1_dex3_stack/robots/g1_description/meshes/left_index_force_sensor_2.STL
[27.756s] -- Up-to-date: /home/unitree/Desktop/unitree_dex3/install/unitree_g1_dex3_stack/share/unitree_g1_dex3_stack/robots/g1_description/meshes/right_hip_pitch_link.STL
[27.756s] -- Up-to-date: /home/unitree/Desktop/unitree_dex3/install/unitree_g1_dex3_stack/share/unitree_g1_dex3_stack/robots/g1_description/meshes/L_hand_base_link.STL
[27.756s] -- Up-to-date: /home/unitree/Desktop/unitree_dex3/install/unitree_g1_dex3_stack/share/unitree_g1_dex3_stack/robots/g1_description/meshes/left_thumb_1.STL
[27.756s] -- Up-to-date: /home/unitree/Desktop/unitree_dex3/install/unitree_g1_dex3_stack/share/unitree_g1_dex3_stack/robots/g1_description/meshes/right_hand_middle_0_link.STL
[27.756s] -- Up-to-date: /home/unitree/Desktop/unitree_dex3/install/unitree_g1_dex3_stack/share/unitree_g1_dex3_stack/robots/g1_description/meshes/right_hand_palm_link.STL
[27.756s] -- Up-to-date: /home/unitree/Desktop/unitree_dex3/install/unitree_g1_dex3_stack/share/unitree_g1_dex3_stack/robots/g1_description/meshes/left_shoulder_roll_link.STL
[27.756s] -- Up-to-date: /home/unitree/Desktop/unitree_dex3/install/unitree_g1_dex3_stack/share/unitree_g1_dex3_stack/robots/g1_description/meshes/left_ring_force_sensor_1.STL
[27.756s] -- Up-to-date: /home/unitree/Desktop/unitree_dex3/install/unitree_g1_dex3_stack/share/unitree_g1_dex3_stack/robots/g1_description/meshes/torso_constraint_L_rod_link.STL
[27.757s] -- Up-to-date: /home/unitree/Desktop/unitree_dex3/install/unitree_g1_dex3_stack/share/unitree_g1_dex3_stack/robots/g1_description/meshes/left_ring_1.STL
[27.757s] -- Up-to-date: /home/unitree/Desktop/unitree_dex3/install/unitree_g1_dex3_stack/share/unitree_g1_dex3_stack/robots/g1_description/meshes/head_link.STL
[27.757s] -- Up-to-date: /home/unitree/Desktop/unitree_dex3/install/unitree_g1_dex3_stack/share/unitree_g1_dex3_stack/robots/g1_description/meshes/Link16_L.STL
[27.757s] -- Up-to-date: /home/unitree/Desktop/unitree_dex3/install/unitree_g1_dex3_stack/share/unitree_g1_dex3_stack/robots/g1_description/meshes/left_hand_middle_0_link.STL
[27.757s] -- Up-to-date: /home/unitree/Desktop/unitree_dex3/install/unitree_g1_dex3_stack/share/unitree_g1_dex3_stack/robots/g1_description/meshes/right_ring_2.STL
[27.757s] -- Up-to-date: /home/unitree/Desktop/unitree_dex3/install/unitree_g1_dex3_stack/share/unitree_g1_dex3_stack/robots/g1_description/meshes/right_thumb_force_sensor_1.STL
[27.757s] -- Up-to-date: /home/unitree/Desktop/unitree_dex3/install/unitree_g1_dex3_stack/share/unitree_g1_dex3_stack/robots/g1_description/meshes/right_thumb_force_sensor_2.STL
[27.757s] -- Up-to-date: /home/unitree/Desktop/unitree_dex3/install/unitree_g1_dex3_stack/share/unitree_g1_dex3_stack/robots/g1_description/meshes/right_elbow_link.STL
[27.757s] -- Up-to-date: /home/unitree/Desktop/unitree_dex3/install/unitree_g1_dex3_stack/share/unitree_g1_dex3_stack/robots/g1_description/meshes/Link14_R.STL
[27.758s] -- Up-to-date: /home/unitree/Desktop/unitree_dex3/install/unitree_g1_dex3_stack/share/unitree_g1_dex3_stack/robots/g1_description/meshes/left_middle_2.STL
[27.758s] -- Up-to-date: /home/unitree/Desktop/unitree_dex3/install/unitree_g1_dex3_stack/share/unitree_g1_dex3_stack/robots/g1_description/meshes/left_little_2.STL
[27.758s] -- Up-to-date: /home/unitree/Desktop/unitree_dex3/install/unitree_g1_dex3_stack/share/unitree_g1_dex3_stack/robots/g1_description/meshes/right_ankle_roll_link.STL
[27.759s] -- Up-to-date: /home/unitree/Desktop/unitree_dex3/install/unitree_g1_dex3_stack/share/unitree_g1_dex3_stack/robots/g1_description/meshes/waist_support_link.STL
[27.761s] -- Up-to-date: /home/unitree/Desktop/unitree_dex3/install/unitree_g1_dex3_stack/share/unitree_g1_dex3_stack/robots/g1_description/meshes/torso_link.STL
[27.761s] -- Up-to-date: /home/unitree/Desktop/unitree_dex3/install/unitree_g1_dex3_stack/share/unitree_g1_dex3_stack/robots/g1_description/meshes/right_index_force_sensor_1.STL
[27.761s] -- Up-to-date: /home/unitree/Desktop/unitree_dex3/install/unitree_g1_dex3_stack/share/unitree_g1_dex3_stack/robots/g1_description/meshes/right_thumb_4.STL
[27.762s] -- Up-to-date: /home/unitree/Desktop/unitree_dex3/install/unitree_g1_dex3_stack/share/unitree_g1_dex3_stack/robots/g1_description/meshes/left_hand_index_1_link.STL
[27.762s] -- Up-to-date: /home/unitree/Desktop/unitree_dex3/install/unitree_g1_dex3_stack/share/unitree_g1_dex3_stack/robots/g1_description/meshes/Link12_L.STL
[27.766s] -- Up-to-date: /home/unitree/Desktop/unitree_dex3/install/unitree_g1_dex3_stack/share/unitree_g1_dex3_stack/robots/g1_description/meshes/Link21_L.STL
[27.767s] -- Up-to-date: /home/unitree/Desktop/unitree_dex3/install/unitree_g1_dex3_stack/share/unitree_g1_dex3_stack/robots/g1_description/meshes/right_wrist_roll_rubber_hand.STL
[27.767s] -- Up-to-date: /home/unitree/Desktop/unitree_dex3/install/unitree_g1_dex3_stack/share/unitree_g1_dex3_stack/robots/g1_description/meshes/Link16_R.STL
[27.768s] -- Up-to-date: /home/unitree/Desktop/unitree_dex3/install/unitree_g1_dex3_stack/share/unitree_g1_dex3_stack/robots/g1_description/meshes/Link22_L.STL
[27.769s] -- Up-to-date: /home/unitree/Desktop/unitree_dex3/install/unitree_g1_dex3_stack/share/unitree_g1_dex3_stack/robots/g1_description/meshes/right_middle_force_sensor_2.STL
[27.769s] -- Up-to-date: /home/unitree/Desktop/unitree_dex3/install/unitree_g1_dex3_stack/share/unitree_g1_dex3_stack/robots/g1_description/meshes/pelvis.STL
[27.770s] -- Up-to-date: /home/unitree/Desktop/unitree_dex3/install/unitree_g1_dex3_stack/share/unitree_g1_dex3_stack/robots/g1_description/meshes/d455_link.STL
[27.770s] -- Up-to-date: /home/unitree/Desktop/unitree_dex3/install/unitree_g1_dex3_stack/share/unitree_g1_dex3_stack/robots/g1_description/meshes/logo_link.STL
[27.770s] -- Up-to-date: /home/unitree/Desktop/unitree_dex3/install/unitree_g1_dex3_stack/share/unitree_g1_dex3_stack/robots/g1_description/meshes/left_middle_1.STL
[27.770s] -- Up-to-date: /home/unitree/Desktop/unitree_dex3/install/unitree_g1_dex3_stack/share/unitree_g1_dex3_stack/robots/g1_description/meshes/right_knee_link.STL
[27.770s] -- Up-to-date: /home/unitree/Desktop/unitree_dex3/install/unitree_g1_dex3_stack/share/unitree_g1_dex3_stack/robots/g1_description/meshes/left_wrist_pitch_link.STL
[27.770s] -- Up-to-date: /home/unitree/Desktop/unitree_dex3/install/unitree_g1_dex3_stack/share/unitree_g1_dex3_stack/robots/g1_description/meshes/left_hand_thumb_0_link.STL
[27.770s] -- Up-to-date: /home/unitree/Desktop/unitree_dex3/install/unitree_g1_dex3_stack/share/unitree_g1_dex3_stack/robots/g1_description/meshes/Link14_L.STL
[27.770s] -- Up-to-date: /home/unitree/Desktop/unitree_dex3/install/unitree_g1_dex3_stack/share/unitree_g1_dex3_stack/robots/g1_description/meshes/head_servo_link.STL
[27.771s] -- Up-to-date: /home/unitree/Desktop/unitree_dex3/install/unitree_g1_dex3_stack/share/unitree_g1_dex3_stack/robots/g1_description/meshes/left_thumb_3.STL
[27.771s] -- Up-to-date: /home/unitree/Desktop/unitree_dex3/install/unitree_g1_dex3_stack/share/unitree_g1_dex3_stack/robots/g1_description/meshes/left_thumb_force_sensor_2.STL
[27.771s] -- Up-to-date: /home/unitree/Desktop/unitree_dex3/install/unitree_g1_dex3_stack/share/unitree_g1_dex3_stack/robots/g1_description/meshes/right_hand_index_1_link.STL
[27.771s] -- Up-to-date: /home/unitree/Desktop/unitree_dex3/install/unitree_g1_dex3_stack/share/unitree_g1_dex3_stack/robots/g1_description/meshes/Link15_R.STL
[27.771s] -- Up-to-date: /home/unitree/Desktop/unitree_dex3/install/unitree_g1_dex3_stack/share/unitree_g1_dex3_stack/robots/g1_description/meshes/right_little_2.STL
[27.771s] -- Up-to-date: /home/unitree/Desktop/unitree_dex3/install/unitree_g1_dex3_stack/share/unitree_g1_dex3_stack/robots/g1_description/meshes/waist_roll_link_rev_1_0.STL
[27.771s] -- Up-to-date: /home/unitree/Desktop/unitree_dex3/install/unitree_g1_dex3_stack/share/unitree_g1_dex3_stack/robots/g1_description/meshes/torso_constraint_L_link.STL
[27.771s] -- Up-to-date: /home/unitree/Desktop/unitree_dex3/install/unitree_g1_dex3_stack/share/unitree_g1_dex3_stack/robots/g1_description/meshes/right_little_force_sensor_1.STL
[27.772s] -- Up-to-date: /home/unitree/Desktop/unitree_dex3/install/unitree_g1_dex3_stack/share/unitree_g1_dex3_stack/robots/g1_description/meshes/right_thumb_force_sensor_3.STL
[27.773s] -- Up-to-date: /home/unitree/Desktop/unitree_dex3/install/unitree_g1_dex3_stack/share/unitree_g1_dex3_stack/robots/g1_description/meshes/left_thumb_force_sensor_4.STL
[27.773s] -- Up-to-date: /home/unitree/Desktop/unitree_dex3/install/unitree_g1_dex3_stack/share/unitree_g1_dex3_stack/robots/g1_description/meshes/torso_link_rev_1_0.STL
[27.774s] -- Up-to-date: /home/unitree/Desktop/unitree_dex3/install/unitree_g1_dex3_stack/share/unitree_g1_dex3_stack/robots/g1_description/meshes/left_elbow_link.STL
[27.779s] -- Up-to-date: /home/unitree/Desktop/unitree_dex3/install/unitree_g1_dex3_stack/share/unitree_g1_dex3_stack/robots/g1_description/meshes/Link19_L.STL
[27.779s] -- Up-to-date: /home/unitree/Desktop/unitree_dex3/install/unitree_g1_dex3_stack/share/unitree_g1_dex3_stack/robots/g1_description/meshes/Link21_R.STL
[27.780s] -- Up-to-date: /home/unitree/Desktop/unitree_dex3/install/unitree_g1_dex3_stack/share/unitree_g1_dex3_stack/robots/g1_description/meshes/left_ring_force_sensor_3.STL
[27.780s] -- Up-to-date: /home/unitree/Desktop/unitree_dex3/install/unitree_g1_dex3_stack/share/unitree_g1_dex3_stack/robots/g1_description/meshes/left_base_link.STL
[27.780s] -- Up-to-date: /home/unitree/Desktop/unitree_dex3/install/unitree_g1_dex3_stack/share/unitree_g1_dex3_stack/robots/g1_description/meshes/left_shoulder_yaw_link.STL
[27.780s] -- Up-to-date: /home/unitree/Desktop/unitree_dex3/install/unitree_g1_dex3_stack/share/unitree_g1_dex3_stack/robots/g1_description/meshes/right_thumb_force_sensor_4.STL
[27.780s] -- Up-to-date: /home/unitree/Desktop/unitree_dex3/install/unitree_g1_dex3_stack/share/unitree_g1_dex3_stack/robots/g1_description/meshes/right_index_1.STL
[27.780s] -- Up-to-date: /home/unitree/Desktop/unitree_dex3/install/unitree_g1_dex3_stack/share/unitree_g1_dex3_stack/robots/g1_description/meshes/waist_roll_link.STL
[27.780s] -- Up-to-date: /home/unitree/Desktop/unitree_dex3/install/unitree_g1_dex3_stack/share/unitree_g1_dex3_stack/robots/g1_description/meshes/waist_yaw_link.STL
[27.780s] -- Up-to-date: /home/unitree/Desktop/unitree_dex3/install/unitree_g1_dex3_stack/share/unitree_g1_dex3_stack/robots/g1_description/meshes/right_little_force_sensor_2.STL
[27.781s] -- Up-to-date: /home/unitree/Desktop/unitree_dex3/install/unitree_g1_dex3_stack/share/unitree_g1_dex3_stack/robots/g1_description/meshes/right_ring_force_sensor_3.STL
[27.781s] -- Up-to-date: /home/unitree/Desktop/unitree_dex3/install/unitree_g1_dex3_stack/share/unitree_g1_dex3_stack/robots/g1_description/meshes/left_index_force_sensor_3.STL
[27.781s] -- Up-to-date: /home/unitree/Desktop/unitree_dex3/install/unitree_g1_dex3_stack/share/unitree_g1_dex3_stack/robots/g1_description/meshes/left_knee_link.STL
[27.781s] -- Up-to-date: /home/unitree/Desktop/unitree_dex3/install/unitree_g1_dex3_stack/share/unitree_g1_dex3_stack/robots/g1_description/meshes/left_thumb_swing.STL
[27.781s] -- Up-to-date: /home/unitree/Desktop/unitree_dex3/install/unitree_g1_dex3_stack/share/unitree_g1_dex3_stack/robots/g1_description/meshes/left_hip_yaw_link.STL
[27.781s] -- Up-to-date: /home/unitree/Desktop/unitree_dex3/install/unitree_g1_dex3_stack/share/unitree_g1_dex3_stack/robots/g1_description/meshes/left_hip_roll_link.STL
[27.781s] -- Up-to-date: /home/unitree/Desktop/unitree_dex3/install/unitree_g1_dex3_stack/share/unitree_g1_dex3_stack/robots/g1_description/meshes/right_palm_force_sensor.STL
[27.781s] -- Up-to-date: /home/unitree/Desktop/unitree_dex3/install/unitree_g1_dex3_stack/share/unitree_g1_dex3_stack/robots/g1_description/meshes/left_ankle_roll_link.STL
[27.781s] -- Up-to-date: /home/unitree/Desktop/unitree_dex3/install/unitree_g1_dex3_stack/share/unitree_g1_dex3_stack/robots/g1_description/meshes/left_ankle_pitch_link.STL
[27.782s] -- Up-to-date: /home/unitree/Desktop/unitree_dex3/install/unitree_g1_dex3_stack/share/unitree_g1_dex3_stack/robots/g1_description/meshes/left_little_force_sensor_2.STL
[27.782s] -- Up-to-date: /home/unitree/Desktop/unitree_dex3/install/unitree_g1_dex3_stack/share/unitree_g1_dex3_stack/robots/g1_description/meshes/left_thumb_2.STL
[27.782s] -- Up-to-date: /home/unitree/Desktop/unitree_dex3/install/unitree_g1_dex3_stack/share/unitree_g1_dex3_stack/robots/g1_description/meshes/Link11_L.STL
[27.782s] -- Up-to-date: /home/unitree/Desktop/unitree_dex3/install/unitree_g1_dex3_stack/share/unitree_g1_dex3_stack/robots/g1_description/meshes/right_hip_roll_link.STL
[27.782s] -- Up-to-date: /home/unitree/Desktop/unitree_dex3/install/unitree_g1_dex3_stack/share/unitree_g1_dex3_stack/robots/g1_description/meshes/right_wrist_roll_link.STL
[27.782s] -- Up-to-date: /home/unitree/Desktop/unitree_dex3/install/unitree_g1_dex3_stack/share/unitree_g1_dex3_stack/robots/g1_description/meshes/right_middle_force_sensor_3.STL
[27.782s] -- Up-to-date: /home/unitree/Desktop/unitree_dex3/install/unitree_g1_dex3_stack/share/unitree_g1_dex3_stack/robots/g1_description/meshes/pelvis_contour_link.STL
[27.782s] -- Up-to-date: /home/unitree/Desktop/unitree_dex3/install/unitree_g1_dex3_stack/share/unitree_g1_dex3_stack/robots/g1_description/meshes/left_hand_palm_link.STL
[27.782s] -- Up-to-date: /home/unitree/Desktop/unitree_dex3/install/unitree_g1_dex3_stack/share/unitree_g1_dex3_stack/robots/g1_description/meshes/right_hand_thumb_1_link.STL
[27.783s] -- Up-to-date: /home/unitree/Desktop/unitree_dex3/install/unitree_g1_dex3_stack/share/unitree_g1_dex3_stack/robots/g1_description/meshes/right_shoulder_roll_link.STL
[27.783s] -- Up-to-date: /home/unitree/Desktop/unitree_dex3/install/unitree_g1_dex3_stack/share/unitree_g1_dex3_stack/robots/g1_description/meshes/left_middle_force_sensor_3.STL
[27.783s] -- Up-to-date: /home/unitree/Desktop/unitree_dex3/install/unitree_g1_dex3_stack/share/unitree_g1_dex3_stack/robots/g1_description/meshes/torso_link_23dof_rev_1_0.STL
[27.783s] -- Up-to-date: /home/unitree/Desktop/unitree_dex3/install/unitree_g1_dex3_stack/share/unitree_g1_dex3_stack/robots/g1_description/meshes/left_hand_index_0_link.STL
[27.783s] -- Up-to-date: /home/unitree/Desktop/unitree_dex3/install/unitree_g1_dex3_stack/share/unitree_g1_dex3_stack/robots/g1_description/meshes/right_middle_1.STL
[27.783s] -- Up-to-date: /home/unitree/Desktop/unitree_dex3/install/unitree_g1_dex3_stack/share/unitree_g1_dex3_stack/robots/g1_description/meshes/right_hand_thumb_0_link.STL
[27.783s] -- Up-to-date: /home/unitree/Desktop/unitree_dex3/install/unitree_g1_dex3_stack/share/unitree_g1_dex3_stack/robots/g1_description/meshes/Link20_R.STL
[27.783s] -- Up-to-date: /home/unitree/Desktop/unitree_dex3/install/unitree_g1_dex3_stack/share/unitree_g1_dex3_stack/robots/g1_description/meshes/right_little_force_sensor_3.STL
[27.784s] -- Up-to-date: /home/unitree/Desktop/unitree_dex3/install/unitree_g1_dex3_stack/share/unitree_g1_dex3_stack/robots/g1_description/meshes/right_ring_force_sensor_1.STL
[27.784s] -- Up-to-date: /home/unitree/Desktop/unitree_dex3/install/unitree_g1_dex3_stack/share/unitree_g1_dex3_stack/robots/g1_description/meshes/right_hand_index_0_link.STL
[27.784s] -- Up-to-date: /home/unitree/Desktop/unitree_dex3/install/unitree_g1_dex3_stack/share/unitree_g1_dex3_stack/robots/g1_description/meshes/right_rubber_hand.STL
[27.784s] -- Up-to-date: /home/unitree/Desktop/unitree_dex3/install/unitree_g1_dex3_stack/share/unitree_g1_dex3_stack/robots/g1_description/meshes/right_ankle_pitch_link.STL
[27.784s] -- Up-to-date: /home/unitree/Desktop/unitree_dex3/install/unitree_g1_dex3_stack/share/unitree_g1_dex3_stack/robots/g1_description/meshes/right_shoulder_yaw_link.STL
[27.784s] -- Up-to-date: /home/unitree/Desktop/unitree_dex3/install/unitree_g1_dex3_stack/share/unitree_g1_dex3_stack/robots/g1_description/meshes/left_middle_force_sensor_1.STL
[27.784s] -- Up-to-date: /home/unitree/Desktop/unitree_dex3/install/unitree_g1_dex3_stack/share/unitree_g1_dex3_stack/robots/g1_description/meshes/left_rubber_hand.STL
[27.784s] -- Up-to-date: /home/unitree/Desktop/unitree_dex3/install/unitree_g1_dex3_stack/share/unitree_g1_dex3_stack/robots/g1_description/meshes/waist_yaw_link_rev_1_0.STL
[27.784s] -- Up-to-date: /home/unitree/Desktop/unitree_dex3/install/unitree_g1_dex3_stack/share/unitree_g1_dex3_stack/robots/g1_description/g1_29dof_lock_waist_with_hand_rev_1_0.urdf
[27.785s] -- Up-to-date: /home/unitree/Desktop/unitree_dex3/install/unitree_g1_dex3_stack/share/unitree_g1_dex3_stack/robots/g1_description/g1_29dof_lock_waist_with_hand_rev_1_0_collision_primitives.urdf
[27.785s] -- Up-to-date: /home/unitree/Desktop/unitree_dex3/install/unitree_g1_dex3_stack/share/unitree_g1_dex3_stack/robots/g1_description/g1_29dof_with_hand_rev_1_0.urdf
[27.785s] -- Up-to-date: /home/unitree/Desktop/unitree_dex3/install/unitree_g1_dex3_stack/share/ament_index/resource_index/package_run_dependencies/unitree_g1_dex3_stack
[27.785s] -- Up-to-date: /home/unitree/Desktop/unitree_dex3/install/unitree_g1_dex3_stack/share/ament_index/resource_index/parent_prefix_path/unitree_g1_dex3_stack
[27.785s] -- Up-to-date: /home/unitree/Desktop/unitree_dex3/install/unitree_g1_dex3_stack/share/unitree_g1_dex3_stack/environment/ament_prefix_path.sh
[27.785s] -- Up-to-date: /home/unitree/Desktop/unitree_dex3/install/unitree_g1_dex3_stack/share/unitree_g1_dex3_stack/environment/ament_prefix_path.dsv
[27.785s] -- Up-to-date: /home/unitree/Desktop/unitree_dex3/install/unitree_g1_dex3_stack/share/unitree_g1_dex3_stack/environment/path.sh
[27.785s] -- Up-to-date: /home/unitree/Desktop/unitree_dex3/install/unitree_g1_dex3_stack/share/unitree_g1_dex3_stack/environment/path.dsv
[27.785s] -- Up-to-date: /home/unitree/Desktop/unitree_dex3/install/unitree_g1_dex3_stack/share/unitree_g1_dex3_stack/local_setup.bash
[27.786s] -- Up-to-date: /home/unitree/Desktop/unitree_dex3/install/unitree_g1_dex3_stack/share/unitree_g1_dex3_stack/local_setup.sh
[27.786s] -- Up-to-date: /home/unitree/Desktop/unitree_dex3/install/unitree_g1_dex3_stack/share/unitree_g1_dex3_stack/local_setup.zsh
[27.786s] -- Up-to-date: /home/unitree/Desktop/unitree_dex3/install/unitree_g1_dex3_stack/share/unitree_g1_dex3_stack/local_setup.dsv
[27.786s] -- Installing: /home/unitree/Desktop/unitree_dex3/install/unitree_g1_dex3_stack/share/unitree_g1_dex3_stack/package.dsv
[27.786s] -- Up-to-date: /home/unitree/Desktop/unitree_dex3/install/unitree_g1_dex3_stack/share/ament_index/resource_index/packages/unitree_g1_dex3_stack
[27.786s] -- Up-to-date: /home/unitree/Desktop/unitree_dex3/install/unitree_g1_dex3_stack/share/unitree_g1_dex3_stack/cmake/unitree_g1_dex3_stackConfig.cmake
[27.786s] -- Up-to-date: /home/unitree/Desktop/unitree_dex3/install/unitree_g1_dex3_stack/share/unitree_g1_dex3_stack/cmake/unitree_g1_dex3_stackConfig-version.cmake
[27.786s] -- Up-to-date: /home/unitree/Desktop/unitree_dex3/install/unitree_g1_dex3_stack/share/unitree_g1_dex3_stack/package.xml
[27.787s] Invoked command in '/home/unitree/Desktop/unitree_dex3/build/unitree_g1_dex3_stack' returned '0': AMENT_PREFIX_PATH=/home/unitree/Desktop/unitree_dex3/install/trac_ik_lib:/home/unitree/Desktop/unitree_dex3/install/bboxes_ex_msgs:${AMENT_PREFIX_PATH} CMAKE_PREFIX_PATH=/home/unitree/Desktop/unitree_dex3/install/trac_ik_lib:/home/unitree/Desktop/unitree_dex3/install/bboxes_ex_msgs:/home/unitree/unitree_ros2/cyclonedds_ws/install:/home/unitree/cyclonedds_ws/install/rmw_cyclonedds_cpp:/home/unitree/cyclonedds_ws/install/cyclonedds:/opt/ros/foxy CONDA_PROMPT_MODIFIER=(base) LD_LIBRARY_PATH=/home/unitree/Desktop/unitree_dex3/install/trac_ik_lib/lib:/home/unitree/Desktop/unitree_dex3/install/bboxes_ex_msgs/lib:${LD_LIBRARY_PATH} PYTHONPATH=/home/unitree/Desktop/unitree_dex3/install/bboxes_ex_msgs/lib/python3.8/site-packages:${PYTHONPATH} /usr/bin/cmake --install /home/unitree/Desktop/unitree_dex3/build/unitree_g1_dex3_stack
