-- The C compiler identification is GNU 9.4.0
-- The CXX compiler identification is GNU 9.4.0
-- Check for working C compiler: /usr/bin/cc
-- Check for working C compiler: /usr/bin/cc -- works
-- Detecting C compiler ABI info
-- Detecting C compiler ABI info - done
-- Detecting C compile features
-- Detecting C compile features - done
-- Check for working CXX compiler: /usr/bin/c++
-- Check for working CXX compiler: /usr/bin/c++ -- works
-- Detecting CXX compiler ABI info
-- Detecting CXX compiler ABI info - done
-- Detecting CXX compile features
-- Detecting CXX compile features - done
-- Found ament_cmake: 0.9.12 (/opt/ros/foxy/share/ament_cmake/cmake)
-- Found PythonInterp: /home/unitree/miniforge3/bin/python3 (found suitable version "3.13.12", minimum required is "3") 
-- Using PYTHON_EXECUTABLE: /home/unitree/miniforge3/bin/python3
Traceback (most recent call last):
  File "/opt/ros/foxy/share/ament_cmake_core/cmake/package_templates/templates_2_cmake.py", line 21, in <module>
    from ament_package.templates import get_environment_hook_template_path
  File "/opt/ros/foxy/lib/python3.8/site-packages/ament_package/templates.py", line 18, in <module>
    import pkg_resources
ModuleNotFoundError: No module named 'pkg_resources'
CMake Error at /opt/ros/foxy/share/ament_cmake_core/cmake/ament_cmake_package_templates-extras.cmake:41 (message):
  execute_process(/home/unitree/miniforge3/bin/python3
  /opt/ros/foxy/share/ament_cmake_core/cmake/package_templates/templates_2_cmake.py
  /home/unitree/Desktop/unitree_dex3/build/unitree_g1_dex3_stack/ament_cmake_package_templates/templates.cmake)
  returned error code 1
Call Stack (most recent call first):
  /opt/ros/foxy/share/ament_cmake_core/cmake/ament_cmake_coreConfig.cmake:41 (include)
  /opt/ros/foxy/share/ament_cmake/cmake/ament_cmake_export_dependencies-extras.cmake:15 (find_package)
  /opt/ros/foxy/share/ament_cmake/cmake/ament_cmakeConfig.cmake:41 (include)
  CMakeLists.txt:21 (find_package)


-- Configuring incomplete, errors occurred!
See also "/home/unitree/Desktop/unitree_dex3/build/unitree_g1_dex3_stack/CMakeFiles/CMakeOutput.log".
See also "/home/unitree/Desktop/unitree_dex3/build/unitree_g1_dex3_stack/CMakeFiles/CMakeError.log".
