-- The C compiler identification is GNU 9.4.0
-- The CXX compiler identification is GNU 9.4.0
-- Check for working C compiler: /usr/bin/cc
-- Check for working C compiler: /usr/bin/cc -- works
-- Detecting C compiler ABI info
-- Detecting C compiler ABI info - done
-- Detecting C compile features
-- Detecting C compile features - done
-- Check for working CXX compiler: /usr/bin/c++
-- Check for working CXX compiler: /usr/bin/c++ -- works
-- Detecting CXX compiler ABI info
-- Detecting CXX compiler ABI info - done
-- Detecting CXX compile features
-- Detecting CXX compile features - done
-- Found ament_cmake: 0.9.12 (/opt/ros/foxy/share/ament_cmake/cmake)
-- Found PythonInterp: /home/unitree/miniforge3/bin/python3 (found suitable version "3.13.12", minimum required is "3") 
-- Using PYTHON_EXECUTABLE: /home/unitree/miniforge3/bin/python3
-- Configuring incomplete, errors occurred!
See also "/home/unitree/Desktop/unitree_dex3/build/unitree_g1_dex3_stack/CMakeFiles/CMakeOutput.log".
See also "/home/unitree/Desktop/unitree_dex3/build/unitree_g1_dex3_stack/CMakeFiles/CMakeError.log".
