[0.061s] Invoking command in '/home/unitree/Desktop/unitree_dex3/build/unitree_g1_dex3_stack': AMENT_PREFIX_PATH=/home/unitree/Desktop/unitree_dex3/install/trac_ik_lib:/home/unitree/Desktop/unitree_dex3/install/bboxes_ex_msgs:${AMENT_PREFIX_PATH} CMAKE_PREFIX_PATH=/home/unitree/Desktop/unitree_dex3/install/trac_ik_lib:/home/unitree/Desktop/unitree_dex3/install/bboxes_ex_msgs:/home/unitree/unitree_ros2/cyclonedds_ws/install:/home/unitree/cyclonedds_ws/install/rmw_cyclonedds_cpp:/home/unitree/cyclonedds_ws/install/cyclonedds:/opt/ros/foxy CONDA_PROMPT_MODIFIER=(base) LD_LIBRARY_PATH=/home/unitree/Desktop/unitree_dex3/install/trac_ik_lib/lib:/home/unitree/Desktop/unitree_dex3/install/bboxes_ex_msgs/lib:${LD_LIBRARY_PATH} PYTHONPATH=/home/unitree/Desktop/unitree_dex3/install/bboxes_ex_msgs/lib/python3.8/site-packages:${PYTHONPATH} /usr/bin/cmake --build /home/unitree/Desktop/unitree_dex3/build/unitree_g1_dex3_stack -- -j8 -l8
[0.239s] [ 12%] Built target joint_trajectory_executor
[0.352s] [ 25%] Built target project_to_3d_node
[0.437s] [ 37%] Built target visual_detection_yolo_tester
[0.512s] [ 50%] Built target detection_to_goal_node
[0.605s] Scanning dependencies of target visual_detection_tester
[0.658s] [ 56%] Building CXX object CMakeFiles/visual_detection_tester.dir/src/visual_detection_tester.cpp.o
[26.114s] [ 62%] Linking CXX executable visual_detection_tester
[28.020s] [ 62%] Built target visual_detection_tester
[28.094s] [ 75%] Built target right_hand_pressure_monitor
[28.193s] [ 87%] Built target dex3_controller
[28.262s] [100%] Built target joint_state_publisher
[28.294s] Invoked command in '/home/unitree/Desktop/unitree_dex3/build/unitree_g1_dex3_stack' returned '0': AMENT_PREFIX_PATH=/home/unitree/Desktop/unitree_dex3/install/trac_ik_lib:/home/unitree/Desktop/unitree_dex3/install/bboxes_ex_msgs:${AMENT_PREFIX_PATH} CMAKE_PREFIX_PATH=/home/unitree/Desktop/unitree_dex3/install/trac_ik_lib:/home/unitree/Desktop/unitree_dex3/install/bboxes_ex_msgs:/home/unitree/unitree_ros2/cyclonedds_ws/install:/home/unitree/cyclonedds_ws/install/rmw_cyclonedds_cpp:/home/unitree/cyclonedds_ws/install/cyclonedds:/opt/ros/foxy CONDA_PROMPT_MODIFIER=(base) LD_LIBRARY_PATH=/home/unitree/Desktop/unitree_dex3/install/trac_ik_lib/lib:/home/unitree/Desktop/unitree_dex3/install/bboxes_ex_msgs/lib:${LD_LIBRARY_PATH} PYTHONPATH=/home/unitree/Desktop/unitree_dex3/install/bboxes_ex_msgs/lib/python3.8/site-packages:${PYTHONPATH} /usr/bin/cmake --build /home/unitree/Desktop/unitree_dex3/build/unitree_g1_dex3_stack -- -j8 -l8
[28.319s] Invoking command in '/home/unitree/Desktop/unitree_dex3/build/unitree_g1_dex3_stack': AMENT_PREFIX_PATH=/home/unitree/Desktop/unitree_dex3/install/trac_ik_lib:/home/unitree/Desktop/unitree_dex3/install/bboxes_ex_msgs:${AMENT_PREFIX_PATH} CMAKE_PREFIX_PATH=/home/unitree/Desktop/unitree_dex3/install/trac_ik_lib:/home/unitree/Desktop/unitree_dex3/install/bboxes_ex_msgs:/home/unitree/unitree_ros2/cyclonedds_ws/install:/home/unitree/cyclonedds_ws/install/rmw_cyclonedds_cpp:/home/unitree/cyclonedds_ws/install/cyclonedds:/opt/ros/foxy CONDA_PROMPT_MODIFIER=(base) LD_LIBRARY_PATH=/home/unitree/Desktop/unitree_dex3/install/trac_ik_lib/lib:/home/unitree/Desktop/unitree_dex3/install/bboxes_ex_msgs/lib:${LD_LIBRARY_PATH} PYTHONPATH=/home/unitree/Desktop/unitree_dex3/install/bboxes_ex_msgs/lib/python3.8/site-packages:${PYTHONPATH} /usr/bin/cmake --install /home/unitree/Desktop/unitree_dex3/build/unitree_g1_dex3_stack
[28.345s] -- Install configuration: ""
[28.345s] -- Up-to-date: /home/unitree/Desktop/unitree_dex3/install/unitree_g1_dex3_stack/lib/unitree_g1_dex3_stack/joint_state_publisher
[28.346s] -- Up-to-date: /home/unitree/Desktop/unitree_dex3/install/unitree_g1_dex3_stack/lib/unitree_g1_dex3_stack/dex3_controller
[28.349s] -- Up-to-date: /home/unitree/Desktop/unitree_dex3/install/unitree_g1_dex3_stack/lib/unitree_g1_dex3_stack/joint_trajectory_executor
[28.349s] -- Up-to-date: /home/unitree/Desktop/unitree_dex3/install/unitree_g1_dex3_stack/lib/unitree_g1_dex3_stack/project_to_3d_node
[28.349s] -- Up-to-date: /home/unitree/Desktop/unitree_dex3/install/unitree_g1_dex3_stack/lib/unitree_g1_dex3_stack/detection_to_goal_node
[28.349s] -- Up-to-date: /home/unitree/Desktop/unitree_dex3/install/unitree_g1_dex3_stack/lib/unitree_g1_dex3_stack/right_hand_pressure_monitor
[28.349s] -- Installing: /home/unitree/Desktop/unitree_dex3/install/unitree_g1_dex3_stack/lib/unitree_g1_dex3_stack/visual_detection_tester
[28.359s] -- Set runtime path of "/home/unitree/Desktop/unitree_dex3/install/unitree_g1_dex3_stack/lib/unitree_g1_dex3_stack/visual_detection_tester" to ""
[28.360s] -- Up-to-date: /home/unitree/Desktop/unitree_dex3/install/unitree_g1_dex3_stack/lib/unitree_g1_dex3_stack/visual_detection_yolo_tester
[28.360s] -- Up-to-date: /home/unitree/Desktop/unitree_dex3/install/unitree_g1_dex3_stack/share/unitree_g1_dex3_stack/launch
[28.361s] -- Installing: /home/unitree/Desktop/unitree_dex3/install/unitree_g1_dex3_stack/share/unitree_g1_dex3_stack/launch/visual_detect_click.launch.py
[28.362s] -- Up-to-date: /home/unitree/Desktop/unitree_dex3/install/unitree_g1_dex3_stack/share/unitree_g1_dex3_stack/launch/__pycache__
[28.362s] -- Installing: /home/unitree/Desktop/unitree_dex3/install/unitree_g1_dex3_stack/share/unitree_g1_dex3_stack/launch/__pycache__/perception.launch.cpython-38.pyc
[28.362s] -- Up-to-date: /home/unitree/Desktop/unitree_dex3/install/unitree_g1_dex3_stack/share/unitree_g1_dex3_stack/launch/robot.launch.py
[28.362s] -- Up-to-date: /home/unitree/Desktop/unitree_dex3/install/unitree_g1_dex3_stack/share/unitree_g1_dex3_stack/launch/control.launch.py
[28.362s] -- Up-to-date: /home/unitree/Desktop/unitree_dex3/install/unitree_g1_dex3_stack/share/unitree_g1_dex3_stack/launch/perception.launch.py
[28.362s] -- Up-to-date: /home/unitree/Desktop/unitree_dex3/install/unitree_g1_dex3_stack/share/unitree_g1_dex3_stack/launch/visual_detect_yolo.launch.py
[28.362s] -- Up-to-date: /home/unitree/Desktop/unitree_dex3/install/unitree_g1_dex3_stack/share/unitree_g1_dex3_stack/launch/visual_detection_test.launch.py
[28.363s] -- Up-to-date: /home/unitree/Desktop/unitree_dex3/install/unitree_g1_dex3_stack/share/unitree_g1_dex3_stack/launch/planner.launch.py
[28.363s] -- Up-to-date: /home/unitree/Desktop/unitree_dex3/install/unitree_g1_dex3_stack/share/unitree_g1_dex3_stack/robots
[28.363s] -- Up-to-date: /home/unitree/Desktop/unitree_dex3/install/unitree_g1_dex3_stack/share/unitree_g1_dex3_stack/robots/dexterous_hand_description
[28.363s] -- Up-to-date: /home/unitree/Desktop/unitree_dex3/install/unitree_g1_dex3_stack/share/unitree_g1_dex3_stack/robots/dexterous_hand_description/dex3_1
[28.363s] -- Up-to-date: /home/unitree/Desktop/unitree_dex3/install/unitree_g1_dex3_stack/share/unitree_g1_dex3_stack/robots/dexterous_hand_description/dex3_1/dex3_1_r.urdf
[28.363s] -- Up-to-date: /home/unitree/Desktop/unitree_dex3/install/unitree_g1_dex3_stack/share/unitree_g1_dex3_stack/robots/dexterous_hand_description/dex3_1/meshes
[28.363s] -- Up-to-date: /home/unitree/Desktop/unitree_dex3/install/unitree_g1_dex3_stack/share/unitree_g1_dex3_stack/robots/dexterous_hand_description/dex3_1/meshes/left_hand_thumb_2_link.STL
[28.363s] -- Up-to-date: /home/unitree/Desktop/unitree_dex3/install/unitree_g1_dex3_stack/share/unitree_g1_dex3_stack/robots/dexterous_hand_description/dex3_1/meshes/left_hand_thumb_1_link.STL
[28.364s] -- Up-to-date: /home/unitree/Desktop/unitree_dex3/install/unitree_g1_dex3_stack/share/unitree_g1_dex3_stack/robots/dexterous_hand_description/dex3_1/meshes/right_hand_thumb_2_link.STL
[28.364s] -- Up-to-date: /home/unitree/Desktop/unitree_dex3/install/unitree_g1_dex3_stack/share/unitree_g1_dex3_stack/robots/dexterous_hand_description/dex3_1/meshes/left_hand_middle_1_link.STL
[28.364s] -- Up-to-date: /home/unitree/Desktop/unitree_dex3/install/unitree_g1_dex3_stack/share/unitree_g1_dex3_stack/robots/dexterous_hand_description/dex3_1/meshes/right_hand_middle_1_link.STL
[28.364s] -- Up-to-date: /home/unitree/Desktop/unitree_dex3/install/unitree_g1_dex3_stack/share/unitree_g1_dex3_stack/robots/dexterous_hand_description/dex3_1/meshes/right_hand_middle_0_link.STL
[28.364s] -- Up-to-date: /home/unitree/Desktop/unitree_dex3/install/unitree_g1_dex3_stack/share/unitree_g1_dex3_stack/robots/dexterous_hand_description/dex3_1/meshes/right_hand_palm_link.STL
[28.364s] -- Up-to-date: /home/unitree/Desktop/unitree_dex3/install/unitree_g1_dex3_stack/share/unitree_g1_dex3_stack/robots/dexterous_hand_description/dex3_1/meshes/left_hand_middle_0_link.STL
[28.364s] -- Up-to-date: /home/unitree/Desktop/unitree_dex3/install/unitree_g1_dex3_stack/share/unitree_g1_dex3_stack/robots/dexterous_hand_description/dex3_1/meshes/left_hand_index_1_link.STL
[28.364s] -- Up-to-date: /home/unitree/Desktop/unitree_dex3/install/unitree_g1_dex3_stack/share/unitree_g1_dex3_stack/robots/dexterous_hand_description/dex3_1/meshes/left_hand_thumb_0_link.STL
[28.364s] -- Up-to-date: /home/unitree/Desktop/unitree_dex3/install/unitree_g1_dex3_stack/share/unitree_g1_dex3_stack/robots/dexterous_hand_description/dex3_1/meshes/right_hand_index_1_link.STL
[28.365s] -- Up-to-date: /home/unitree/Desktop/unitree_dex3/install/unitree_g1_dex3_stack/share/unitree_g1_dex3_stack/robots/dexterous_hand_description/dex3_1/meshes/left_hand_palm_link.STL
[28.365s] -- Up-to-date: /home/unitree/Desktop/unitree_dex3/install/unitree_g1_dex3_stack/share/unitree_g1_dex3_stack/robots/dexterous_hand_description/dex3_1/meshes/right_hand_thumb_1_link.STL
[28.365s] -- Up-to-date: /home/unitree/Desktop/unitree_dex3/install/unitree_g1_dex3_stack/share/unitree_g1_dex3_stack/robots/dexterous_hand_description/dex3_1/meshes/left_hand_index_0_link.STL
[28.365s] -- Up-to-date: /home/unitree/Desktop/unitree_dex3/install/unitree_g1_dex3_stack/share/unitree_g1_dex3_stack/robots/dexterous_hand_description/dex3_1/meshes/right_hand_thumb_0_link.STL
[28.365s] -- Up-to-date: /home/unitree/Desktop/unitree_dex3/install/unitree_g1_dex3_stack/share/unitree_g1_dex3_stack/robots/dexterous_hand_description/dex3_1/meshes/right_hand_index_0_link.STL
[28.365s] -- Up-to-date: /home/unitree/Desktop/unitree_dex3/install/unitree_g1_dex3_stack/share/unitree_g1_dex3_stack/robots/dexterous_hand_description/dex3_1/dex3_1_l.urdf
[28.365s] -- Up-to-date: /home/unitree/Desktop/unitree_dex3/install/unitree_g1_dex3_stack/share/unitree_g1_dex3_stack/robots/g1_description
[28.371s] -- Up-to-date: /home/unitree/Desktop/unitree_dex3/install/unitree_g1_dex3_stack/share/unitree_g1_dex3_stack/robots/g1_description/collision_trimesh.py
[28.372s] -- Up-to-date: /home/unitree/Desktop/unitree_dex3/install/unitree_g1_dex3_stack/share/unitree_g1_dex3_stack/robots/g1_description/meshes
[28.372s] -- Up-to-date: /home/unitree/Desktop/unitree_dex3/install/unitree_g1_dex3_stack/share/unitree_g1_dex3_stack/robots/g1_description/meshes/left_wrist_roll_link.STL
[28.372s] -- Up-to-date: /home/unitree/Desktop/unitree_dex3/install/unitree_g1_dex3_stack/share/unitree_g1_dex3_stack/robots/g1_description/meshes/right_index_2.STL
[28.372s] -- Up-to-date: /home/unitree/Desktop/unitree_dex3/install/unitree_g1_dex3_stack/share/unitree_g1_dex3_stack/robots/g1_description/meshes/waist_constraint_L.STL
[28.372s] -- Up-to-date: /home/unitree/Desktop/unitree_dex3/install/unitree_g1_dex3_stack/share/unitree_g1_dex3_stack/robots/g1_description/meshes/Link15_L.STL
[28.372s] -- Up-to-date: /home/unitree/Desktop/unitree_dex3/install/unitree_g1_dex3_stack/share/unitree_g1_dex3_stack/robots/g1_description/meshes/left_ring_force_sensor_2.STL
[28.372s] -- Up-to-date: /home/unitree/Desktop/unitree_dex3/install/unitree_g1_dex3_stack/share/unitree_g1_dex3_stack/robots/g1_description/meshes/Link12_R.STL
[28.373s] -- Up-to-date: /home/unitree/Desktop/unitree_dex3/install/unitree_g1_dex3_stack/share/unitree_g1_dex3_stack/robots/g1_description/meshes/right_middle_force_sensor_1.STL
[28.373s] -- Up-to-date: /home/unitree/Desktop/unitree_dex3/install/unitree_g1_dex3_stack/share/unitree_g1_dex3_stack/robots/g1_description/meshes/right_middle_2.STL
[28.374s] -- Up-to-date: /home/unitree/Desktop/unitree_dex3/install/unitree_g1_dex3_stack/share/unitree_g1_dex3_stack/robots/g1_description/meshes/torso_constraint_R_link.STL
[28.375s] -- Up-to-date: /home/unitree/Desktop/unitree_dex3/install/unitree_g1_dex3_stack/share/unitree_g1_dex3_stack/robots/g1_description/meshes/left_hand_thumb_2_link.STL
[28.375s] -- Up-to-date: /home/unitree/Desktop/unitree_dex3/install/unitree_g1_dex3_stack/share/unitree_g1_dex3_stack/robots/g1_description/meshes/right_thumb_3.STL
[28.376s] -- Up-to-date: /home/unitree/Desktop/unitree_dex3/install/unitree_g1_dex3_stack/share/unitree_g1_dex3_stack/robots/g1_description/meshes/torso_constraint_R_rod_link.STL
[28.376s] -- Up-to-date: /home/unitree/Desktop/unitree_dex3/install/unitree_g1_dex3_stack/share/unitree_g1_dex3_stack/robots/g1_description/meshes/Link17_L.STL
[28.377s] -- Up-to-date: /home/unitree/Desktop/unitree_dex3/install/unitree_g1_dex3_stack/share/unitree_g1_dex3_stack/robots/g1_description/meshes/left_thumb_4.STL
[28.377s] -- Up-to-date: /home/unitree/Desktop/unitree_dex3/install/unitree_g1_dex3_stack/share/unitree_g1_dex3_stack/robots/g1_description/meshes/Link17_R.STL
[28.377s] -- Up-to-date: /home/unitree/Desktop/unitree_dex3/install/unitree_g1_dex3_stack/share/unitree_g1_dex3_stack/robots/g1_description/meshes/right_index_force_sensor_2.STL
[28.378s] -- Up-to-date: /home/unitree/Desktop/unitree_dex3/install/unitree_g1_dex3_stack/share/unitree_g1_dex3_stack/robots/g1_description/meshes/left_hip_pitch_link.STL
[28.378s] -- Up-to-date: /home/unitree/Desktop/unitree_dex3/install/unitree_g1_dex3_stack/share/unitree_g1_dex3_stack/robots/g1_description/meshes/Link18_L.STL
[28.378s] -- Up-to-date: /home/unitree/Desktop/unitree_dex3/install/unitree_g1_dex3_stack/share/unitree_g1_dex3_stack/robots/g1_description/meshes/left_shoulder_pitch_link.STL
[28.379s] -- Up-to-date: /home/unitree/Desktop/unitree_dex3/install/unitree_g1_dex3_stack/share/unitree_g1_dex3_stack/robots/g1_description/meshes/right_thumb_1.STL
[28.379s] -- Up-to-date: /home/unitree/Desktop/unitree_dex3/install/unitree_g1_dex3_stack/share/unitree_g1_dex3_stack/robots/g1_description/meshes/left_wrist_yaw_link.STL
[28.380s] -- Up-to-date: /home/unitree/Desktop/unitree_dex3/install/unitree_g1_dex3_stack/share/unitree_g1_dex3_stack/robots/g1_description/meshes/Link22_R.STL
[28.380s] -- Up-to-date: /home/unitree/Desktop/unitree_dex3/install/unitree_g1_dex3_stack/share/unitree_g1_dex3_stack/robots/g1_description/meshes/left_wrist_roll_rubber_hand.STL
[28.381s] -- Up-to-date: /home/unitree/Desktop/unitree_dex3/install/unitree_g1_dex3_stack/share/unitree_g1_dex3_stack/robots/g1_description/meshes/left_index_2.STL
[28.381s] -- Up-to-date: /home/unitree/Desktop/unitree_dex3/install/unitree_g1_dex3_stack/share/unitree_g1_dex3_stack/robots/g1_description/meshes/right_wrist_pitch_link.STL
[28.381s] -- Up-to-date: /home/unitree/Desktop/unitree_dex3/install/unitree_g1_dex3_stack/share/unitree_g1_dex3_stack/robots/g1_description/meshes/left_hand_thumb_1_link.STL
[28.381s] -- Up-to-date: /home/unitree/Desktop/unitree_dex3/install/unitree_g1_dex3_stack/share/unitree_g1_dex3_stack/robots/g1_description/meshes/right_hip_yaw_link.STL
[28.381s] -- Up-to-date: /home/unitree/Desktop/unitree_dex3/install/unitree_g1_dex3_stack/share/unitree_g1_dex3_stack/robots/g1_description/meshes/left_index_force_sensor_1.STL
[28.382s] -- Up-to-date: /home/unitree/Desktop/unitree_dex3/install/unitree_g1_dex3_stack/share/unitree_g1_dex3_stack/robots/g1_description/meshes/Link13_R.STL
[28.382s] -- Up-to-date: /home/unitree/Desktop/unitree_dex3/install/unitree_g1_dex3_stack/share/unitree_g1_dex3_stack/robots/g1_description/meshes/right_thumb_2.STL
[28.382s] -- Up-to-date: /home/unitree/Desktop/unitree_dex3/install/unitree_g1_dex3_stack/share/unitree_g1_dex3_stack/robots/g1_description/meshes/right_little_1.STL
[28.382s] -- Up-to-date: /home/unitree/Desktop/unitree_dex3/install/unitree_g1_dex3_stack/share/unitree_g1_dex3_stack/robots/g1_description/meshes/right_ring_1.STL
[28.382s] -- Up-to-date: /home/unitree/Desktop/unitree_dex3/install/unitree_g1_dex3_stack/share/unitree_g1_dex3_stack/robots/g1_description/meshes/R_hand_base_link.STL
[28.382s] -- Up-to-date: /home/unitree/Desktop/unitree_dex3/install/unitree_g1_dex3_stack/share/unitree_g1_dex3_stack/robots/g1_description/meshes/waist_constraint_R.STL
[28.382s] -- Up-to-date: /home/unitree/Desktop/unitree_dex3/install/unitree_g1_dex3_stack/share/unitree_g1_dex3_stack/robots/g1_description/meshes/right_ring_force_sensor_2.STL
[28.382s] -- Up-to-date: /home/unitree/Desktop/unitree_dex3/install/unitree_g1_dex3_stack/share/unitree_g1_dex3_stack/robots/g1_description/meshes/Link11_R.STL
[28.383s] -- Up-to-date: /home/unitree/Desktop/unitree_dex3/install/unitree_g1_dex3_stack/share/unitree_g1_dex3_stack/robots/g1_description/meshes/right_index_force_sensor_3.STL
[28.383s] -- Up-to-date: /home/unitree/Desktop/unitree_dex3/install/unitree_g1_dex3_stack/share/unitree_g1_dex3_stack/robots/g1_description/meshes/right_base_link.STL
[28.383s] -- Up-to-date: /home/unitree/Desktop/unitree_dex3/install/unitree_g1_dex3_stack/share/unitree_g1_dex3_stack/robots/g1_description/meshes/xl330_link.STL
[28.383s] -- Up-to-date: /home/unitree/Desktop/unitree_dex3/install/unitree_g1_dex3_stack/share/unitree_g1_dex3_stack/robots/g1_description/meshes/Link19_R.STL
[28.383s] -- Up-to-date: /home/unitree/Desktop/unitree_dex3/install/unitree_g1_dex3_stack/share/unitree_g1_dex3_stack/robots/g1_description/meshes/right_shoulder_pitch_link.STL
[28.383s] -- Up-to-date: /home/unitree/Desktop/unitree_dex3/install/unitree_g1_dex3_stack/share/unitree_g1_dex3_stack/robots/g1_description/meshes/left_middle_force_sensor_2.STL
[28.383s] -- Up-to-date: /home/unitree/Desktop/unitree_dex3/install/unitree_g1_dex3_stack/share/unitree_g1_dex3_stack/robots/g1_description/meshes/Link18_R.STL
[28.383s] -- Up-to-date: /home/unitree/Desktop/unitree_dex3/install/unitree_g1_dex3_stack/share/unitree_g1_dex3_stack/robots/g1_description/meshes/Link13_L.STL
[28.383s] -- Up-to-date: /home/unitree/Desktop/unitree_dex3/install/unitree_g1_dex3_stack/share/unitree_g1_dex3_stack/robots/g1_description/meshes/right_hand_thumb_2_link.STL
[28.384s] -- Up-to-date: /home/unitree/Desktop/unitree_dex3/install/unitree_g1_dex3_stack/share/unitree_g1_dex3_stack/robots/g1_description/meshes/left_index_1.STL
[28.384s] -- Up-to-date: /home/unitree/Desktop/unitree_dex3/install/unitree_g1_dex3_stack/share/unitree_g1_dex3_stack/robots/g1_description/meshes/left_hand_middle_1_link.STL
[28.384s] -- Up-to-date: /home/unitree/Desktop/unitree_dex3/install/unitree_g1_dex3_stack/share/unitree_g1_dex3_stack/robots/g1_description/meshes/left_palm_force_sensor.STL
[28.384s] -- Up-to-date: /home/unitree/Desktop/unitree_dex3/install/unitree_g1_dex3_stack/share/unitree_g1_dex3_stack/robots/g1_description/meshes/left_little_force_sensor_3.STL
[28.384s] -- Up-to-date: /home/unitree/Desktop/unitree_dex3/install/unitree_g1_dex3_stack/share/unitree_g1_dex3_stack/robots/g1_description/meshes/right_hand_middle_1_link.STL
[28.384s] -- Up-to-date: /home/unitree/Desktop/unitree_dex3/install/unitree_g1_dex3_stack/share/unitree_g1_dex3_stack/robots/g1_description/meshes/left_little_force_sensor_1.STL
[28.384s] -- Up-to-date: /home/unitree/Desktop/unitree_dex3/install/unitree_g1_dex3_stack/share/unitree_g1_dex3_stack/robots/g1_description/meshes/left_little_1.STL
[28.384s] -- Up-to-date: /home/unitree/Desktop/unitree_dex3/install/unitree_g1_dex3_stack/share/unitree_g1_dex3_stack/robots/g1_description/meshes/left_ring_2.STL
[28.384s] -- Up-to-date: /home/unitree/Desktop/unitree_dex3/install/unitree_g1_dex3_stack/share/unitree_g1_dex3_stack/robots/g1_description/meshes/right_wrist_yaw_link.STL
[28.385s] -- Up-to-date: /home/unitree/Desktop/unitree_dex3/install/unitree_g1_dex3_stack/share/unitree_g1_dex3_stack/robots/g1_description/meshes/left_thumb_force_sensor_1.STL
[28.385s] -- Up-to-date: /home/unitree/Desktop/unitree_dex3/install/unitree_g1_dex3_stack/share/unitree_g1_dex3_stack/robots/g1_description/meshes/Link20_L.STL
[28.385s] -- Up-to-date: /home/unitree/Desktop/unitree_dex3/install/unitree_g1_dex3_stack/share/unitree_g1_dex3_stack/robots/g1_description/meshes/left_thumb_force_sensor_3.STL
[28.385s] -- Up-to-date: /home/unitree/Desktop/unitree_dex3/install/unitree_g1_dex3_stack/share/unitree_g1_dex3_stack/robots/g1_description/meshes/left_index_force_sensor_2.STL
[28.385s] -- Up-to-date: /home/unitree/Desktop/unitree_dex3/install/unitree_g1_dex3_stack/share/unitree_g1_dex3_stack/robots/g1_description/meshes/right_hip_pitch_link.STL
[28.385s] -- Up-to-date: /home/unitree/Desktop/unitree_dex3/install/unitree_g1_dex3_stack/share/unitree_g1_dex3_stack/robots/g1_description/meshes/L_hand_base_link.STL
[28.385s] -- Up-to-date: /home/unitree/Desktop/unitree_dex3/install/unitree_g1_dex3_stack/share/unitree_g1_dex3_stack/robots/g1_description/meshes/left_thumb_1.STL
[28.385s] -- Up-to-date: /home/unitree/Desktop/unitree_dex3/install/unitree_g1_dex3_stack/share/unitree_g1_dex3_stack/robots/g1_description/meshes/right_hand_middle_0_link.STL
[28.385s] -- Up-to-date: /home/unitree/Desktop/unitree_dex3/install/unitree_g1_dex3_stack/share/unitree_g1_dex3_stack/robots/g1_description/meshes/right_hand_palm_link.STL
[28.386s] -- Up-to-date: /home/unitree/Desktop/unitree_dex3/install/unitree_g1_dex3_stack/share/unitree_g1_dex3_stack/robots/g1_description/meshes/left_shoulder_roll_link.STL
[28.386s] -- Up-to-date: /home/unitree/Desktop/unitree_dex3/install/unitree_g1_dex3_stack/share/unitree_g1_dex3_stack/robots/g1_description/meshes/left_ring_force_sensor_1.STL
[28.386s] -- Up-to-date: /home/unitree/Desktop/unitree_dex3/install/unitree_g1_dex3_stack/share/unitree_g1_dex3_stack/robots/g1_description/meshes/torso_constraint_L_rod_link.STL
[28.386s] -- Up-to-date: /home/unitree/Desktop/unitree_dex3/install/unitree_g1_dex3_stack/share/unitree_g1_dex3_stack/robots/g1_description/meshes/left_ring_1.STL
[28.386s] -- Up-to-date: /home/unitree/Desktop/unitree_dex3/install/unitree_g1_dex3_stack/share/unitree_g1_dex3_stack/robots/g1_description/meshes/head_link.STL
[28.386s] -- Up-to-date: /home/unitree/Desktop/unitree_dex3/install/unitree_g1_dex3_stack/share/unitree_g1_dex3_stack/robots/g1_description/meshes/Link16_L.STL
[28.386s] -- Up-to-date: /home/unitree/Desktop/unitree_dex3/install/unitree_g1_dex3_stack/share/unitree_g1_dex3_stack/robots/g1_description/meshes/left_hand_middle_0_link.STL
[28.386s] -- Up-to-date: /home/unitree/Desktop/unitree_dex3/install/unitree_g1_dex3_stack/share/unitree_g1_dex3_stack/robots/g1_description/meshes/right_ring_2.STL
[28.386s] -- Up-to-date: /home/unitree/Desktop/unitree_dex3/install/unitree_g1_dex3_stack/share/unitree_g1_dex3_stack/robots/g1_description/meshes/right_thumb_force_sensor_1.STL
[28.387s] -- Up-to-date: /home/unitree/Desktop/unitree_dex3/install/unitree_g1_dex3_stack/share/unitree_g1_dex3_stack/robots/g1_description/meshes/right_thumb_force_sensor_2.STL
[28.387s] -- Up-to-date: /home/unitree/Desktop/unitree_dex3/install/unitree_g1_dex3_stack/share/unitree_g1_dex3_stack/robots/g1_description/meshes/right_elbow_link.STL
[28.387s] -- Up-to-date: /home/unitree/Desktop/unitree_dex3/install/unitree_g1_dex3_stack/share/unitree_g1_dex3_stack/robots/g1_description/meshes/Link14_R.STL
[28.387s] -- Up-to-date: /home/unitree/Desktop/unitree_dex3/install/unitree_g1_dex3_stack/share/unitree_g1_dex3_stack/robots/g1_description/meshes/left_middle_2.STL
[28.387s] -- Up-to-date: /home/unitree/Desktop/unitree_dex3/install/unitree_g1_dex3_stack/share/unitree_g1_dex3_stack/robots/g1_description/meshes/left_little_2.STL
[28.387s] -- Up-to-date: /home/unitree/Desktop/unitree_dex3/install/unitree_g1_dex3_stack/share/unitree_g1_dex3_stack/robots/g1_description/meshes/right_ankle_roll_link.STL
[28.387s] -- Up-to-date: /home/unitree/Desktop/unitree_dex3/install/unitree_g1_dex3_stack/share/unitree_g1_dex3_stack/robots/g1_description/meshes/waist_support_link.STL
[28.387s] -- Up-to-date: /home/unitree/Desktop/unitree_dex3/install/unitree_g1_dex3_stack/share/unitree_g1_dex3_stack/robots/g1_description/meshes/torso_link.STL
[28.387s] -- Up-to-date: /home/unitree/Desktop/unitree_dex3/install/unitree_g1_dex3_stack/share/unitree_g1_dex3_stack/robots/g1_description/meshes/right_index_force_sensor_1.STL
[28.387s] -- Up-to-date: /home/unitree/Desktop/unitree_dex3/install/unitree_g1_dex3_stack/share/unitree_g1_dex3_stack/robots/g1_description/meshes/right_thumb_4.STL
[28.388s] -- Up-to-date: /home/unitree/Desktop/unitree_dex3/install/unitree_g1_dex3_stack/share/unitree_g1_dex3_stack/robots/g1_description/meshes/left_hand_index_1_link.STL
[28.388s] -- Up-to-date: /home/unitree/Desktop/unitree_dex3/install/unitree_g1_dex3_stack/share/unitree_g1_dex3_stack/robots/g1_description/meshes/Link12_L.STL
[28.388s] -- Up-to-date: /home/unitree/Desktop/unitree_dex3/install/unitree_g1_dex3_stack/share/unitree_g1_dex3_stack/robots/g1_description/meshes/Link21_L.STL
[28.388s] -- Up-to-date: /home/unitree/Desktop/unitree_dex3/install/unitree_g1_dex3_stack/share/unitree_g1_dex3_stack/robots/g1_description/meshes/right_wrist_roll_rubber_hand.STL
[28.388s] -- Up-to-date: /home/unitree/Desktop/unitree_dex3/install/unitree_g1_dex3_stack/share/unitree_g1_dex3_stack/robots/g1_description/meshes/Link16_R.STL
[28.388s] -- Up-to-date: /home/unitree/Desktop/unitree_dex3/install/unitree_g1_dex3_stack/share/unitree_g1_dex3_stack/robots/g1_description/meshes/Link22_L.STL
[28.388s] -- Up-to-date: /home/unitree/Desktop/unitree_dex3/install/unitree_g1_dex3_stack/share/unitree_g1_dex3_stack/robots/g1_description/meshes/right_middle_force_sensor_2.STL
[28.389s] -- Up-to-date: /home/unitree/Desktop/unitree_dex3/install/unitree_g1_dex3_stack/share/unitree_g1_dex3_stack/robots/g1_description/meshes/pelvis.STL
[28.390s] -- Up-to-date: /home/unitree/Desktop/unitree_dex3/install/unitree_g1_dex3_stack/share/unitree_g1_dex3_stack/robots/g1_description/meshes/d455_link.STL
[28.390s] -- Up-to-date: /home/unitree/Desktop/unitree_dex3/install/unitree_g1_dex3_stack/share/unitree_g1_dex3_stack/robots/g1_description/meshes/logo_link.STL
[28.390s] -- Up-to-date: /home/unitree/Desktop/unitree_dex3/install/unitree_g1_dex3_stack/share/unitree_g1_dex3_stack/robots/g1_description/meshes/left_middle_1.STL
[28.391s] -- Up-to-date: /home/unitree/Desktop/unitree_dex3/install/unitree_g1_dex3_stack/share/unitree_g1_dex3_stack/robots/g1_description/meshes/right_knee_link.STL
[28.391s] -- Up-to-date: /home/unitree/Desktop/unitree_dex3/install/unitree_g1_dex3_stack/share/unitree_g1_dex3_stack/robots/g1_description/meshes/left_wrist_pitch_link.STL
[28.392s] -- Up-to-date: /home/unitree/Desktop/unitree_dex3/install/unitree_g1_dex3_stack/share/unitree_g1_dex3_stack/robots/g1_description/meshes/left_hand_thumb_0_link.STL
[28.392s] -- Up-to-date: /home/unitree/Desktop/unitree_dex3/install/unitree_g1_dex3_stack/share/unitree_g1_dex3_stack/robots/g1_description/meshes/Link14_L.STL
[28.392s] -- Up-to-date: /home/unitree/Desktop/unitree_dex3/install/unitree_g1_dex3_stack/share/unitree_g1_dex3_stack/robots/g1_description/meshes/head_servo_link.STL
[28.393s] -- Up-to-date: /home/unitree/Desktop/unitree_dex3/install/unitree_g1_dex3_stack/share/unitree_g1_dex3_stack/robots/g1_description/meshes/left_thumb_3.STL
[28.393s] -- Up-to-date: /home/unitree/Desktop/unitree_dex3/install/unitree_g1_dex3_stack/share/unitree_g1_dex3_stack/robots/g1_description/meshes/left_thumb_force_sensor_2.STL
[28.393s] -- Up-to-date: /home/unitree/Desktop/unitree_dex3/install/unitree_g1_dex3_stack/share/unitree_g1_dex3_stack/robots/g1_description/meshes/right_hand_index_1_link.STL
[28.394s] -- Up-to-date: /home/unitree/Desktop/unitree_dex3/install/unitree_g1_dex3_stack/share/unitree_g1_dex3_stack/robots/g1_description/meshes/Link15_R.STL
[28.394s] -- Up-to-date: /home/unitree/Desktop/unitree_dex3/install/unitree_g1_dex3_stack/share/unitree_g1_dex3_stack/robots/g1_description/meshes/right_little_2.STL
[28.394s] -- Up-to-date: /home/unitree/Desktop/unitree_dex3/install/unitree_g1_dex3_stack/share/unitree_g1_dex3_stack/robots/g1_description/meshes/waist_roll_link_rev_1_0.STL
[28.394s] -- Up-to-date: /home/unitree/Desktop/unitree_dex3/install/unitree_g1_dex3_stack/share/unitree_g1_dex3_stack/robots/g1_description/meshes/torso_constraint_L_link.STL
[28.394s] -- Up-to-date: /home/unitree/Desktop/unitree_dex3/install/unitree_g1_dex3_stack/share/unitree_g1_dex3_stack/robots/g1_description/meshes/right_little_force_sensor_1.STL
[28.394s] -- Up-to-date: /home/unitree/Desktop/unitree_dex3/install/unitree_g1_dex3_stack/share/unitree_g1_dex3_stack/robots/g1_description/meshes/right_thumb_force_sensor_3.STL
[28.395s] -- Up-to-date: /home/unitree/Desktop/unitree_dex3/install/unitree_g1_dex3_stack/share/unitree_g1_dex3_stack/robots/g1_description/meshes/left_thumb_force_sensor_4.STL
[28.397s] -- Up-to-date: /home/unitree/Desktop/unitree_dex3/install/unitree_g1_dex3_stack/share/unitree_g1_dex3_stack/robots/g1_description/meshes/torso_link_rev_1_0.STL
[28.397s] -- Up-to-date: /home/unitree/Desktop/unitree_dex3/install/unitree_g1_dex3_stack/share/unitree_g1_dex3_stack/robots/g1_description/meshes/left_elbow_link.STL
[28.398s] -- Up-to-date: /home/unitree/Desktop/unitree_dex3/install/unitree_g1_dex3_stack/share/unitree_g1_dex3_stack/robots/g1_description/meshes/Link19_L.STL
[28.398s] -- Up-to-date: /home/unitree/Desktop/unitree_dex3/install/unitree_g1_dex3_stack/share/unitree_g1_dex3_stack/robots/g1_description/meshes/Link21_R.STL
[28.398s] -- Up-to-date: /home/unitree/Desktop/unitree_dex3/install/unitree_g1_dex3_stack/share/unitree_g1_dex3_stack/robots/g1_description/meshes/left_ring_force_sensor_3.STL
[28.399s] -- Up-to-date: /home/unitree/Desktop/unitree_dex3/install/unitree_g1_dex3_stack/share/unitree_g1_dex3_stack/robots/g1_description/meshes/left_base_link.STL
[28.399s] -- Up-to-date: /home/unitree/Desktop/unitree_dex3/install/unitree_g1_dex3_stack/share/unitree_g1_dex3_stack/robots/g1_description/meshes/left_shoulder_yaw_link.STL
[28.399s] -- Up-to-date: /home/unitree/Desktop/unitree_dex3/install/unitree_g1_dex3_stack/share/unitree_g1_dex3_stack/robots/g1_description/meshes/right_thumb_force_sensor_4.STL
[28.399s] -- Up-to-date: /home/unitree/Desktop/unitree_dex3/install/unitree_g1_dex3_stack/share/unitree_g1_dex3_stack/robots/g1_description/meshes/right_index_1.STL
[28.400s] -- Up-to-date: /home/unitree/Desktop/unitree_dex3/install/unitree_g1_dex3_stack/share/unitree_g1_dex3_stack/robots/g1_description/meshes/waist_roll_link.STL
[28.400s] -- Up-to-date: /home/unitree/Desktop/unitree_dex3/install/unitree_g1_dex3_stack/share/unitree_g1_dex3_stack/robots/g1_description/meshes/waist_yaw_link.STL
[28.400s] -- Up-to-date: /home/unitree/Desktop/unitree_dex3/install/unitree_g1_dex3_stack/share/unitree_g1_dex3_stack/robots/g1_description/meshes/right_little_force_sensor_2.STL
[28.400s] -- Up-to-date: /home/unitree/Desktop/unitree_dex3/install/unitree_g1_dex3_stack/share/unitree_g1_dex3_stack/robots/g1_description/meshes/right_ring_force_sensor_3.STL
[28.400s] -- Up-to-date: /home/unitree/Desktop/unitree_dex3/install/unitree_g1_dex3_stack/share/unitree_g1_dex3_stack/robots/g1_description/meshes/left_index_force_sensor_3.STL
[28.400s] -- Up-to-date: /home/unitree/Desktop/unitree_dex3/install/unitree_g1_dex3_stack/share/unitree_g1_dex3_stack/robots/g1_description/meshes/left_knee_link.STL
[28.401s] -- Up-to-date: /home/unitree/Desktop/unitree_dex3/install/unitree_g1_dex3_stack/share/unitree_g1_dex3_stack/robots/g1_description/meshes/left_thumb_swing.STL
[28.401s] -- Up-to-date: /home/unitree/Desktop/unitree_dex3/install/unitree_g1_dex3_stack/share/unitree_g1_dex3_stack/robots/g1_description/meshes/left_hip_yaw_link.STL
[28.401s] -- Up-to-date: /home/unitree/Desktop/unitree_dex3/install/unitree_g1_dex3_stack/share/unitree_g1_dex3_stack/robots/g1_description/meshes/left_hip_roll_link.STL
[28.401s] -- Up-to-date: /home/unitree/Desktop/unitree_dex3/install/unitree_g1_dex3_stack/share/unitree_g1_dex3_stack/robots/g1_description/meshes/right_palm_force_sensor.STL
[28.401s] -- Up-to-date: /home/unitree/Desktop/unitree_dex3/install/unitree_g1_dex3_stack/share/unitree_g1_dex3_stack/robots/g1_description/meshes/left_ankle_roll_link.STL
[28.401s] -- Up-to-date: /home/unitree/Desktop/unitree_dex3/install/unitree_g1_dex3_stack/share/unitree_g1_dex3_stack/robots/g1_description/meshes/left_ankle_pitch_link.STL
[28.401s] -- Up-to-date: /home/unitree/Desktop/unitree_dex3/install/unitree_g1_dex3_stack/share/unitree_g1_dex3_stack/robots/g1_description/meshes/left_little_force_sensor_2.STL
[28.401s] -- Up-to-date: /home/unitree/Desktop/unitree_dex3/install/unitree_g1_dex3_stack/share/unitree_g1_dex3_stack/robots/g1_description/meshes/left_thumb_2.STL
[28.402s] -- Up-to-date: /home/unitree/Desktop/unitree_dex3/install/unitree_g1_dex3_stack/share/unitree_g1_dex3_stack/robots/g1_description/meshes/Link11_L.STL
[28.402s] -- Up-to-date: /home/unitree/Desktop/unitree_dex3/install/unitree_g1_dex3_stack/share/unitree_g1_dex3_stack/robots/g1_description/meshes/right_hip_roll_link.STL
[28.402s] -- Up-to-date: /home/unitree/Desktop/unitree_dex3/install/unitree_g1_dex3_stack/share/unitree_g1_dex3_stack/robots/g1_description/meshes/right_wrist_roll_link.STL
[28.402s] -- Up-to-date: /home/unitree/Desktop/unitree_dex3/install/unitree_g1_dex3_stack/share/unitree_g1_dex3_stack/robots/g1_description/meshes/right_middle_force_sensor_3.STL
[28.402s] -- Up-to-date: /home/unitree/Desktop/unitree_dex3/install/unitree_g1_dex3_stack/share/unitree_g1_dex3_stack/robots/g1_description/meshes/pelvis_contour_link.STL
[28.402s] -- Up-to-date: /home/unitree/Desktop/unitree_dex3/install/unitree_g1_dex3_stack/share/unitree_g1_dex3_stack/robots/g1_description/meshes/left_hand_palm_link.STL
[28.402s] -- Up-to-date: /home/unitree/Desktop/unitree_dex3/install/unitree_g1_dex3_stack/share/unitree_g1_dex3_stack/robots/g1_description/meshes/right_hand_thumb_1_link.STL
[28.402s] -- Up-to-date: /home/unitree/Desktop/unitree_dex3/install/unitree_g1_dex3_stack/share/unitree_g1_dex3_stack/robots/g1_description/meshes/right_shoulder_roll_link.STL
[28.402s] -- Up-to-date: /home/unitree/Desktop/unitree_dex3/install/unitree_g1_dex3_stack/share/unitree_g1_dex3_stack/robots/g1_description/meshes/left_middle_force_sensor_3.STL
[28.402s] -- Up-to-date: /home/unitree/Desktop/unitree_dex3/install/unitree_g1_dex3_stack/share/unitree_g1_dex3_stack/robots/g1_description/meshes/torso_link_23dof_rev_1_0.STL
[28.403s] -- Up-to-date: /home/unitree/Desktop/unitree_dex3/install/unitree_g1_dex3_stack/share/unitree_g1_dex3_stack/robots/g1_description/meshes/left_hand_index_0_link.STL
[28.403s] -- Up-to-date: /home/unitree/Desktop/unitree_dex3/install/unitree_g1_dex3_stack/share/unitree_g1_dex3_stack/robots/g1_description/meshes/right_middle_1.STL
[28.404s] -- Up-to-date: /home/unitree/Desktop/unitree_dex3/install/unitree_g1_dex3_stack/share/unitree_g1_dex3_stack/robots/g1_description/meshes/right_hand_thumb_0_link.STL
[28.404s] -- Up-to-date: /home/unitree/Desktop/unitree_dex3/install/unitree_g1_dex3_stack/share/unitree_g1_dex3_stack/robots/g1_description/meshes/Link20_R.STL
[28.404s] -- Up-to-date: /home/unitree/Desktop/unitree_dex3/install/unitree_g1_dex3_stack/share/unitree_g1_dex3_stack/robots/g1_description/meshes/right_little_force_sensor_3.STL
[28.404s] -- Up-to-date: /home/unitree/Desktop/unitree_dex3/install/unitree_g1_dex3_stack/share/unitree_g1_dex3_stack/robots/g1_description/meshes/right_ring_force_sensor_1.STL
[28.404s] -- Up-to-date: /home/unitree/Desktop/unitree_dex3/install/unitree_g1_dex3_stack/share/unitree_g1_dex3_stack/robots/g1_description/meshes/right_hand_index_0_link.STL
[28.405s] -- Up-to-date: /home/unitree/Desktop/unitree_dex3/install/unitree_g1_dex3_stack/share/unitree_g1_dex3_stack/robots/g1_description/meshes/right_rubber_hand.STL
[28.405s] -- Up-to-date: /home/unitree/Desktop/unitree_dex3/install/unitree_g1_dex3_stack/share/unitree_g1_dex3_stack/robots/g1_description/meshes/right_ankle_pitch_link.STL
[28.405s] -- Up-to-date: /home/unitree/Desktop/unitree_dex3/install/unitree_g1_dex3_stack/share/unitree_g1_dex3_stack/robots/g1_description/meshes/right_shoulder_yaw_link.STL
[28.405s] -- Up-to-date: /home/unitree/Desktop/unitree_dex3/install/unitree_g1_dex3_stack/share/unitree_g1_dex3_stack/robots/g1_description/meshes/left_middle_force_sensor_1.STL
[28.405s] -- Up-to-date: /home/unitree/Desktop/unitree_dex3/install/unitree_g1_dex3_stack/share/unitree_g1_dex3_stack/robots/g1_description/meshes/left_rubber_hand.STL
[28.405s] -- Up-to-date: /home/unitree/Desktop/unitree_dex3/install/unitree_g1_dex3_stack/share/unitree_g1_dex3_stack/robots/g1_description/meshes/waist_yaw_link_rev_1_0.STL
[28.406s] -- Up-to-date: /home/unitree/Desktop/unitree_dex3/install/unitree_g1_dex3_stack/share/unitree_g1_dex3_stack/robots/g1_description/g1_29dof_lock_waist_with_hand_rev_1_0.urdf
[28.406s] -- Up-to-date: /home/unitree/Desktop/unitree_dex3/install/unitree_g1_dex3_stack/share/unitree_g1_dex3_stack/robots/g1_description/g1_29dof_lock_waist_with_hand_rev_1_0_collision_primitives.urdf
[28.406s] -- Up-to-date: /home/unitree/Desktop/unitree_dex3/install/unitree_g1_dex3_stack/share/unitree_g1_dex3_stack/robots/g1_description/g1_29dof_with_hand_rev_1_0.urdf
[28.406s] -- Up-to-date: /home/unitree/Desktop/unitree_dex3/install/unitree_g1_dex3_stack/share/ament_index/resource_index/package_run_dependencies/unitree_g1_dex3_stack
[28.406s] -- Up-to-date: /home/unitree/Desktop/unitree_dex3/install/unitree_g1_dex3_stack/share/ament_index/resource_index/parent_prefix_path/unitree_g1_dex3_stack
[28.407s] -- Up-to-date: /home/unitree/Desktop/unitree_dex3/install/unitree_g1_dex3_stack/share/unitree_g1_dex3_stack/environment/ament_prefix_path.sh
[28.407s] -- Up-to-date: /home/unitree/Desktop/unitree_dex3/install/unitree_g1_dex3_stack/share/unitree_g1_dex3_stack/environment/ament_prefix_path.dsv
[28.407s] -- Up-to-date: /home/unitree/Desktop/unitree_dex3/install/unitree_g1_dex3_stack/share/unitree_g1_dex3_stack/environment/path.sh
[28.407s] -- Up-to-date: /home/unitree/Desktop/unitree_dex3/install/unitree_g1_dex3_stack/share/unitree_g1_dex3_stack/environment/path.dsv
[28.408s] -- Up-to-date: /home/unitree/Desktop/unitree_dex3/install/unitree_g1_dex3_stack/share/unitree_g1_dex3_stack/local_setup.bash
[28.408s] -- Up-to-date: /home/unitree/Desktop/unitree_dex3/install/unitree_g1_dex3_stack/share/unitree_g1_dex3_stack/local_setup.sh
[28.408s] -- Up-to-date: /home/unitree/Desktop/unitree_dex3/install/unitree_g1_dex3_stack/share/unitree_g1_dex3_stack/local_setup.zsh
[28.408s] -- Up-to-date: /home/unitree/Desktop/unitree_dex3/install/unitree_g1_dex3_stack/share/unitree_g1_dex3_stack/local_setup.dsv
[28.408s] -- Installing: /home/unitree/Desktop/unitree_dex3/install/unitree_g1_dex3_stack/share/unitree_g1_dex3_stack/package.dsv
[28.409s] -- Up-to-date: /home/unitree/Desktop/unitree_dex3/install/unitree_g1_dex3_stack/share/ament_index/resource_index/packages/unitree_g1_dex3_stack
[28.411s] -- Up-to-date: /home/unitree/Desktop/unitree_dex3/install/unitree_g1_dex3_stack/share/unitree_g1_dex3_stack/cmake/unitree_g1_dex3_stackConfig.cmake
[28.411s] -- Up-to-date: /home/unitree/Desktop/unitree_dex3/install/unitree_g1_dex3_stack/share/unitree_g1_dex3_stack/cmake/unitree_g1_dex3_stackConfig-version.cmake
[28.412s] -- Up-to-date: /home/unitree/Desktop/unitree_dex3/install/unitree_g1_dex3_stack/share/unitree_g1_dex3_stack/package.xml
[28.413s] Invoked command in '/home/unitree/Desktop/unitree_dex3/build/unitree_g1_dex3_stack' returned '0': AMENT_PREFIX_PATH=/home/unitree/Desktop/unitree_dex3/install/trac_ik_lib:/home/unitree/Desktop/unitree_dex3/install/bboxes_ex_msgs:${AMENT_PREFIX_PATH} CMAKE_PREFIX_PATH=/home/unitree/Desktop/unitree_dex3/install/trac_ik_lib:/home/unitree/Desktop/unitree_dex3/install/bboxes_ex_msgs:/home/unitree/unitree_ros2/cyclonedds_ws/install:/home/unitree/cyclonedds_ws/install/rmw_cyclonedds_cpp:/home/unitree/cyclonedds_ws/install/cyclonedds:/opt/ros/foxy CONDA_PROMPT_MODIFIER=(base) LD_LIBRARY_PATH=/home/unitree/Desktop/unitree_dex3/install/trac_ik_lib/lib:/home/unitree/Desktop/unitree_dex3/install/bboxes_ex_msgs/lib:${LD_LIBRARY_PATH} PYTHONPATH=/home/unitree/Desktop/unitree_dex3/install/bboxes_ex_msgs/lib/python3.8/site-packages:${PYTHONPATH} /usr/bin/cmake --install /home/unitree/Desktop/unitree_dex3/build/unitree_g1_dex3_stack
