[0.043s] Invoking command in '/home/unitree/Desktop/unitree_dex3/build/unitree_g1_dex3_stack': CMAKE_PREFIX_PATH=/home/unitree/Desktop/unitree_dex3/install/trac_ik_lib:/home/unitree/Desktop/unitree_dex3/install/fcl:/home/unitree/Desktop/unitree_dex3/install/bboxes_ex_msgs:/home/unitree/Desktop/unitree_dex3/install/yolox_ros_cpp:/home/unitree/Desktop/unitree_dex3/install/yolox_cpp:/home/unitree/Desktop/unitree_dex3/install/unitree_g1_dex3_stack:/home/unitree/Desktop/unitree_dex3/install/trac_ik:/home/unitree/unitree_ros2/cyclonedds_ws/install:/home/unitree/cyclonedds_ws/install/rmw_cyclonedds_cpp:/home/unitree/cyclonedds_ws/install/cyclonedds:/opt/ros/foxy CONDA_PROMPT_MODIFIER=(base) LD_LIBRARY_PATH=/home/unitree/Desktop/unitree_dex3/install/trac_ik_lib/lib:/home/unitree/Desktop/unitree_dex3/install/fcl/lib:/home/unitree/Desktop/unitree_dex3/install/bboxes_ex_msgs/lib:/home/unitree/Desktop/unitree_dex3/install/yolox_ros_cpp/lib:/home/unitree/Desktop/unitree_dex3/install/yolox_cpp/lib:/usr/local/cuda-11.4/lib64:/usr/local/lib:/usr/local/cuda-11.4/lib64:/usr/local/lib:/home/unitree/unitree_ros2/cyclonedds_ws/install/lib:/home/unitree/cyclonedds_ws/install/rmw_cyclonedds_cpp/lib:/home/unitree/cyclonedds_ws/install/cyclonedds/lib:/opt/ros/foxy/opt/yaml_cpp_vendor/lib:/opt/ros/foxy/opt/rviz_ogre_vendor/lib:/opt/ros/foxy/lib/aarch64-linux-gnu:/opt/ros/foxy/lib /usr/bin/cmake --build /home/unitree/Desktop/unitree_dex3/build/unitree_g1_dex3_stack -- -j8 -l8
[0.200s] [ 11%] Built target detection_to_goal_node
[0.211s] [ 22%] Built target joint_trajectory_executor
[0.226s] [ 33%] Built target joint_state_publisher
[0.227s] [ 44%] Built target right_hand_pressure_monitor
[0.233s] [ 66%] Built target visual_detection_yolo_tester
[0.234s] [ 66%] Built target visual_detection_tester
[0.237s] [ 77%] Built target dex3_controller
[0.315s] [ 88%] Built target project_to_3d_node
[0.365s] Scanning dependencies of target ik_fcl_ompl_planner
[0.419s] [ 94%] Building CXX object CMakeFiles/ik_fcl_ompl_planner.dir/src/ik_fcl_ompl_planner.cpp.o
[14.488s] In file included from /usr/include/aarch64-linux-gnu/c++/9/bits/c++allocator.h:33,
[14.488s]                  from /usr/include/c++/9/bits/allocator.h:46,
[14.488s]                  from /usr/include/c++/9/memory:63,
[14.489s]                  from /opt/ros/foxy/include/rclcpp/rclcpp.hpp:144,
[14.489s]                  from /home/unitree/Desktop/unitree_dex3/src/unitree_g1_dex3_stack-main/src/ik_fcl_ompl_planner.cpp:1:
[14.489s] /usr/include/c++/9/ext/new_allocator.h: In instantiation of ‘void __gnu_cxx::new_allocator<_Tp>::construct(_Up*, _Args&& ...) [with _Up = TRAC_IK::TRAC_IK; _Args = {KDL::Chain&, KDL::JntArray&, KDL::JntArray&, double&, double&, TRAC_IK::SolveType&}; _Tp = TRAC_IK::TRAC_IK]’:
[14.489s] /usr/include/c++/9/bits/alloc_traits.h:483:4:   required from ‘static void std::allocator_traits<std::allocator<_Tp1> >::construct(std::allocator_traits<std::allocator<_Tp1> >::allocator_type&, _Up*, _Args&& ...) [with _Up = TRAC_IK::TRAC_IK; _Args = {KDL::Chain&, KDL::JntArray&, KDL::JntArray&, double&, double&, TRAC_IK::SolveType&}; _Tp = TRAC_IK::TRAC_IK; std::allocator_traits<std::allocator<_Tp1> >::allocator_type = std::allocator<TRAC_IK::TRAC_IK>]’
[14.489s] /usr/include/c++/9/bits/shared_ptr_base.h:548:39:   required from ‘std::_Sp_counted_ptr_inplace<_Tp, _Alloc, _Lp>::_Sp_counted_ptr_inplace(_Alloc, _Args&& ...) [with _Args = {KDL::Chain&, KDL::JntArray&, KDL::JntArray&, double&, double&, TRAC_IK::SolveType&}; _Tp = TRAC_IK::TRAC_IK; _Alloc = std::allocator<TRAC_IK::TRAC_IK>; __gnu_cxx::_Lock_policy _Lp = __gnu_cxx::_S_atomic]’
[14.489s] /usr/include/c++/9/bits/shared_ptr_base.h:679:16:   required from ‘std::__shared_count<_Lp>::__shared_count(_Tp*&, std::_Sp_alloc_shared_tag<_Alloc>, _Args&& ...) [with _Tp = TRAC_IK::TRAC_IK; _Alloc = std::allocator<TRAC_IK::TRAC_IK>; _Args = {KDL::Chain&, KDL::JntArray&, KDL::JntArray&, double&, double&, TRAC_IK::SolveType&}; __gnu_cxx::_Lock_policy _Lp = __gnu_cxx::_S_atomic]’
[14.489s] /usr/include/c++/9/bits/shared_ptr_base.h:1344:71:   required from ‘std::__shared_ptr<_Tp, _Lp>::__shared_ptr(std::_Sp_alloc_shared_tag<_Tp>, _Args&& ...) [with _Alloc = std::allocator<TRAC_IK::TRAC_IK>; _Args = {KDL::Chain&, KDL::JntArray&, KDL::JntArray&, double&, double&, TRAC_IK::SolveType&}; _Tp = TRAC_IK::TRAC_IK; __gnu_cxx::_Lock_policy _Lp = __gnu_cxx::_S_atomic]’
[14.489s] /usr/include/c++/9/bits/shared_ptr.h:359:59:   required from ‘std::shared_ptr<_Tp>::shared_ptr(std::_Sp_alloc_shared_tag<_Tp>, _Args&& ...) [with _Alloc = std::allocator<TRAC_IK::TRAC_IK>; _Args = {KDL::Chain&, KDL::JntArray&, KDL::JntArray&, double&, double&, TRAC_IK::SolveType&}; _Tp = TRAC_IK::TRAC_IK]’
[14.490s] /usr/include/c++/9/bits/shared_ptr.h:701:14:   required from ‘std::shared_ptr<_Tp> std::allocate_shared(const _Alloc&, _Args&& ...) [with _Tp = TRAC_IK::TRAC_IK; _Alloc = std::allocator<TRAC_IK::TRAC_IK>; _Args = {KDL::Chain&, KDL::JntArray&, KDL::JntArray&, double&, double&, TRAC_IK::SolveType&}]’
[14.490s] /usr/include/c++/9/bits/shared_ptr.h:717:39:   required from ‘std::shared_ptr<_Tp> std::make_shared(_Args&& ...) [with _Tp = TRAC_IK::TRAC_IK; _Args = {KDL::Chain&, KDL::JntArray&, KDL::JntArray&, double&, double&, TRAC_IK::SolveType&}]’
[14.490s] /home/unitree/Desktop/unitree_dex3/src/unitree_g1_dex3_stack-main/src/ik_fcl_ompl_planner.cpp:197:128:   required from here
[14.490s] /usr/include/c++/9/ext/new_allocator.h:146:4: error: no matching function for call to ‘TRAC_IK::TRAC_IK::TRAC_IK(KDL::Chain&, KDL::JntArray&, KDL::JntArray&, double&, double&, TRAC_IK::SolveType&)’
[14.490s]   146 |  { ::new((void *)__p) _Up(std::forward<_Args>(__args)...); }
[14.490s]       |    ^~~~~~~~~~~~~~~~~~~~~~~~~~~~~~~~~~~~~~~~~~~~~~~~~~~~~~
[14.490s] In file included from /home/unitree/Desktop/unitree_dex3/src/unitree_g1_dex3_stack-main/src/ik_fcl_ompl_planner.cpp:13:
[14.490s] /home/unitree/Desktop/unitree_dex3/install/trac_ik_lib/include/trac_ik/trac_ik.hpp:51:3: note: candidate: ‘TRAC_IK::TRAC_IK::TRAC_IK(rclcpp::Node::SharedPtr, const string&, const string&, const string&, double, double, TRAC_IK::SolveType)’
[14.491s]    51 |   TRAC_IK(rclcpp::Node::SharedPtr nh, const std::string& base_link, const std::string& tip_link, const std::string& URDF_param = "robot_description", double _maxtime = 0.005, double _eps = 1e-5, SolveType _type = Speed);
[14.491s]       |   ^~~~~~~
[14.491s] /home/unitree/Desktop/unitree_dex3/install/trac_ik_lib/include/trac_ik/trac_ik.hpp:51:35: note:   no known conversion for argument 1 from ‘KDL::Chain’ to ‘rclcpp::Node::SharedPtr’ {aka ‘std::shared_ptr<rclcpp::Node>’}
[14.491s]    51 |   TRAC_IK(rclcpp::Node::SharedPtr nh, const std::string& base_link, const std::string& tip_link, const std::string& URDF_param = "robot_description", double _maxtime = 0.005, double _eps = 1e-5, SolveType _type = Speed);
[14.491s]       |           ~~~~~~~~~~~~~~~~~~~~~~~~^~
[14.491s] In file included from /home/unitree/Desktop/unitree_dex3/src/unitree_g1_dex3_stack-main/src/ik_fcl_ompl_planner.cpp:13:
[14.491s] /home/unitree/Desktop/unitree_dex3/install/trac_ik_lib/include/trac_ik/trac_ik.hpp:49:3: note: candidate: ‘TRAC_IK::TRAC_IK::TRAC_IK(rclcpp::Node::SharedPtr, const KDL::Chain&, const KDL::JntArray&, const KDL::JntArray&, double, double, TRAC_IK::SolveType)’
[14.491s]    49 |   TRAC_IK(rclcpp::Node::SharedPtr nh, const KDL::Chain& _chain, const KDL::JntArray& _q_min, const KDL::JntArray& _q_max, double _maxtime = 0.005, double _eps = 1e-5, SolveType _type = Speed);
[14.492s]       |   ^~~~~~~
[14.492s] /home/unitree/Desktop/unitree_dex3/install/trac_ik_lib/include/trac_ik/trac_ik.hpp:49:35: note:   no known conversion for argument 1 from ‘KDL::Chain’ to ‘rclcpp::Node::SharedPtr’ {aka ‘std::shared_ptr<rclcpp::Node>’}
[14.492s]    49 |   TRAC_IK(rclcpp::Node::SharedPtr nh, const KDL::Chain& _chain, const KDL::JntArray& _q_min, const KDL::JntArray& _q_max, double _maxtime = 0.005, double _eps = 1e-5, SolveType _type = Speed);
[14.492s]       |           ~~~~~~~~~~~~~~~~~~~~~~~~^~
[20.867s] make[2]: *** [CMakeFiles/ik_fcl_ompl_planner.dir/build.make:63: CMakeFiles/ik_fcl_ompl_planner.dir/src/ik_fcl_ompl_planner.cpp.o] Error 1
[20.868s] make[1]: *** [CMakeFiles/Makefile2:310: CMakeFiles/ik_fcl_ompl_planner.dir/all] Error 2
[20.868s] make: *** [Makefile:141: all] Error 2
[20.873s] Invoked command in '/home/unitree/Desktop/unitree_dex3/build/unitree_g1_dex3_stack' returned '2': CMAKE_PREFIX_PATH=/home/unitree/Desktop/unitree_dex3/install/trac_ik_lib:/home/unitree/Desktop/unitree_dex3/install/fcl:/home/unitree/Desktop/unitree_dex3/install/bboxes_ex_msgs:/home/unitree/Desktop/unitree_dex3/install/yolox_ros_cpp:/home/unitree/Desktop/unitree_dex3/install/yolox_cpp:/home/unitree/Desktop/unitree_dex3/install/unitree_g1_dex3_stack:/home/unitree/Desktop/unitree_dex3/install/trac_ik:/home/unitree/unitree_ros2/cyclonedds_ws/install:/home/unitree/cyclonedds_ws/install/rmw_cyclonedds_cpp:/home/unitree/cyclonedds_ws/install/cyclonedds:/opt/ros/foxy CONDA_PROMPT_MODIFIER=(base) LD_LIBRARY_PATH=/home/unitree/Desktop/unitree_dex3/install/trac_ik_lib/lib:/home/unitree/Desktop/unitree_dex3/install/fcl/lib:/home/unitree/Desktop/unitree_dex3/install/bboxes_ex_msgs/lib:/home/unitree/Desktop/unitree_dex3/install/yolox_ros_cpp/lib:/home/unitree/Desktop/unitree_dex3/install/yolox_cpp/lib:/usr/local/cuda-11.4/lib64:/usr/local/lib:/usr/local/cuda-11.4/lib64:/usr/local/lib:/home/unitree/unitree_ros2/cyclonedds_ws/install/lib:/home/unitree/cyclonedds_ws/install/rmw_cyclonedds_cpp/lib:/home/unitree/cyclonedds_ws/install/cyclonedds/lib:/opt/ros/foxy/opt/yaml_cpp_vendor/lib:/opt/ros/foxy/opt/rviz_ogre_vendor/lib:/opt/ros/foxy/lib/aarch64-linux-gnu:/opt/ros/foxy/lib /usr/bin/cmake --build /home/unitree/Desktop/unitree_dex3/build/unitree_g1_dex3_stack -- -j8 -l8
