[0.319s] DEBUG:colcon:Command line arguments: ['/usr/bin/colcon', 'build', '--packages-select', 'yolox_ros_cpp']
[0.320s] DEBUG:colcon:Parsed command line arguments: Namespace(allow_overriding=[], ament_cmake_args=None, base_paths=['.'], build_base='build', catkin_cmake_args=None, catkin_skip_building_tests=False, cmake_args=None, cmake_clean_cache=False, cmake_clean_first=False, cmake_force_configure=False, cmake_target=None, cmake_target_skip_unavailable=False, continue_on_error=False, event_handlers=None, executor='parallel', ignore_user_meta=False, install_base='install', log_base=None, log_level=None, main=<bound method BuildVerb.main of <colcon_core.verb.build.BuildVerb object at 0xffff9c925400>>, merge_install=False, metas=['./colcon.meta'], packages_above=None, packages_above_and_dependencies=None, packages_above_depth=None, packages_end=None, packages_ignore=None, packages_ignore_regex=None, packages_select=['yolox_ros_cpp'], packages_select_build_failed=False, packages_select_by_dep=None, packages_select_regex=None, packages_select_test_failures=False, packages_skip=None, packages_skip_build_finished=False, packages_skip_by_dep=None, packages_skip_regex=None, packages_skip_test_passed=False, packages_skip_up_to=None, packages_start=None, packages_up_to=None, packages_up_to_regex=None, parallel_workers=8, paths=None, symlink_install=False, test_result_base=None, verb_extension=<colcon_core.verb.build.BuildVerb object at 0xffff9c925400>, verb_name='build', verb_parser=<colcon_defaults.argument_parser.defaults.DefaultArgumentsDecorator object at 0xffff9c7d1fa0>)
[0.565s] Level 1:colcon.colcon_core.package_discovery:discover_packages(colcon_meta) check parameters
[0.565s] Level 1:colcon.colcon_core.package_discovery:discover_packages(recursive) check parameters
[0.566s] Level 1:colcon.colcon_core.package_discovery:discover_packages(ignore) check parameters
[0.566s] Level 1:colcon.colcon_core.package_discovery:discover_packages(path) check parameters
[0.566s] Level 1:colcon.colcon_core.package_discovery:discover_packages(colcon_meta) discover
[0.566s] Level 1:colcon.colcon_core.package_discovery:discover_packages(recursive) discover
[0.566s] INFO:colcon.colcon_core.package_discovery:Crawling recursively for packages in '/home/unitree/Desktop/unitree_dex3'
[0.566s] Level 1:colcon.colcon_core.package_identification:_identify(.) by extensions ['ignore', 'ignore_ament_install']
[0.566s] Level 1:colcon.colcon_core.package_identification:_identify(.) by extension 'ignore'
[0.567s] Level 1:colcon.colcon_core.package_identification:_identify(.) by extension 'ignore_ament_install'
[0.567s] Level 1:colcon.colcon_core.package_identification:_identify(.) by extensions ['colcon_pkg']
[0.567s] Level 1:colcon.colcon_core.package_identification:_identify(.) by extension 'colcon_pkg'
[0.567s] Level 1:colcon.colcon_core.package_identification:_identify(.) by extensions ['colcon_meta']
[0.567s] Level 1:colcon.colcon_core.package_identification:_identify(.) by extension 'colcon_meta'
[0.567s] Level 1:colcon.colcon_core.package_identification:_identify(.) by extensions ['ros']
[0.567s] Level 1:colcon.colcon_core.package_identification:_identify(.) by extension 'ros'
[0.586s] Level 1:colcon.colcon_core.package_identification:_identify(.) by extensions ['cmake', 'python']
[0.586s] Level 1:colcon.colcon_core.package_identification:_identify(.) by extension 'cmake'
[0.586s] Level 1:colcon.colcon_core.package_identification:_identify(.) by extension 'python'
[0.586s] Level 1:colcon.colcon_core.package_identification:_identify(.) by extensions ['python_setup_py']
[0.587s] Level 1:colcon.colcon_core.package_identification:_identify(.) by extension 'python_setup_py'
[0.587s] Level 1:colcon.colcon_core.package_identification:_identify(build) by extensions ['ignore', 'ignore_ament_install']
[0.587s] Level 1:colcon.colcon_core.package_identification:_identify(build) by extension 'ignore'
[0.587s] Level 1:colcon.colcon_core.package_identification:_identify(build) ignored
[0.587s] Level 1:colcon.colcon_core.package_identification:_identify(install) by extensions ['ignore', 'ignore_ament_install']
[0.588s] Level 1:colcon.colcon_core.package_identification:_identify(install) by extension 'ignore'
[0.588s] Level 1:colcon.colcon_core.package_identification:_identify(install) ignored
[0.588s] Level 1:colcon.colcon_core.package_identification:_identify(log) by extensions ['ignore', 'ignore_ament_install']
[0.588s] Level 1:colcon.colcon_core.package_identification:_identify(log) by extension 'ignore'
[0.588s] Level 1:colcon.colcon_core.package_identification:_identify(log) ignored
[0.588s] Level 1:colcon.colcon_core.package_identification:_identify(src) by extensions ['ignore', 'ignore_ament_install']
[0.589s] Level 1:colcon.colcon_core.package_identification:_identify(src) by extension 'ignore'
[0.589s] Level 1:colcon.colcon_core.package_identification:_identify(src) by extension 'ignore_ament_install'
[0.589s] Level 1:colcon.colcon_core.package_identification:_identify(src) by extensions ['colcon_pkg']
[0.589s] Level 1:colcon.colcon_core.package_identification:_identify(src) by extension 'colcon_pkg'
[0.589s] Level 1:colcon.colcon_core.package_identification:_identify(src) by extensions ['colcon_meta']
[0.589s] Level 1:colcon.colcon_core.package_identification:_identify(src) by extension 'colcon_meta'
[0.589s] Level 1:colcon.colcon_core.package_identification:_identify(src) by extensions ['ros']
[0.589s] Level 1:colcon.colcon_core.package_identification:_identify(src) by extension 'ros'
[0.589s] Level 1:colcon.colcon_core.package_identification:_identify(src) by extensions ['cmake', 'python']
[0.589s] Level 1:colcon.colcon_core.package_identification:_identify(src) by extension 'cmake'
[0.589s] Level 1:colcon.colcon_core.package_identification:_identify(src) by extension 'python'
[0.589s] Level 1:colcon.colcon_core.package_identification:_identify(src) by extensions ['python_setup_py']
[0.590s] Level 1:colcon.colcon_core.package_identification:_identify(src) by extension 'python_setup_py'
[0.590s] Level 1:colcon.colcon_core.package_identification:_identify(src/YOLOX-ROS) by extensions ['ignore', 'ignore_ament_install']
[0.590s] Level 1:colcon.colcon_core.package_identification:_identify(src/YOLOX-ROS) by extension 'ignore'
[0.590s] Level 1:colcon.colcon_core.package_identification:_identify(src/YOLOX-ROS) by extension 'ignore_ament_install'
[0.590s] Level 1:colcon.colcon_core.package_identification:_identify(src/YOLOX-ROS) by extensions ['colcon_pkg']
[0.590s] Level 1:colcon.colcon_core.package_identification:_identify(src/YOLOX-ROS) by extension 'colcon_pkg'
[0.590s] Level 1:colcon.colcon_core.package_identification:_identify(src/YOLOX-ROS) by extensions ['colcon_meta']
[0.590s] Level 1:colcon.colcon_core.package_identification:_identify(src/YOLOX-ROS) by extension 'colcon_meta'
[0.590s] Level 1:colcon.colcon_core.package_identification:_identify(src/YOLOX-ROS) by extensions ['ros']
[0.590s] Level 1:colcon.colcon_core.package_identification:_identify(src/YOLOX-ROS) by extension 'ros'
[0.591s] Level 1:colcon.colcon_core.package_identification:_identify(src/YOLOX-ROS) by extensions ['cmake', 'python']
[0.591s] Level 1:colcon.colcon_core.package_identification:_identify(src/YOLOX-ROS) by extension 'cmake'
[0.591s] Level 1:colcon.colcon_core.package_identification:_identify(src/YOLOX-ROS) by extension 'python'
[0.591s] Level 1:colcon.colcon_core.package_identification:_identify(src/YOLOX-ROS) by extensions ['python_setup_py']
[0.591s] Level 1:colcon.colcon_core.package_identification:_identify(src/YOLOX-ROS) by extension 'python_setup_py'
[0.591s] Level 1:colcon.colcon_core.package_identification:_identify(src/YOLOX-ROS/bbox_ex_msgs) by extensions ['ignore', 'ignore_ament_install']
[0.591s] Level 1:colcon.colcon_core.package_identification:_identify(src/YOLOX-ROS/bbox_ex_msgs) by extension 'ignore'
[0.591s] Level 1:colcon.colcon_core.package_identification:_identify(src/YOLOX-ROS/bbox_ex_msgs) by extension 'ignore_ament_install'
[0.591s] Level 1:colcon.colcon_core.package_identification:_identify(src/YOLOX-ROS/bbox_ex_msgs) by extensions ['colcon_pkg']
[0.592s] Level 1:colcon.colcon_core.package_identification:_identify(src/YOLOX-ROS/bbox_ex_msgs) by extension 'colcon_pkg'
[0.592s] Level 1:colcon.colcon_core.package_identification:_identify(src/YOLOX-ROS/bbox_ex_msgs) by extensions ['colcon_meta']
[0.592s] Level 1:colcon.colcon_core.package_identification:_identify(src/YOLOX-ROS/bbox_ex_msgs) by extension 'colcon_meta'
[0.592s] Level 1:colcon.colcon_core.package_identification:_identify(src/YOLOX-ROS/bbox_ex_msgs) by extensions ['ros']
[0.592s] Level 1:colcon.colcon_core.package_identification:_identify(src/YOLOX-ROS/bbox_ex_msgs) by extension 'ros'
[0.592s] Level 1:colcon.colcon_core.package_identification:_identify(src/YOLOX-ROS/bbox_ex_msgs) by extensions ['cmake', 'python']
[0.592s] Level 1:colcon.colcon_core.package_identification:_identify(src/YOLOX-ROS/bbox_ex_msgs) by extension 'cmake'
[0.592s] Level 1:colcon.colcon_core.package_identification:_identify(src/YOLOX-ROS/bbox_ex_msgs) by extension 'python'
[0.592s] Level 1:colcon.colcon_core.package_identification:_identify(src/YOLOX-ROS/bbox_ex_msgs) by extensions ['python_setup_py']
[0.592s] Level 1:colcon.colcon_core.package_identification:_identify(src/YOLOX-ROS/bbox_ex_msgs) by extension 'python_setup_py'
[0.592s] Level 1:colcon.colcon_core.package_identification:_identify(src/YOLOX-ROS/images_for_readme) by extensions ['ignore', 'ignore_ament_install']
[0.593s] Level 1:colcon.colcon_core.package_identification:_identify(src/YOLOX-ROS/images_for_readme) by extension 'ignore'
[0.593s] Level 1:colcon.colcon_core.package_identification:_identify(src/YOLOX-ROS/images_for_readme) by extension 'ignore_ament_install'
[0.593s] Level 1:colcon.colcon_core.package_identification:_identify(src/YOLOX-ROS/images_for_readme) by extensions ['colcon_pkg']
[0.593s] Level 1:colcon.colcon_core.package_identification:_identify(src/YOLOX-ROS/images_for_readme) by extension 'colcon_pkg'
[0.593s] Level 1:colcon.colcon_core.package_identification:_identify(src/YOLOX-ROS/images_for_readme) by extensions ['colcon_meta']
[0.593s] Level 1:colcon.colcon_core.package_identification:_identify(src/YOLOX-ROS/images_for_readme) by extension 'colcon_meta'
[0.593s] Level 1:colcon.colcon_core.package_identification:_identify(src/YOLOX-ROS/images_for_readme) by extensions ['ros']
[0.593s] Level 1:colcon.colcon_core.package_identification:_identify(src/YOLOX-ROS/images_for_readme) by extension 'ros'
[0.593s] Level 1:colcon.colcon_core.package_identification:_identify(src/YOLOX-ROS/images_for_readme) by extensions ['cmake', 'python']
[0.593s] Level 1:colcon.colcon_core.package_identification:_identify(src/YOLOX-ROS/images_for_readme) by extension 'cmake'
[0.593s] Level 1:colcon.colcon_core.package_identification:_identify(src/YOLOX-ROS/images_for_readme) by extension 'python'
[0.593s] Level 1:colcon.colcon_core.package_identification:_identify(src/YOLOX-ROS/images_for_readme) by extensions ['python_setup_py']
[0.594s] Level 1:colcon.colcon_core.package_identification:_identify(src/YOLOX-ROS/images_for_readme) by extension 'python_setup_py'
[0.594s] Level 1:colcon.colcon_core.package_identification:_identify(src/YOLOX-ROS/weights) by extensions ['ignore', 'ignore_ament_install']
[0.594s] Level 1:colcon.colcon_core.package_identification:_identify(src/YOLOX-ROS/weights) by extension 'ignore'
[0.594s] Level 1:colcon.colcon_core.package_identification:_identify(src/YOLOX-ROS/weights) by extension 'ignore_ament_install'
[0.594s] Level 1:colcon.colcon_core.package_identification:_identify(src/YOLOX-ROS/weights) by extensions ['colcon_pkg']
[0.594s] Level 1:colcon.colcon_core.package_identification:_identify(src/YOLOX-ROS/weights) by extension 'colcon_pkg'
[0.594s] Level 1:colcon.colcon_core.package_identification:_identify(src/YOLOX-ROS/weights) by extensions ['colcon_meta']
[0.594s] Level 1:colcon.colcon_core.package_identification:_identify(src/YOLOX-ROS/weights) by extension 'colcon_meta'
[0.594s] Level 1:colcon.colcon_core.package_identification:_identify(src/YOLOX-ROS/weights) by extensions ['ros']
[0.594s] Level 1:colcon.colcon_core.package_identification:_identify(src/YOLOX-ROS/weights) by extension 'ros'
[0.595s] Level 1:colcon.colcon_core.package_identification:_identify(src/YOLOX-ROS/weights) by extensions ['cmake', 'python']
[0.595s] Level 1:colcon.colcon_core.package_identification:_identify(src/YOLOX-ROS/weights) by extension 'cmake'
[0.595s] Level 1:colcon.colcon_core.package_identification:_identify(src/YOLOX-ROS/weights) by extension 'python'
[0.595s] Level 1:colcon.colcon_core.package_identification:_identify(src/YOLOX-ROS/weights) by extensions ['python_setup_py']
[0.595s] Level 1:colcon.colcon_core.package_identification:_identify(src/YOLOX-ROS/weights) by extension 'python_setup_py'
[0.595s] Level 1:colcon.colcon_core.package_identification:_identify(src/YOLOX-ROS/weights/onnx) by extensions ['ignore', 'ignore_ament_install']
[0.595s] Level 1:colcon.colcon_core.package_identification:_identify(src/YOLOX-ROS/weights/onnx) by extension 'ignore'
[0.595s] Level 1:colcon.colcon_core.package_identification:_identify(src/YOLOX-ROS/weights/onnx) by extension 'ignore_ament_install'
[0.595s] Level 1:colcon.colcon_core.package_identification:_identify(src/YOLOX-ROS/weights/onnx) by extensions ['colcon_pkg']
[0.595s] Level 1:colcon.colcon_core.package_identification:_identify(src/YOLOX-ROS/weights/onnx) by extension 'colcon_pkg'
[0.595s] Level 1:colcon.colcon_core.package_identification:_identify(src/YOLOX-ROS/weights/onnx) by extensions ['colcon_meta']
[0.596s] Level 1:colcon.colcon_core.package_identification:_identify(src/YOLOX-ROS/weights/onnx) by extension 'colcon_meta'
[0.596s] Level 1:colcon.colcon_core.package_identification:_identify(src/YOLOX-ROS/weights/onnx) by extensions ['ros']
[0.596s] Level 1:colcon.colcon_core.package_identification:_identify(src/YOLOX-ROS/weights/onnx) by extension 'ros'
[0.596s] Level 1:colcon.colcon_core.package_identification:_identify(src/YOLOX-ROS/weights/onnx) by extensions ['cmake', 'python']
[0.596s] Level 1:colcon.colcon_core.package_identification:_identify(src/YOLOX-ROS/weights/onnx) by extension 'cmake'
[0.596s] Level 1:colcon.colcon_core.package_identification:_identify(src/YOLOX-ROS/weights/onnx) by extension 'python'
[0.596s] Level 1:colcon.colcon_core.package_identification:_identify(src/YOLOX-ROS/weights/onnx) by extensions ['python_setup_py']
[0.596s] Level 1:colcon.colcon_core.package_identification:_identify(src/YOLOX-ROS/weights/onnx) by extension 'python_setup_py'
[0.596s] Level 1:colcon.colcon_core.package_identification:_identify(src/YOLOX-ROS/weights/openvino) by extensions ['ignore', 'ignore_ament_install']
[0.596s] Level 1:colcon.colcon_core.package_identification:_identify(src/YOLOX-ROS/weights/openvino) by extension 'ignore'
[0.596s] Level 1:colcon.colcon_core.package_identification:_identify(src/YOLOX-ROS/weights/openvino) by extension 'ignore_ament_install'
[0.597s] Level 1:colcon.colcon_core.package_identification:_identify(src/YOLOX-ROS/weights/openvino) by extensions ['colcon_pkg']
[0.597s] Level 1:colcon.colcon_core.package_identification:_identify(src/YOLOX-ROS/weights/openvino) by extension 'colcon_pkg'
[0.597s] Level 1:colcon.colcon_core.package_identification:_identify(src/YOLOX-ROS/weights/openvino) by extensions ['colcon_meta']
[0.597s] Level 1:colcon.colcon_core.package_identification:_identify(src/YOLOX-ROS/weights/openvino) by extension 'colcon_meta'
[0.597s] Level 1:colcon.colcon_core.package_identification:_identify(src/YOLOX-ROS/weights/openvino) by extensions ['ros']
[0.597s] Level 1:colcon.colcon_core.package_identification:_identify(src/YOLOX-ROS/weights/openvino) by extension 'ros'
[0.597s] Level 1:colcon.colcon_core.package_identification:_identify(src/YOLOX-ROS/weights/openvino) by extensions ['cmake', 'python']
[0.597s] Level 1:colcon.colcon_core.package_identification:_identify(src/YOLOX-ROS/weights/openvino) by extension 'cmake'
[0.597s] Level 1:colcon.colcon_core.package_identification:_identify(src/YOLOX-ROS/weights/openvino) by extension 'python'
[0.597s] Level 1:colcon.colcon_core.package_identification:_identify(src/YOLOX-ROS/weights/openvino) by extensions ['python_setup_py']
[0.597s] Level 1:colcon.colcon_core.package_identification:_identify(src/YOLOX-ROS/weights/openvino) by extension 'python_setup_py'
[0.598s] Level 1:colcon.colcon_core.package_identification:_identify(src/YOLOX-ROS/weights/tensorrt) by extensions ['ignore', 'ignore_ament_install']
[0.598s] Level 1:colcon.colcon_core.package_identification:_identify(src/YOLOX-ROS/weights/tensorrt) by extension 'ignore'
[0.598s] Level 1:colcon.colcon_core.package_identification:_identify(src/YOLOX-ROS/weights/tensorrt) by extension 'ignore_ament_install'
[0.598s] Level 1:colcon.colcon_core.package_identification:_identify(src/YOLOX-ROS/weights/tensorrt) by extensions ['colcon_pkg']
[0.598s] Level 1:colcon.colcon_core.package_identification:_identify(src/YOLOX-ROS/weights/tensorrt) by extension 'colcon_pkg'
[0.598s] Level 1:colcon.colcon_core.package_identification:_identify(src/YOLOX-ROS/weights/tensorrt) by extensions ['colcon_meta']
[0.598s] Level 1:colcon.colcon_core.package_identification:_identify(src/YOLOX-ROS/weights/tensorrt) by extension 'colcon_meta'
[0.598s] Level 1:colcon.colcon_core.package_identification:_identify(src/YOLOX-ROS/weights/tensorrt) by extensions ['ros']
[0.598s] Level 1:colcon.colcon_core.package_identification:_identify(src/YOLOX-ROS/weights/tensorrt) by extension 'ros'
[0.598s] Level 1:colcon.colcon_core.package_identification:_identify(src/YOLOX-ROS/weights/tensorrt) by extensions ['cmake', 'python']
[0.598s] Level 1:colcon.colcon_core.package_identification:_identify(src/YOLOX-ROS/weights/tensorrt) by extension 'cmake'
[0.598s] Level 1:colcon.colcon_core.package_identification:_identify(src/YOLOX-ROS/weights/tensorrt) by extension 'python'
[0.599s] Level 1:colcon.colcon_core.package_identification:_identify(src/YOLOX-ROS/weights/tensorrt) by extensions ['python_setup_py']
[0.599s] Level 1:colcon.colcon_core.package_identification:_identify(src/YOLOX-ROS/weights/tensorrt) by extension 'python_setup_py'
[0.599s] Level 1:colcon.colcon_core.package_identification:_identify(src/YOLOX-ROS/weights/tflite) by extensions ['ignore', 'ignore_ament_install']
[0.599s] Level 1:colcon.colcon_core.package_identification:_identify(src/YOLOX-ROS/weights/tflite) by extension 'ignore'
[0.599s] Level 1:colcon.colcon_core.package_identification:_identify(src/YOLOX-ROS/weights/tflite) by extension 'ignore_ament_install'
[0.599s] Level 1:colcon.colcon_core.package_identification:_identify(src/YOLOX-ROS/weights/tflite) by extensions ['colcon_pkg']
[0.599s] Level 1:colcon.colcon_core.package_identification:_identify(src/YOLOX-ROS/weights/tflite) by extension 'colcon_pkg'
[0.599s] Level 1:colcon.colcon_core.package_identification:_identify(src/YOLOX-ROS/weights/tflite) by extensions ['colcon_meta']
[0.599s] Level 1:colcon.colcon_core.package_identification:_identify(src/YOLOX-ROS/weights/tflite) by extension 'colcon_meta'
[0.599s] Level 1:colcon.colcon_core.package_identification:_identify(src/YOLOX-ROS/weights/tflite) by extensions ['ros']
[0.599s] Level 1:colcon.colcon_core.package_identification:_identify(src/YOLOX-ROS/weights/tflite) by extension 'ros'
[0.600s] Level 1:colcon.colcon_core.package_identification:_identify(src/YOLOX-ROS/weights/tflite) by extensions ['cmake', 'python']
[0.600s] Level 1:colcon.colcon_core.package_identification:_identify(src/YOLOX-ROS/weights/tflite) by extension 'cmake'
[0.600s] Level 1:colcon.colcon_core.package_identification:_identify(src/YOLOX-ROS/weights/tflite) by extension 'python'
[0.600s] Level 1:colcon.colcon_core.package_identification:_identify(src/YOLOX-ROS/weights/tflite) by extensions ['python_setup_py']
[0.600s] Level 1:colcon.colcon_core.package_identification:_identify(src/YOLOX-ROS/weights/tflite) by extension 'python_setup_py'
[0.600s] Level 1:colcon.colcon_core.package_identification:_identify(src/YOLOX-ROS/yolox_ros_cpp) by extensions ['ignore', 'ignore_ament_install']
[0.600s] Level 1:colcon.colcon_core.package_identification:_identify(src/YOLOX-ROS/yolox_ros_cpp) by extension 'ignore'
[0.600s] Level 1:colcon.colcon_core.package_identification:_identify(src/YOLOX-ROS/yolox_ros_cpp) by extension 'ignore_ament_install'
[0.600s] Level 1:colcon.colcon_core.package_identification:_identify(src/YOLOX-ROS/yolox_ros_cpp) by extensions ['colcon_pkg']
[0.600s] Level 1:colcon.colcon_core.package_identification:_identify(src/YOLOX-ROS/yolox_ros_cpp) by extension 'colcon_pkg'
[0.600s] Level 1:colcon.colcon_core.package_identification:_identify(src/YOLOX-ROS/yolox_ros_cpp) by extensions ['colcon_meta']
[0.601s] Level 1:colcon.colcon_core.package_identification:_identify(src/YOLOX-ROS/yolox_ros_cpp) by extension 'colcon_meta'
[0.601s] Level 1:colcon.colcon_core.package_identification:_identify(src/YOLOX-ROS/yolox_ros_cpp) by extensions ['ros']
[0.601s] Level 1:colcon.colcon_core.package_identification:_identify(src/YOLOX-ROS/yolox_ros_cpp) by extension 'ros'
[0.601s] Level 1:colcon.colcon_core.package_identification:_identify(src/YOLOX-ROS/yolox_ros_cpp) by extensions ['cmake', 'python']
[0.601s] Level 1:colcon.colcon_core.package_identification:_identify(src/YOLOX-ROS/yolox_ros_cpp) by extension 'cmake'
[0.601s] Level 1:colcon.colcon_core.package_identification:_identify(src/YOLOX-ROS/yolox_ros_cpp) by extension 'python'
[0.601s] Level 1:colcon.colcon_core.package_identification:_identify(src/YOLOX-ROS/yolox_ros_cpp) by extensions ['python_setup_py']
[0.601s] Level 1:colcon.colcon_core.package_identification:_identify(src/YOLOX-ROS/yolox_ros_cpp) by extension 'python_setup_py'
[0.601s] Level 1:colcon.colcon_core.package_identification:_identify(src/YOLOX-ROS/yolox_ros_cpp/docker) by extensions ['ignore', 'ignore_ament_install']
[0.601s] Level 1:colcon.colcon_core.package_identification:_identify(src/YOLOX-ROS/yolox_ros_cpp/docker) by extension 'ignore'
[0.601s] Level 1:colcon.colcon_core.package_identification:_identify(src/YOLOX-ROS/yolox_ros_cpp/docker) by extension 'ignore_ament_install'
[0.602s] Level 1:colcon.colcon_core.package_identification:_identify(src/YOLOX-ROS/yolox_ros_cpp/docker) by extensions ['colcon_pkg']
[0.602s] Level 1:colcon.colcon_core.package_identification:_identify(src/YOLOX-ROS/yolox_ros_cpp/docker) by extension 'colcon_pkg'
[0.602s] Level 1:colcon.colcon_core.package_identification:_identify(src/YOLOX-ROS/yolox_ros_cpp/docker) by extensions ['colcon_meta']
[0.602s] Level 1:colcon.colcon_core.package_identification:_identify(src/YOLOX-ROS/yolox_ros_cpp/docker) by extension 'colcon_meta'
[0.602s] Level 1:colcon.colcon_core.package_identification:_identify(src/YOLOX-ROS/yolox_ros_cpp/docker) by extensions ['ros']
[0.602s] Level 1:colcon.colcon_core.package_identification:_identify(src/YOLOX-ROS/yolox_ros_cpp/docker) by extension 'ros'
[0.602s] Level 1:colcon.colcon_core.package_identification:_identify(src/YOLOX-ROS/yolox_ros_cpp/docker) by extensions ['cmake', 'python']
[0.602s] Level 1:colcon.colcon_core.package_identification:_identify(src/YOLOX-ROS/yolox_ros_cpp/docker) by extension 'cmake'
[0.602s] Level 1:colcon.colcon_core.package_identification:_identify(src/YOLOX-ROS/yolox_ros_cpp/docker) by extension 'python'
[0.602s] Level 1:colcon.colcon_core.package_identification:_identify(src/YOLOX-ROS/yolox_ros_cpp/docker) by extensions ['python_setup_py']
[0.602s] Level 1:colcon.colcon_core.package_identification:_identify(src/YOLOX-ROS/yolox_ros_cpp/docker) by extension 'python_setup_py'
[0.603s] Level 1:colcon.colcon_core.package_identification:_identify(src/YOLOX-ROS/yolox_ros_cpp/docker/jetson) by extensions ['ignore', 'ignore_ament_install']
[0.603s] Level 1:colcon.colcon_core.package_identification:_identify(src/YOLOX-ROS/yolox_ros_cpp/docker/jetson) by extension 'ignore'
[0.603s] Level 1:colcon.colcon_core.package_identification:_identify(src/YOLOX-ROS/yolox_ros_cpp/docker/jetson) by extension 'ignore_ament_install'
[0.603s] Level 1:colcon.colcon_core.package_identification:_identify(src/YOLOX-ROS/yolox_ros_cpp/docker/jetson) by extensions ['colcon_pkg']
[0.603s] Level 1:colcon.colcon_core.package_identification:_identify(src/YOLOX-ROS/yolox_ros_cpp/docker/jetson) by extension 'colcon_pkg'
[0.603s] Level 1:colcon.colcon_core.package_identification:_identify(src/YOLOX-ROS/yolox_ros_cpp/docker/jetson) by extensions ['colcon_meta']
[0.603s] Level 1:colcon.colcon_core.package_identification:_identify(src/YOLOX-ROS/yolox_ros_cpp/docker/jetson) by extension 'colcon_meta'
[0.603s] Level 1:colcon.colcon_core.package_identification:_identify(src/YOLOX-ROS/yolox_ros_cpp/docker/jetson) by extensions ['ros']
[0.603s] Level 1:colcon.colcon_core.package_identification:_identify(src/YOLOX-ROS/yolox_ros_cpp/docker/jetson) by extension 'ros'
[0.603s] Level 1:colcon.colcon_core.package_identification:_identify(src/YOLOX-ROS/yolox_ros_cpp/docker/jetson) by extensions ['cmake', 'python']
[0.603s] Level 1:colcon.colcon_core.package_identification:_identify(src/YOLOX-ROS/yolox_ros_cpp/docker/jetson) by extension 'cmake'
[0.604s] Level 1:colcon.colcon_core.package_identification:_identify(src/YOLOX-ROS/yolox_ros_cpp/docker/jetson) by extension 'python'
[0.604s] Level 1:colcon.colcon_core.package_identification:_identify(src/YOLOX-ROS/yolox_ros_cpp/docker/jetson) by extensions ['python_setup_py']
[0.604s] Level 1:colcon.colcon_core.package_identification:_identify(src/YOLOX-ROS/yolox_ros_cpp/docker/jetson) by extension 'python_setup_py'
[0.604s] Level 1:colcon.colcon_core.package_identification:_identify(src/YOLOX-ROS/yolox_ros_cpp/docker/onnxruntime) by extensions ['ignore', 'ignore_ament_install']
[0.604s] Level 1:colcon.colcon_core.package_identification:_identify(src/YOLOX-ROS/yolox_ros_cpp/docker/onnxruntime) by extension 'ignore'
[0.604s] Level 1:colcon.colcon_core.package_identification:_identify(src/YOLOX-ROS/yolox_ros_cpp/docker/onnxruntime) by extension 'ignore_ament_install'
[0.604s] Level 1:colcon.colcon_core.package_identification:_identify(src/YOLOX-ROS/yolox_ros_cpp/docker/onnxruntime) by extensions ['colcon_pkg']
[0.604s] Level 1:colcon.colcon_core.package_identification:_identify(src/YOLOX-ROS/yolox_ros_cpp/docker/onnxruntime) by extension 'colcon_pkg'
[0.604s] Level 1:colcon.colcon_core.package_identification:_identify(src/YOLOX-ROS/yolox_ros_cpp/docker/onnxruntime) by extensions ['colcon_meta']
[0.604s] Level 1:colcon.colcon_core.package_identification:_identify(src/YOLOX-ROS/yolox_ros_cpp/docker/onnxruntime) by extension 'colcon_meta'
[0.604s] Level 1:colcon.colcon_core.package_identification:_identify(src/YOLOX-ROS/yolox_ros_cpp/docker/onnxruntime) by extensions ['ros']
[0.604s] Level 1:colcon.colcon_core.package_identification:_identify(src/YOLOX-ROS/yolox_ros_cpp/docker/onnxruntime) by extension 'ros'
[0.605s] Level 1:colcon.colcon_core.package_identification:_identify(src/YOLOX-ROS/yolox_ros_cpp/docker/onnxruntime) by extensions ['cmake', 'python']
[0.605s] Level 1:colcon.colcon_core.package_identification:_identify(src/YOLOX-ROS/yolox_ros_cpp/docker/onnxruntime) by extension 'cmake'
[0.605s] Level 1:colcon.colcon_core.package_identification:_identify(src/YOLOX-ROS/yolox_ros_cpp/docker/onnxruntime) by extension 'python'
[0.605s] Level 1:colcon.colcon_core.package_identification:_identify(src/YOLOX-ROS/yolox_ros_cpp/docker/onnxruntime) by extensions ['python_setup_py']
[0.605s] Level 1:colcon.colcon_core.package_identification:_identify(src/YOLOX-ROS/yolox_ros_cpp/docker/onnxruntime) by extension 'python_setup_py'
[0.605s] Level 1:colcon.colcon_core.package_identification:_identify(src/YOLOX-ROS/yolox_ros_cpp/docker/openvino) by extensions ['ignore', 'ignore_ament_install']
[0.605s] Level 1:colcon.colcon_core.package_identification:_identify(src/YOLOX-ROS/yolox_ros_cpp/docker/openvino) by extension 'ignore'
[0.605s] Level 1:colcon.colcon_core.package_identification:_identify(src/YOLOX-ROS/yolox_ros_cpp/docker/openvino) by extension 'ignore_ament_install'
[0.605s] Level 1:colcon.colcon_core.package_identification:_identify(src/YOLOX-ROS/yolox_ros_cpp/docker/openvino) by extensions ['colcon_pkg']
[0.605s] Level 1:colcon.colcon_core.package_identification:_identify(src/YOLOX-ROS/yolox_ros_cpp/docker/openvino) by extension 'colcon_pkg'
[0.606s] Level 1:colcon.colcon_core.package_identification:_identify(src/YOLOX-ROS/yolox_ros_cpp/docker/openvino) by extensions ['colcon_meta']
[0.606s] Level 1:colcon.colcon_core.package_identification:_identify(src/YOLOX-ROS/yolox_ros_cpp/docker/openvino) by extension 'colcon_meta'
[0.606s] Level 1:colcon.colcon_core.package_identification:_identify(src/YOLOX-ROS/yolox_ros_cpp/docker/openvino) by extensions ['ros']
[0.606s] Level 1:colcon.colcon_core.package_identification:_identify(src/YOLOX-ROS/yolox_ros_cpp/docker/openvino) by extension 'ros'
[0.606s] Level 1:colcon.colcon_core.package_identification:_identify(src/YOLOX-ROS/yolox_ros_cpp/docker/openvino) by extensions ['cmake', 'python']
[0.606s] Level 1:colcon.colcon_core.package_identification:_identify(src/YOLOX-ROS/yolox_ros_cpp/docker/openvino) by extension 'cmake'
[0.606s] Level 1:colcon.colcon_core.package_identification:_identify(src/YOLOX-ROS/yolox_ros_cpp/docker/openvino) by extension 'python'
[0.606s] Level 1:colcon.colcon_core.package_identification:_identify(src/YOLOX-ROS/yolox_ros_cpp/docker/openvino) by extensions ['python_setup_py']
[0.606s] Level 1:colcon.colcon_core.package_identification:_identify(src/YOLOX-ROS/yolox_ros_cpp/docker/openvino) by extension 'python_setup_py'
[0.606s] Level 1:colcon.colcon_core.package_identification:_identify(src/YOLOX-ROS/yolox_ros_cpp/docker/tensorrt) by extensions ['ignore', 'ignore_ament_install']
[0.606s] Level 1:colcon.colcon_core.package_identification:_identify(src/YOLOX-ROS/yolox_ros_cpp/docker/tensorrt) by extension 'ignore'
[0.607s] Level 1:colcon.colcon_core.package_identification:_identify(src/YOLOX-ROS/yolox_ros_cpp/docker/tensorrt) by extension 'ignore_ament_install'
[0.607s] Level 1:colcon.colcon_core.package_identification:_identify(src/YOLOX-ROS/yolox_ros_cpp/docker/tensorrt) by extensions ['colcon_pkg']
[0.607s] Level 1:colcon.colcon_core.package_identification:_identify(src/YOLOX-ROS/yolox_ros_cpp/docker/tensorrt) by extension 'colcon_pkg'
[0.607s] Level 1:colcon.colcon_core.package_identification:_identify(src/YOLOX-ROS/yolox_ros_cpp/docker/tensorrt) by extensions ['colcon_meta']
[0.607s] Level 1:colcon.colcon_core.package_identification:_identify(src/YOLOX-ROS/yolox_ros_cpp/docker/tensorrt) by extension 'colcon_meta'
[0.607s] Level 1:colcon.colcon_core.package_identification:_identify(src/YOLOX-ROS/yolox_ros_cpp/docker/tensorrt) by extensions ['ros']
[0.607s] Level 1:colcon.colcon_core.package_identification:_identify(src/YOLOX-ROS/yolox_ros_cpp/docker/tensorrt) by extension 'ros'
[0.607s] Level 1:colcon.colcon_core.package_identification:_identify(src/YOLOX-ROS/yolox_ros_cpp/docker/tensorrt) by extensions ['cmake', 'python']
[0.607s] Level 1:colcon.colcon_core.package_identification:_identify(src/YOLOX-ROS/yolox_ros_cpp/docker/tensorrt) by extension 'cmake'
[0.607s] Level 1:colcon.colcon_core.package_identification:_identify(src/YOLOX-ROS/yolox_ros_cpp/docker/tensorrt) by extension 'python'
[0.607s] Level 1:colcon.colcon_core.package_identification:_identify(src/YOLOX-ROS/yolox_ros_cpp/docker/tensorrt) by extensions ['python_setup_py']
[0.607s] Level 1:colcon.colcon_core.package_identification:_identify(src/YOLOX-ROS/yolox_ros_cpp/docker/tensorrt) by extension 'python_setup_py'
[0.608s] Level 1:colcon.colcon_core.package_identification:_identify(src/YOLOX-ROS/yolox_ros_cpp/yolox_cpp) by extensions ['ignore', 'ignore_ament_install']
[0.608s] Level 1:colcon.colcon_core.package_identification:_identify(src/YOLOX-ROS/yolox_ros_cpp/yolox_cpp) by extension 'ignore'
[0.608s] Level 1:colcon.colcon_core.package_identification:_identify(src/YOLOX-ROS/yolox_ros_cpp/yolox_cpp) by extension 'ignore_ament_install'
[0.608s] Level 1:colcon.colcon_core.package_identification:_identify(src/YOLOX-ROS/yolox_ros_cpp/yolox_cpp) by extensions ['colcon_pkg']
[0.608s] Level 1:colcon.colcon_core.package_identification:_identify(src/YOLOX-ROS/yolox_ros_cpp/yolox_cpp) by extension 'colcon_pkg'
[0.608s] Level 1:colcon.colcon_core.package_identification:_identify(src/YOLOX-ROS/yolox_ros_cpp/yolox_cpp) by extensions ['colcon_meta']
[0.608s] Level 1:colcon.colcon_core.package_identification:_identify(src/YOLOX-ROS/yolox_ros_cpp/yolox_cpp) by extension 'colcon_meta'
[0.608s] Level 1:colcon.colcon_core.package_identification:_identify(src/YOLOX-ROS/yolox_ros_cpp/yolox_cpp) by extensions ['ros']
[0.608s] Level 1:colcon.colcon_core.package_identification:_identify(src/YOLOX-ROS/yolox_ros_cpp/yolox_cpp) by extension 'ros'
[0.613s] DEBUG:colcon.colcon_core.package_identification:Package 'src/YOLOX-ROS/yolox_ros_cpp/yolox_cpp' with type 'ros.ament_cmake' and name 'yolox_cpp'
[0.613s] Level 1:colcon.colcon_core.package_identification:_identify(src/YOLOX-ROS/yolox_ros_cpp/yolox_ros_cpp) by extensions ['ignore', 'ignore_ament_install']
[0.614s] Level 1:colcon.colcon_core.package_identification:_identify(src/YOLOX-ROS/yolox_ros_cpp/yolox_ros_cpp) by extension 'ignore'
[0.614s] Level 1:colcon.colcon_core.package_identification:_identify(src/YOLOX-ROS/yolox_ros_cpp/yolox_ros_cpp) by extension 'ignore_ament_install'
[0.614s] Level 1:colcon.colcon_core.package_identification:_identify(src/YOLOX-ROS/yolox_ros_cpp/yolox_ros_cpp) by extensions ['colcon_pkg']
[0.614s] Level 1:colcon.colcon_core.package_identification:_identify(src/YOLOX-ROS/yolox_ros_cpp/yolox_ros_cpp) by extension 'colcon_pkg'
[0.614s] Level 1:colcon.colcon_core.package_identification:_identify(src/YOLOX-ROS/yolox_ros_cpp/yolox_ros_cpp) by extensions ['colcon_meta']
[0.614s] Level 1:colcon.colcon_core.package_identification:_identify(src/YOLOX-ROS/yolox_ros_cpp/yolox_ros_cpp) by extension 'colcon_meta'
[0.614s] Level 1:colcon.colcon_core.package_identification:_identify(src/YOLOX-ROS/yolox_ros_cpp/yolox_ros_cpp) by extensions ['ros']
[0.614s] Level 1:colcon.colcon_core.package_identification:_identify(src/YOLOX-ROS/yolox_ros_cpp/yolox_ros_cpp) by extension 'ros'
[0.616s] DEBUG:colcon.colcon_core.package_identification:Package 'src/YOLOX-ROS/yolox_ros_cpp/yolox_ros_cpp' with type 'ros.ament_cmake' and name 'yolox_ros_cpp'
[0.616s] Level 1:colcon.colcon_core.package_identification:_identify(src/YOLOX-ROS/yolox_ros_py) by extensions ['ignore', 'ignore_ament_install']
[0.616s] Level 1:colcon.colcon_core.package_identification:_identify(src/YOLOX-ROS/yolox_ros_py) by extension 'ignore'
[0.617s] Level 1:colcon.colcon_core.package_identification:_identify(src/YOLOX-ROS/yolox_ros_py) by extension 'ignore_ament_install'
[0.617s] Level 1:colcon.colcon_core.package_identification:_identify(src/YOLOX-ROS/yolox_ros_py) by extensions ['colcon_pkg']
[0.617s] Level 1:colcon.colcon_core.package_identification:_identify(src/YOLOX-ROS/yolox_ros_py) by extension 'colcon_pkg'
[0.617s] Level 1:colcon.colcon_core.package_identification:_identify(src/YOLOX-ROS/yolox_ros_py) by extensions ['colcon_meta']
[0.617s] Level 1:colcon.colcon_core.package_identification:_identify(src/YOLOX-ROS/yolox_ros_py) by extension 'colcon_meta'
[0.617s] Level 1:colcon.colcon_core.package_identification:_identify(src/YOLOX-ROS/yolox_ros_py) by extensions ['ros']
[0.617s] Level 1:colcon.colcon_core.package_identification:_identify(src/YOLOX-ROS/yolox_ros_py) by extension 'ros'
[0.618s] DEBUG:colcon.colcon_core.package_identification:Package 'src/YOLOX-ROS/yolox_ros_py' with type 'ros.ament_python' and name 'yolox_ros_py'
[0.618s] Level 1:colcon.colcon_core.package_identification:_identify(src/bboxes_ex_msgs) by extensions ['ignore', 'ignore_ament_install']
[0.619s] Level 1:colcon.colcon_core.package_identification:_identify(src/bboxes_ex_msgs) by extension 'ignore'
[0.619s] Level 1:colcon.colcon_core.package_identification:_identify(src/bboxes_ex_msgs) by extension 'ignore_ament_install'
[0.619s] Level 1:colcon.colcon_core.package_identification:_identify(src/bboxes_ex_msgs) by extensions ['colcon_pkg']
[0.619s] Level 1:colcon.colcon_core.package_identification:_identify(src/bboxes_ex_msgs) by extension 'colcon_pkg'
[0.619s] Level 1:colcon.colcon_core.package_identification:_identify(src/bboxes_ex_msgs) by extensions ['colcon_meta']
[0.619s] Level 1:colcon.colcon_core.package_identification:_identify(src/bboxes_ex_msgs) by extension 'colcon_meta'
[0.619s] Level 1:colcon.colcon_core.package_identification:_identify(src/bboxes_ex_msgs) by extensions ['ros']
[0.619s] Level 1:colcon.colcon_core.package_identification:_identify(src/bboxes_ex_msgs) by extension 'ros'
[0.620s] DEBUG:colcon.colcon_core.package_identification:Package 'src/bboxes_ex_msgs' with type 'ros.ament_cmake' and name 'bboxes_ex_msgs'
[0.620s] Level 1:colcon.colcon_core.package_identification:_identify(src/trac_ik) by extensions ['ignore', 'ignore_ament_install']
[0.621s] Level 1:colcon.colcon_core.package_identification:_identify(src/trac_ik) by extension 'ignore'
[0.621s] Level 1:colcon.colcon_core.package_identification:_identify(src/trac_ik) by extension 'ignore_ament_install'
[0.621s] Level 1:colcon.colcon_core.package_identification:_identify(src/trac_ik) by extensions ['colcon_pkg']
[0.621s] Level 1:colcon.colcon_core.package_identification:_identify(src/trac_ik) by extension 'colcon_pkg'
[0.621s] Level 1:colcon.colcon_core.package_identification:_identify(src/trac_ik) by extensions ['colcon_meta']
[0.621s] Level 1:colcon.colcon_core.package_identification:_identify(src/trac_ik) by extension 'colcon_meta'
[0.621s] Level 1:colcon.colcon_core.package_identification:_identify(src/trac_ik) by extensions ['ros']
[0.621s] Level 1:colcon.colcon_core.package_identification:_identify(src/trac_ik) by extension 'ros'
[0.621s] Level 1:colcon.colcon_core.package_identification:_identify(src/trac_ik) by extensions ['cmake', 'python']
[0.621s] Level 1:colcon.colcon_core.package_identification:_identify(src/trac_ik) by extension 'cmake'
[0.621s] Level 1:colcon.colcon_core.package_identification:_identify(src/trac_ik) by extension 'python'
[0.621s] Level 1:colcon.colcon_core.package_identification:_identify(src/trac_ik) by extensions ['python_setup_py']
[0.621s] Level 1:colcon.colcon_core.package_identification:_identify(src/trac_ik) by extension 'python_setup_py'
[0.622s] Level 1:colcon.colcon_core.package_identification:_identify(src/trac_ik/trac_ik) by extensions ['ignore', 'ignore_ament_install']
[0.622s] Level 1:colcon.colcon_core.package_identification:_identify(src/trac_ik/trac_ik) by extension 'ignore'
[0.622s] Level 1:colcon.colcon_core.package_identification:_identify(src/trac_ik/trac_ik) by extension 'ignore_ament_install'
[0.622s] Level 1:colcon.colcon_core.package_identification:_identify(src/trac_ik/trac_ik) by extensions ['colcon_pkg']
[0.622s] Level 1:colcon.colcon_core.package_identification:_identify(src/trac_ik/trac_ik) by extension 'colcon_pkg'
[0.622s] Level 1:colcon.colcon_core.package_identification:_identify(src/trac_ik/trac_ik) by extensions ['colcon_meta']
[0.622s] Level 1:colcon.colcon_core.package_identification:_identify(src/trac_ik/trac_ik) by extension 'colcon_meta'
[0.622s] Level 1:colcon.colcon_core.package_identification:_identify(src/trac_ik/trac_ik) by extensions ['ros']
[0.622s] Level 1:colcon.colcon_core.package_identification:_identify(src/trac_ik/trac_ik) by extension 'ros'
[0.623s] DEBUG:colcon.colcon_core.package_identification:Package 'src/trac_ik/trac_ik' with type 'ros.ament_cmake' and name 'trac_ik'
[0.623s] Level 1:colcon.colcon_core.package_identification:_identify(src/trac_ik/trac_ik_examples) by extensions ['ignore', 'ignore_ament_install']
[0.624s] Level 1:colcon.colcon_core.package_identification:_identify(src/trac_ik/trac_ik_examples) by extension 'ignore'
[0.624s] Level 1:colcon.colcon_core.package_identification:_identify(src/trac_ik/trac_ik_examples) ignored
[0.624s] Level 1:colcon.colcon_core.package_identification:_identify(src/trac_ik/trac_ik_kinematics_plugin) by extensions ['ignore', 'ignore_ament_install']
[0.624s] Level 1:colcon.colcon_core.package_identification:_identify(src/trac_ik/trac_ik_kinematics_plugin) by extension 'ignore'
[0.624s] Level 1:colcon.colcon_core.package_identification:_identify(src/trac_ik/trac_ik_kinematics_plugin) ignored
[0.624s] Level 1:colcon.colcon_core.package_identification:_identify(src/trac_ik/trac_ik_lib) by extensions ['ignore', 'ignore_ament_install']
[0.624s] Level 1:colcon.colcon_core.package_identification:_identify(src/trac_ik/trac_ik_lib) by extension 'ignore'
[0.625s] Level 1:colcon.colcon_core.package_identification:_identify(src/trac_ik/trac_ik_lib) by extension 'ignore_ament_install'
[0.625s] Level 1:colcon.colcon_core.package_identification:_identify(src/trac_ik/trac_ik_lib) by extensions ['colcon_pkg']
[0.625s] Level 1:colcon.colcon_core.package_identification:_identify(src/trac_ik/trac_ik_lib) by extension 'colcon_pkg'
[0.625s] Level 1:colcon.colcon_core.package_identification:_identify(src/trac_ik/trac_ik_lib) by extensions ['colcon_meta']
[0.625s] Level 1:colcon.colcon_core.package_identification:_identify(src/trac_ik/trac_ik_lib) by extension 'colcon_meta'
[0.625s] Level 1:colcon.colcon_core.package_identification:_identify(src/trac_ik/trac_ik_lib) by extensions ['ros']
[0.625s] Level 1:colcon.colcon_core.package_identification:_identify(src/trac_ik/trac_ik_lib) by extension 'ros'
[0.627s] DEBUG:colcon.colcon_core.package_identification:Package 'src/trac_ik/trac_ik_lib' with type 'ros.ament_cmake' and name 'trac_ik_lib'
[0.627s] Level 1:colcon.colcon_core.package_identification:_identify(src/trac_ik/trac_ik_python) by extensions ['ignore', 'ignore_ament_install']
[0.627s] Level 1:colcon.colcon_core.package_identification:_identify(src/trac_ik/trac_ik_python) by extension 'ignore'
[0.627s] Level 1:colcon.colcon_core.package_identification:_identify(src/trac_ik/trac_ik_python) ignored
[0.627s] Level 1:colcon.colcon_core.package_identification:_identify(src/unitree_g1_dex3_stack-main) by extensions ['ignore', 'ignore_ament_install']
[0.627s] Level 1:colcon.colcon_core.package_identification:_identify(src/unitree_g1_dex3_stack-main) by extension 'ignore'
[0.627s] Level 1:colcon.colcon_core.package_identification:_identify(src/unitree_g1_dex3_stack-main) by extension 'ignore_ament_install'
[0.628s] Level 1:colcon.colcon_core.package_identification:_identify(src/unitree_g1_dex3_stack-main) by extensions ['colcon_pkg']
[0.628s] Level 1:colcon.colcon_core.package_identification:_identify(src/unitree_g1_dex3_stack-main) by extension 'colcon_pkg'
[0.628s] Level 1:colcon.colcon_core.package_identification:_identify(src/unitree_g1_dex3_stack-main) by extensions ['colcon_meta']
[0.628s] Level 1:colcon.colcon_core.package_identification:_identify(src/unitree_g1_dex3_stack-main) by extension 'colcon_meta'
[0.628s] Level 1:colcon.colcon_core.package_identification:_identify(src/unitree_g1_dex3_stack-main) by extensions ['ros']
[0.628s] Level 1:colcon.colcon_core.package_identification:_identify(src/unitree_g1_dex3_stack-main) by extension 'ros'
[0.632s] DEBUG:colcon.colcon_core.package_identification:Package 'src/unitree_g1_dex3_stack-main' with type 'ros.ament_cmake' and name 'unitree_g1_dex3_stack'
[0.632s] Level 1:colcon.colcon_core.package_discovery:discover_packages(recursive) using defaults
[0.632s] Level 1:colcon.colcon_core.package_discovery:discover_packages(ignore) discover
[0.632s] Level 1:colcon.colcon_core.package_discovery:discover_packages(ignore) using defaults
[0.632s] Level 1:colcon.colcon_core.package_discovery:discover_packages(path) discover
[0.632s] Level 1:colcon.colcon_core.package_discovery:discover_packages(path) using defaults
[0.663s] INFO:colcon.colcon_core.package_selection:Skipping not selected package 'bboxes_ex_msgs' in 'src/bboxes_ex_msgs'
[0.663s] INFO:colcon.colcon_core.package_selection:Skipping not selected package 'trac_ik_lib' in 'src/trac_ik/trac_ik_lib'
[0.663s] INFO:colcon.colcon_core.package_selection:Skipping not selected package 'yolox_cpp' in 'src/YOLOX-ROS/yolox_ros_cpp/yolox_cpp'
[0.663s] INFO:colcon.colcon_core.package_selection:Skipping not selected package 'yolox_ros_py' in 'src/YOLOX-ROS/yolox_ros_py'
[0.663s] INFO:colcon.colcon_core.package_selection:Skipping not selected package 'trac_ik' in 'src/trac_ik/trac_ik'
[0.663s] INFO:colcon.colcon_core.package_selection:Skipping not selected package 'unitree_g1_dex3_stack' in 'src/unitree_g1_dex3_stack-main'
[0.664s] Level 1:colcon.colcon_core.package_discovery:discover_packages(prefix_path) check parameters
[0.664s] Level 1:colcon.colcon_core.package_discovery:discover_packages(prefix_path) discover
[0.668s] DEBUG:colcon.colcon_installed_package_information.package_discovery:Found 7 installed packages in /home/unitree/Desktop/unitree_dex3/install
[0.669s] DEBUG:colcon.colcon_installed_package_information.package_discovery:Found 6 installed packages in /home/unitree/unitree_ros2/cyclonedds_ws/install
[0.670s] DEBUG:colcon.colcon_installed_package_information.package_discovery:Found 2 installed packages in /home/unitree/cyclonedds_ws/install
[0.672s] DEBUG:colcon.colcon_installed_package_information.package_discovery:Found 306 installed packages in /opt/ros/foxy
[0.674s] Level 1:colcon.colcon_core.package_discovery:discover_packages(prefix_path) using defaults
[0.813s] Level 5:colcon.colcon_core.verb:set package 'yolox_ros_cpp' build argument 'cmake_args' from command line to 'None'
[0.813s] Level 5:colcon.colcon_core.verb:set package 'yolox_ros_cpp' build argument 'cmake_target' from command line to 'None'
[0.814s] Level 5:colcon.colcon_core.verb:set package 'yolox_ros_cpp' build argument 'cmake_target_skip_unavailable' from command line to 'False'
[0.814s] Level 5:colcon.colcon_core.verb:set package 'yolox_ros_cpp' build argument 'cmake_clean_cache' from command line to 'False'
[0.814s] Level 5:colcon.colcon_core.verb:set package 'yolox_ros_cpp' build argument 'cmake_clean_first' from command line to 'False'
[0.814s] Level 5:colcon.colcon_core.verb:set package 'yolox_ros_cpp' build argument 'cmake_force_configure' from command line to 'False'
[0.814s] Level 5:colcon.colcon_core.verb:set package 'yolox_ros_cpp' build argument 'ament_cmake_args' from command line to 'None'
[0.814s] Level 5:colcon.colcon_core.verb:set package 'yolox_ros_cpp' build argument 'catkin_cmake_args' from command line to 'None'
[0.814s] Level 5:colcon.colcon_core.verb:set package 'yolox_ros_cpp' build argument 'catkin_skip_building_tests' from command line to 'False'
[0.814s] DEBUG:colcon.colcon_core.verb:Building package 'yolox_ros_cpp' with the following arguments: {'ament_cmake_args': None, 'build_base': '/home/unitree/Desktop/unitree_dex3/build/yolox_ros_cpp', 'catkin_cmake_args': None, 'catkin_skip_building_tests': False, 'cmake_args': None, 'cmake_clean_cache': False, 'cmake_clean_first': False, 'cmake_force_configure': False, 'cmake_target': None, 'cmake_target_skip_unavailable': False, 'install_base': '/home/unitree/Desktop/unitree_dex3/install/yolox_ros_cpp', 'merge_install': False, 'path': '/home/unitree/Desktop/unitree_dex3/src/YOLOX-ROS/yolox_ros_cpp/yolox_ros_cpp', 'symlink_install': False, 'test_result_base': None}
[0.814s] INFO:colcon.colcon_core.executor:Executing jobs using 'parallel' executor
[0.816s] DEBUG:colcon.colcon_parallel_executor.executor.parallel:run_until_complete
[0.817s] INFO:colcon.colcon_ros.task.ament_cmake.build:Building ROS package in '/home/unitree/Desktop/unitree_dex3/src/YOLOX-ROS/yolox_ros_cpp/yolox_ros_cpp' with build type 'ament_cmake'
[0.817s] INFO:colcon.colcon_cmake.task.cmake.build:Building CMake package in '/home/unitree/Desktop/unitree_dex3/src/YOLOX-ROS/yolox_ros_cpp/yolox_ros_cpp'
[0.820s] INFO:colcon.colcon_core.plugin_system:Skipping extension 'colcon_core.shell.bat': Not used on non-Windows systems
[0.821s] INFO:colcon.colcon_core.shell:Skip shell extension 'powershell' for command environment: Not usable outside of PowerShell
[0.821s] DEBUG:colcon.colcon_core.shell:Skip shell extension 'dsv' for command environment
[0.853s] DEBUG:colcon.colcon_core.event_handler.log_command:Invoking command in '/home/unitree/Desktop/unitree_dex3/build/yolox_ros_cpp': CMAKE_PREFIX_PATH=/home/unitree/Desktop/unitree_dex3/install/yolox_cpp:/home/unitree/Desktop/unitree_dex3/install/bboxes_ex_msgs:/home/unitree/Desktop/unitree_dex3/install/yolox_ros_cpp:/home/unitree/Desktop/unitree_dex3/install/unitree_g1_dex3_stack:/home/unitree/Desktop/unitree_dex3/install/trac_ik:/home/unitree/Desktop/unitree_dex3/install/trac_ik_lib:/home/unitree/unitree_ros2/cyclonedds_ws/install:/home/unitree/cyclonedds_ws/install/rmw_cyclonedds_cpp:/home/unitree/cyclonedds_ws/install/cyclonedds:/opt/ros/foxy CONDA_PROMPT_MODIFIER=(base) LD_LIBRARY_PATH=/home/unitree/Desktop/unitree_dex3/install/yolox_cpp/lib:/home/unitree/Desktop/unitree_dex3/install/bboxes_ex_msgs/lib:/home/unitree/Desktop/unitree_dex3/install/yolox_ros_cpp/lib:/home/unitree/Desktop/unitree_dex3/install/trac_ik_lib/lib:/usr/local/cuda-11.4/lib64:/usr/local/lib:/home/unitree/unitree_ros2/cyclonedds_ws/install/lib:/home/unitree/cyclonedds_ws/install/rmw_cyclonedds_cpp/lib:/home/unitree/cyclonedds_ws/install/cyclonedds/lib:/opt/ros/foxy/opt/yaml_cpp_vendor/lib:/opt/ros/foxy/opt/rviz_ogre_vendor/lib:/opt/ros/foxy/lib/aarch64-linux-gnu:/opt/ros/foxy/lib /usr/bin/cmake --build /home/unitree/Desktop/unitree_dex3/build/yolox_ros_cpp -- -j8 -l8
[14.907s] DEBUG:colcon.colcon_core.event_handler.log_command:Invoked command in '/home/unitree/Desktop/unitree_dex3/build/yolox_ros_cpp' returned '0': CMAKE_PREFIX_PATH=/home/unitree/Desktop/unitree_dex3/install/yolox_cpp:/home/unitree/Desktop/unitree_dex3/install/bboxes_ex_msgs:/home/unitree/Desktop/unitree_dex3/install/yolox_ros_cpp:/home/unitree/Desktop/unitree_dex3/install/unitree_g1_dex3_stack:/home/unitree/Desktop/unitree_dex3/install/trac_ik:/home/unitree/Desktop/unitree_dex3/install/trac_ik_lib:/home/unitree/unitree_ros2/cyclonedds_ws/install:/home/unitree/cyclonedds_ws/install/rmw_cyclonedds_cpp:/home/unitree/cyclonedds_ws/install/cyclonedds:/opt/ros/foxy CONDA_PROMPT_MODIFIER=(base) LD_LIBRARY_PATH=/home/unitree/Desktop/unitree_dex3/install/yolox_cpp/lib:/home/unitree/Desktop/unitree_dex3/install/bboxes_ex_msgs/lib:/home/unitree/Desktop/unitree_dex3/install/yolox_ros_cpp/lib:/home/unitree/Desktop/unitree_dex3/install/trac_ik_lib/lib:/usr/local/cuda-11.4/lib64:/usr/local/lib:/home/unitree/unitree_ros2/cyclonedds_ws/install/lib:/home/unitree/cyclonedds_ws/install/rmw_cyclonedds_cpp/lib:/home/unitree/cyclonedds_ws/install/cyclonedds/lib:/opt/ros/foxy/opt/yaml_cpp_vendor/lib:/opt/ros/foxy/opt/rviz_ogre_vendor/lib:/opt/ros/foxy/lib/aarch64-linux-gnu:/opt/ros/foxy/lib /usr/bin/cmake --build /home/unitree/Desktop/unitree_dex3/build/yolox_ros_cpp -- -j8 -l8
[14.935s] DEBUG:colcon.colcon_core.event_handler.log_command:Invoking command in '/home/unitree/Desktop/unitree_dex3/build/yolox_ros_cpp': CMAKE_PREFIX_PATH=/home/unitree/Desktop/unitree_dex3/install/yolox_cpp:/home/unitree/Desktop/unitree_dex3/install/bboxes_ex_msgs:/home/unitree/Desktop/unitree_dex3/install/yolox_ros_cpp:/home/unitree/Desktop/unitree_dex3/install/unitree_g1_dex3_stack:/home/unitree/Desktop/unitree_dex3/install/trac_ik:/home/unitree/Desktop/unitree_dex3/install/trac_ik_lib:/home/unitree/unitree_ros2/cyclonedds_ws/install:/home/unitree/cyclonedds_ws/install/rmw_cyclonedds_cpp:/home/unitree/cyclonedds_ws/install/cyclonedds:/opt/ros/foxy CONDA_PROMPT_MODIFIER=(base) LD_LIBRARY_PATH=/home/unitree/Desktop/unitree_dex3/install/yolox_cpp/lib:/home/unitree/Desktop/unitree_dex3/install/bboxes_ex_msgs/lib:/home/unitree/Desktop/unitree_dex3/install/yolox_ros_cpp/lib:/home/unitree/Desktop/unitree_dex3/install/trac_ik_lib/lib:/usr/local/cuda-11.4/lib64:/usr/local/lib:/home/unitree/unitree_ros2/cyclonedds_ws/install/lib:/home/unitree/cyclonedds_ws/install/rmw_cyclonedds_cpp/lib:/home/unitree/cyclonedds_ws/install/cyclonedds/lib:/opt/ros/foxy/opt/yaml_cpp_vendor/lib:/opt/ros/foxy/opt/rviz_ogre_vendor/lib:/opt/ros/foxy/lib/aarch64-linux-gnu:/opt/ros/foxy/lib /usr/bin/cmake --install /home/unitree/Desktop/unitree_dex3/build/yolox_ros_cpp
[14.970s] Level 1:colcon.colcon_core.environment:create_environment_scripts_only(yolox_ros_cpp)
[14.979s] DEBUG:colcon.colcon_core.event_handler.log_command:Invoked command in '/home/unitree/Desktop/unitree_dex3/build/yolox_ros_cpp' returned '0': CMAKE_PREFIX_PATH=/home/unitree/Desktop/unitree_dex3/install/yolox_cpp:/home/unitree/Desktop/unitree_dex3/install/bboxes_ex_msgs:/home/unitree/Desktop/unitree_dex3/install/yolox_ros_cpp:/home/unitree/Desktop/unitree_dex3/install/unitree_g1_dex3_stack:/home/unitree/Desktop/unitree_dex3/install/trac_ik:/home/unitree/Desktop/unitree_dex3/install/trac_ik_lib:/home/unitree/unitree_ros2/cyclonedds_ws/install:/home/unitree/cyclonedds_ws/install/rmw_cyclonedds_cpp:/home/unitree/cyclonedds_ws/install/cyclonedds:/opt/ros/foxy CONDA_PROMPT_MODIFIER=(base) LD_LIBRARY_PATH=/home/unitree/Desktop/unitree_dex3/install/yolox_cpp/lib:/home/unitree/Desktop/unitree_dex3/install/bboxes_ex_msgs/lib:/home/unitree/Desktop/unitree_dex3/install/yolox_ros_cpp/lib:/home/unitree/Desktop/unitree_dex3/install/trac_ik_lib/lib:/usr/local/cuda-11.4/lib64:/usr/local/lib:/home/unitree/unitree_ros2/cyclonedds_ws/install/lib:/home/unitree/cyclonedds_ws/install/rmw_cyclonedds_cpp/lib:/home/unitree/cyclonedds_ws/install/cyclonedds/lib:/opt/ros/foxy/opt/yaml_cpp_vendor/lib:/opt/ros/foxy/opt/rviz_ogre_vendor/lib:/opt/ros/foxy/lib/aarch64-linux-gnu:/opt/ros/foxy/lib /usr/bin/cmake --install /home/unitree/Desktop/unitree_dex3/build/yolox_ros_cpp
[14.981s] Level 1:colcon.colcon_core.environment:checking '/home/unitree/Desktop/unitree_dex3/install/yolox_ros_cpp' for CMake module files
[14.982s] Level 1:colcon.colcon_core.environment:checking '/home/unitree/Desktop/unitree_dex3/install/yolox_ros_cpp' for CMake config files
[14.983s] Level 1:colcon.colcon_core.shell:create_environment_hook('yolox_ros_cpp', 'cmake_prefix_path')
[14.984s] INFO:colcon.colcon_core.shell:Creating environment hook '/home/unitree/Desktop/unitree_dex3/install/yolox_ros_cpp/share/yolox_ros_cpp/hook/cmake_prefix_path.ps1'
[14.985s] INFO:colcon.colcon_core.shell:Creating environment descriptor '/home/unitree/Desktop/unitree_dex3/install/yolox_ros_cpp/share/yolox_ros_cpp/hook/cmake_prefix_path.dsv'
[14.987s] INFO:colcon.colcon_core.shell:Creating environment hook '/home/unitree/Desktop/unitree_dex3/install/yolox_ros_cpp/share/yolox_ros_cpp/hook/cmake_prefix_path.sh'
[14.989s] Level 1:colcon.colcon_core.environment:checking '/home/unitree/Desktop/unitree_dex3/install/yolox_ros_cpp/lib'
[14.990s] Level 1:colcon.colcon_core.shell:create_environment_hook('yolox_ros_cpp', 'ld_library_path_lib')
[14.990s] INFO:colcon.colcon_core.shell:Creating environment hook '/home/unitree/Desktop/unitree_dex3/install/yolox_ros_cpp/share/yolox_ros_cpp/hook/ld_library_path_lib.ps1'
[14.991s] INFO:colcon.colcon_core.shell:Creating environment descriptor '/home/unitree/Desktop/unitree_dex3/install/yolox_ros_cpp/share/yolox_ros_cpp/hook/ld_library_path_lib.dsv'
[14.992s] INFO:colcon.colcon_core.shell:Creating environment hook '/home/unitree/Desktop/unitree_dex3/install/yolox_ros_cpp/share/yolox_ros_cpp/hook/ld_library_path_lib.sh'
[14.993s] Level 1:colcon.colcon_core.environment:checking '/home/unitree/Desktop/unitree_dex3/install/yolox_ros_cpp/bin'
[14.993s] Level 1:colcon.colcon_core.environment:checking '/home/unitree/Desktop/unitree_dex3/install/yolox_ros_cpp/lib/pkgconfig/yolox_ros_cpp.pc'
[14.993s] Level 1:colcon.colcon_core.environment:checking '/home/unitree/Desktop/unitree_dex3/install/yolox_ros_cpp/lib/python3.8/site-packages'
[14.993s] Level 1:colcon.colcon_core.environment:checking '/home/unitree/Desktop/unitree_dex3/install/yolox_ros_cpp/bin'
[14.994s] INFO:colcon.colcon_core.shell:Creating package script '/home/unitree/Desktop/unitree_dex3/install/yolox_ros_cpp/share/yolox_ros_cpp/package.ps1'
[14.996s] INFO:colcon.colcon_core.shell:Creating package descriptor '/home/unitree/Desktop/unitree_dex3/install/yolox_ros_cpp/share/yolox_ros_cpp/package.dsv'
[14.997s] INFO:colcon.colcon_core.shell:Creating package script '/home/unitree/Desktop/unitree_dex3/install/yolox_ros_cpp/share/yolox_ros_cpp/package.sh'
[14.998s] INFO:colcon.colcon_core.shell:Creating package script '/home/unitree/Desktop/unitree_dex3/install/yolox_ros_cpp/share/yolox_ros_cpp/package.bash'
[15.000s] INFO:colcon.colcon_core.shell:Creating package script '/home/unitree/Desktop/unitree_dex3/install/yolox_ros_cpp/share/yolox_ros_cpp/package.zsh'
[15.001s] Level 1:colcon.colcon_core.environment:create_file_with_runtime_dependencies(/home/unitree/Desktop/unitree_dex3/install/yolox_ros_cpp/share/colcon-core/packages/yolox_ros_cpp)
[15.002s] Level 1:colcon.colcon_core.environment:create_environment_scripts_only(yolox_ros_cpp)
[15.003s] Level 1:colcon.colcon_core.environment:checking '/home/unitree/Desktop/unitree_dex3/install/yolox_ros_cpp' for CMake module files
[15.003s] Level 1:colcon.colcon_core.environment:checking '/home/unitree/Desktop/unitree_dex3/install/yolox_ros_cpp' for CMake config files
[15.004s] Level 1:colcon.colcon_core.shell:create_environment_hook('yolox_ros_cpp', 'cmake_prefix_path')
[15.005s] INFO:colcon.colcon_core.shell:Creating environment hook '/home/unitree/Desktop/unitree_dex3/install/yolox_ros_cpp/share/yolox_ros_cpp/hook/cmake_prefix_path.ps1'
[15.005s] INFO:colcon.colcon_core.shell:Creating environment descriptor '/home/unitree/Desktop/unitree_dex3/install/yolox_ros_cpp/share/yolox_ros_cpp/hook/cmake_prefix_path.dsv'
[15.006s] INFO:colcon.colcon_core.shell:Creating environment hook '/home/unitree/Desktop/unitree_dex3/install/yolox_ros_cpp/share/yolox_ros_cpp/hook/cmake_prefix_path.sh'
[15.007s] Level 1:colcon.colcon_core.environment:checking '/home/unitree/Desktop/unitree_dex3/install/yolox_ros_cpp/lib'
[15.007s] Level 1:colcon.colcon_core.shell:create_environment_hook('yolox_ros_cpp', 'ld_library_path_lib')
[15.008s] INFO:colcon.colcon_core.shell:Creating environment hook '/home/unitree/Desktop/unitree_dex3/install/yolox_ros_cpp/share/yolox_ros_cpp/hook/ld_library_path_lib.ps1'
[15.008s] INFO:colcon.colcon_core.shell:Creating environment descriptor '/home/unitree/Desktop/unitree_dex3/install/yolox_ros_cpp/share/yolox_ros_cpp/hook/ld_library_path_lib.dsv'
[15.009s] INFO:colcon.colcon_core.shell:Creating environment hook '/home/unitree/Desktop/unitree_dex3/install/yolox_ros_cpp/share/yolox_ros_cpp/hook/ld_library_path_lib.sh'
[15.009s] Level 1:colcon.colcon_core.environment:checking '/home/unitree/Desktop/unitree_dex3/install/yolox_ros_cpp/bin'
[15.009s] Level 1:colcon.colcon_core.environment:checking '/home/unitree/Desktop/unitree_dex3/install/yolox_ros_cpp/lib/pkgconfig/yolox_ros_cpp.pc'
[15.010s] Level 1:colcon.colcon_core.environment:checking '/home/unitree/Desktop/unitree_dex3/install/yolox_ros_cpp/lib/python3.8/site-packages'
[15.010s] Level 1:colcon.colcon_core.environment:checking '/home/unitree/Desktop/unitree_dex3/install/yolox_ros_cpp/bin'
[15.011s] INFO:colcon.colcon_core.shell:Creating package script '/home/unitree/Desktop/unitree_dex3/install/yolox_ros_cpp/share/yolox_ros_cpp/package.ps1'
[15.012s] INFO:colcon.colcon_core.shell:Creating package descriptor '/home/unitree/Desktop/unitree_dex3/install/yolox_ros_cpp/share/yolox_ros_cpp/package.dsv'
[15.012s] INFO:colcon.colcon_core.shell:Creating package script '/home/unitree/Desktop/unitree_dex3/install/yolox_ros_cpp/share/yolox_ros_cpp/package.sh'
[15.013s] INFO:colcon.colcon_core.shell:Creating package script '/home/unitree/Desktop/unitree_dex3/install/yolox_ros_cpp/share/yolox_ros_cpp/package.bash'
[15.014s] INFO:colcon.colcon_core.shell:Creating package script '/home/unitree/Desktop/unitree_dex3/install/yolox_ros_cpp/share/yolox_ros_cpp/package.zsh'
[15.014s] Level 1:colcon.colcon_core.environment:create_file_with_runtime_dependencies(/home/unitree/Desktop/unitree_dex3/install/yolox_ros_cpp/share/colcon-core/packages/yolox_ros_cpp)
[15.015s] DEBUG:colcon.colcon_parallel_executor.executor.parallel:closing loop
[15.016s] DEBUG:colcon.colcon_parallel_executor.executor.parallel:loop closed
[15.016s] DEBUG:colcon.colcon_parallel_executor.executor.parallel:run_until_complete finished with '0'
[15.016s] DEBUG:colcon.colcon_core.event_reactor:joining thread
[15.035s] INFO:colcon.colcon_core.plugin_system:Skipping extension 'colcon_notification.desktop_notification.terminal_notifier': Not used on non-Darwin systems
[15.036s] INFO:colcon.colcon_core.plugin_system:Skipping extension 'colcon_notification.desktop_notification.win32': Not used on non-Windows systems
[15.036s] INFO:colcon.colcon_notification.desktop_notification:Sending desktop notification using 'notify2'
[15.067s] DEBUG:colcon.colcon_core.event_reactor:joined thread
[15.068s] INFO:colcon.colcon_core.shell:Creating prefix script '/home/unitree/Desktop/unitree_dex3/install/local_setup.ps1'
[15.070s] INFO:colcon.colcon_core.shell:Creating prefix util module '/home/unitree/Desktop/unitree_dex3/install/_local_setup_util_ps1.py'
[15.072s] INFO:colcon.colcon_core.shell:Creating prefix chain script '/home/unitree/Desktop/unitree_dex3/install/setup.ps1'
[15.074s] INFO:colcon.colcon_core.shell:Creating prefix script '/home/unitree/Desktop/unitree_dex3/install/local_setup.sh'
[15.075s] INFO:colcon.colcon_core.shell:Creating prefix util module '/home/unitree/Desktop/unitree_dex3/install/_local_setup_util_sh.py'
[15.075s] INFO:colcon.colcon_core.shell:Creating prefix chain script '/home/unitree/Desktop/unitree_dex3/install/setup.sh'
[15.078s] INFO:colcon.colcon_core.shell:Creating prefix script '/home/unitree/Desktop/unitree_dex3/install/local_setup.bash'
[15.078s] INFO:colcon.colcon_core.shell:Creating prefix chain script '/home/unitree/Desktop/unitree_dex3/install/setup.bash'
[15.081s] INFO:colcon.colcon_core.shell:Creating prefix script '/home/unitree/Desktop/unitree_dex3/install/local_setup.zsh'
[15.082s] INFO:colcon.colcon_core.shell:Creating prefix chain script '/home/unitree/Desktop/unitree_dex3/install/setup.zsh'
