[0.063s] Invoking command in '/home/unitree/Desktop/unitree_dex3/build/unitree_g1_dex3_stack': AMENT_PREFIX_PATH=/home/unitree/Desktop/unitree_dex3/install/trac_ik_lib:/home/unitree/Desktop/unitree_dex3/install/bboxes_ex_msgs:${AMENT_PREFIX_PATH} CMAKE_PREFIX_PATH=/home/unitree/Desktop/unitree_dex3/install/trac_ik_lib:/home/unitree/Desktop/unitree_dex3/install/bboxes_ex_msgs:/home/unitree/unitree_ros2/cyclonedds_ws/install:/home/unitree/cyclonedds_ws/install/rmw_cyclonedds_cpp:/home/unitree/cyclonedds_ws/install/cyclonedds:/opt/ros/foxy CONDA_PROMPT_MODIFIER=(base) LD_LIBRARY_PATH=/home/unitree/Desktop/unitree_dex3/install/trac_ik_lib/lib:/home/unitree/Desktop/unitree_dex3/install/bboxes_ex_msgs/lib:${LD_LIBRARY_PATH} PYTHONPATH=/home/unitree/Desktop/unitree_dex3/install/bboxes_ex_msgs/lib/python3.8/site-packages:${PYTHONPATH} /usr/bin/cmake --build /home/unitree/Desktop/unitree_dex3/build/unitree_g1_dex3_stack -- -j8 -l8
[0.241s] [ 12%] Built target joint_trajectory_executor
[0.342s] [ 25%] Built target project_to_3d_node
[0.425s] [ 37%] Built target visual_detection_yolo_tester
[0.498s] [ 50%] Built target detection_to_goal_node
[0.585s] Scanning dependencies of target visual_detection_tester
[0.622s] [ 56%] Building CXX object CMakeFiles/visual_detection_tester.dir/src/visual_detection_tester.cpp.o
[7.264s] In file included from /usr/include/c++/9/ext/alloc_traits.h:36,
[7.265s]                  from /usr/include/c++/9/bits/stl_construct.h:61,
[7.265s]                  from /usr/include/c++/9/bits/stl_tempbuf.h:60,
[7.265s]                  from /usr/include/c++/9/bits/stl_algo.h:62,
[7.265s]                  from /usr/include/c++/9/algorithm:62,
[7.266s]                  from /home/unitree/Desktop/unitree_dex3/src/unitree_g1_dex3_stack-main/src/visual_detection_tester.cpp:1:
[7.266s] /usr/include/c++/9/bits/alloc_traits.h: In instantiation of ‘struct std::allocator_traits<std::allocator<const std::shared_ptr<const sensor_msgs::msg::Image_<std::allocator<void> > >&> >’:
[7.266s] /opt/ros/foxy/include/rclcpp/message_memory_strategy.hpp:47:9:   required from ‘class rclcpp::message_memory_strategy::MessageMemoryStrategy<const std::shared_ptr<const sensor_msgs::msg::Image_<std::allocator<void> > >&, std::allocator<void> >’
[7.266s] /opt/ros/foxy/include/rclcpp/node_impl.hpp:91:1:   required by substitution of ‘template<class MessageT, class CallbackT, class AllocatorT, class CallbackMessageT, class SubscriptionT, class MessageMemoryStrategyT> std::shared_ptr<SubscriptionT> rclcpp::Node::create_subscription(const string&, const rclcpp::QoS&, CallbackT&&, const rclcpp::SubscriptionOptionsWithAllocator<AllocatorT>&, typename MessageMemoryStrategyT::SharedPtr) [with MessageT = sensor_msgs::msg::Image_<std::allocator<void> >; CallbackT = std::_Bind<void (VisualDetectionTester::*(VisualDetectionTester*, std::_Placeholder<1>))(const std::shared_ptr<const sensor_msgs::msg::Image_<std::allocator<void> > >&)>; AllocatorT = std::allocator<void>; CallbackMessageT = const std::shared_ptr<const sensor_msgs::msg::Image_<std::allocator<void> > >&; SubscriptionT = rclcpp::Subscription<const std::shared_ptr<const sensor_msgs::msg::Image_<std::allocator<void> > >&, std::allocator<void>, rclcpp::message_memory_strategy::MessageMemoryStrategy<const std::shared_ptr<const sensor_msgs::msg::Image_<std::allocator<void> > >&, std::allocator<void> > >; MessageMemoryStrategyT = rclcpp::message_memory_strategy::MessageMemoryStrategy<const std::shared_ptr<const sensor_msgs::msg::Image_<std::allocator<void> > >&, std::allocator<void> >]’
[7.266s] /home/unitree/Desktop/unitree_dex3/src/unitree_g1_dex3_stack-main/src/visual_detection_tester.cpp:56:88:   required from here
[7.266s] /usr/include/c++/9/bits/alloc_traits.h:399:13: error: forming pointer to reference type ‘const std::shared_ptr<const sensor_msgs::msg::Image_<std::allocator<void> > >&’
[7.266s]   399 |       using pointer = _Tp*;
[7.266s]       |             ^~~~~~~
[7.267s] /usr/include/c++/9/bits/alloc_traits.h:402:13: error: forming pointer to reference type ‘const std::shared_ptr<const sensor_msgs::msg::Image_<std::allocator<void> > >&’
[7.267s]   402 |       using const_pointer = const _Tp*;
[7.267s]       |             ^~~~~~~~~~~~~
[7.267s] In file included from /usr/include/c++/9/memory:80,
[7.267s]                  from /home/unitree/Desktop/unitree_dex3/src/unitree_g1_dex3_stack-main/src/visual_detection_tester.cpp:3:
[7.267s] /usr/include/c++/9/bits/unique_ptr.h: In instantiation of ‘struct std::default_delete<const std::shared_ptr<const sensor_msgs::msg::Image_<std::allocator<void> > >&>’:
[7.267s] /opt/ros/foxy/include/rclcpp/message_memory_strategy.hpp:119:18:   required from ‘class rclcpp::message_memory_strategy::MessageMemoryStrategy<const std::shared_ptr<const sensor_msgs::msg::Image_<std::allocator<void> > >&, std::allocator<void> >’
[7.267s] /opt/ros/foxy/include/rclcpp/node_impl.hpp:91:1:   required by substitution of ‘template<class MessageT, class CallbackT, class AllocatorT, class CallbackMessageT, class SubscriptionT, class MessageMemoryStrategyT> std::shared_ptr<SubscriptionT> rclcpp::Node::create_subscription(const string&, const rclcpp::QoS&, CallbackT&&, const rclcpp::SubscriptionOptionsWithAllocator<AllocatorT>&, typename MessageMemoryStrategyT::SharedPtr) [with MessageT = sensor_msgs::msg::Image_<std::allocator<void> >; CallbackT = std::_Bind<void (VisualDetectionTester::*(VisualDetectionTester*, std::_Placeholder<1>))(const std::shared_ptr<const sensor_msgs::msg::Image_<std::allocator<void> > >&)>; AllocatorT = std::allocator<void>; CallbackMessageT = const std::shared_ptr<const sensor_msgs::msg::Image_<std::allocator<void> > >&; SubscriptionT = rclcpp::Subscription<const std::shared_ptr<const sensor_msgs::msg::Image_<std::allocator<void> > >&, std::allocator<void>, rclcpp::message_memory_strategy::MessageMemoryStrategy<const std::shared_ptr<const sensor_msgs::msg::Image_<std::allocator<void> > >&, std::allocator<void> > >; MessageMemoryStrategyT = rclcpp::message_memory_strategy::MessageMemoryStrategy<const std::shared_ptr<const sensor_msgs::msg::Image_<std::allocator<void> > >&, std::allocator<void> >]’
[7.267s] /home/unitree/Desktop/unitree_dex3/src/unitree_g1_dex3_stack-main/src/visual_detection_tester.cpp:56:88:   required from here
[7.268s] /usr/include/c++/9/bits/unique_ptr.h:71:9: error: forming pointer to reference type ‘const std::shared_ptr<const sensor_msgs::msg::Image_<std::allocator<void> > >&’
[7.268s]    71 |         default_delete(const default_delete<_Up>&) noexcept { }
[7.268s]       |         ^~~~~~~~~~~~~~
[7.268s] /usr/include/c++/9/bits/unique_ptr.h:75:7: error: forming pointer to reference type ‘const std::shared_ptr<const sensor_msgs::msg::Image_<std::allocator<void> > >&’
[7.268s]    75 |       operator()(_Tp* __ptr) const
[7.268s]       |       ^~~~~~~~
[7.289s] In file included from /opt/ros/foxy/include/rclcpp/subscription_base.hpp:29,
[7.289s]                  from /opt/ros/foxy/include/rclcpp/callback_group.hpp:26,
[7.289s]                  from /opt/ros/foxy/include/rclcpp/any_executable.hpp:20,
[7.289s]                  from /opt/ros/foxy/include/rclcpp/memory_strategy.hpp:24,
[7.290s]                  from /opt/ros/foxy/include/rclcpp/memory_strategies.hpp:18,
[7.290s]                  from /opt/ros/foxy/include/rclcpp/executor_options.hpp:20,
[7.290s]                  from /opt/ros/foxy/include/rclcpp/executor.hpp:33,
[7.290s]                  from /opt/ros/foxy/include/rclcpp/executors/multi_threaded_executor.hpp:26,
[7.290s]                  from /opt/ros/foxy/include/rclcpp/executors.hpp:21,
[7.290s]                  from /opt/ros/foxy/include/rclcpp/rclcpp.hpp:146,
[7.290s]                  from /opt/ros/foxy/include/message_filters/subscriber.h:38,
[7.290s]                  from /home/unitree/Desktop/unitree_dex3/src/unitree_g1_dex3_stack-main/src/visual_detection_tester.cpp:9:
[7.290s] /opt/ros/foxy/include/rclcpp/any_subscription_callback.hpp: In instantiation of ‘class rclcpp::AnySubscriptionCallback<const std::shared_ptr<const sensor_msgs::msg::Image_<std::allocator<void> > >&, std::allocator<void> >’:
[7.291s] /opt/ros/foxy/include/rclcpp/subscription.hpp:347:57:   required from ‘class rclcpp::Subscription<const std::shared_ptr<const sensor_msgs::msg::Image_<std::allocator<void> > >&, std::allocator<void>, rclcpp::message_memory_strategy::MessageMemoryStrategy<const std::shared_ptr<const sensor_msgs::msg::Image_<std::allocator<void> > >&, std::allocator<void> > >’
[7.291s] /usr/include/c++/9/type_traits:1313:45:   required by substitution of ‘template<class _From1, class _To1, class> static std::true_type std::__is_convertible_helper<rclcpp::Subscription<const std::shared_ptr<const sensor_msgs::msg::Image_<std::allocator<void> > >&, std::allocator<void>, rclcpp::message_memory_strategy::MessageMemoryStrategy<const std::shared_ptr<const sensor_msgs::msg::Image_<std::allocator<void> > >&, std::allocator<void> > >*, rclcpp::Subscription<sensor_msgs::msg::Image_<std::allocator<void> >, std::allocator<void>, rclcpp::message_memory_strategy::MessageMemoryStrategy<sensor_msgs::msg::Image_<std::allocator<void> >, std::allocator<void> > >*, false>::__test<_From1, _To1, <template-parameter-1-3> >(int) [with _From1 = rclcpp::Subscription<const std::shared_ptr<const sensor_msgs::msg::Image_<std::allocator<void> > >&, std::allocator<void>, rclcpp::message_memory_strategy::MessageMemoryStrategy<const std::shared_ptr<const sensor_msgs::msg::Image_<std::allocator<void> > >&, std::allocator<void> > >*; _To1 = rclcpp::Subscription<sensor_msgs::msg::Image_<std::allocator<void> >, std::allocator<void>, rclcpp::message_memory_strategy::MessageMemoryStrategy<sensor_msgs::msg::Image_<std::allocator<void> >, std::allocator<void> > >*; <template-parameter-1-3> = <missing>]’
[7.291s] /usr/include/c++/9/type_traits:1322:42:   required from ‘struct std::__is_convertible_helper<rclcpp::Subscription<const std::shared_ptr<const sensor_msgs::msg::Image_<std::allocator<void> > >&, std::allocator<void>, rclcpp::message_memory_strategy::MessageMemoryStrategy<const std::shared_ptr<const sensor_msgs::msg::Image_<std::allocator<void> > >&, std::allocator<void> > >*, rclcpp::Subscription<sensor_msgs::msg::Image_<std::allocator<void> >, std::allocator<void>, rclcpp::message_memory_strategy::MessageMemoryStrategy<sensor_msgs::msg::Image_<std::allocator<void> >, std::allocator<void> > >*, false>’
[7.291s] /usr/include/c++/9/type_traits:1328:12:   required from ‘struct std::is_convertible<rclcpp::Subscription<const std::shared_ptr<const sensor_msgs::msg::Image_<std::allocator<void> > >&, std::allocator<void>, rclcpp::message_memory_strategy::MessageMemoryStrategy<const std::shared_ptr<const sensor_msgs::msg::Image_<std::allocator<void> > >&, std::allocator<void> > >*, rclcpp::Subscription<sensor_msgs::msg::Image_<std::allocator<void> >, std::allocator<void>, rclcpp::message_memory_strategy::MessageMemoryStrategy<sensor_msgs::msg::Image_<std::allocator<void> >, std::allocator<void> > >*>’
[7.291s] /usr/include/c++/9/bits/shared_ptr_base.h:927:12:   [ skipping 2 instantiation contexts, use -ftemplate-backtrace-limit=0 to disable ]
[7.291s] /usr/include/c++/9/bits/shared_ptr_base.h:1099:8:   required by substitution of ‘template<class _Tp, __gnu_cxx::_Lock_policy _Lp> template<class _Yp> using _Assignable = std::__shared_ptr<_Tp, _Lp>::_Compatible<_Yp, std::__shared_ptr<_Tp, _Lp>&> [with _Yp = rclcpp::Subscription<const std::shared_ptr<const sensor_msgs::msg::Image_<std::allocator<void> > >&, std::allocator<void>, rclcpp::message_memory_strategy::MessageMemoryStrategy<const std::shared_ptr<const sensor_msgs::msg::Image_<std::allocator<void> > >&, std::allocator<void> > >; _Tp = rclcpp::Subscription<sensor_msgs::msg::Image_<std::allocator<void> >, std::allocator<void>, rclcpp::message_memory_strategy::MessageMemoryStrategy<sensor_msgs::msg::Image_<std::allocator<void> >, std::allocator<void> > >; __gnu_cxx::_Lock_policy _Lp = __gnu_cxx::_S_atomic]’
[7.291s] /usr/include/c++/9/bits/shared_ptr_base.h:1271:2:   required by substitution of ‘template<class _Yp> std::__shared_ptr<rclcpp::Subscription<sensor_msgs::msg::Image_<std::allocator<void> >, std::allocator<void>, rclcpp::message_memory_strategy::MessageMemoryStrategy<sensor_msgs::msg::Image_<std::allocator<void> >, std::allocator<void> > >, __gnu_cxx::_S_atomic>::_Assignable<_Yp> std::__shared_ptr<rclcpp::Subscription<sensor_msgs::msg::Image_<std::allocator<void> >, std::allocator<void>, rclcpp::message_memory_strategy::MessageMemoryStrategy<sensor_msgs::msg::Image_<std::allocator<void> >, std::allocator<void> > >, __gnu_cxx::_S_atomic>::operator=<_Yp>(std::__shared_ptr<_Tp>&&) [with _Yp = rclcpp::Subscription<const std::shared_ptr<const sensor_msgs::msg::Image_<std::allocator<void> > >&, std::allocator<void>, rclcpp::message_memory_strategy::MessageMemoryStrategy<const std::shared_ptr<const sensor_msgs::msg::Image_<std::allocator<void> > >&, std::allocator<void> > >]’
[7.292s] /usr/include/c++/9/type_traits:1010:12:   required from ‘struct std::is_assignable<std::__shared_ptr<rclcpp::Subscription<sensor_msgs::msg::Image_<std::allocator<void> >, std::allocator<void>, rclcpp::message_memory_strategy::MessageMemoryStrategy<sensor_msgs::msg::Image_<std::allocator<void> >, std::allocator<void> > >, __gnu_cxx::_S_atomic>&, std::shared_ptr<rclcpp::Subscription<const std::shared_ptr<const sensor_msgs::msg::Image_<std::allocator<void> > >&, std::allocator<void>, rclcpp::message_memory_strategy::MessageMemoryStrategy<const std::shared_ptr<const sensor_msgs::msg::Image_<std::allocator<void> > >&, std::allocator<void> > > > >’
[7.292s] /usr/include/c++/9/bits/shared_ptr.h:111:8:   required by substitution of ‘template<class _Tp> template<class _Arg> using _Assignable = typename std::enable_if<std::is_assignable<std::__shared_ptr<_Tp>&, _Arg>::value, std::shared_ptr<_Tp>&>::type [with _Arg = std::shared_ptr<rclcpp::Subscription<const std::shared_ptr<const sensor_msgs::msg::Image_<std::allocator<void> > >&, std::allocator<void>, rclcpp::message_memory_strategy::MessageMemoryStrategy<const std::shared_ptr<const sensor_msgs::msg::Image_<std::allocator<void> > >&, std::allocator<void> > > >; _Tp = rclcpp::Subscription<sensor_msgs::msg::Image_<std::allocator<void> >, std::allocator<void>, rclcpp::message_memory_strategy::MessageMemoryStrategy<sensor_msgs::msg::Image_<std::allocator<void> >, std::allocator<void> > >]’
[7.292s] /usr/include/c++/9/bits/shared_ptr.h:341:2:   required by substitution of ‘template<class _Yp> std::shared_ptr<rclcpp::Subscription<sensor_msgs::msg::Image_<std::allocator<void> >, std::allocator<void>, rclcpp::message_memory_strategy::MessageMemoryStrategy<sensor_msgs::msg::Image_<std::allocator<void> >, std::allocator<void> > > >::_Assignable<std::shared_ptr<_Tp> > std::shared_ptr<rclcpp::Subscription<sensor_msgs::msg::Image_<std::allocator<void> >, std::allocator<void>, rclcpp::message_memory_strategy::MessageMemoryStrategy<sensor_msgs::msg::Image_<std::allocator<void> >, std::allocator<void> > > >::operator=<_Yp>(std::shared_ptr<_Tp>&&) [with _Yp = rclcpp::Subscription<const std::shared_ptr<const sensor_msgs::msg::Image_<std::allocator<void> > >&, std::allocator<void>, rclcpp::message_memory_strategy::MessageMemoryStrategy<const std::shared_ptr<const sensor_msgs::msg::Image_<std::allocator<void> > >&, std::allocator<void> > >]’
[7.292s] /home/unitree/Desktop/unitree_dex3/src/unitree_g1_dex3_stack-main/src/visual_detection_tester.cpp:56:88:   required from here
[7.292s] /opt/ros/foxy/include/rclcpp/any_subscription_callback.hpp:111:8: error: ‘template<class CallbackT, typename std::enable_if<rclcpp::function_traits::same_arguments<CallbackT, std::function<void(std::shared_ptr<const std::shared_ptr<const sensor_msgs::msg::Image_<std::allocator<void> > >&>)> >::value, void>::type* <anonymous> > void rclcpp::AnySubscriptionCallback<MessageT, Alloc>::set(CallbackT) [with CallbackT = CallbackT; typename std::enable_if<rclcpp::function_traits::same_arguments<CallbackT, std::function<void(std::shared_ptr<const _Tp>)> >::value>::type* <anonymous> = <enumerator>; MessageT = const std::shared_ptr<const sensor_msgs::msg::Image_<std::allocator<void> > >&; Alloc = std::allocator<void>]’ cannot be overloaded with ‘template<class CallbackT, typename std::enable_if<rclcpp::function_traits::same_arguments<CallbackT, std::function<void(std::shared_ptr<const std::shared_ptr<const sensor_msgs::msg::Image_<std::allocator<void> > >&>)> >::value, void>::type* <anonymous> > void rclcpp::AnySubscriptionCallback<MessageT, Alloc>::set(CallbackT) [with CallbackT = CallbackT; typename std::enable_if<rclcpp::function_traits::same_arguments<CallbackT, std::function<void(std::shared_ptr<_Tp>)> >::value>::type* <anonymous> = <enumerator>; MessageT = const std::shared_ptr<const sensor_msgs::msg::Image_<std::allocator<void> > >&; Alloc = std::allocator<void>]’
[7.292s]   111 |   void set(CallbackT callback)
[7.292s]       |        ^~~
[7.292s] /opt/ros/foxy/include/rclcpp/any_subscription_callback.hpp:83:8: note: previous declaration ‘template<class CallbackT, typename std::enable_if<rclcpp::function_traits::same_arguments<CallbackT, std::function<void(std::shared_ptr<const std::shared_ptr<const sensor_msgs::msg::Image_<std::allocator<void> > >&>)> >::value, void>::type* <anonymous> > void rclcpp::AnySubscriptionCallback<MessageT, Alloc>::set(CallbackT) [with CallbackT = CallbackT; typename std::enable_if<rclcpp::function_traits::same_arguments<CallbackT, std::function<void(std::shared_ptr<_Tp>)> >::value>::type* <anonymous> = <enumerator>; MessageT = const std::shared_ptr<const sensor_msgs::msg::Image_<std::allocator<void> > >&; Alloc = std::allocator<void>]’
[7.292s]    83 |   void set(CallbackT callback)
[7.293s]       |        ^~~
[7.293s] /opt/ros/foxy/include/rclcpp/any_subscription_callback.hpp:125:8: error: ‘template<class CallbackT, typename std::enable_if<rclcpp::function_traits::same_arguments<CallbackT, std::function<void(std::shared_ptr<const std::shared_ptr<const sensor_msgs::msg::Image_<std::allocator<void> > >&>, const rclcpp::MessageInfo&)> >::value, void>::type* <anonymous> > void rclcpp::AnySubscriptionCallback<MessageT, Alloc>::set(CallbackT) [with CallbackT = CallbackT; typename std::enable_if<rclcpp::function_traits::same_arguments<CallbackT, std::function<void(std::shared_ptr<const _Tp>, const rclcpp::MessageInfo&)> >::value>::type* <anonymous> = <enumerator>; MessageT = const std::shared_ptr<const sensor_msgs::msg::Image_<std::allocator<void> > >&; Alloc = std::allocator<void>]’ cannot be overloaded with ‘template<class CallbackT, typename std::enable_if<rclcpp::function_traits::same_arguments<CallbackT, std::function<void(std::shared_ptr<const std::shared_ptr<const sensor_msgs::msg::Image_<std::allocator<void> > >&>, const rclcpp::MessageInfo&)> >::value, void>::type* <anonymous> > void rclcpp::AnySubscriptionCallback<MessageT, Alloc>::set(CallbackT) [with CallbackT = CallbackT; typename std::enable_if<rclcpp::function_traits::same_arguments<CallbackT, std::function<void(std::shared_ptr<_Tp>, const rclcpp::MessageInfo&)> >::value>::type* <anonymous> = <enumerator>; MessageT = const std::shared_ptr<const sensor_msgs::msg::Image_<std::allocator<void> > >&; Alloc = std::allocator<void>]’
[7.293s]   125 |   void set(CallbackT callback)
[7.293s]       |        ^~~
[7.293s] /opt/ros/foxy/include/rclcpp/any_subscription_callback.hpp:97:8: note: previous declaration ‘template<class CallbackT, typename std::enable_if<rclcpp::function_traits::same_arguments<CallbackT, std::function<void(std::shared_ptr<const std::shared_ptr<const sensor_msgs::msg::Image_<std::allocator<void> > >&>, const rclcpp::MessageInfo&)> >::value, void>::type* <anonymous> > void rclcpp::AnySubscriptionCallback<MessageT, Alloc>::set(CallbackT) [with CallbackT = CallbackT; typename std::enable_if<rclcpp::function_traits::same_arguments<CallbackT, std::function<void(std::shared_ptr<_Tp>, const rclcpp::MessageInfo&)> >::value>::type* <anonymous> = <enumerator>; MessageT = const std::shared_ptr<const sensor_msgs::msg::Image_<std::allocator<void> > >&; Alloc = std::allocator<void>]’
[7.293s]    97 |   void set(CallbackT callback)
[7.293s]       |        ^~~
[7.298s] /home/unitree/Desktop/unitree_dex3/src/unitree_g1_dex3_stack-main/src/visual_detection_tester.cpp: In constructor ‘VisualDetectionTester::VisualDetectionTester()’:
[7.299s] /home/unitree/Desktop/unitree_dex3/src/unitree_g1_dex3_stack-main/src/visual_detection_tester.cpp:56:88: error: no match for ‘operator=’ (operand types are ‘rclcpp::Subscription<sensor_msgs::msg::Image_<std::allocator<void> >, std::allocator<void>, rclcpp::message_memory_strategy::MessageMemoryStrategy<sensor_msgs::msg::Image_<std::allocator<void> >, std::allocator<void> > >::SharedPtr’ {aka ‘std::shared_ptr<rclcpp::Subscription<sensor_msgs::msg::Image_<std::allocator<void> >, std::allocator<void>, rclcpp::message_memory_strategy::MessageMemoryStrategy<sensor_msgs::msg::Image_<std::allocator<void> >, std::allocator<void> > > >’} and ‘std::shared_ptr<rclcpp::Subscription<const std::shared_ptr<const sensor_msgs::msg::Image_<std::allocator<void> > >&, std::allocator<void>, rclcpp::message_memory_strategy::MessageMemoryStrategy<const std::shared_ptr<const sensor_msgs::msg::Image_<std::allocator<void> > >&, std::allocator<void> > > >’)
[7.299s]    56 |         std::bind(&VisualDetectionTester::displayCallback, this, std::placeholders::_1));
[7.299s]       |                                                                                        ^
[7.299s] In file included from /usr/include/c++/9/memory:81,
[7.300s]                  from /home/unitree/Desktop/unitree_dex3/src/unitree_g1_dex3_stack-main/src/visual_detection_tester.cpp:3:
[7.300s] /usr/include/c++/9/bits/shared_ptr.h:309:19: note: candidate: ‘std::shared_ptr<_Tp>& std::shared_ptr<_Tp>::operator=(const std::shared_ptr<_Tp>&) [with _Tp = rclcpp::Subscription<sensor_msgs::msg::Image_<std::allocator<void> >, std::allocator<void>, rclcpp::message_memory_strategy::MessageMemoryStrategy<sensor_msgs::msg::Image_<std::allocator<void> >, std::allocator<void> > >]’
[7.300s]   309 |       shared_ptr& operator=(const shared_ptr&) noexcept = default;
[7.300s]       |                   ^~~~~~~~
[7.300s] /usr/include/c++/9/bits/shared_ptr.h:309:29: note:   no known conversion for argument 1 from ‘std::shared_ptr<rclcpp::Subscription<const std::shared_ptr<const sensor_msgs::msg::Image_<std::allocator<void> > >&, std::allocator<void>, rclcpp::message_memory_strategy::MessageMemoryStrategy<const std::shared_ptr<const sensor_msgs::msg::Image_<std::allocator<void> > >&, std::allocator<void> > > >’ to ‘const std::shared_ptr<rclcpp::Subscription<sensor_msgs::msg::Image_<std::allocator<void> >, std::allocator<void>, rclcpp::message_memory_strategy::MessageMemoryStrategy<sensor_msgs::msg::Image_<std::allocator<void> >, std::allocator<void> > > >&’
[7.300s]   309 |       shared_ptr& operator=(const shared_ptr&) noexcept = default;
[7.300s]       |                             ^~~~~~~~~~~~~~~~~
[7.301s] /usr/include/c++/9/bits/shared_ptr.h:313:2: note: candidate: ‘template<class _Yp> std::shared_ptr<_Tp>::_Assignable<const std::shared_ptr<_Yp>&> std::shared_ptr<_Tp>::operator=(const std::shared_ptr<_Yp>&) [with _Yp = _Yp; _Tp = rclcpp::Subscription<sensor_msgs::msg::Image_<std::allocator<void> >, std::allocator<void>, rclcpp::message_memory_strategy::MessageMemoryStrategy<sensor_msgs::msg::Image_<std::allocator<void> >, std::allocator<void> > >]’
[7.301s]   313 |  operator=(const shared_ptr<_Yp>& __r) noexcept
[7.301s]       |  ^~~~~~~~
[7.301s] /usr/include/c++/9/bits/shared_ptr.h:313:2: note:   template argument deduction/substitution failed:
[7.301s] /usr/include/c++/9/bits/shared_ptr.h: In substitution of ‘template<class _Tp> template<class _Arg> using _Assignable = typename std::enable_if<std::is_assignable<std::__shared_ptr<_Tp>&, _Arg>::value, std::shared_ptr<_Tp>&>::type [with _Arg = const std::shared_ptr<rclcpp::Subscription<const std::shared_ptr<const sensor_msgs::msg::Image_<std::allocator<void> > >&, std::allocator<void>, rclcpp::message_memory_strategy::MessageMemoryStrategy<const std::shared_ptr<const sensor_msgs::msg::Image_<std::allocator<void> > >&, std::allocator<void> > > >&; _Tp = rclcpp::Subscription<sensor_msgs::msg::Image_<std::allocator<void> >, std::allocator<void>, rclcpp::message_memory_strategy::MessageMemoryStrategy<sensor_msgs::msg::Image_<std::allocator<void> >, std::allocator<void> > >]’:
[7.301s] /usr/include/c++/9/bits/shared_ptr.h:313:2:   required by substitution of ‘template<class _Yp> std::shared_ptr<rclcpp::Subscription<sensor_msgs::msg::Image_<std::allocator<void> >, std::allocator<void>, rclcpp::message_memory_strategy::MessageMemoryStrategy<sensor_msgs::msg::Image_<std::allocator<void> >, std::allocator<void> > > >::_Assignable<const std::shared_ptr<_Tp>&> std::shared_ptr<rclcpp::Subscription<sensor_msgs::msg::Image_<std::allocator<void> >, std::allocator<void>, rclcpp::message_memory_strategy::MessageMemoryStrategy<sensor_msgs::msg::Image_<std::allocator<void> >, std::allocator<void> > > >::operator=<_Yp>(const std::shared_ptr<_Tp>&) [with _Yp = rclcpp::Subscription<const std::shared_ptr<const sensor_msgs::msg::Image_<std::allocator<void> > >&, std::allocator<void>, rclcpp::message_memory_strategy::MessageMemoryStrategy<const std::shared_ptr<const sensor_msgs::msg::Image_<std::allocator<void> > >&, std::allocator<void> > >]’
[7.301s] /home/unitree/Desktop/unitree_dex3/src/unitree_g1_dex3_stack-main/src/visual_detection_tester.cpp:56:88:   required from here
[7.301s] /usr/include/c++/9/bits/shared_ptr.h:111:8: error: no type named ‘type’ in ‘struct std::enable_if<false, std::shared_ptr<rclcpp::Subscription<sensor_msgs::msg::Image_<std::allocator<void> >, std::allocator<void>, rclcpp::message_memory_strategy::MessageMemoryStrategy<sensor_msgs::msg::Image_<std::allocator<void> >, std::allocator<void> > > >&>’
[7.302s]   111 |  using _Assignable = typename enable_if<
[7.302s]       |        ^~~~~~~~~~~
[7.302s] /usr/include/c++/9/bits/shared_ptr.h:324:2: note: candidate: ‘template<class _Yp> std::shared_ptr<_Tp>::_Assignable<std::auto_ptr<_Up> > std::shared_ptr<_Tp>::operator=(std::auto_ptr<_Up>&&) [with _Yp = _Yp; _Tp = rclcpp::Subscription<sensor_msgs::msg::Image_<std::allocator<void> >, std::allocator<void>, rclcpp::message_memory_strategy::MessageMemoryStrategy<sensor_msgs::msg::Image_<std::allocator<void> >, std::allocator<void> > >]’
[7.302s]   324 |  operator=(auto_ptr<_Yp>&& __r)
[7.302s]       |  ^~~~~~~~
[7.302s] /usr/include/c++/9/bits/shared_ptr.h:324:2: note:   template argument deduction/substitution failed:
[7.302s] /home/unitree/Desktop/unitree_dex3/src/unitree_g1_dex3_stack-main/src/visual_detection_tester.cpp:56:88: note:   ‘std::shared_ptr<rclcpp::Subscription<const std::shared_ptr<const sensor_msgs::msg::Image_<std::allocator<void> > >&, std::allocator<void>, rclcpp::message_memory_strategy::MessageMemoryStrategy<const std::shared_ptr<const sensor_msgs::msg::Image_<std::allocator<void> > >&, std::allocator<void> > > >’ is not derived from ‘std::auto_ptr<_Up>’
[7.302s]    56 |         std::bind(&VisualDetectionTester::displayCallback, this, std::placeholders::_1));
[7.302s]       |                                                                                        ^
[7.303s] In file included from /usr/include/c++/9/memory:81,
[7.303s]                  from /home/unitree/Desktop/unitree_dex3/src/unitree_g1_dex3_stack-main/src/visual_detection_tester.cpp:3:
[7.303s] /usr/include/c++/9/bits/shared_ptr.h:333:7: note: candidate: ‘std::shared_ptr<_Tp>& std::shared_ptr<_Tp>::operator=(std::shared_ptr<_Tp>&&) [with _Tp = rclcpp::Subscription<sensor_msgs::msg::Image_<std::allocator<void> >, std::allocator<void>, rclcpp::message_memory_strategy::MessageMemoryStrategy<sensor_msgs::msg::Image_<std::allocator<void> >, std::allocator<void> > >]’
[7.303s]   333 |       operator=(shared_ptr&& __r) noexcept
[7.303s]       |       ^~~~~~~~
[7.303s] /usr/include/c++/9/bits/shared_ptr.h:333:30: note:   no known conversion for argument 1 from ‘std::shared_ptr<rclcpp::Subscription<const std::shared_ptr<const sensor_msgs::msg::Image_<std::allocator<void> > >&, std::allocator<void>, rclcpp::message_memory_strategy::MessageMemoryStrategy<const std::shared_ptr<const sensor_msgs::msg::Image_<std::allocator<void> > >&, std::allocator<void> > > >’ to ‘std::shared_ptr<rclcpp::Subscription<sensor_msgs::msg::Image_<std::allocator<void> >, std::allocator<void>, rclcpp::message_memory_strategy::MessageMemoryStrategy<sensor_msgs::msg::Image_<std::allocator<void> >, std::allocator<void> > > >&&’
[7.303s]   333 |       operator=(shared_ptr&& __r) noexcept
[7.303s]       |                 ~~~~~~~~~~~~~^~~
[7.303s] /usr/include/c++/9/bits/shared_ptr.h:341:2: note: candidate: ‘template<class _Yp> std::shared_ptr<_Tp>::_Assignable<std::shared_ptr<_Yp> > std::shared_ptr<_Tp>::operator=(std::shared_ptr<_Yp>&&) [with _Yp = _Yp; _Tp = rclcpp::Subscription<sensor_msgs::msg::Image_<std::allocator<void> >, std::allocator<void>, rclcpp::message_memory_strategy::MessageMemoryStrategy<sensor_msgs::msg::Image_<std::allocator<void> >, std::allocator<void> > >]’
[7.303s]   341 |  operator=(shared_ptr<_Yp>&& __r) noexcept
[7.304s]       |  ^~~~~~~~
[7.304s] /usr/include/c++/9/bits/shared_ptr.h:341:2: note:   substitution of deduced template arguments resulted in errors seen above
[7.304s] /usr/include/c++/9/bits/shared_ptr.h:349:2: note: candidate: ‘template<class _Yp, class _Del> std::shared_ptr<_Tp>::_Assignable<std::unique_ptr<_Up, _Ep> > std::shared_ptr<_Tp>::operator=(std::unique_ptr<_Up, _Ep>&&) [with _Yp = _Yp; _Del = _Del; _Tp = rclcpp::Subscription<sensor_msgs::msg::Image_<std::allocator<void> >, std::allocator<void>, rclcpp::message_memory_strategy::MessageMemoryStrategy<sensor_msgs::msg::Image_<std::allocator<void> >, std::allocator<void> > >]’
[7.305s]   349 |  operator=(unique_ptr<_Yp, _Del>&& __r)
[7.305s]       |  ^~~~~~~~
[7.305s] /usr/include/c++/9/bits/shared_ptr.h:349:2: note:   template argument deduction/substitution failed:
[7.305s] /home/unitree/Desktop/unitree_dex3/src/unitree_g1_dex3_stack-main/src/visual_detection_tester.cpp:56:88: note:   ‘std::shared_ptr<rclcpp::Subscription<const std::shared_ptr<const sensor_msgs::msg::Image_<std::allocator<void> > >&, std::allocator<void>, rclcpp::message_memory_strategy::MessageMemoryStrategy<const std::shared_ptr<const sensor_msgs::msg::Image_<std::allocator<void> > >&, std::allocator<void> > > >’ is not derived from ‘std::unique_ptr<_Tp, _Dp>’
[7.306s]    56 |         std::bind(&VisualDetectionTester::displayCallback, this, std::placeholders::_1));
[7.306s]       |                                                                                        ^
[9.620s] In file included from /opt/ros/foxy/include/rclcpp/node_interfaces/node_topics_interface.hpp:32,
[9.620s]                  from /opt/ros/foxy/include/rclcpp/node.hpp:55,
[9.620s]                  from /opt/ros/foxy/include/rclcpp/executors/single_threaded_executor.hpp:28,
[9.621s]                  from /opt/ros/foxy/include/rclcpp/executors.hpp:22,
[9.621s]                  from /opt/ros/foxy/include/rclcpp/rclcpp.hpp:146,
[9.621s]                  from /opt/ros/foxy/include/message_filters/subscriber.h:38,
[9.621s]                  from /home/unitree/Desktop/unitree_dex3/src/unitree_g1_dex3_stack-main/src/visual_detection_tester.cpp:9:
[9.621s] /opt/ros/foxy/include/rclcpp/subscription_factory.hpp: In instantiation of ‘rclcpp::SubscriptionFactory rclcpp::create_subscription_factory(CallbackT&&, const rclcpp::SubscriptionOptionsWithAllocator<AllocatorT>&, typename MessageMemoryStrategyT::SharedPtr, std::shared_ptr<rclcpp::topic_statistics::SubscriptionTopicStatistics<CallbackMessageT> >) [with MessageT = sensor_msgs::msg::Image_<std::allocator<void> >; CallbackT = std::_Bind<void (VisualDetectionTester::*(VisualDetectionTester*, std::_Placeholder<1>))(const std::shared_ptr<const sensor_msgs::msg::Image_<std::allocator<void> > >&)>; AllocatorT = std::allocator<void>; CallbackMessageT = const std::shared_ptr<const sensor_msgs::msg::Image_<std::allocator<void> > >&; SubscriptionT = rclcpp::Subscription<const std::shared_ptr<const sensor_msgs::msg::Image_<std::allocator<void> > >&, std::allocator<void>, rclcpp::message_memory_strategy::MessageMemoryStrategy<const std::shared_ptr<const sensor_msgs::msg::Image_<std::allocator<void> > >&, std::allocator<void> > >; MessageMemoryStrategyT = rclcpp::message_memory_strategy::MessageMemoryStrategy<const std::shared_ptr<const sensor_msgs::msg::Image_<std::allocator<void> > >&, std::allocator<void> >; typename MessageMemoryStrategyT::SharedPtr = std::shared_ptr<rclcpp::message_memory_strategy::MessageMemoryStrategy<const std::shared_ptr<const sensor_msgs::msg::Image_<std::allocator<void> > >&, std::allocator<void> > >]’:
[9.621s] /opt/ros/foxy/include/rclcpp/create_subscription.hpp:144:63:   required from ‘std::shared_ptr<SubscriptionT> rclcpp::create_subscription(NodeT&&, const string&, const rclcpp::QoS&, CallbackT&&, const rclcpp::SubscriptionOptionsWithAllocator<AllocatorT>&, typename MessageMemoryStrategyT::SharedPtr) [with MessageT = sensor_msgs::msg::Image_<std::allocator<void> >; CallbackT = std::_Bind<void (VisualDetectionTester::*(VisualDetectionTester*, std::_Placeholder<1>))(const std::shared_ptr<const sensor_msgs::msg::Image_<std::allocator<void> > >&)>; AllocatorT = std::allocator<void>; CallbackMessageT = const std::shared_ptr<const sensor_msgs::msg::Image_<std::allocator<void> > >&; SubscriptionT = rclcpp::Subscription<const std::shared_ptr<const sensor_msgs::msg::Image_<std::allocator<void> > >&, std::allocator<void>, rclcpp::message_memory_strategy::MessageMemoryStrategy<const std::shared_ptr<const sensor_msgs::msg::Image_<std::allocator<void> > >&, std::allocator<void> > >; MessageMemoryStrategyT = rclcpp::message_memory_strategy::MessageMemoryStrategy<const std::shared_ptr<const sensor_msgs::msg::Image_<std::allocator<void> > >&, std::allocator<void> >; NodeT = rclcpp::Node&; std::string = std::__cxx11::basic_string<char>; typename MessageMemoryStrategyT::SharedPtr = std::shared_ptr<rclcpp::message_memory_strategy::MessageMemoryStrategy<const std::shared_ptr<const sensor_msgs::msg::Image_<std::allocator<void> > >&, std::allocator<void> > >]’
[9.621s] /opt/ros/foxy/include/rclcpp/node_impl.hpp:98:47:   required from ‘std::shared_ptr<SubscriptionT> rclcpp::Node::create_subscription(const string&, const rclcpp::QoS&, CallbackT&&, const rclcpp::SubscriptionOptionsWithAllocator<AllocatorT>&, typename MessageMemoryStrategyT::SharedPtr) [with MessageT = sensor_msgs::msg::Image_<std::allocator<void> >; CallbackT = std::_Bind<void (VisualDetectionTester::*(VisualDetectionTester*, std::_Placeholder<1>))(const std::shared_ptr<const sensor_msgs::msg::Image_<std::allocator<void> > >&)>; AllocatorT = std::allocator<void>; CallbackMessageT = const std::shared_ptr<const sensor_msgs::msg::Image_<std::allocator<void> > >&; SubscriptionT = rclcpp::Subscription<const std::shared_ptr<const sensor_msgs::msg::Image_<std::allocator<void> > >&, std::allocator<void>, rclcpp::message_memory_strategy::MessageMemoryStrategy<const std::shared_ptr<const sensor_msgs::msg::Image_<std::allocator<void> > >&, std::allocator<void> > >; MessageMemoryStrategyT = rclcpp::message_memory_strategy::MessageMemoryStrategy<const std::shared_ptr<const sensor_msgs::msg::Image_<std::allocator<void> > >&, std::allocator<void> >; std::string = std::__cxx11::basic_string<char>; typename MessageMemoryStrategyT::SharedPtr = std::shared_ptr<rclcpp::message_memory_strategy::MessageMemoryStrategy<const std::shared_ptr<const sensor_msgs::msg::Image_<std::allocator<void> > >&, std::allocator<void> > >]’
[9.621s] /home/unitree/Desktop/unitree_dex3/src/unitree_g1_dex3_stack-main/src/visual_detection_tester.cpp:56:88:   required from here
[9.622s] /opt/ros/foxy/include/rclcpp/subscription_factory.hpp:97:3: error: no matching function for call to ‘rclcpp::AnySubscriptionCallback<const std::shared_ptr<const sensor_msgs::msg::Image_<std::allocator<void> > >&, std::allocator<void> >::set(std::_Bind<void (VisualDetectionTester::*(VisualDetectionTester*, std::_Placeholder<1>))(const std::shared_ptr<const sensor_msgs::msg::Image_<std::allocator<void> > >&)>)’
[9.622s]    97 |   any_subscription_callback.set(std::forward<CallbackT>(callback));
[9.622s]       |   ^~~~~~~~~~~~~~~~~~~~~~~~~
[9.622s] In file included from /opt/ros/foxy/include/rclcpp/subscription_base.hpp:29,
[9.622s]                  from /opt/ros/foxy/include/rclcpp/callback_group.hpp:26,
[9.622s]                  from /opt/ros/foxy/include/rclcpp/any_executable.hpp:20,
[9.622s]                  from /opt/ros/foxy/include/rclcpp/memory_strategy.hpp:24,
[9.622s]                  from /opt/ros/foxy/include/rclcpp/memory_strategies.hpp:18,
[9.622s]                  from /opt/ros/foxy/include/rclcpp/executor_options.hpp:20,
[9.622s]                  from /opt/ros/foxy/include/rclcpp/executor.hpp:33,
[9.623s]                  from /opt/ros/foxy/include/rclcpp/executors/multi_threaded_executor.hpp:26,
[9.623s]                  from /opt/ros/foxy/include/rclcpp/executors.hpp:21,
[9.623s]                  from /opt/ros/foxy/include/rclcpp/rclcpp.hpp:146,
[9.623s]                  from /opt/ros/foxy/include/message_filters/subscriber.h:38,
[9.623s]                  from /home/unitree/Desktop/unitree_dex3/src/unitree_g1_dex3_stack-main/src/visual_detection_tester.cpp:9:
[9.623s] /opt/ros/foxy/include/rclcpp/any_subscription_callback.hpp:83:8: note: candidate: ‘template<class CallbackT, typename std::enable_if<rclcpp::function_traits::same_arguments<CallbackT, std::function<void(std::shared_ptr<const std::shared_ptr<const sensor_msgs::msg::Image_<std::allocator<void> > >&>)> >::value, void>::type* <anonymous> > void rclcpp::AnySubscriptionCallback<MessageT, Alloc>::set(CallbackT) [with CallbackT = CallbackT; typename std::enable_if<rclcpp::function_traits::same_arguments<CallbackT, std::function<void(std::shared_ptr<_Tp>)> >::value>::type* <anonymous> = <enumerator>; MessageT = const std::shared_ptr<const sensor_msgs::msg::Image_<std::allocator<void> > >&; Alloc = std::allocator<void>]’
[9.623s]    83 |   void set(CallbackT callback)
[9.623s]       |        ^~~
[9.623s] /opt/ros/foxy/include/rclcpp/any_subscription_callback.hpp:83:8: note:   template argument deduction/substitution failed:
[9.623s] /opt/ros/foxy/include/rclcpp/any_subscription_callback.hpp:81:17: error: no type named ‘type’ in ‘struct std::enable_if<false, void>’
[9.624s]    81 |     >::type * = nullptr
[9.624s]       |                 ^~~~~~~
[9.624s] /opt/ros/foxy/include/rclcpp/any_subscription_callback.hpp:97:8: note: candidate: ‘template<class CallbackT, typename std::enable_if<rclcpp::function_traits::same_arguments<CallbackT, std::function<void(std::shared_ptr<const std::shared_ptr<const sensor_msgs::msg::Image_<std::allocator<void> > >&>, const rclcpp::MessageInfo&)> >::value, void>::type* <anonymous> > void rclcpp::AnySubscriptionCallback<MessageT, Alloc>::set(CallbackT) [with CallbackT = CallbackT; typename std::enable_if<rclcpp::function_traits::same_arguments<CallbackT, std::function<void(std::shared_ptr<_Tp>, const rclcpp::MessageInfo&)> >::value>::type* <anonymous> = <enumerator>; MessageT = const std::shared_ptr<const sensor_msgs::msg::Image_<std::allocator<void> > >&; Alloc = std::allocator<void>]’
[9.624s]    97 |   void set(CallbackT callback)
[9.624s]       |        ^~~
[9.624s] /opt/ros/foxy/include/rclcpp/any_subscription_callback.hpp:97:8: note:   template argument deduction/substitution failed:
[9.624s] /opt/ros/foxy/include/rclcpp/any_subscription_callback.hpp:95:17: error: no type named ‘type’ in ‘struct std::enable_if<false, void>’
[9.624s]    95 |     >::type * = nullptr
[9.624s]       |                 ^~~~~~~
[9.625s] /opt/ros/foxy/include/rclcpp/any_subscription_callback.hpp:139:8: note: candidate: ‘template<class CallbackT, typename std::enable_if<rclcpp::function_traits::same_arguments<CallbackT, std::function<void(std::unique_ptr<const std::shared_ptr<const sensor_msgs::msg::Image_<std::allocator<void> > >&, std::default_delete<const std::shared_ptr<const sensor_msgs::msg::Image_<std::allocator<void> > >&> >)> >::value, void>::type* <anonymous> > void rclcpp::AnySubscriptionCallback<MessageT, Alloc>::set(CallbackT) [with CallbackT = CallbackT; typename std::enable_if<rclcpp::function_traits::same_arguments<CallbackT, std::function<void(std::unique_ptr<MessageT, typename std::conditional<std::is_same<typename std::allocator_traits<typename std::allocator_traits<_NodeAlloc>::rebind_traits<MessageT>::allocator_type>::rebind_alloc<MessageT>, typename std::allocator<void>::rebind<_Tp1>::other>::value, std::default_delete<_Tp>, rclcpp::allocator::AllocatorDeleter<typename std::allocator_traits<_NodeAlloc>::rebind_traits<MessageT>::allocator_type> >::type>)> >::value>::type* <anonymous> = <enumerator>; MessageT = const std::shared_ptr<const sensor_msgs::msg::Image_<std::allocator<void> > >&; Alloc = std::allocator<void>]’
[9.625s]   139 |   void set(CallbackT callback)
[9.625s]       |        ^~~
[9.625s] /opt/ros/foxy/include/rclcpp/any_subscription_callback.hpp:139:8: note:   template argument deduction/substitution failed:
[9.625s] /opt/ros/foxy/include/rclcpp/any_subscription_callback.hpp:137:17: error: no type named ‘type’ in ‘struct std::enable_if<false, void>’
[9.625s]   137 |     >::type * = nullptr
[9.625s]       |                 ^~~~~~~
[9.625s] /opt/ros/foxy/include/rclcpp/any_subscription_callback.hpp:153:8: note: candidate: ‘template<class CallbackT, typename std::enable_if<rclcpp::function_traits::same_arguments<CallbackT, std::function<void(std::unique_ptr<const std::shared_ptr<const sensor_msgs::msg::Image_<std::allocator<void> > >&, std::default_delete<const std::shared_ptr<const sensor_msgs::msg::Image_<std::allocator<void> > >&> >, const rclcpp::MessageInfo&)> >::value, void>::type* <anonymous> > void rclcpp::AnySubscriptionCallback<MessageT, Alloc>::set(CallbackT) [with CallbackT = CallbackT; typename std::enable_if<rclcpp::function_traits::same_arguments<CallbackT, std::function<void(std::unique_ptr<MessageT, typename std::conditional<std::is_same<typename std::allocator_traits<typename std::allocator_traits<_NodeAlloc>::rebind_traits<MessageT>::allocator_type>::rebind_alloc<MessageT>, typename std::allocator<void>::rebind<_Tp1>::other>::value, std::default_delete<_Tp>, rclcpp::allocator::AllocatorDeleter<typename std::allocator_traits<_NodeAlloc>::rebind_traits<MessageT>::allocator_type> >::type>, const rclcpp::MessageInfo&)> >::value>::type* <anonymous> = <enumerator>; MessageT = const std::shared_ptr<const sensor_msgs::msg::Image_<std::allocator<void> > >&; Alloc = std::allocator<void>]’
[9.625s]   153 |   void set(CallbackT callback)
[9.626s]       |        ^~~
[9.626s] /opt/ros/foxy/include/rclcpp/any_subscription_callback.hpp:153:8: note:   template argument deduction/substitution failed:
[9.626s] /opt/ros/foxy/include/rclcpp/any_subscription_callback.hpp:151:17: error: no type named ‘type’ in ‘struct std::enable_if<false, void>’
[9.626s]   151 |     >::type * = nullptr
[9.626s]       |                 ^~~~~~~
[10.823s] In file included from /usr/include/aarch64-linux-gnu/c++/9/bits/c++allocator.h:33,
[10.824s]                  from /usr/include/c++/9/bits/allocator.h:46,
[10.824s]                  from /usr/include/c++/9/string:41,
[10.824s]                  from /usr/include/c++/9/stdexcept:39,
[10.824s]                  from /usr/include/c++/9/array:39,
[10.824s]                  from /usr/include/c++/9/tuple:39,
[10.824s]                  from /usr/include/c++/9/functional:54,
[10.826s]                  from /usr/include/c++/9/pstl/glue_algorithm_defs.h:13,
[10.827s]                  from /usr/include/c++/9/algorithm:71,
[10.827s]                  from /home/unitree/Desktop/unitree_dex3/src/unitree_g1_dex3_stack-main/src/visual_detection_tester.cpp:1:
[10.827s] /usr/include/c++/9/ext/new_allocator.h: In instantiation of ‘class __gnu_cxx::new_allocator<const std::shared_ptr<const sensor_msgs::msg::Image_<std::allocator<void> > >&>’:
[10.827s] /usr/include/c++/9/bits/allocator.h:111:11:   required from ‘class std::allocator<const std::shared_ptr<const sensor_msgs::msg::Image_<std::allocator<void> > >&>’
[10.827s] /usr/include/c++/9/bits/shared_ptr_base.h:1365:63:   required by substitution of ‘template<class _Yp> struct std::__shared_ptr<std::allocator<const std::shared_ptr<const sensor_msgs::msg::Image_<std::allocator<void> > >&>, __gnu_cxx::_S_atomic>::__has_esft_base<_Yp, std::__void_t<decltype (__enable_shared_from_this_base(declval<const std::__shared_count<__gnu_cxx::_S_atomic>&>(), declval<_Yp*>()))> > [with _Yp = std::allocator<const std::shared_ptr<const sensor_msgs::msg::Image_<std::allocator<void> > >&>]’
[10.827s] /usr/include/c++/9/bits/shared_ptr_base.h:1387:21:   required by substitution of ‘template<class _Yp, class _Yp2> typename std::enable_if<(! std::__shared_ptr<std::allocator<const std::shared_ptr<const sensor_msgs::msg::Image_<std::allocator<void> > >&>, __gnu_cxx::_S_atomic>::__has_esft_base<_Yp2, void>::value), void>::type std::__shared_ptr<std::allocator<const std::shared_ptr<const sensor_msgs::msg::Image_<std::allocator<void> > >&>, __gnu_cxx::_S_atomic>::_M_enable_shared_from_this_with<_Yp, _Yp2>(_Yp*) [with _Yp = std::allocator<const std::shared_ptr<const sensor_msgs::msg::Image_<std::allocator<void> > >&>; _Yp2 = std::allocator<const std::shared_ptr<const sensor_msgs::msg::Image_<std::allocator<void> > >&>]’
[10.828s] /usr/include/c++/9/bits/shared_ptr_base.h:1345:4:   required from ‘std::__shared_ptr<_Tp, _Lp>::__shared_ptr(std::_Sp_alloc_shared_tag<_Tp>, _Args&& ...) [with _Alloc = std::allocator<std::allocator<const std::shared_ptr<const sensor_msgs::msg::Image_<std::allocator<void> > >&> >; _Args = {std::allocator<void>&}; _Tp = std::allocator<const std::shared_ptr<const sensor_msgs::msg::Image_<std::allocator<void> > >&>; __gnu_cxx::_Lock_policy _Lp = __gnu_cxx::_S_atomic]’
[10.828s] /usr/include/c++/9/bits/shared_ptr.h:359:59:   [ skipping 2 instantiation contexts, use -ftemplate-backtrace-limit=0 to disable ]
[10.828s] /usr/include/c++/9/bits/shared_ptr.h:717:39:   required from ‘std::shared_ptr<_Tp> std::make_shared(_Args&& ...) [with _Tp = std::allocator<const std::shared_ptr<const sensor_msgs::msg::Image_<std::allocator<void> > >&>; _Args = {std::allocator<void>&}]’
[10.828s] /opt/ros/foxy/include/rclcpp/any_subscription_callback.hpp:68:56:   required from ‘rclcpp::AnySubscriptionCallback<MessageT, Alloc>::AnySubscriptionCallback(std::shared_ptr<_Tp>) [with MessageT = const std::shared_ptr<const sensor_msgs::msg::Image_<std::allocator<void> > >&; Alloc = std::allocator<void>]’
[10.828s] /opt/ros/foxy/include/rclcpp/subscription_factory.hpp:96:57:   required from ‘rclcpp::SubscriptionFactory rclcpp::create_subscription_factory(CallbackT&&, const rclcpp::SubscriptionOptionsWithAllocator<AllocatorT>&, typename MessageMemoryStrategyT::SharedPtr, std::shared_ptr<rclcpp::topic_statistics::SubscriptionTopicStatistics<CallbackMessageT> >) [with MessageT = sensor_msgs::msg::Image_<std::allocator<void> >; CallbackT = std::_Bind<void (VisualDetectionTester::*(VisualDetectionTester*, std::_Placeholder<1>))(const std::shared_ptr<const sensor_msgs::msg::Image_<std::allocator<void> > >&)>; AllocatorT = std::allocator<void>; CallbackMessageT = const std::shared_ptr<const sensor_msgs::msg::Image_<std::allocator<void> > >&; SubscriptionT = rclcpp::Subscription<const std::shared_ptr<const sensor_msgs::msg::Image_<std::allocator<void> > >&, std::allocator<void>, rclcpp::message_memory_strategy::MessageMemoryStrategy<const std::shared_ptr<const sensor_msgs::msg::Image_<std::allocator<void> > >&, std::allocator<void> > >; MessageMemoryStrategyT = rclcpp::message_memory_strategy::MessageMemoryStrategy<const std::shared_ptr<const sensor_msgs::msg::Image_<std::allocator<void> > >&, std::allocator<void> >; typename MessageMemoryStrategyT::SharedPtr = std::shared_ptr<rclcpp::message_memory_strategy::MessageMemoryStrategy<const std::shared_ptr<const sensor_msgs::msg::Image_<std::allocator<void> > >&, std::allocator<void> > >]’
[10.828s] /opt/ros/foxy/include/rclcpp/create_subscription.hpp:144:63:   required from ‘std::shared_ptr<SubscriptionT> rclcpp::create_subscription(NodeT&&, const string&, const rclcpp::QoS&, CallbackT&&, const rclcpp::SubscriptionOptionsWithAllocator<AllocatorT>&, typename MessageMemoryStrategyT::SharedPtr) [with MessageT = sensor_msgs::msg::Image_<std::allocator<void> >; CallbackT = std::_Bind<void (VisualDetectionTester::*(VisualDetectionTester*, std::_Placeholder<1>))(const std::shared_ptr<const sensor_msgs::msg::Image_<std::allocator<void> > >&)>; AllocatorT = std::allocator<void>; CallbackMessageT = const std::shared_ptr<const sensor_msgs::msg::Image_<std::allocator<void> > >&; SubscriptionT = rclcpp::Subscription<const std::shared_ptr<const sensor_msgs::msg::Image_<std::allocator<void> > >&, std::allocator<void>, rclcpp::message_memory_strategy::MessageMemoryStrategy<const std::shared_ptr<const sensor_msgs::msg::Image_<std::allocator<void> > >&, std::allocator<void> > >; MessageMemoryStrategyT = rclcpp::message_memory_strategy::MessageMemoryStrategy<const std::shared_ptr<const sensor_msgs::msg::Image_<std::allocator<void> > >&, std::allocator<void> >; NodeT = rclcpp::Node&; std::string = std::__cxx11::basic_string<char>; typename MessageMemoryStrategyT::SharedPtr = std::shared_ptr<rclcpp::message_memory_strategy::MessageMemoryStrategy<const std::shared_ptr<const sensor_msgs::msg::Image_<std::allocator<void> > >&, std::allocator<void> > >]’
[10.828s] /opt/ros/foxy/include/rclcpp/node_impl.hpp:98:47:   required from ‘std::shared_ptr<SubscriptionT> rclcpp::Node::create_subscription(const string&, const rclcpp::QoS&, CallbackT&&, const rclcpp::SubscriptionOptionsWithAllocator<AllocatorT>&, typename MessageMemoryStrategyT::SharedPtr) [with MessageT = sensor_msgs::msg::Image_<std::allocator<void> >; CallbackT = std::_Bind<void (VisualDetectionTester::*(VisualDetectionTester*, std::_Placeholder<1>))(const std::shared_ptr<const sensor_msgs::msg::Image_<std::allocator<void> > >&)>; AllocatorT = std::allocator<void>; CallbackMessageT = const std::shared_ptr<const sensor_msgs::msg::Image_<std::allocator<void> > >&; SubscriptionT = rclcpp::Subscription<const std::shared_ptr<const sensor_msgs::msg::Image_<std::allocator<void> > >&, std::allocator<void>, rclcpp::message_memory_strategy::MessageMemoryStrategy<const std::shared_ptr<const sensor_msgs::msg::Image_<std::allocator<void> > >&, std::allocator<void> > >; MessageMemoryStrategyT = rclcpp::message_memory_strategy::MessageMemoryStrategy<const std::shared_ptr<const sensor_msgs::msg::Image_<std::allocator<void> > >&, std::allocator<void> >; std::string = std::__cxx11::basic_string<char>; typename MessageMemoryStrategyT::SharedPtr = std::shared_ptr<rclcpp::message_memory_strategy::MessageMemoryStrategy<const std::shared_ptr<const sensor_msgs::msg::Image_<std::allocator<void> > >&, std::allocator<void> > >]’
[10.828s] /home/unitree/Desktop/unitree_dex3/src/unitree_g1_dex3_stack-main/src/visual_detection_tester.cpp:56:88:   required from here
[10.829s] /usr/include/c++/9/ext/new_allocator.h:63:26: error: forming pointer to reference type ‘const std::shared_ptr<const sensor_msgs::msg::Image_<std::allocator<void> > >&’
[10.829s]    63 |       typedef _Tp*       pointer;
[10.829s]       |                          ^~~~~~~
[10.829s] /usr/include/c++/9/ext/new_allocator.h:64:26: error: forming pointer to reference type ‘const std::shared_ptr<const sensor_msgs::msg::Image_<std::allocator<void> > >&’
[10.829s]    64 |       typedef const _Tp* const_pointer;
[10.829s]       |                          ^~~~~~~~~~~~~
[10.829s] In file included from /usr/include/c++/9/string:41,
[10.829s]                  from /usr/include/c++/9/stdexcept:39,
[10.829s]                  from /usr/include/c++/9/array:39,
[10.829s]                  from /usr/include/c++/9/tuple:39,
[10.830s]                  from /usr/include/c++/9/functional:54,
[10.830s]                  from /usr/include/c++/9/pstl/glue_algorithm_defs.h:13,
[10.830s]                  from /usr/include/c++/9/algorithm:71,
[10.830s]                  from /home/unitree/Desktop/unitree_dex3/src/unitree_g1_dex3_stack-main/src/visual_detection_tester.cpp:1:
[10.830s] /usr/include/c++/9/bits/allocator.h: In instantiation of ‘class std::allocator<const std::shared_ptr<const sensor_msgs::msg::Image_<std::allocator<void> > >&>’:
[10.830s] /usr/include/c++/9/bits/shared_ptr_base.h:1365:63:   required by substitution of ‘template<class _Yp> struct std::__shared_ptr<std::allocator<const std::shared_ptr<const sensor_msgs::msg::Image_<std::allocator<void> > >&>, __gnu_cxx::_S_atomic>::__has_esft_base<_Yp, std::__void_t<decltype (__enable_shared_from_this_base(declval<const std::__shared_count<__gnu_cxx::_S_atomic>&>(), declval<_Yp*>()))> > [with _Yp = std::allocator<const std::shared_ptr<const sensor_msgs::msg::Image_<std::allocator<void> > >&>]’
[10.830s] /usr/include/c++/9/bits/shared_ptr_base.h:1387:21:   required by substitution of ‘template<class _Yp, class _Yp2> typename std::enable_if<(! std::__shared_ptr<std::allocator<const std::shared_ptr<const sensor_msgs::msg::Image_<std::allocator<void> > >&>, __gnu_cxx::_S_atomic>::__has_esft_base<_Yp2, void>::value), void>::type std::__shared_ptr<std::allocator<const std::shared_ptr<const sensor_msgs::msg::Image_<std::allocator<void> > >&>, __gnu_cxx::_S_atomic>::_M_enable_shared_from_this_with<_Yp, _Yp2>(_Yp*) [with _Yp = std::allocator<const std::shared_ptr<const sensor_msgs::msg::Image_<std::allocator<void> > >&>; _Yp2 = std::allocator<const std::shared_ptr<const sensor_msgs::msg::Image_<std::allocator<void> > >&>]’
[10.830s] /usr/include/c++/9/bits/shared_ptr_base.h:1345:4:   required from ‘std::__shared_ptr<_Tp, _Lp>::__shared_ptr(std::_Sp_alloc_shared_tag<_Tp>, _Args&& ...) [with _Alloc = std::allocator<std::allocator<const std::shared_ptr<const sensor_msgs::msg::Image_<std::allocator<void> > >&> >; _Args = {std::allocator<void>&}; _Tp = std::allocator<const std::shared_ptr<const sensor_msgs::msg::Image_<std::allocator<void> > >&>; __gnu_cxx::_Lock_policy _Lp = __gnu_cxx::_S_atomic]’
[10.830s] /usr/include/c++/9/bits/shared_ptr.h:359:59:   required from ‘std::shared_ptr<_Tp>::shared_ptr(std::_Sp_alloc_shared_tag<_Tp>, _Args&& ...) [with _Alloc = std::allocator<std::allocator<const std::shared_ptr<const sensor_msgs::msg::Image_<std::allocator<void> > >&> >; _Args = {std::allocator<void>&}; _Tp = std::allocator<const std::shared_ptr<const sensor_msgs::msg::Image_<std::allocator<void> > >&>]’
[10.830s] /usr/include/c++/9/bits/shared_ptr.h:701:14:   required from ‘std::shared_ptr<_Tp> std::allocate_shared(const _Alloc&, _Args&& ...) [with _Tp = std::allocator<const std::shared_ptr<const sensor_msgs::msg::Image_<std::allocator<void> > >&>; _Alloc = std::allocator<std::allocator<const std::shared_ptr<const sensor_msgs::msg::Image_<std::allocator<void> > >&> >; _Args = {std::allocator<void>&}]’
[10.831s] /usr/include/c++/9/bits/shared_ptr.h:717:39:   required from ‘std::shared_ptr<_Tp> std::make_shared(_Args&& ...) [with _Tp = std::allocator<const std::shared_ptr<const sensor_msgs::msg::Image_<std::allocator<void> > >&>; _Args = {std::allocator<void>&}]’
[10.831s] /opt/ros/foxy/include/rclcpp/any_subscription_callback.hpp:68:56:   required from ‘rclcpp::AnySubscriptionCallback<MessageT, Alloc>::AnySubscriptionCallback(std::shared_ptr<_Tp>) [with MessageT = const std::shared_ptr<const sensor_msgs::msg::Image_<std::allocator<void> > >&; Alloc = std::allocator<void>]’
[10.831s] /opt/ros/foxy/include/rclcpp/subscription_factory.hpp:96:57:   required from ‘rclcpp::SubscriptionFactory rclcpp::create_subscription_factory(CallbackT&&, const rclcpp::SubscriptionOptionsWithAllocator<AllocatorT>&, typename MessageMemoryStrategyT::SharedPtr, std::shared_ptr<rclcpp::topic_statistics::SubscriptionTopicStatistics<CallbackMessageT> >) [with MessageT = sensor_msgs::msg::Image_<std::allocator<void> >; CallbackT = std::_Bind<void (VisualDetectionTester::*(VisualDetectionTester*, std::_Placeholder<1>))(const std::shared_ptr<const sensor_msgs::msg::Image_<std::allocator<void> > >&)>; AllocatorT = std::allocator<void>; CallbackMessageT = const std::shared_ptr<const sensor_msgs::msg::Image_<std::allocator<void> > >&; SubscriptionT = rclcpp::Subscription<const std::shared_ptr<const sensor_msgs::msg::Image_<std::allocator<void> > >&, std::allocator<void>, rclcpp::message_memory_strategy::MessageMemoryStrategy<const std::shared_ptr<const sensor_msgs::msg::Image_<std::allocator<void> > >&, std::allocator<void> > >; MessageMemoryStrategyT = rclcpp::message_memory_strategy::MessageMemoryStrategy<const std::shared_ptr<const sensor_msgs::msg::Image_<std::allocator<void> > >&, std::allocator<void> >; typename MessageMemoryStrategyT::SharedPtr = std::shared_ptr<rclcpp::message_memory_strategy::MessageMemoryStrategy<const std::shared_ptr<const sensor_msgs::msg::Image_<std::allocator<void> > >&, std::allocator<void> > >]’
[10.831s] /opt/ros/foxy/include/rclcpp/create_subscription.hpp:144:63:   required from ‘std::shared_ptr<SubscriptionT> rclcpp::create_subscription(NodeT&&, const string&, const rclcpp::QoS&, CallbackT&&, const rclcpp::SubscriptionOptionsWithAllocator<AllocatorT>&, typename MessageMemoryStrategyT::SharedPtr) [with MessageT = sensor_msgs::msg::Image_<std::allocator<void> >; CallbackT = std::_Bind<void (VisualDetectionTester::*(VisualDetectionTester*, std::_Placeholder<1>))(const std::shared_ptr<const sensor_msgs::msg::Image_<std::allocator<void> > >&)>; AllocatorT = std::allocator<void>; CallbackMessageT = const std::shared_ptr<const sensor_msgs::msg::Image_<std::allocator<void> > >&; SubscriptionT = rclcpp::Subscription<const std::shared_ptr<const sensor_msgs::msg::Image_<std::allocator<void> > >&, std::allocator<void>, rclcpp::message_memory_strategy::MessageMemoryStrategy<const std::shared_ptr<const sensor_msgs::msg::Image_<std::allocator<void> > >&, std::allocator<void> > >; MessageMemoryStrategyT = rclcpp::message_memory_strategy::MessageMemoryStrategy<const std::shared_ptr<const sensor_msgs::msg::Image_<std::allocator<void> > >&, std::allocator<void> >; NodeT = rclcpp::Node&; std::string = std::__cxx11::basic_string<char>; typename MessageMemoryStrategyT::SharedPtr = std::shared_ptr<rclcpp::message_memory_strategy::MessageMemoryStrategy<const std::shared_ptr<const sensor_msgs::msg::Image_<std::allocator<void> > >&, std::allocator<void> > >]’
[10.831s] /opt/ros/foxy/include/rclcpp/node_impl.hpp:98:47:   required from ‘std::shared_ptr<SubscriptionT> rclcpp::Node::create_subscription(const string&, const rclcpp::QoS&, CallbackT&&, const rclcpp::SubscriptionOptionsWithAllocator<AllocatorT>&, typename MessageMemoryStrategyT::SharedPtr) [with MessageT = sensor_msgs::msg::Image_<std::allocator<void> >; CallbackT = std::_Bind<void (VisualDetectionTester::*(VisualDetectionTester*, std::_Placeholder<1>))(const std::shared_ptr<const sensor_msgs::msg::Image_<std::allocator<void> > >&)>; AllocatorT = std::allocator<void>; CallbackMessageT = const std::shared_ptr<const sensor_msgs::msg::Image_<std::allocator<void> > >&; SubscriptionT = rclcpp::Subscription<const std::shared_ptr<const sensor_msgs::msg::Image_<std::allocator<void> > >&, std::allocator<void>, rclcpp::message_memory_strategy::MessageMemoryStrategy<const std::shared_ptr<const sensor_msgs::msg::Image_<std::allocator<void> > >&, std::allocator<void> > >; MessageMemoryStrategyT = rclcpp::message_memory_strategy::MessageMemoryStrategy<const std::shared_ptr<const sensor_msgs::msg::Image_<std::allocator<void> > >&, std::allocator<void> >; std::string = std::__cxx11::basic_string<char>; typename MessageMemoryStrategyT::SharedPtr = std::shared_ptr<rclcpp::message_memory_strategy::MessageMemoryStrategy<const std::shared_ptr<const sensor_msgs::msg::Image_<std::allocator<void> > >&, std::allocator<void> > >]’
[10.831s] /home/unitree/Desktop/unitree_dex3/src/unitree_g1_dex3_stack-main/src/visual_detection_tester.cpp:56:88:   required from here
[10.831s] /usr/include/c++/9/bits/allocator.h:116:26: error: forming pointer to reference type ‘const std::shared_ptr<const sensor_msgs::msg::Image_<std::allocator<void> > >&’
[10.831s]   116 |       typedef _Tp*       pointer;
[10.832s]       |                          ^~~~~~~
[10.832s] /usr/include/c++/9/bits/allocator.h:117:26: error: forming pointer to reference type ‘const std::shared_ptr<const sensor_msgs::msg::Image_<std::allocator<void> > >&’
[10.832s]   117 |       typedef const _Tp* const_pointer;
[10.832s]       |                          ^~~~~~~~~~~~~
[14.173s] In file included from /usr/include/c++/9/bits/shared_ptr.h:52,
[14.173s]                  from /usr/include/c++/9/memory:81,
[14.174s]                  from /home/unitree/Desktop/unitree_dex3/src/unitree_g1_dex3_stack-main/src/visual_detection_tester.cpp:3:
[14.174s] /usr/include/c++/9/bits/shared_ptr_base.h: In instantiation of ‘class std::__shared_ptr_access<const std::shared_ptr<const sensor_msgs::msg::Image_<std::allocator<void> > >&, __gnu_cxx::_S_atomic, false, false>’:
[14.174s] /usr/include/c++/9/bits/shared_ptr_base.h:1080:11:   required from ‘class std::__shared_ptr<const std::shared_ptr<const sensor_msgs::msg::Image_<std::allocator<void> > >&, __gnu_cxx::_S_atomic>’
[14.174s] /opt/ros/foxy/include/rclcpp/message_memory_strategy.hpp:85:37:   recursively required from ‘std::shared_ptr<_Tp> rclcpp::message_memory_strategy::MessageMemoryStrategy<MessageT, Alloc>::borrow_message() [with MessageT = const std::shared_ptr<const sensor_msgs::msg::Image_<std::allocator<void> > >&; Alloc = std::allocator<void>]’
[14.174s] /opt/ros/foxy/include/rclcpp/message_memory_strategy.hpp:85:37:   required from here
[14.174s] /usr/include/c++/9/bits/shared_ptr_base.h:1012:7: error: forming pointer to reference type ‘std::__shared_ptr_access<const std::shared_ptr<const sensor_msgs::msg::Image_<std::allocator<void> > >&, __gnu_cxx::_S_atomic, false, false>::element_type’ {aka ‘const std::shared_ptr<const sensor_msgs::msg::Image_<std::allocator<void> > >&’}
[14.174s]  1012 |       operator->() const noexcept
[14.174s]       |       ^~~~~~~~
[14.175s] /usr/include/c++/9/bits/shared_ptr_base.h:1020:7: error: forming pointer to reference type ‘std::__shared_ptr_access<const std::shared_ptr<const sensor_msgs::msg::Image_<std::allocator<void> > >&, __gnu_cxx::_S_atomic, false, false>::element_type’ {aka ‘const std::shared_ptr<const sensor_msgs::msg::Image_<std::allocator<void> > >&’}
[14.175s]  1020 |       _M_get() const noexcept
[14.175s]       |       ^~~~~~
[14.175s] /usr/include/c++/9/bits/shared_ptr_base.h: In instantiation of ‘class std::__shared_ptr<const std::shared_ptr<const sensor_msgs::msg::Image_<std::allocator<void> > >&, __gnu_cxx::_S_atomic>’:
[14.175s] /opt/ros/foxy/include/rclcpp/message_memory_strategy.hpp:85:37:   recursively required from ‘std::shared_ptr<_Tp> rclcpp::message_memory_strategy::MessageMemoryStrategy<MessageT, Alloc>::borrow_message() [with MessageT = const std::shared_ptr<const sensor_msgs::msg::Image_<std::allocator<void> > >&; Alloc = std::allocator<void>]’
[14.175s] /opt/ros/foxy/include/rclcpp/message_memory_strategy.hpp:85:37:   required from here
[14.176s] /usr/include/c++/9/bits/shared_ptr_base.h:1094:8: error: forming pointer to reference type ‘const std::shared_ptr<const sensor_msgs::msg::Image_<std::allocator<void> > >&’
[14.176s]  1094 |  using _Compatible = typename
[14.176s]       |        ^~~~~~~~~~~
[14.176s] /usr/include/c++/9/bits/shared_ptr_base.h:1104:8: error: forming pointer to reference type ‘const std::shared_ptr<const sensor_msgs::msg::Image_<std::allocator<void> > >&’
[14.176s]  1104 |  using _UniqCompatible = typename enable_if<__and_<
[14.176s]       |        ^~~~~~~~~~~~~~~
[14.176s] /usr/include/c++/9/bits/shared_ptr_base.h:1162:2: error: forming pointer to reference type ‘std::__shared_ptr<const std::shared_ptr<const sensor_msgs::msg::Image_<std::allocator<void> > >&, __gnu_cxx::_S_atomic>::element_type’ {aka ‘const std::shared_ptr<const sensor_msgs::msg::Image_<std::allocator<void> > >&’}
[14.176s]  1162 |  __shared_ptr(const __shared_ptr<_Yp, _Lp>& __r,
[14.177s]       |  ^~~~~~~~~~~~
[14.177s] /usr/include/c++/9/bits/shared_ptr_base.h: In substitution of ‘template<class _Tp, __gnu_cxx::_Lock_policy _Lp> template<class _Yp, class _Res> using _Compatible = typename std::enable_if<std::__sp_compatible_with<_Yp*, _Tp*>::value, _Res>::type [with _Yp = _Yp; _Res = void; _Tp = const std::shared_ptr<const sensor_msgs::msg::Image_<std::allocator<void> > >&; __gnu_cxx::_Lock_policy _Lp = __gnu_cxx::_S_atomic]’:
[14.177s] /usr/include/c++/9/bits/shared_ptr_base.h:1172:2:   required from ‘class std::__shared_ptr<const std::shared_ptr<const sensor_msgs::msg::Image_<std::allocator<void> > >&, __gnu_cxx::_S_atomic>’
[14.177s] /opt/ros/foxy/include/rclcpp/message_memory_strategy.hpp:85:37:   recursively required from ‘std::shared_ptr<_Tp> rclcpp::message_memory_strategy::MessageMemoryStrategy<MessageT, Alloc>::borrow_message() [with MessageT = const std::shared_ptr<const sensor_msgs::msg::Image_<std::allocator<void> > >&; Alloc = std::allocator<void>]’
[14.177s] /opt/ros/foxy/include/rclcpp/message_memory_strategy.hpp:85:37:   required from here
[14.177s] /usr/include/c++/9/bits/shared_ptr_base.h:1094:8: error: forming pointer to reference type ‘const std::shared_ptr<const sensor_msgs::msg::Image_<std::allocator<void> > >&’
[14.177s]  1094 |  using _Compatible = typename
[14.177s]       |        ^~~~~~~~~~~
[14.177s] /usr/include/c++/9/bits/shared_ptr_base.h: In substitution of ‘template<class _Tp, __gnu_cxx::_Lock_policy _Lp> template<class _Yp, class _Del, class _Res, class _Ptr> using _UniqCompatible = typename std::enable_if<std::__and_<std::__sp_compatible_with<_Yp*, _Tp*>, std::is_convertible<_Ptr, typename std::remove_extent<_Up>::type*> >::value, _Res>::type [with _Yp = _Yp; _Del = _Del; _Res = void; _Ptr = typename std::unique_ptr<_Tp, _Dp>::pointer; _Tp = const std::shared_ptr<const sensor_msgs::msg::Image_<std::allocator<void> > >&; __gnu_cxx::_Lock_policy _Lp = __gnu_cxx::_S_atomic]’:
[14.178s] /usr/include/c++/9/bits/shared_ptr_base.h:1203:2:   required from ‘class std::__shared_ptr<const std::shared_ptr<const sensor_msgs::msg::Image_<std::allocator<void> > >&, __gnu_cxx::_S_atomic>’
[14.178s] /opt/ros/foxy/include/rclcpp/message_memory_strategy.hpp:85:37:   recursively required from ‘std::shared_ptr<_Tp> rclcpp::message_memory_strategy::MessageMemoryStrategy<MessageT, Alloc>::borrow_message() [with MessageT = const std::shared_ptr<const sensor_msgs::msg::Image_<std::allocator<void> > >&; Alloc = std::allocator<void>]’
[14.178s] /opt/ros/foxy/include/rclcpp/message_memory_strategy.hpp:85:37:   required from here
[14.178s] /usr/include/c++/9/bits/shared_ptr_base.h:1104:8: error: forming pointer to reference type ‘const std::shared_ptr<const sensor_msgs::msg::Image_<std::allocator<void> > >&’
[14.178s]  1104 |  using _UniqCompatible = typename enable_if<__and_<
[14.178s]       |        ^~~~~~~~~~~~~~~
[14.178s] /usr/include/c++/9/bits/shared_ptr_base.h: In instantiation of ‘class std::__shared_ptr<const std::shared_ptr<const sensor_msgs::msg::Image_<std::allocator<void> > >&, __gnu_cxx::_S_atomic>’:
[14.178s] /opt/ros/foxy/include/rclcpp/message_memory_strategy.hpp:85:37:   recursively required from ‘std::shared_ptr<_Tp> rclcpp::message_memory_strategy::MessageMemoryStrategy<MessageT, Alloc>::borrow_message() [with MessageT = const std::shared_ptr<const sensor_msgs::msg::Image_<std::allocator<void> > >&; Alloc = std::allocator<void>]’
[14.178s] /opt/ros/foxy/include/rclcpp/message_memory_strategy.hpp:85:37:   required from here
[14.178s] /usr/include/c++/9/bits/shared_ptr_base.h:1309:7: error: forming pointer to reference type ‘std::__shared_ptr<const std::shared_ptr<const sensor_msgs::msg::Image_<std::allocator<void> > >&, __gnu_cxx::_S_atomic>::element_type’ {aka ‘const std::shared_ptr<const sensor_msgs::msg::Image_<std::allocator<void> > >&’}
[14.179s]  1309 |       get() const noexcept
[14.179s]       |       ^~~
[14.179s] /usr/include/c++/9/bits/shared_ptr_base.h:1404:24: error: forming pointer to reference type ‘std::__shared_ptr<const std::shared_ptr<const sensor_msgs::msg::Image_<std::allocator<void> > >&, __gnu_cxx::_S_atomic>::element_type’ {aka ‘const std::shared_ptr<const sensor_msgs::msg::Image_<std::allocator<void> > >&’}
[14.179s]  1404 |       element_type*    _M_ptr;         // Contained pointer.
[14.179s]       |                        ^~~~~~
[14.179s] In file included from /usr/include/c++/9/memory:81,
[14.179s]                  from /home/unitree/Desktop/unitree_dex3/src/unitree_g1_dex3_stack-main/src/visual_detection_tester.cpp:3:
[14.179s] /usr/include/c++/9/bits/shared_ptr.h: In instantiation of ‘class std::shared_ptr<const std::shared_ptr<const sensor_msgs::msg::Image_<std::allocator<void> > >&>’:
[14.180s] /opt/ros/foxy/include/rclcpp/message_memory_strategy.hpp:85:37:   recursively required from ‘std::shared_ptr<_Tp> rclcpp::message_memory_strategy::MessageMemoryStrategy<MessageT, Alloc>::borrow_message() [with MessageT = const std::shared_ptr<const sensor_msgs::msg::Image_<std::allocator<void> > >&; Alloc = std::allocator<void>]’
[14.180s] /opt/ros/foxy/include/rclcpp/message_memory_strategy.hpp:85:37:   required from here
[14.180s] /usr/include/c++/9/bits/shared_ptr.h:234:2: error: forming pointer to reference type ‘std::shared_ptr<const std::shared_ptr<const sensor_msgs::msg::Image_<std::allocator<void> > >&>::element_type’ {aka ‘const std::shared_ptr<const sensor_msgs::msg::Image_<std::allocator<void> > >&’}
[14.180s]   234 |  shared_ptr(const shared_ptr<_Yp>& __r, element_type* __p) noexcept
[14.180s]       |  ^~~~~~~~~~
[14.329s] In file included from /usr/include/c++/9/bits/shared_ptr.h:52,
[14.330s]                  from /usr/include/c++/9/memory:81,
[14.330s]                  from /home/unitree/Desktop/unitree_dex3/src/unitree_g1_dex3_stack-main/src/visual_detection_tester.cpp:3:
[14.330s] /usr/include/c++/9/bits/shared_ptr_base.h: In instantiation of ‘constexpr std::__shared_ptr<_Tp, _Lp>::__shared_ptr() [with _Tp = const std::shared_ptr<const sensor_msgs::msg::Image_<std::allocator<void> > >&; __gnu_cxx::_Lock_policy _Lp = __gnu_cxx::_S_atomic]’:
[14.330s] /usr/include/c++/9/bits/shared_ptr_base.h:1287:9:   required from ‘void std::__shared_ptr<_Tp, _Lp>::reset() [with _Tp = const std::shared_ptr<const sensor_msgs::msg::Image_<std::allocator<void> > >&; __gnu_cxx::_Lock_policy _Lp = __gnu_cxx::_S_atomic]’
[14.331s] /opt/ros/foxy/include/rclcpp/message_memory_strategy.hpp:109:5:   required from ‘void rclcpp::message_memory_strategy::MessageMemoryStrategy<MessageT, Alloc>::return_message(std::shared_ptr<_Tp>&) [with MessageT = const std::shared_ptr<const sensor_msgs::msg::Image_<std::allocator<void> > >&; Alloc = std::allocator<void>]’
[14.331s] /opt/ros/foxy/include/rclcpp/message_memory_strategy.hpp:107:16:   required from here
[14.331s] /usr/include/c++/9/bits/shared_ptr_base.h:1119:32: error: using invalid field ‘std::__shared_ptr<_Tp, _Lp>::_M_ptr’
[14.331s]  1119 |       : _M_ptr(0), _M_refcount()
[14.331s]       |                                ^
[14.332s] /usr/include/c++/9/bits/shared_ptr_base.h: In instantiation of ‘void std::__shared_ptr<_Tp, _Lp>::swap(std::__shared_ptr<_Tp, _Lp>&) [with _Tp = const std::shared_ptr<const sensor_msgs::msg::Image_<std::allocator<void> > >&; __gnu_cxx::_Lock_policy _Lp = __gnu_cxx::_S_atomic]’:
[14.332s] /usr/include/c++/9/bits/shared_ptr_base.h:1287:24:   required from ‘void std::__shared_ptr<_Tp, _Lp>::reset() [with _Tp = const std::shared_ptr<const sensor_msgs::msg::Image_<std::allocator<void> > >&; __gnu_cxx::_Lock_policy _Lp = __gnu_cxx::_S_atomic]’
[14.332s] /opt/ros/foxy/include/rclcpp/message_memory_strategy.hpp:109:5:   required from ‘void rclcpp::message_memory_strategy::MessageMemoryStrategy<MessageT, Alloc>::return_message(std::shared_ptr<_Tp>&) [with MessageT = const std::shared_ptr<const sensor_msgs::msg::Image_<std::allocator<void> > >&; Alloc = std::allocator<void>]’
[14.333s] /opt/ros/foxy/include/rclcpp/message_memory_strategy.hpp:107:16:   required from here
[14.333s] /usr/include/c++/9/bits/shared_ptr_base.h:1326:12: error: using invalid field ‘std::__shared_ptr<_Tp, _Lp>::_M_ptr’
[14.333s]  1326 |  std::swap(_M_ptr, __other._M_ptr);
[14.333s]       |            ^~~~~~
[14.333s] /usr/include/c++/9/bits/shared_ptr_base.h:1326:28: error: ‘class std::__shared_ptr<const std::shared_ptr<const sensor_msgs::msg::Image_<std::allocator<void> > >&, __gnu_cxx::_S_atomic>’ has no member named ‘_M_ptr’
[14.334s]  1326 |  std::swap(_M_ptr, __other._M_ptr);
[14.334s]       |                    ~~~~~~~~^~~~~~
[14.490s] In file included from /usr/include/c++/9/functional:59,
[14.491s]                  from /usr/include/c++/9/pstl/glue_algorithm_defs.h:13,
[14.491s]                  from /usr/include/c++/9/algorithm:71,
[14.491s]                  from /home/unitree/Desktop/unitree_dex3/src/unitree_g1_dex3_stack-main/src/visual_detection_tester.cpp:1:
[14.491s] /usr/include/c++/9/bits/std_function.h: At global scope:
[14.491s] /usr/include/c++/9/bits/std_function.h:667:7: error: ‘std::function<_Res(_ArgTypes ...)>::function(_Functor) [with _Functor = rclcpp::create_subscription_factory(CallbackT&&, const rclcpp::SubscriptionOptionsWithAllocator<AllocatorT>&, typename MessageMemoryStrategyT::SharedPtr, std::shared_ptr<rclcpp::topic_statistics::SubscriptionTopicStatistics<CallbackMessageT> >) [with MessageT = sensor_msgs::msg::Image_<std::allocator<void> >; CallbackT = std::_Bind<void (VisualDetectionTester::*(VisualDetectionTester*, std::_Placeholder<1>))(const std::shared_ptr<const sensor_msgs::msg::Image_<std::allocator<void> > >&)>; AllocatorT = std::allocator<void>; CallbackMessageT = const std::shared_ptr<const sensor_msgs::msg::Image_<std::allocator<void> > >&; SubscriptionT = rclcpp::Subscription<const std::shared_ptr<const sensor_msgs::msg::Image_<std::allocator<void> > >&, std::allocator<void>, rclcpp::message_memory_strategy::MessageMemoryStrategy<const std::shared_ptr<const sensor_msgs::msg::Image_<std::allocator<void> > >&, std::allocator<void> > >; MessageMemoryStrategyT = rclcpp::message_memory_strategy::MessageMemoryStrategy<const std::shared_ptr<const sensor_msgs::msg::Image_<std::allocator<void> > >&, std::allocator<void> >; typename MessageMemoryStrategyT::SharedPtr = std::shared_ptr<rclcpp::message_memory_strategy::MessageMemoryStrategy<const std::shared_ptr<const sensor_msgs::msg::Image_<std::allocator<void> > >&, std::allocator<void> > >]::<lambda(rclcpp::node_interfaces::NodeBaseInterface*, const string&, const rclcpp::QoS&)>; <template-parameter-2-2> = void; <template-parameter-2-3> = void; _Res = std::shared_ptr<rclcpp::SubscriptionBase>; _ArgTypes = {rclcpp::node_interfaces::NodeBaseInterface*, const std::__cxx11::basic_string<char, std::char_traits<char>, std::allocator<char> >&, const rclcpp::QoS&}]’, declared using local type ‘rclcpp::create_subscription_factory(CallbackT&&, const rclcpp::SubscriptionOptionsWithAllocator<AllocatorT>&, typename MessageMemoryStrategyT::SharedPtr, std::shared_ptr<rclcpp::topic_statistics::SubscriptionTopicStatistics<CallbackMessageT> >) [with MessageT = sensor_msgs::msg::Image_<std::allocator<void> >; CallbackT = std::_Bind<void (VisualDetectionTester::*(VisualDetectionTester*, std::_Placeholder<1>))(const std::shared_ptr<const sensor_msgs::msg::Image_<std::allocator<void> > >&)>; AllocatorT = std::allocator<void>; CallbackMessageT = const std::shared_ptr<const sensor_msgs::msg::Image_<std::allocator<void> > >&; SubscriptionT = rclcpp::Subscription<const std::shared_ptr<const sensor_msgs::msg::Image_<std::allocator<void> > >&, std::allocator<void>, rclcpp::message_memory_strategy::MessageMemoryStrategy<const std::shared_ptr<const sensor_msgs::msg::Image_<std::allocator<void> > >&, std::allocator<void> > >; MessageMemoryStrategyT = rclcpp::message_memory_strategy::MessageMemoryStrategy<const std::shared_ptr<const sensor_msgs::msg::Image_<std::allocator<void> > >&, std::allocator<void> >; typename MessageMemoryStrategyT::SharedPtr = std::shared_ptr<rclcpp::message_memory_strategy::MessageMemoryStrategy<const std::shared_ptr<const sensor_msgs::msg::Image_<std::allocator<void> > >&, std::allocator<void> > >]::<lambda(rclcpp::node_interfaces::NodeBaseInterface*, const string&, const rclcpp::QoS&)>’, is used but never defined [-fpermissive]
[14.491s]   667 |       function<_Res(_ArgTypes...)>::
[14.492s]       |       ^~~~~~~~~~~~~~~~~~~~~~~~~~~~
[15.493s] make[2]: *** [CMakeFiles/visual_detection_tester.dir/build.make:63: CMakeFiles/visual_detection_tester.dir/src/visual_detection_tester.cpp.o] Error 1
[15.494s] make[1]: *** [CMakeFiles/Makefile2:227: CMakeFiles/visual_detection_tester.dir/all] Error 2
[15.494s] make: *** [Makefile:141: all] Error 2
[15.499s] Invoked command in '/home/unitree/Desktop/unitree_dex3/build/unitree_g1_dex3_stack' returned '2': AMENT_PREFIX_PATH=/home/unitree/Desktop/unitree_dex3/install/trac_ik_lib:/home/unitree/Desktop/unitree_dex3/install/bboxes_ex_msgs:${AMENT_PREFIX_PATH} CMAKE_PREFIX_PATH=/home/unitree/Desktop/unitree_dex3/install/trac_ik_lib:/home/unitree/Desktop/unitree_dex3/install/bboxes_ex_msgs:/home/unitree/unitree_ros2/cyclonedds_ws/install:/home/unitree/cyclonedds_ws/install/rmw_cyclonedds_cpp:/home/unitree/cyclonedds_ws/install/cyclonedds:/opt/ros/foxy CONDA_PROMPT_MODIFIER=(base) LD_LIBRARY_PATH=/home/unitree/Desktop/unitree_dex3/install/trac_ik_lib/lib:/home/unitree/Desktop/unitree_dex3/install/bboxes_ex_msgs/lib:${LD_LIBRARY_PATH} PYTHONPATH=/home/unitree/Desktop/unitree_dex3/install/bboxes_ex_msgs/lib/python3.8/site-packages:${PYTHONPATH} /usr/bin/cmake --build /home/unitree/Desktop/unitree_dex3/build/unitree_g1_dex3_stack -- -j8 -l8
