[0.053s] Invoking command in '/home/unitree/Desktop/unitree_dex3/build/unitree_g1_dex3_stack': CMAKE_PREFIX_PATH=/home/unitree/Desktop/unitree_dex3/install/trac_ik_lib:/home/unitree/Desktop/unitree_dex3/install/fcl:/home/unitree/Desktop/unitree_dex3/install/bboxes_ex_msgs:/home/unitree/Desktop/unitree_dex3/install/yolox_ros_cpp:/home/unitree/Desktop/unitree_dex3/install/yolox_cpp:/home/unitree/Desktop/unitree_dex3/install/unitree_g1_dex3_stack:/home/unitree/Desktop/unitree_dex3/install/trac_ik:/home/unitree/unitree_ros2/cyclonedds_ws/install:/home/unitree/cyclonedds_ws/install/rmw_cyclonedds_cpp:/home/unitree/cyclonedds_ws/install/cyclonedds:/opt/ros/foxy CONDA_PROMPT_MODIFIER=(base) LD_LIBRARY_PATH=/home/unitree/Desktop/unitree_dex3/install/trac_ik_lib/lib:/home/unitree/Desktop/unitree_dex3/install/fcl/lib:/home/unitree/Desktop/unitree_dex3/install/bboxes_ex_msgs/lib:/home/unitree/Desktop/unitree_dex3/install/yolox_ros_cpp/lib:/home/unitree/Desktop/unitree_dex3/install/yolox_cpp/lib:/usr/local/cuda-11.4/lib64:/usr/local/lib:/usr/local/cuda-11.4/lib64:/usr/local/lib:/home/unitree/unitree_ros2/cyclonedds_ws/install/lib:/home/unitree/cyclonedds_ws/install/rmw_cyclonedds_cpp/lib:/home/unitree/cyclonedds_ws/install/cyclonedds/lib:/opt/ros/foxy/opt/yaml_cpp_vendor/lib:/opt/ros/foxy/opt/rviz_ogre_vendor/lib:/opt/ros/foxy/lib/aarch64-linux-gnu:/opt/ros/foxy/lib /usr/bin/cmake --build /home/unitree/Desktop/unitree_dex3/build/unitree_g1_dex3_stack -- -j8 -l8
[0.152s] -- Found ament_cmake: 0.9.12 (/opt/ros/foxy/share/ament_cmake/cmake)
[0.214s] -- Using PYTHON_EXECUTABLE: /usr/bin/python3
[0.606s] -- Found rclcpp: 2.4.3 (/opt/ros/foxy/share/rclcpp/cmake)
[0.675s] -- Using all available rosidl_typesupport_c: rosidl_typesupport_fastrtps_c;rosidl_typesupport_introspection_c
[0.681s] -- Found rosidl_adapter: 1.3.1 (/opt/ros/foxy/share/rosidl_adapter/cmake)
[0.916s] -- Using all available rosidl_typesupport_cpp: rosidl_typesupport_fastrtps_cpp;rosidl_typesupport_introspection_cpp
[1.000s] -- Found rmw_implementation_cmake: 1.0.4 (/opt/ros/foxy/share/rmw_implementation_cmake/cmake)
[1.004s] -- Using RMW implementation 'rmw_cyclonedds_cpp' as default
[1.236s] -- Found sensor_msgs: 2.0.5 (/opt/ros/foxy/share/sensor_msgs/cmake)
[1.404s] -- Found trajectory_msgs: 2.0.5 (/opt/ros/foxy/share/trajectory_msgs/cmake)
[1.506s] -- Found unitree_hg: 0.0.0 (/home/unitree/unitree_ros2/cyclonedds_ws/install/share/unitree_hg/cmake)
[1.591s] -- Found urdf: 2.4.0 (/opt/ros/foxy/share/urdf/cmake)
[1.624s] -- Found kdl_parser: 2.4.1 (/opt/ros/foxy/share/kdl_parser/cmake)
[1.626s] -- Found eigen3_cmake_module: 0.1.1 (/opt/ros/foxy/share/eigen3_cmake_module/cmake)
[1.635s] -- Found vision_msgs: 2.0.0 (/opt/ros/foxy/share/vision_msgs/cmake)
[1.810s] -- Found cv_bridge: 3.0.7 (/opt/ros/foxy/share/cv_bridge/cmake)
[1.859s] -- Found bboxes_ex_msgs: 0.0.1 (/home/unitree/Desktop/unitree_dex3/install/bboxes_ex_msgs/share/bboxes_ex_msgs/cmake)
[1.909s] -- Found image_transport: 2.4.0 (/opt/ros/foxy/share/image_transport/cmake)
[1.977s] -- Found pcl_conversions: 2.2.1 (/opt/ros/foxy/share/pcl_conversions/cmake)
[2.215s] -- Found tf2: 0.13.14 (/opt/ros/foxy/share/tf2/cmake)
[2.232s] -- Found tf2_ros: 0.13.14 (/opt/ros/foxy/share/tf2_ros/cmake)
[2.733s] -- Found tf2_geometry_msgs: 0.13.14 (/opt/ros/foxy/share/tf2_geometry_msgs/cmake)
[2.806s] -- Eigen found (include: /usr/include/eigen3, version: 3.3.7)
[2.832s] -- Found Boost: /usr/include (found suitable version "1.71.0", minimum required is "1.55.0") found components: system filesystem date_time iostreams regex 
[2.979s] -- The imported target "vtkParseOGLExt" references the file
[2.979s]    "/usr/bin/vtkParseOGLExt-7.1"
[2.980s] but this file does not exist.  Possible reasons include:
[2.980s] * The file was deleted, renamed, or moved to another location.
[2.980s] * An install or uninstall procedure did not complete successfully.
[2.980s] * The installation package was faulty and contained
[2.980s]    "/usr/lib/cmake/vtk-7.1/VTKTargets.cmake"
[2.980s] but not all the files it references.
[2.980s] 
[2.981s] -- The imported target "vtkRenderingPythonTkWidgets" references the file
[2.981s]    "/usr/lib/aarch64-linux-gnu/libvtkRenderingPythonTkWidgets.so"
[2.981s] but this file does not exist.  Possible reasons include:
[2.981s] * The file was deleted, renamed, or moved to another location.
[2.982s] * An install or uninstall procedure did not complete successfully.
[2.982s] * The installation package was faulty and contained
[2.982s]    "/usr/lib/cmake/vtk-7.1/VTKTargets.cmake"
[2.982s] but not all the files it references.
[2.983s] 
[2.983s] -- The imported target "vtk" references the file
[2.983s]    "/usr/bin/vtk"
[2.983s] but this file does not exist.  Possible reasons include:
[2.983s] * The file was deleted, renamed, or moved to another location.
[2.983s] * An install or uninstall procedure did not complete successfully.
[2.983s] * The installation package was faulty and contained
[2.983s]    "/usr/lib/cmake/vtk-7.1/VTKTargets.cmake"
[2.984s] but not all the files it references.
[2.984s] 
[2.984s] -- The imported target "pvtk" references the file
[2.984s]    "/usr/bin/pvtk"
[2.984s] but this file does not exist.  Possible reasons include:
[2.984s] * The file was deleted, renamed, or moved to another location.
[2.984s] * An install or uninstall procedure did not complete successfully.
[2.984s] * The installation package was faulty and contained
[2.984s]    "/usr/lib/cmake/vtk-7.1/VTKTargets.cmake"
[2.985s] but not all the files it references.
[2.985s] 
[3.026s] -- OpenNI found (include: /usr/include/ni, lib: /usr/lib/libOpenNI.so)
[3.038s] -- OpenNI2 found (include: /usr/include/openni2, lib: /usr/lib/libOpenNI2.so)
[3.038s] ** WARNING ** io features related to pcap will be disabled
[3.039s] ** WARNING ** io features related to png will be disabled
[3.058s] ** WARNING ** io features related to libusb-1.0 will be disabled
[3.071s] -- OpenNI found (include: /usr/include/ni, lib: /usr/lib/libOpenNI.so)
[3.083s] -- OpenNI2 found (include: /usr/include/openni2, lib: /usr/lib/libOpenNI2.so)
[3.106s] -- QHULL found (include: /usr/include, lib: optimized;/usr/lib/aarch64-linux-gnu/libqhull.so;debug;/usr/lib/aarch64-linux-gnu/libqhull.so)
[3.119s] -- OpenNI found (include: /usr/include/ni, lib: /usr/lib/libOpenNI.so)
[3.139s] -- looking for PCL_COMMON
[3.140s] -- looking for PCL_KDTREE
[3.141s] -- looking for PCL_OCTREE
[3.141s] -- looking for PCL_SEARCH
[3.142s] -- looking for PCL_SAMPLE_CONSENSUS
[3.144s] -- looking for PCL_FILTERS
[3.145s] -- looking for PCL_2D
[3.146s] -- looking for PCL_GEOMETRY
[3.146s] -- looking for PCL_IO
[3.148s] -- looking for PCL_FEATURES
[3.149s] -- looking for PCL_ML
[3.150s] -- looking for PCL_SEGMENTATION
[3.150s] -- looking for PCL_VISUALIZATION
[3.152s] -- looking for PCL_SURFACE
[3.152s] -- looking for PCL_REGISTRATION
[3.153s] -- looking for PCL_KEYPOINTS
[3.154s] -- looking for PCL_TRACKING
[3.155s] -- looking for PCL_RECOGNITION
[3.156s] -- looking for PCL_STEREO
[3.157s] -- looking for PCL_APPS
[3.158s] -- looking for PCL_IN_HAND_SCANNER
[3.159s] -- looking for PCL_POINT_CLOUD_EDITOR
[3.159s] -- looking for PCL_OUTOFCORE
[3.160s] -- looking for PCL_PEOPLE
[3.164s] -- Found trac_ik_lib: 2.0.2 (/home/unitree/Desktop/unitree_dex3/install/trac_ik_lib/share/trac_ik_lib/cmake)
[3.209s] -- Found geometric_shapes: 2.1.2 (/opt/ros/foxy/share/geometric_shapes/cmake)
[3.219s] -- Found Boost: /usr/include (found version "1.71.0") found components: filesystem 
[3.311s] -- library: /usr/lib/aarch64-linux-gnu/libcurl.so
[3.700s] -- Found ament_lint_auto: 0.9.8 (/opt/ros/foxy/share/ament_lint_auto/cmake)
[3.838s] -- Configuring done
[4.143s] -- Generating done
[4.284s] -- Build files have been written to: /home/unitree/Desktop/unitree_dex3/build/unitree_g1_dex3_stack
[4.426s] Scanning dependencies of target ik_fcl_ompl_planner
[4.466s] [ 11%] Built target joint_state_publisher
[4.492s] [ 22%] Built target joint_trajectory_executor
[4.497s] Scanning dependencies of target right_hand_pressure_monitor
[4.520s] Scanning dependencies of target detection_to_goal_node
[4.520s] Scanning dependencies of target dex3_controller
[4.520s] [ 27%] Building CXX object CMakeFiles/ik_fcl_ompl_planner.dir/src/ik_fcl_ompl_planner.cpp.o
[4.568s] [ 33%] Building CXX object CMakeFiles/right_hand_pressure_monitor.dir/src/right_hand_pressure_monitor.cpp.o
[4.568s] Scanning dependencies of target visual_detection_yolo_tester
[4.575s] Scanning dependencies of target visual_detection_tester
[4.594s] [ 38%] Building CXX object CMakeFiles/dex3_controller.dir/src/dex3_controller.cpp.o
[4.622s] [ 44%] Building CXX object CMakeFiles/detection_to_goal_node.dir/src/detection_to_goal_node.cpp.o
[4.670s] [ 50%] Building CXX object CMakeFiles/visual_detection_yolo_tester.dir/src/visual_detection_yolo_tester.cpp.o
[4.695s] [ 55%] Building CXX object CMakeFiles/visual_detection_tester.dir/src/visual_detection_tester.cpp.o
[4.709s] Scanning dependencies of target project_to_3d_node
[4.829s] [ 61%] Building CXX object CMakeFiles/project_to_3d_node.dir/src/project_to_3d_node.cpp.o
[6.610s] /home/unitree/Desktop/unitree_dex3/src/unitree_g1_dex3_stack-main/src/ik_fcl_ompl_planner.cpp:31:10: fatal error: tf2_geometry_msgs/tf2_geometry_msgs.hpp: No such file or directory
[6.610s]    31 | #include <tf2_geometry_msgs/tf2_geometry_msgs.hpp>
[6.610s]       |          ^~~~~~~~~~~~~~~~~~~~~~~~~~~~~~~~~~~~~~~~~
[6.610s] compilation terminated.
[6.632s] make[2]: *** [CMakeFiles/ik_fcl_ompl_planner.dir/build.make:63: CMakeFiles/ik_fcl_ompl_planner.dir/src/ik_fcl_ompl_planner.cpp.o] Error 1
[6.636s] make[1]: *** [CMakeFiles/Makefile2:310: CMakeFiles/ik_fcl_ompl_planner.dir/all] Error 2
[6.637s] make[1]: *** Waiting for unfinished jobs....
[18.845s] [ 66%] Linking CXX executable right_hand_pressure_monitor
[19.754s] [ 66%] Built target right_hand_pressure_monitor
[20.304s] [ 72%] Linking CXX executable visual_detection_yolo_tester
[21.314s] [ 72%] Built target visual_detection_yolo_tester
[22.746s] [ 77%] Linking CXX executable detection_to_goal_node
[23.574s] [ 77%] Built target detection_to_goal_node
[25.448s] [ 83%] Linking CXX executable dex3_controller
[26.254s] [ 83%] Built target dex3_controller
[33.096s] [ 88%] Linking CXX executable visual_detection_tester
[35.078s] [ 88%] Built target visual_detection_tester
[57.332s] [ 94%] Linking CXX executable project_to_3d_node
[63.077s] [ 94%] Built target project_to_3d_node
[63.078s] make: *** [Makefile:141: all] Error 2
[63.084s] Invoked command in '/home/unitree/Desktop/unitree_dex3/build/unitree_g1_dex3_stack' returned '2': CMAKE_PREFIX_PATH=/home/unitree/Desktop/unitree_dex3/install/trac_ik_lib:/home/unitree/Desktop/unitree_dex3/install/fcl:/home/unitree/Desktop/unitree_dex3/install/bboxes_ex_msgs:/home/unitree/Desktop/unitree_dex3/install/yolox_ros_cpp:/home/unitree/Desktop/unitree_dex3/install/yolox_cpp:/home/unitree/Desktop/unitree_dex3/install/unitree_g1_dex3_stack:/home/unitree/Desktop/unitree_dex3/install/trac_ik:/home/unitree/unitree_ros2/cyclonedds_ws/install:/home/unitree/cyclonedds_ws/install/rmw_cyclonedds_cpp:/home/unitree/cyclonedds_ws/install/cyclonedds:/opt/ros/foxy CONDA_PROMPT_MODIFIER=(base) LD_LIBRARY_PATH=/home/unitree/Desktop/unitree_dex3/install/trac_ik_lib/lib:/home/unitree/Desktop/unitree_dex3/install/fcl/lib:/home/unitree/Desktop/unitree_dex3/install/bboxes_ex_msgs/lib:/home/unitree/Desktop/unitree_dex3/install/yolox_ros_cpp/lib:/home/unitree/Desktop/unitree_dex3/install/yolox_cpp/lib:/usr/local/cuda-11.4/lib64:/usr/local/lib:/usr/local/cuda-11.4/lib64:/usr/local/lib:/home/unitree/unitree_ros2/cyclonedds_ws/install/lib:/home/unitree/cyclonedds_ws/install/rmw_cyclonedds_cpp/lib:/home/unitree/cyclonedds_ws/install/cyclonedds/lib:/opt/ros/foxy/opt/yaml_cpp_vendor/lib:/opt/ros/foxy/opt/rviz_ogre_vendor/lib:/opt/ros/foxy/lib/aarch64-linux-gnu:/opt/ros/foxy/lib /usr/bin/cmake --build /home/unitree/Desktop/unitree_dex3/build/unitree_g1_dex3_stack -- -j8 -l8
