[0.106s] Invoking command in '/home/unitree/Desktop/unitree_dex3/build/unitree_g1_dex3_stack': AMENT_PREFIX_PATH=/home/unitree/Desktop/unitree_dex3/install/trac_ik_lib:/home/unitree/Desktop/unitree_dex3/install/bboxes_ex_msgs:${AMENT_PREFIX_PATH} CMAKE_PREFIX_PATH=/home/unitree/Desktop/unitree_dex3/install/trac_ik_lib:/home/unitree/Desktop/unitree_dex3/install/bboxes_ex_msgs:/home/unitree/unitree_ros2/cyclonedds_ws/install:/home/unitree/cyclonedds_ws/install/rmw_cyclonedds_cpp:/home/unitree/cyclonedds_ws/install/cyclonedds:/opt/ros/foxy CONDA_PROMPT_MODIFIER=(base) LD_LIBRARY_PATH=/home/unitree/Desktop/unitree_dex3/install/trac_ik_lib/lib:/home/unitree/Desktop/unitree_dex3/install/bboxes_ex_msgs/lib:${LD_LIBRARY_PATH} PYTHONPATH=/home/unitree/Desktop/unitree_dex3/install/bboxes_ex_msgs/lib/python3.8/site-packages:${PYTHONPATH} /usr/bin/cmake /home/unitree/Desktop/unitree_dex3/src/unitree_g1_dex3_stack-main -DBUILD_IK_FCL_OMPL_PLANNER=ON -DCMAKE_INSTALL_PREFIX=/home/unitree/Desktop/unitree_dex3/install/unitree_g1_dex3_stack
[0.216s] -- Found ament_cmake: 0.9.12 (/opt/ros/foxy/share/ament_cmake/cmake)
[0.361s] -- Using PYTHON_EXECUTABLE: /usr/bin/python3
[0.953s] -- Found rclcpp: 2.4.3 (/opt/ros/foxy/share/rclcpp/cmake)
[1.166s] -- Using all available rosidl_typesupport_c: rosidl_typesupport_fastrtps_c;rosidl_typesupport_introspection_c
[1.189s] -- Found rosidl_adapter: 1.3.1 (/opt/ros/foxy/share/rosidl_adapter/cmake)
[1.543s] -- Using all available rosidl_typesupport_cpp: rosidl_typesupport_fastrtps_cpp;rosidl_typesupport_introspection_cpp
[1.663s] -- Found rmw_implementation_cmake: 1.0.4 (/opt/ros/foxy/share/rmw_implementation_cmake/cmake)
[1.677s] -- Using RMW implementation 'rmw_cyclonedds_cpp' as default
[1.984s] -- Found sensor_msgs: 2.0.5 (/opt/ros/foxy/share/sensor_msgs/cmake)
[2.177s] -- Found trajectory_msgs: 2.0.5 (/opt/ros/foxy/share/trajectory_msgs/cmake)
[2.310s] -- Found unitree_hg: 0.0.0 (/home/unitree/unitree_ros2/cyclonedds_ws/install/share/unitree_hg/cmake)
[2.427s] -- Found urdf: 2.4.0 (/opt/ros/foxy/share/urdf/cmake)
[2.501s] -- Found kdl_parser: 2.4.1 (/opt/ros/foxy/share/kdl_parser/cmake)
[2.506s] -- Found eigen3_cmake_module: 0.1.1 (/opt/ros/foxy/share/eigen3_cmake_module/cmake)
[2.523s] -- Found vision_msgs: 2.0.0 (/opt/ros/foxy/share/vision_msgs/cmake)
[2.726s] -- Found cv_bridge: 3.0.7 (/opt/ros/foxy/share/cv_bridge/cmake)
[2.780s] -- Found bboxes_ex_msgs: 0.0.1 (/home/unitree/Desktop/unitree_dex3/install/bboxes_ex_msgs/share/bboxes_ex_msgs/cmake)
[2.841s] -- Found image_transport: 2.4.0 (/opt/ros/foxy/share/image_transport/cmake)
[2.930s] -- Found pcl_conversions: 2.2.1 (/opt/ros/foxy/share/pcl_conversions/cmake)
[3.220s] -- Found tf2: 0.13.14 (/opt/ros/foxy/share/tf2/cmake)
[3.237s] -- Found tf2_ros: 0.13.14 (/opt/ros/foxy/share/tf2_ros/cmake)
[3.761s] -- Found tf2_geometry_msgs: 0.13.14 (/opt/ros/foxy/share/tf2_geometry_msgs/cmake)
[3.842s] -- Eigen found (include: /usr/include/eigen3, version: 3.3.7)
[4.006s] -- The imported target "vtkParseOGLExt" references the file
[4.006s]    "/usr/bin/vtkParseOGLExt-7.1"
[4.007s] but this file does not exist.  Possible reasons include:
[4.007s] * The file was deleted, renamed, or moved to another location.
[4.007s] * An install or uninstall procedure did not complete successfully.
[4.007s] * The installation package was faulty and contained
[4.007s]    "/usr/lib/cmake/vtk-7.1/VTKTargets.cmake"
[4.007s] but not all the files it references.
[4.008s] 
[4.008s] -- The imported target "vtkRenderingPythonTkWidgets" references the file
[4.008s]    "/usr/lib/aarch64-linux-gnu/libvtkRenderingPythonTkWidgets.so"
[4.008s] but this file does not exist.  Possible reasons include:
[4.008s] * The file was deleted, renamed, or moved to another location.
[4.008s] * An install or uninstall procedure did not complete successfully.
[4.008s] * The installation package was faulty and contained
[4.008s]    "/usr/lib/cmake/vtk-7.1/VTKTargets.cmake"
[4.009s] but not all the files it references.
[4.009s] 
[4.009s] -- The imported target "vtk" references the file
[4.009s]    "/usr/bin/vtk"
[4.009s] but this file does not exist.  Possible reasons include:
[4.010s] * The file was deleted, renamed, or moved to another location.
[4.010s] * An install or uninstall procedure did not complete successfully.
[4.010s] * The installation package was faulty and contained
[4.010s]    "/usr/lib/cmake/vtk-7.1/VTKTargets.cmake"
[4.010s] but not all the files it references.
[4.010s] 
[4.010s] -- The imported target "pvtk" references the file
[4.010s]    "/usr/bin/pvtk"
[4.011s] but this file does not exist.  Possible reasons include:
[4.011s] * The file was deleted, renamed, or moved to another location.
[4.011s] * An install or uninstall procedure did not complete successfully.
[4.011s] * The installation package was faulty and contained
[4.011s]    "/usr/lib/cmake/vtk-7.1/VTKTargets.cmake"
[4.011s] but not all the files it references.
[4.011s] 
[4.061s] -- OpenNI found (include: /usr/include/ni, lib: /usr/lib/libOpenNI.so)
[4.080s] -- OpenNI2 found (include: /usr/include/openni2, lib: /usr/lib/libOpenNI2.so)
[4.083s] ** WARNING ** io features related to pcap will be disabled
[4.083s] ** WARNING ** io features related to png will be disabled
[4.104s] ** WARNING ** io features related to libusb-1.0 will be disabled
[4.131s] -- OpenNI found (include: /usr/include/ni, lib: /usr/lib/libOpenNI.so)
[4.145s] -- OpenNI2 found (include: /usr/include/openni2, lib: /usr/lib/libOpenNI2.so)
[4.179s] -- QHULL found (include: /usr/include, lib: optimized;/usr/lib/aarch64-linux-gnu/libqhull.so;debug;/usr/lib/aarch64-linux-gnu/libqhull.so)
[4.200s] -- OpenNI found (include: /usr/include/ni, lib: /usr/lib/libOpenNI.so)
[4.229s] -- looking for PCL_COMMON
[4.230s] -- looking for PCL_KDTREE
[4.231s] -- looking for PCL_OCTREE
[4.234s] -- looking for PCL_SEARCH
[4.234s] -- looking for PCL_SAMPLE_CONSENSUS
[4.235s] -- looking for PCL_FILTERS
[4.241s] -- looking for PCL_2D
[4.246s] -- looking for PCL_GEOMETRY
[4.246s] -- looking for PCL_IO
[4.247s] -- looking for PCL_FEATURES
[4.247s] -- looking for PCL_ML
[4.248s] -- looking for PCL_SEGMENTATION
[4.249s] -- looking for PCL_VISUALIZATION
[4.253s] -- looking for PCL_SURFACE
[4.254s] -- looking for PCL_REGISTRATION
[4.256s] -- looking for PCL_KEYPOINTS
[4.257s] -- looking for PCL_TRACKING
[4.258s] -- looking for PCL_RECOGNITION
[4.262s] -- looking for PCL_STEREO
[4.262s] -- looking for PCL_APPS
[4.263s] -- looking for PCL_IN_HAND_SCANNER
[4.263s] -- looking for PCL_POINT_CLOUD_EDITOR
[4.263s] -- looking for PCL_OUTOFCORE
[4.263s] -- looking for PCL_PEOPLE
[4.273s] -- Found trac_ik_lib: 2.0.2 (/home/unitree/Desktop/unitree_dex3/install/trac_ik_lib/share/trac_ik_lib/cmake)
[4.326s] -- Found geometric_shapes: 2.1.2 (/opt/ros/foxy/share/geometric_shapes/cmake)
[4.337s] -- Found Boost: /usr/include (found version "1.71.0") found components: filesystem 
[4.457s] -- library: /usr/lib/aarch64-linux-gnu/libcurl.so
[4.919s] -- Found ament_lint_auto: 0.9.8 (/opt/ros/foxy/share/ament_lint_auto/cmake)
[5.091s] -- Configuring done
[5.508s] -- Generating done
[5.689s] -- Build files have been written to: /home/unitree/Desktop/unitree_dex3/build/unitree_g1_dex3_stack
[5.749s] Invoked command in '/home/unitree/Desktop/unitree_dex3/build/unitree_g1_dex3_stack' returned '0': AMENT_PREFIX_PATH=/home/unitree/Desktop/unitree_dex3/install/trac_ik_lib:/home/unitree/Desktop/unitree_dex3/install/bboxes_ex_msgs:${AMENT_PREFIX_PATH} CMAKE_PREFIX_PATH=/home/unitree/Desktop/unitree_dex3/install/trac_ik_lib:/home/unitree/Desktop/unitree_dex3/install/bboxes_ex_msgs:/home/unitree/unitree_ros2/cyclonedds_ws/install:/home/unitree/cyclonedds_ws/install/rmw_cyclonedds_cpp:/home/unitree/cyclonedds_ws/install/cyclonedds:/opt/ros/foxy CONDA_PROMPT_MODIFIER=(base) LD_LIBRARY_PATH=/home/unitree/Desktop/unitree_dex3/install/trac_ik_lib/lib:/home/unitree/Desktop/unitree_dex3/install/bboxes_ex_msgs/lib:${LD_LIBRARY_PATH} PYTHONPATH=/home/unitree/Desktop/unitree_dex3/install/bboxes_ex_msgs/lib/python3.8/site-packages:${PYTHONPATH} /usr/bin/cmake /home/unitree/Desktop/unitree_dex3/src/unitree_g1_dex3_stack-main -DBUILD_IK_FCL_OMPL_PLANNER=ON -DCMAKE_INSTALL_PREFIX=/home/unitree/Desktop/unitree_dex3/install/unitree_g1_dex3_stack
[5.757s] Invoking command in '/home/unitree/Desktop/unitree_dex3/build/unitree_g1_dex3_stack': AMENT_PREFIX_PATH=/home/unitree/Desktop/unitree_dex3/install/trac_ik_lib:/home/unitree/Desktop/unitree_dex3/install/bboxes_ex_msgs:${AMENT_PREFIX_PATH} CMAKE_PREFIX_PATH=/home/unitree/Desktop/unitree_dex3/install/trac_ik_lib:/home/unitree/Desktop/unitree_dex3/install/bboxes_ex_msgs:/home/unitree/unitree_ros2/cyclonedds_ws/install:/home/unitree/cyclonedds_ws/install/rmw_cyclonedds_cpp:/home/unitree/cyclonedds_ws/install/cyclonedds:/opt/ros/foxy CONDA_PROMPT_MODIFIER=(base) LD_LIBRARY_PATH=/home/unitree/Desktop/unitree_dex3/install/trac_ik_lib/lib:/home/unitree/Desktop/unitree_dex3/install/bboxes_ex_msgs/lib:${LD_LIBRARY_PATH} PYTHONPATH=/home/unitree/Desktop/unitree_dex3/install/bboxes_ex_msgs/lib/python3.8/site-packages:${PYTHONPATH} /usr/bin/cmake --build /home/unitree/Desktop/unitree_dex3/build/unitree_g1_dex3_stack -- -j8 -l8
[5.927s] Scanning dependencies of target joint_trajectory_executor
[6.000s] [  5%] Building CXX object CMakeFiles/joint_trajectory_executor.dir/src/joint_trajectory_executor.cpp.o
[27.339s] [ 11%] Linking CXX executable joint_trajectory_executor
[28.637s] [ 11%] Built target joint_trajectory_executor
[28.861s] Scanning dependencies of target ik_fcl_ompl_planner
[28.951s] [ 16%] Building CXX object CMakeFiles/ik_fcl_ompl_planner.dir/src/ik_fcl_ompl_planner.cpp.o
[29.509s] /home/unitree/Desktop/unitree_dex3/src/unitree_g1_dex3_stack-main/src/ik_fcl_ompl_planner.cpp:14:10: fatal error: fcl/fcl.h: No such file or directory
[29.509s]    14 | #include <fcl/fcl.h>
[29.509s]       |          ^~~~~~~~~~~
[29.509s] compilation terminated.
[29.521s] make[2]: *** [CMakeFiles/ik_fcl_ompl_planner.dir/build.make:63: CMakeFiles/ik_fcl_ompl_planner.dir/src/ik_fcl_ompl_planner.cpp.o] Error 1
[29.521s] make[1]: *** [CMakeFiles/Makefile2:310: CMakeFiles/ik_fcl_ompl_planner.dir/all] Error 2
[29.521s] make: *** [Makefile:141: all] Error 2
[29.527s] Invoked command in '/home/unitree/Desktop/unitree_dex3/build/unitree_g1_dex3_stack' returned '2': AMENT_PREFIX_PATH=/home/unitree/Desktop/unitree_dex3/install/trac_ik_lib:/home/unitree/Desktop/unitree_dex3/install/bboxes_ex_msgs:${AMENT_PREFIX_PATH} CMAKE_PREFIX_PATH=/home/unitree/Desktop/unitree_dex3/install/trac_ik_lib:/home/unitree/Desktop/unitree_dex3/install/bboxes_ex_msgs:/home/unitree/unitree_ros2/cyclonedds_ws/install:/home/unitree/cyclonedds_ws/install/rmw_cyclonedds_cpp:/home/unitree/cyclonedds_ws/install/cyclonedds:/opt/ros/foxy CONDA_PROMPT_MODIFIER=(base) LD_LIBRARY_PATH=/home/unitree/Desktop/unitree_dex3/install/trac_ik_lib/lib:/home/unitree/Desktop/unitree_dex3/install/bboxes_ex_msgs/lib:${LD_LIBRARY_PATH} PYTHONPATH=/home/unitree/Desktop/unitree_dex3/install/bboxes_ex_msgs/lib/python3.8/site-packages:${PYTHONPATH} /usr/bin/cmake --build /home/unitree/Desktop/unitree_dex3/build/unitree_g1_dex3_stack -- -j8 -l8
