[0.375s] DEBUG:colcon:Command line arguments: ['/usr/bin/colcon', 'build', '--packages-select', 'unitree_g1_dex3_stack']
[0.375s] DEBUG:colcon:Parsed command line arguments: Namespace(allow_overriding=[], ament_cmake_args=None, base_paths=['.'], build_base='build', catkin_cmake_args=None, catkin_skip_building_tests=False, cmake_args=None, cmake_clean_cache=False, cmake_clean_first=False, cmake_force_configure=False, cmake_target=None, cmake_target_skip_unavailable=False, continue_on_error=False, event_handlers=None, executor='parallel', ignore_user_meta=False, install_base='install', log_base=None, log_level=None, main=<bound method BuildVerb.main of <colcon_core.verb.build.BuildVerb object at 0xffff8425c3a0>>, merge_install=False, metas=['./colcon.meta'], packages_above=None, packages_above_and_dependencies=None, packages_above_depth=None, packages_end=None, packages_ignore=None, packages_ignore_regex=None, packages_select=['unitree_g1_dex3_stack'], packages_select_build_failed=False, packages_select_by_dep=None, packages_select_regex=None, packages_select_test_failures=False, packages_skip=None, packages_skip_build_finished=False, packages_skip_by_dep=None, packages_skip_regex=None, packages_skip_test_passed=False, packages_skip_up_to=None, packages_start=None, packages_up_to=None, packages_up_to_regex=None, parallel_workers=8, paths=None, symlink_install=False, test_result_base=None, verb_extension=<colcon_core.verb.build.BuildVerb object at 0xffff8425c3a0>, verb_name='build', verb_parser=<colcon_defaults.argument_parser.defaults.DefaultArgumentsDecorator object at 0xffff84109f40>)
[0.657s] Level 1:colcon.colcon_core.package_discovery:discover_packages(colcon_meta) check parameters
[0.657s] Level 1:colcon.colcon_core.package_discovery:discover_packages(recursive) check parameters
[0.657s] Level 1:colcon.colcon_core.package_discovery:discover_packages(ignore) check parameters
[0.657s] Level 1:colcon.colcon_core.package_discovery:discover_packages(path) check parameters
[0.657s] Level 1:colcon.colcon_core.package_discovery:discover_packages(colcon_meta) discover
[0.658s] Level 1:colcon.colcon_core.package_discovery:discover_packages(recursive) discover
[0.658s] INFO:colcon.colcon_core.package_discovery:Crawling recursively for packages in '/home/unitree/Desktop/unitree_dex3'
[0.658s] Level 1:colcon.colcon_core.package_identification:_identify(.) by extensions ['ignore', 'ignore_ament_install']
[0.658s] Level 1:colcon.colcon_core.package_identification:_identify(.) by extension 'ignore'
[0.658s] Level 1:colcon.colcon_core.package_identification:_identify(.) by extension 'ignore_ament_install'
[0.658s] Level 1:colcon.colcon_core.package_identification:_identify(.) by extensions ['colcon_pkg']
[0.658s] Level 1:colcon.colcon_core.package_identification:_identify(.) by extension 'colcon_pkg'
[0.658s] Level 1:colcon.colcon_core.package_identification:_identify(.) by extensions ['colcon_meta']
[0.659s] Level 1:colcon.colcon_core.package_identification:_identify(.) by extension 'colcon_meta'
[0.659s] Level 1:colcon.colcon_core.package_identification:_identify(.) by extensions ['ros']
[0.659s] Level 1:colcon.colcon_core.package_identification:_identify(.) by extension 'ros'
[0.681s] Level 1:colcon.colcon_core.package_identification:_identify(.) by extensions ['cmake', 'python']
[0.681s] Level 1:colcon.colcon_core.package_identification:_identify(.) by extension 'cmake'
[0.681s] Level 1:colcon.colcon_core.package_identification:_identify(.) by extension 'python'
[0.681s] Level 1:colcon.colcon_core.package_identification:_identify(.) by extensions ['python_setup_py']
[0.682s] Level 1:colcon.colcon_core.package_identification:_identify(.) by extension 'python_setup_py'
[0.682s] Level 1:colcon.colcon_core.package_identification:_identify(build) by extensions ['ignore', 'ignore_ament_install']
[0.682s] Level 1:colcon.colcon_core.package_identification:_identify(build) by extension 'ignore'
[0.682s] Level 1:colcon.colcon_core.package_identification:_identify(build) ignored
[0.682s] Level 1:colcon.colcon_core.package_identification:_identify(install) by extensions ['ignore', 'ignore_ament_install']
[0.683s] Level 1:colcon.colcon_core.package_identification:_identify(install) by extension 'ignore'
[0.683s] Level 1:colcon.colcon_core.package_identification:_identify(install) ignored
[0.683s] Level 1:colcon.colcon_core.package_identification:_identify(log) by extensions ['ignore', 'ignore_ament_install']
[0.683s] Level 1:colcon.colcon_core.package_identification:_identify(log) by extension 'ignore'
[0.683s] Level 1:colcon.colcon_core.package_identification:_identify(log) ignored
[0.683s] Level 1:colcon.colcon_core.package_identification:_identify(src) by extensions ['ignore', 'ignore_ament_install']
[0.684s] Level 1:colcon.colcon_core.package_identification:_identify(src) by extension 'ignore'
[0.684s] Level 1:colcon.colcon_core.package_identification:_identify(src) by extension 'ignore_ament_install'
[0.684s] Level 1:colcon.colcon_core.package_identification:_identify(src) by extensions ['colcon_pkg']
[0.684s] Level 1:colcon.colcon_core.package_identification:_identify(src) by extension 'colcon_pkg'
[0.684s] Level 1:colcon.colcon_core.package_identification:_identify(src) by extensions ['colcon_meta']
[0.684s] Level 1:colcon.colcon_core.package_identification:_identify(src) by extension 'colcon_meta'
[0.684s] Level 1:colcon.colcon_core.package_identification:_identify(src) by extensions ['ros']
[0.684s] Level 1:colcon.colcon_core.package_identification:_identify(src) by extension 'ros'
[0.684s] Level 1:colcon.colcon_core.package_identification:_identify(src) by extensions ['cmake', 'python']
[0.684s] Level 1:colcon.colcon_core.package_identification:_identify(src) by extension 'cmake'
[0.684s] Level 1:colcon.colcon_core.package_identification:_identify(src) by extension 'python'
[0.684s] Level 1:colcon.colcon_core.package_identification:_identify(src) by extensions ['python_setup_py']
[0.684s] Level 1:colcon.colcon_core.package_identification:_identify(src) by extension 'python_setup_py'
[0.685s] Level 1:colcon.colcon_core.package_identification:_identify(src/YOLOX-ROS) by extensions ['ignore', 'ignore_ament_install']
[0.685s] Level 1:colcon.colcon_core.package_identification:_identify(src/YOLOX-ROS) by extension 'ignore'
[0.685s] Level 1:colcon.colcon_core.package_identification:_identify(src/YOLOX-ROS) by extension 'ignore_ament_install'
[0.685s] Level 1:colcon.colcon_core.package_identification:_identify(src/YOLOX-ROS) by extensions ['colcon_pkg']
[0.685s] Level 1:colcon.colcon_core.package_identification:_identify(src/YOLOX-ROS) by extension 'colcon_pkg'
[0.685s] Level 1:colcon.colcon_core.package_identification:_identify(src/YOLOX-ROS) by extensions ['colcon_meta']
[0.685s] Level 1:colcon.colcon_core.package_identification:_identify(src/YOLOX-ROS) by extension 'colcon_meta'
[0.685s] Level 1:colcon.colcon_core.package_identification:_identify(src/YOLOX-ROS) by extensions ['ros']
[0.685s] Level 1:colcon.colcon_core.package_identification:_identify(src/YOLOX-ROS) by extension 'ros'
[0.686s] Level 1:colcon.colcon_core.package_identification:_identify(src/YOLOX-ROS) by extensions ['cmake', 'python']
[0.686s] Level 1:colcon.colcon_core.package_identification:_identify(src/YOLOX-ROS) by extension 'cmake'
[0.686s] Level 1:colcon.colcon_core.package_identification:_identify(src/YOLOX-ROS) by extension 'python'
[0.686s] Level 1:colcon.colcon_core.package_identification:_identify(src/YOLOX-ROS) by extensions ['python_setup_py']
[0.686s] Level 1:colcon.colcon_core.package_identification:_identify(src/YOLOX-ROS) by extension 'python_setup_py'
[0.686s] Level 1:colcon.colcon_core.package_identification:_identify(src/YOLOX-ROS/bbox_ex_msgs) by extensions ['ignore', 'ignore_ament_install']
[0.686s] Level 1:colcon.colcon_core.package_identification:_identify(src/YOLOX-ROS/bbox_ex_msgs) by extension 'ignore'
[0.686s] Level 1:colcon.colcon_core.package_identification:_identify(src/YOLOX-ROS/bbox_ex_msgs) by extension 'ignore_ament_install'
[0.686s] Level 1:colcon.colcon_core.package_identification:_identify(src/YOLOX-ROS/bbox_ex_msgs) by extensions ['colcon_pkg']
[0.686s] Level 1:colcon.colcon_core.package_identification:_identify(src/YOLOX-ROS/bbox_ex_msgs) by extension 'colcon_pkg'
[0.686s] Level 1:colcon.colcon_core.package_identification:_identify(src/YOLOX-ROS/bbox_ex_msgs) by extensions ['colcon_meta']
[0.686s] Level 1:colcon.colcon_core.package_identification:_identify(src/YOLOX-ROS/bbox_ex_msgs) by extension 'colcon_meta'
[0.687s] Level 1:colcon.colcon_core.package_identification:_identify(src/YOLOX-ROS/bbox_ex_msgs) by extensions ['ros']
[0.687s] Level 1:colcon.colcon_core.package_identification:_identify(src/YOLOX-ROS/bbox_ex_msgs) by extension 'ros'
[0.687s] Level 1:colcon.colcon_core.package_identification:_identify(src/YOLOX-ROS/bbox_ex_msgs) by extensions ['cmake', 'python']
[0.687s] Level 1:colcon.colcon_core.package_identification:_identify(src/YOLOX-ROS/bbox_ex_msgs) by extension 'cmake'
[0.687s] Level 1:colcon.colcon_core.package_identification:_identify(src/YOLOX-ROS/bbox_ex_msgs) by extension 'python'
[0.687s] Level 1:colcon.colcon_core.package_identification:_identify(src/YOLOX-ROS/bbox_ex_msgs) by extensions ['python_setup_py']
[0.687s] Level 1:colcon.colcon_core.package_identification:_identify(src/YOLOX-ROS/bbox_ex_msgs) by extension 'python_setup_py'
[0.687s] Level 1:colcon.colcon_core.package_identification:_identify(src/YOLOX-ROS/images_for_readme) by extensions ['ignore', 'ignore_ament_install']
[0.687s] Level 1:colcon.colcon_core.package_identification:_identify(src/YOLOX-ROS/images_for_readme) by extension 'ignore'
[0.687s] Level 1:colcon.colcon_core.package_identification:_identify(src/YOLOX-ROS/images_for_readme) by extension 'ignore_ament_install'
[0.688s] Level 1:colcon.colcon_core.package_identification:_identify(src/YOLOX-ROS/images_for_readme) by extensions ['colcon_pkg']
[0.688s] Level 1:colcon.colcon_core.package_identification:_identify(src/YOLOX-ROS/images_for_readme) by extension 'colcon_pkg'
[0.688s] Level 1:colcon.colcon_core.package_identification:_identify(src/YOLOX-ROS/images_for_readme) by extensions ['colcon_meta']
[0.688s] Level 1:colcon.colcon_core.package_identification:_identify(src/YOLOX-ROS/images_for_readme) by extension 'colcon_meta'
[0.688s] Level 1:colcon.colcon_core.package_identification:_identify(src/YOLOX-ROS/images_for_readme) by extensions ['ros']
[0.688s] Level 1:colcon.colcon_core.package_identification:_identify(src/YOLOX-ROS/images_for_readme) by extension 'ros'
[0.688s] Level 1:colcon.colcon_core.package_identification:_identify(src/YOLOX-ROS/images_for_readme) by extensions ['cmake', 'python']
[0.688s] Level 1:colcon.colcon_core.package_identification:_identify(src/YOLOX-ROS/images_for_readme) by extension 'cmake'
[0.688s] Level 1:colcon.colcon_core.package_identification:_identify(src/YOLOX-ROS/images_for_readme) by extension 'python'
[0.688s] Level 1:colcon.colcon_core.package_identification:_identify(src/YOLOX-ROS/images_for_readme) by extensions ['python_setup_py']
[0.688s] Level 1:colcon.colcon_core.package_identification:_identify(src/YOLOX-ROS/images_for_readme) by extension 'python_setup_py'
[0.688s] Level 1:colcon.colcon_core.package_identification:_identify(src/YOLOX-ROS/weights) by extensions ['ignore', 'ignore_ament_install']
[0.689s] Level 1:colcon.colcon_core.package_identification:_identify(src/YOLOX-ROS/weights) by extension 'ignore'
[0.689s] Level 1:colcon.colcon_core.package_identification:_identify(src/YOLOX-ROS/weights) by extension 'ignore_ament_install'
[0.689s] Level 1:colcon.colcon_core.package_identification:_identify(src/YOLOX-ROS/weights) by extensions ['colcon_pkg']
[0.689s] Level 1:colcon.colcon_core.package_identification:_identify(src/YOLOX-ROS/weights) by extension 'colcon_pkg'
[0.689s] Level 1:colcon.colcon_core.package_identification:_identify(src/YOLOX-ROS/weights) by extensions ['colcon_meta']
[0.689s] Level 1:colcon.colcon_core.package_identification:_identify(src/YOLOX-ROS/weights) by extension 'colcon_meta'
[0.689s] Level 1:colcon.colcon_core.package_identification:_identify(src/YOLOX-ROS/weights) by extensions ['ros']
[0.689s] Level 1:colcon.colcon_core.package_identification:_identify(src/YOLOX-ROS/weights) by extension 'ros'
[0.689s] Level 1:colcon.colcon_core.package_identification:_identify(src/YOLOX-ROS/weights) by extensions ['cmake', 'python']
[0.689s] Level 1:colcon.colcon_core.package_identification:_identify(src/YOLOX-ROS/weights) by extension 'cmake'
[0.689s] Level 1:colcon.colcon_core.package_identification:_identify(src/YOLOX-ROS/weights) by extension 'python'
[0.689s] Level 1:colcon.colcon_core.package_identification:_identify(src/YOLOX-ROS/weights) by extensions ['python_setup_py']
[0.689s] Level 1:colcon.colcon_core.package_identification:_identify(src/YOLOX-ROS/weights) by extension 'python_setup_py'
[0.690s] Level 1:colcon.colcon_core.package_identification:_identify(src/YOLOX-ROS/weights/onnx) by extensions ['ignore', 'ignore_ament_install']
[0.690s] Level 1:colcon.colcon_core.package_identification:_identify(src/YOLOX-ROS/weights/onnx) by extension 'ignore'
[0.690s] Level 1:colcon.colcon_core.package_identification:_identify(src/YOLOX-ROS/weights/onnx) by extension 'ignore_ament_install'
[0.690s] Level 1:colcon.colcon_core.package_identification:_identify(src/YOLOX-ROS/weights/onnx) by extensions ['colcon_pkg']
[0.690s] Level 1:colcon.colcon_core.package_identification:_identify(src/YOLOX-ROS/weights/onnx) by extension 'colcon_pkg'
[0.690s] Level 1:colcon.colcon_core.package_identification:_identify(src/YOLOX-ROS/weights/onnx) by extensions ['colcon_meta']
[0.690s] Level 1:colcon.colcon_core.package_identification:_identify(src/YOLOX-ROS/weights/onnx) by extension 'colcon_meta'
[0.690s] Level 1:colcon.colcon_core.package_identification:_identify(src/YOLOX-ROS/weights/onnx) by extensions ['ros']
[0.690s] Level 1:colcon.colcon_core.package_identification:_identify(src/YOLOX-ROS/weights/onnx) by extension 'ros'
[0.690s] Level 1:colcon.colcon_core.package_identification:_identify(src/YOLOX-ROS/weights/onnx) by extensions ['cmake', 'python']
[0.690s] Level 1:colcon.colcon_core.package_identification:_identify(src/YOLOX-ROS/weights/onnx) by extension 'cmake'
[0.691s] Level 1:colcon.colcon_core.package_identification:_identify(src/YOLOX-ROS/weights/onnx) by extension 'python'
[0.691s] Level 1:colcon.colcon_core.package_identification:_identify(src/YOLOX-ROS/weights/onnx) by extensions ['python_setup_py']
[0.691s] Level 1:colcon.colcon_core.package_identification:_identify(src/YOLOX-ROS/weights/onnx) by extension 'python_setup_py'
[0.691s] Level 1:colcon.colcon_core.package_identification:_identify(src/YOLOX-ROS/weights/openvino) by extensions ['ignore', 'ignore_ament_install']
[0.691s] Level 1:colcon.colcon_core.package_identification:_identify(src/YOLOX-ROS/weights/openvino) by extension 'ignore'
[0.691s] Level 1:colcon.colcon_core.package_identification:_identify(src/YOLOX-ROS/weights/openvino) by extension 'ignore_ament_install'
[0.691s] Level 1:colcon.colcon_core.package_identification:_identify(src/YOLOX-ROS/weights/openvino) by extensions ['colcon_pkg']
[0.691s] Level 1:colcon.colcon_core.package_identification:_identify(src/YOLOX-ROS/weights/openvino) by extension 'colcon_pkg'
[0.691s] Level 1:colcon.colcon_core.package_identification:_identify(src/YOLOX-ROS/weights/openvino) by extensions ['colcon_meta']
[0.691s] Level 1:colcon.colcon_core.package_identification:_identify(src/YOLOX-ROS/weights/openvino) by extension 'colcon_meta'
[0.691s] Level 1:colcon.colcon_core.package_identification:_identify(src/YOLOX-ROS/weights/openvino) by extensions ['ros']
[0.691s] Level 1:colcon.colcon_core.package_identification:_identify(src/YOLOX-ROS/weights/openvino) by extension 'ros'
[0.692s] Level 1:colcon.colcon_core.package_identification:_identify(src/YOLOX-ROS/weights/openvino) by extensions ['cmake', 'python']
[0.692s] Level 1:colcon.colcon_core.package_identification:_identify(src/YOLOX-ROS/weights/openvino) by extension 'cmake'
[0.692s] Level 1:colcon.colcon_core.package_identification:_identify(src/YOLOX-ROS/weights/openvino) by extension 'python'
[0.692s] Level 1:colcon.colcon_core.package_identification:_identify(src/YOLOX-ROS/weights/openvino) by extensions ['python_setup_py']
[0.692s] Level 1:colcon.colcon_core.package_identification:_identify(src/YOLOX-ROS/weights/openvino) by extension 'python_setup_py'
[0.692s] Level 1:colcon.colcon_core.package_identification:_identify(src/YOLOX-ROS/weights/tensorrt) by extensions ['ignore', 'ignore_ament_install']
[0.692s] Level 1:colcon.colcon_core.package_identification:_identify(src/YOLOX-ROS/weights/tensorrt) by extension 'ignore'
[0.692s] Level 1:colcon.colcon_core.package_identification:_identify(src/YOLOX-ROS/weights/tensorrt) by extension 'ignore_ament_install'
[0.692s] Level 1:colcon.colcon_core.package_identification:_identify(src/YOLOX-ROS/weights/tensorrt) by extensions ['colcon_pkg']
[0.692s] Level 1:colcon.colcon_core.package_identification:_identify(src/YOLOX-ROS/weights/tensorrt) by extension 'colcon_pkg'
[0.693s] Level 1:colcon.colcon_core.package_identification:_identify(src/YOLOX-ROS/weights/tensorrt) by extensions ['colcon_meta']
[0.693s] Level 1:colcon.colcon_core.package_identification:_identify(src/YOLOX-ROS/weights/tensorrt) by extension 'colcon_meta'
[0.693s] Level 1:colcon.colcon_core.package_identification:_identify(src/YOLOX-ROS/weights/tensorrt) by extensions ['ros']
[0.693s] Level 1:colcon.colcon_core.package_identification:_identify(src/YOLOX-ROS/weights/tensorrt) by extension 'ros'
[0.693s] Level 1:colcon.colcon_core.package_identification:_identify(src/YOLOX-ROS/weights/tensorrt) by extensions ['cmake', 'python']
[0.693s] Level 1:colcon.colcon_core.package_identification:_identify(src/YOLOX-ROS/weights/tensorrt) by extension 'cmake'
[0.693s] Level 1:colcon.colcon_core.package_identification:_identify(src/YOLOX-ROS/weights/tensorrt) by extension 'python'
[0.693s] Level 1:colcon.colcon_core.package_identification:_identify(src/YOLOX-ROS/weights/tensorrt) by extensions ['python_setup_py']
[0.693s] Level 1:colcon.colcon_core.package_identification:_identify(src/YOLOX-ROS/weights/tensorrt) by extension 'python_setup_py'
[0.693s] Level 1:colcon.colcon_core.package_identification:_identify(src/YOLOX-ROS/weights/tflite) by extensions ['ignore', 'ignore_ament_install']
[0.693s] Level 1:colcon.colcon_core.package_identification:_identify(src/YOLOX-ROS/weights/tflite) by extension 'ignore'
[0.693s] Level 1:colcon.colcon_core.package_identification:_identify(src/YOLOX-ROS/weights/tflite) by extension 'ignore_ament_install'
[0.694s] Level 1:colcon.colcon_core.package_identification:_identify(src/YOLOX-ROS/weights/tflite) by extensions ['colcon_pkg']
[0.694s] Level 1:colcon.colcon_core.package_identification:_identify(src/YOLOX-ROS/weights/tflite) by extension 'colcon_pkg'
[0.694s] Level 1:colcon.colcon_core.package_identification:_identify(src/YOLOX-ROS/weights/tflite) by extensions ['colcon_meta']
[0.694s] Level 1:colcon.colcon_core.package_identification:_identify(src/YOLOX-ROS/weights/tflite) by extension 'colcon_meta'
[0.694s] Level 1:colcon.colcon_core.package_identification:_identify(src/YOLOX-ROS/weights/tflite) by extensions ['ros']
[0.694s] Level 1:colcon.colcon_core.package_identification:_identify(src/YOLOX-ROS/weights/tflite) by extension 'ros'
[0.694s] Level 1:colcon.colcon_core.package_identification:_identify(src/YOLOX-ROS/weights/tflite) by extensions ['cmake', 'python']
[0.694s] Level 1:colcon.colcon_core.package_identification:_identify(src/YOLOX-ROS/weights/tflite) by extension 'cmake'
[0.694s] Level 1:colcon.colcon_core.package_identification:_identify(src/YOLOX-ROS/weights/tflite) by extension 'python'
[0.694s] Level 1:colcon.colcon_core.package_identification:_identify(src/YOLOX-ROS/weights/tflite) by extensions ['python_setup_py']
[0.694s] Level 1:colcon.colcon_core.package_identification:_identify(src/YOLOX-ROS/weights/tflite) by extension 'python_setup_py'
[0.694s] Level 1:colcon.colcon_core.package_identification:_identify(src/YOLOX-ROS/yolox_ros_cpp) by extensions ['ignore', 'ignore_ament_install']
[0.695s] Level 1:colcon.colcon_core.package_identification:_identify(src/YOLOX-ROS/yolox_ros_cpp) by extension 'ignore'
[0.695s] Level 1:colcon.colcon_core.package_identification:_identify(src/YOLOX-ROS/yolox_ros_cpp) by extension 'ignore_ament_install'
[0.695s] Level 1:colcon.colcon_core.package_identification:_identify(src/YOLOX-ROS/yolox_ros_cpp) by extensions ['colcon_pkg']
[0.695s] Level 1:colcon.colcon_core.package_identification:_identify(src/YOLOX-ROS/yolox_ros_cpp) by extension 'colcon_pkg'
[0.695s] Level 1:colcon.colcon_core.package_identification:_identify(src/YOLOX-ROS/yolox_ros_cpp) by extensions ['colcon_meta']
[0.695s] Level 1:colcon.colcon_core.package_identification:_identify(src/YOLOX-ROS/yolox_ros_cpp) by extension 'colcon_meta'
[0.695s] Level 1:colcon.colcon_core.package_identification:_identify(src/YOLOX-ROS/yolox_ros_cpp) by extensions ['ros']
[0.695s] Level 1:colcon.colcon_core.package_identification:_identify(src/YOLOX-ROS/yolox_ros_cpp) by extension 'ros'
[0.695s] Level 1:colcon.colcon_core.package_identification:_identify(src/YOLOX-ROS/yolox_ros_cpp) by extensions ['cmake', 'python']
[0.695s] Level 1:colcon.colcon_core.package_identification:_identify(src/YOLOX-ROS/yolox_ros_cpp) by extension 'cmake'
[0.695s] Level 1:colcon.colcon_core.package_identification:_identify(src/YOLOX-ROS/yolox_ros_cpp) by extension 'python'
[0.695s] Level 1:colcon.colcon_core.package_identification:_identify(src/YOLOX-ROS/yolox_ros_cpp) by extensions ['python_setup_py']
[0.695s] Level 1:colcon.colcon_core.package_identification:_identify(src/YOLOX-ROS/yolox_ros_cpp) by extension 'python_setup_py'
[0.696s] Level 1:colcon.colcon_core.package_identification:_identify(src/YOLOX-ROS/yolox_ros_cpp/docker) by extensions ['ignore', 'ignore_ament_install']
[0.696s] Level 1:colcon.colcon_core.package_identification:_identify(src/YOLOX-ROS/yolox_ros_cpp/docker) by extension 'ignore'
[0.696s] Level 1:colcon.colcon_core.package_identification:_identify(src/YOLOX-ROS/yolox_ros_cpp/docker) by extension 'ignore_ament_install'
[0.696s] Level 1:colcon.colcon_core.package_identification:_identify(src/YOLOX-ROS/yolox_ros_cpp/docker) by extensions ['colcon_pkg']
[0.696s] Level 1:colcon.colcon_core.package_identification:_identify(src/YOLOX-ROS/yolox_ros_cpp/docker) by extension 'colcon_pkg'
[0.696s] Level 1:colcon.colcon_core.package_identification:_identify(src/YOLOX-ROS/yolox_ros_cpp/docker) by extensions ['colcon_meta']
[0.696s] Level 1:colcon.colcon_core.package_identification:_identify(src/YOLOX-ROS/yolox_ros_cpp/docker) by extension 'colcon_meta'
[0.696s] Level 1:colcon.colcon_core.package_identification:_identify(src/YOLOX-ROS/yolox_ros_cpp/docker) by extensions ['ros']
[0.696s] Level 1:colcon.colcon_core.package_identification:_identify(src/YOLOX-ROS/yolox_ros_cpp/docker) by extension 'ros'
[0.696s] Level 1:colcon.colcon_core.package_identification:_identify(src/YOLOX-ROS/yolox_ros_cpp/docker) by extensions ['cmake', 'python']
[0.697s] Level 1:colcon.colcon_core.package_identification:_identify(src/YOLOX-ROS/yolox_ros_cpp/docker) by extension 'cmake'
[0.697s] Level 1:colcon.colcon_core.package_identification:_identify(src/YOLOX-ROS/yolox_ros_cpp/docker) by extension 'python'
[0.697s] Level 1:colcon.colcon_core.package_identification:_identify(src/YOLOX-ROS/yolox_ros_cpp/docker) by extensions ['python_setup_py']
[0.697s] Level 1:colcon.colcon_core.package_identification:_identify(src/YOLOX-ROS/yolox_ros_cpp/docker) by extension 'python_setup_py'
[0.697s] Level 1:colcon.colcon_core.package_identification:_identify(src/YOLOX-ROS/yolox_ros_cpp/docker/jetson) by extensions ['ignore', 'ignore_ament_install']
[0.697s] Level 1:colcon.colcon_core.package_identification:_identify(src/YOLOX-ROS/yolox_ros_cpp/docker/jetson) by extension 'ignore'
[0.697s] Level 1:colcon.colcon_core.package_identification:_identify(src/YOLOX-ROS/yolox_ros_cpp/docker/jetson) by extension 'ignore_ament_install'
[0.697s] Level 1:colcon.colcon_core.package_identification:_identify(src/YOLOX-ROS/yolox_ros_cpp/docker/jetson) by extensions ['colcon_pkg']
[0.697s] Level 1:colcon.colcon_core.package_identification:_identify(src/YOLOX-ROS/yolox_ros_cpp/docker/jetson) by extension 'colcon_pkg'
[0.697s] Level 1:colcon.colcon_core.package_identification:_identify(src/YOLOX-ROS/yolox_ros_cpp/docker/jetson) by extensions ['colcon_meta']
[0.697s] Level 1:colcon.colcon_core.package_identification:_identify(src/YOLOX-ROS/yolox_ros_cpp/docker/jetson) by extension 'colcon_meta'
[0.698s] Level 1:colcon.colcon_core.package_identification:_identify(src/YOLOX-ROS/yolox_ros_cpp/docker/jetson) by extensions ['ros']
[0.698s] Level 1:colcon.colcon_core.package_identification:_identify(src/YOLOX-ROS/yolox_ros_cpp/docker/jetson) by extension 'ros'
[0.698s] Level 1:colcon.colcon_core.package_identification:_identify(src/YOLOX-ROS/yolox_ros_cpp/docker/jetson) by extensions ['cmake', 'python']
[0.698s] Level 1:colcon.colcon_core.package_identification:_identify(src/YOLOX-ROS/yolox_ros_cpp/docker/jetson) by extension 'cmake'
[0.698s] Level 1:colcon.colcon_core.package_identification:_identify(src/YOLOX-ROS/yolox_ros_cpp/docker/jetson) by extension 'python'
[0.698s] Level 1:colcon.colcon_core.package_identification:_identify(src/YOLOX-ROS/yolox_ros_cpp/docker/jetson) by extensions ['python_setup_py']
[0.698s] Level 1:colcon.colcon_core.package_identification:_identify(src/YOLOX-ROS/yolox_ros_cpp/docker/jetson) by extension 'python_setup_py'
[0.698s] Level 1:colcon.colcon_core.package_identification:_identify(src/YOLOX-ROS/yolox_ros_cpp/docker/onnxruntime) by extensions ['ignore', 'ignore_ament_install']
[0.698s] Level 1:colcon.colcon_core.package_identification:_identify(src/YOLOX-ROS/yolox_ros_cpp/docker/onnxruntime) by extension 'ignore'
[0.698s] Level 1:colcon.colcon_core.package_identification:_identify(src/YOLOX-ROS/yolox_ros_cpp/docker/onnxruntime) by extension 'ignore_ament_install'
[0.698s] Level 1:colcon.colcon_core.package_identification:_identify(src/YOLOX-ROS/yolox_ros_cpp/docker/onnxruntime) by extensions ['colcon_pkg']
[0.699s] Level 1:colcon.colcon_core.package_identification:_identify(src/YOLOX-ROS/yolox_ros_cpp/docker/onnxruntime) by extension 'colcon_pkg'
[0.699s] Level 1:colcon.colcon_core.package_identification:_identify(src/YOLOX-ROS/yolox_ros_cpp/docker/onnxruntime) by extensions ['colcon_meta']
[0.699s] Level 1:colcon.colcon_core.package_identification:_identify(src/YOLOX-ROS/yolox_ros_cpp/docker/onnxruntime) by extension 'colcon_meta'
[0.699s] Level 1:colcon.colcon_core.package_identification:_identify(src/YOLOX-ROS/yolox_ros_cpp/docker/onnxruntime) by extensions ['ros']
[0.699s] Level 1:colcon.colcon_core.package_identification:_identify(src/YOLOX-ROS/yolox_ros_cpp/docker/onnxruntime) by extension 'ros'
[0.699s] Level 1:colcon.colcon_core.package_identification:_identify(src/YOLOX-ROS/yolox_ros_cpp/docker/onnxruntime) by extensions ['cmake', 'python']
[0.699s] Level 1:colcon.colcon_core.package_identification:_identify(src/YOLOX-ROS/yolox_ros_cpp/docker/onnxruntime) by extension 'cmake'
[0.699s] Level 1:colcon.colcon_core.package_identification:_identify(src/YOLOX-ROS/yolox_ros_cpp/docker/onnxruntime) by extension 'python'
[0.699s] Level 1:colcon.colcon_core.package_identification:_identify(src/YOLOX-ROS/yolox_ros_cpp/docker/onnxruntime) by extensions ['python_setup_py']
[0.699s] Level 1:colcon.colcon_core.package_identification:_identify(src/YOLOX-ROS/yolox_ros_cpp/docker/onnxruntime) by extension 'python_setup_py'
[0.699s] Level 1:colcon.colcon_core.package_identification:_identify(src/YOLOX-ROS/yolox_ros_cpp/docker/openvino) by extensions ['ignore', 'ignore_ament_install']
[0.700s] Level 1:colcon.colcon_core.package_identification:_identify(src/YOLOX-ROS/yolox_ros_cpp/docker/openvino) by extension 'ignore'
[0.700s] Level 1:colcon.colcon_core.package_identification:_identify(src/YOLOX-ROS/yolox_ros_cpp/docker/openvino) by extension 'ignore_ament_install'
[0.700s] Level 1:colcon.colcon_core.package_identification:_identify(src/YOLOX-ROS/yolox_ros_cpp/docker/openvino) by extensions ['colcon_pkg']
[0.700s] Level 1:colcon.colcon_core.package_identification:_identify(src/YOLOX-ROS/yolox_ros_cpp/docker/openvino) by extension 'colcon_pkg'
[0.700s] Level 1:colcon.colcon_core.package_identification:_identify(src/YOLOX-ROS/yolox_ros_cpp/docker/openvino) by extensions ['colcon_meta']
[0.700s] Level 1:colcon.colcon_core.package_identification:_identify(src/YOLOX-ROS/yolox_ros_cpp/docker/openvino) by extension 'colcon_meta'
[0.700s] Level 1:colcon.colcon_core.package_identification:_identify(src/YOLOX-ROS/yolox_ros_cpp/docker/openvino) by extensions ['ros']
[0.700s] Level 1:colcon.colcon_core.package_identification:_identify(src/YOLOX-ROS/yolox_ros_cpp/docker/openvino) by extension 'ros'
[0.700s] Level 1:colcon.colcon_core.package_identification:_identify(src/YOLOX-ROS/yolox_ros_cpp/docker/openvino) by extensions ['cmake', 'python']
[0.700s] Level 1:colcon.colcon_core.package_identification:_identify(src/YOLOX-ROS/yolox_ros_cpp/docker/openvino) by extension 'cmake'
[0.700s] Level 1:colcon.colcon_core.package_identification:_identify(src/YOLOX-ROS/yolox_ros_cpp/docker/openvino) by extension 'python'
[0.700s] Level 1:colcon.colcon_core.package_identification:_identify(src/YOLOX-ROS/yolox_ros_cpp/docker/openvino) by extensions ['python_setup_py']
[0.700s] Level 1:colcon.colcon_core.package_identification:_identify(src/YOLOX-ROS/yolox_ros_cpp/docker/openvino) by extension 'python_setup_py'
[0.701s] Level 1:colcon.colcon_core.package_identification:_identify(src/YOLOX-ROS/yolox_ros_cpp/docker/tensorrt) by extensions ['ignore', 'ignore_ament_install']
[0.701s] Level 1:colcon.colcon_core.package_identification:_identify(src/YOLOX-ROS/yolox_ros_cpp/docker/tensorrt) by extension 'ignore'
[0.701s] Level 1:colcon.colcon_core.package_identification:_identify(src/YOLOX-ROS/yolox_ros_cpp/docker/tensorrt) by extension 'ignore_ament_install'
[0.701s] Level 1:colcon.colcon_core.package_identification:_identify(src/YOLOX-ROS/yolox_ros_cpp/docker/tensorrt) by extensions ['colcon_pkg']
[0.701s] Level 1:colcon.colcon_core.package_identification:_identify(src/YOLOX-ROS/yolox_ros_cpp/docker/tensorrt) by extension 'colcon_pkg'
[0.701s] Level 1:colcon.colcon_core.package_identification:_identify(src/YOLOX-ROS/yolox_ros_cpp/docker/tensorrt) by extensions ['colcon_meta']
[0.701s] Level 1:colcon.colcon_core.package_identification:_identify(src/YOLOX-ROS/yolox_ros_cpp/docker/tensorrt) by extension 'colcon_meta'
[0.701s] Level 1:colcon.colcon_core.package_identification:_identify(src/YOLOX-ROS/yolox_ros_cpp/docker/tensorrt) by extensions ['ros']
[0.701s] Level 1:colcon.colcon_core.package_identification:_identify(src/YOLOX-ROS/yolox_ros_cpp/docker/tensorrt) by extension 'ros'
[0.701s] Level 1:colcon.colcon_core.package_identification:_identify(src/YOLOX-ROS/yolox_ros_cpp/docker/tensorrt) by extensions ['cmake', 'python']
[0.702s] Level 1:colcon.colcon_core.package_identification:_identify(src/YOLOX-ROS/yolox_ros_cpp/docker/tensorrt) by extension 'cmake'
[0.702s] Level 1:colcon.colcon_core.package_identification:_identify(src/YOLOX-ROS/yolox_ros_cpp/docker/tensorrt) by extension 'python'
[0.702s] Level 1:colcon.colcon_core.package_identification:_identify(src/YOLOX-ROS/yolox_ros_cpp/docker/tensorrt) by extensions ['python_setup_py']
[0.702s] Level 1:colcon.colcon_core.package_identification:_identify(src/YOLOX-ROS/yolox_ros_cpp/docker/tensorrt) by extension 'python_setup_py'
[0.702s] Level 1:colcon.colcon_core.package_identification:_identify(src/YOLOX-ROS/yolox_ros_cpp/yolox_cpp) by extensions ['ignore', 'ignore_ament_install']
[0.702s] Level 1:colcon.colcon_core.package_identification:_identify(src/YOLOX-ROS/yolox_ros_cpp/yolox_cpp) by extension 'ignore'
[0.702s] Level 1:colcon.colcon_core.package_identification:_identify(src/YOLOX-ROS/yolox_ros_cpp/yolox_cpp) by extension 'ignore_ament_install'
[0.702s] Level 1:colcon.colcon_core.package_identification:_identify(src/YOLOX-ROS/yolox_ros_cpp/yolox_cpp) by extensions ['colcon_pkg']
[0.702s] Level 1:colcon.colcon_core.package_identification:_identify(src/YOLOX-ROS/yolox_ros_cpp/yolox_cpp) by extension 'colcon_pkg'
[0.702s] Level 1:colcon.colcon_core.package_identification:_identify(src/YOLOX-ROS/yolox_ros_cpp/yolox_cpp) by extensions ['colcon_meta']
[0.702s] Level 1:colcon.colcon_core.package_identification:_identify(src/YOLOX-ROS/yolox_ros_cpp/yolox_cpp) by extension 'colcon_meta'
[0.703s] Level 1:colcon.colcon_core.package_identification:_identify(src/YOLOX-ROS/yolox_ros_cpp/yolox_cpp) by extensions ['ros']
[0.703s] Level 1:colcon.colcon_core.package_identification:_identify(src/YOLOX-ROS/yolox_ros_cpp/yolox_cpp) by extension 'ros'
[0.708s] DEBUG:colcon.colcon_core.package_identification:Package 'src/YOLOX-ROS/yolox_ros_cpp/yolox_cpp' with type 'ros.ament_cmake' and name 'yolox_cpp'
[0.708s] Level 1:colcon.colcon_core.package_identification:_identify(src/YOLOX-ROS/yolox_ros_cpp/yolox_ros_cpp) by extensions ['ignore', 'ignore_ament_install']
[0.709s] Level 1:colcon.colcon_core.package_identification:_identify(src/YOLOX-ROS/yolox_ros_cpp/yolox_ros_cpp) by extension 'ignore'
[0.709s] Level 1:colcon.colcon_core.package_identification:_identify(src/YOLOX-ROS/yolox_ros_cpp/yolox_ros_cpp) by extension 'ignore_ament_install'
[0.709s] Level 1:colcon.colcon_core.package_identification:_identify(src/YOLOX-ROS/yolox_ros_cpp/yolox_ros_cpp) by extensions ['colcon_pkg']
[0.709s] Level 1:colcon.colcon_core.package_identification:_identify(src/YOLOX-ROS/yolox_ros_cpp/yolox_ros_cpp) by extension 'colcon_pkg'
[0.709s] Level 1:colcon.colcon_core.package_identification:_identify(src/YOLOX-ROS/yolox_ros_cpp/yolox_ros_cpp) by extensions ['colcon_meta']
[0.709s] Level 1:colcon.colcon_core.package_identification:_identify(src/YOLOX-ROS/yolox_ros_cpp/yolox_ros_cpp) by extension 'colcon_meta'
[0.709s] Level 1:colcon.colcon_core.package_identification:_identify(src/YOLOX-ROS/yolox_ros_cpp/yolox_ros_cpp) by extensions ['ros']
[0.709s] Level 1:colcon.colcon_core.package_identification:_identify(src/YOLOX-ROS/yolox_ros_cpp/yolox_ros_cpp) by extension 'ros'
[0.712s] DEBUG:colcon.colcon_core.package_identification:Package 'src/YOLOX-ROS/yolox_ros_cpp/yolox_ros_cpp' with type 'ros.ament_cmake' and name 'yolox_ros_cpp'
[0.712s] Level 1:colcon.colcon_core.package_identification:_identify(src/YOLOX-ROS/yolox_ros_py) by extensions ['ignore', 'ignore_ament_install']
[0.712s] Level 1:colcon.colcon_core.package_identification:_identify(src/YOLOX-ROS/yolox_ros_py) by extension 'ignore'
[0.712s] Level 1:colcon.colcon_core.package_identification:_identify(src/YOLOX-ROS/yolox_ros_py) by extension 'ignore_ament_install'
[0.712s] Level 1:colcon.colcon_core.package_identification:_identify(src/YOLOX-ROS/yolox_ros_py) by extensions ['colcon_pkg']
[0.712s] Level 1:colcon.colcon_core.package_identification:_identify(src/YOLOX-ROS/yolox_ros_py) by extension 'colcon_pkg'
[0.712s] Level 1:colcon.colcon_core.package_identification:_identify(src/YOLOX-ROS/yolox_ros_py) by extensions ['colcon_meta']
[0.713s] Level 1:colcon.colcon_core.package_identification:_identify(src/YOLOX-ROS/yolox_ros_py) by extension 'colcon_meta'
[0.713s] Level 1:colcon.colcon_core.package_identification:_identify(src/YOLOX-ROS/yolox_ros_py) by extensions ['ros']
[0.713s] Level 1:colcon.colcon_core.package_identification:_identify(src/YOLOX-ROS/yolox_ros_py) by extension 'ros'
[0.714s] DEBUG:colcon.colcon_core.package_identification:Package 'src/YOLOX-ROS/yolox_ros_py' with type 'ros.ament_python' and name 'yolox_ros_py'
[0.714s] Level 1:colcon.colcon_core.package_identification:_identify(src/bboxes_ex_msgs) by extensions ['ignore', 'ignore_ament_install']
[0.715s] Level 1:colcon.colcon_core.package_identification:_identify(src/bboxes_ex_msgs) by extension 'ignore'
[0.715s] Level 1:colcon.colcon_core.package_identification:_identify(src/bboxes_ex_msgs) by extension 'ignore_ament_install'
[0.715s] Level 1:colcon.colcon_core.package_identification:_identify(src/bboxes_ex_msgs) by extensions ['colcon_pkg']
[0.715s] Level 1:colcon.colcon_core.package_identification:_identify(src/bboxes_ex_msgs) by extension 'colcon_pkg'
[0.715s] Level 1:colcon.colcon_core.package_identification:_identify(src/bboxes_ex_msgs) by extensions ['colcon_meta']
[0.715s] Level 1:colcon.colcon_core.package_identification:_identify(src/bboxes_ex_msgs) by extension 'colcon_meta'
[0.715s] Level 1:colcon.colcon_core.package_identification:_identify(src/bboxes_ex_msgs) by extensions ['ros']
[0.715s] Level 1:colcon.colcon_core.package_identification:_identify(src/bboxes_ex_msgs) by extension 'ros'
[0.716s] DEBUG:colcon.colcon_core.package_identification:Package 'src/bboxes_ex_msgs' with type 'ros.ament_cmake' and name 'bboxes_ex_msgs'
[0.717s] Level 1:colcon.colcon_core.package_identification:_identify(src/trac_ik) by extensions ['ignore', 'ignore_ament_install']
[0.717s] Level 1:colcon.colcon_core.package_identification:_identify(src/trac_ik) by extension 'ignore'
[0.717s] Level 1:colcon.colcon_core.package_identification:_identify(src/trac_ik) by extension 'ignore_ament_install'
[0.717s] Level 1:colcon.colcon_core.package_identification:_identify(src/trac_ik) by extensions ['colcon_pkg']
[0.717s] Level 1:colcon.colcon_core.package_identification:_identify(src/trac_ik) by extension 'colcon_pkg'
[0.717s] Level 1:colcon.colcon_core.package_identification:_identify(src/trac_ik) by extensions ['colcon_meta']
[0.717s] Level 1:colcon.colcon_core.package_identification:_identify(src/trac_ik) by extension 'colcon_meta'
[0.717s] Level 1:colcon.colcon_core.package_identification:_identify(src/trac_ik) by extensions ['ros']
[0.717s] Level 1:colcon.colcon_core.package_identification:_identify(src/trac_ik) by extension 'ros'
[0.718s] Level 1:colcon.colcon_core.package_identification:_identify(src/trac_ik) by extensions ['cmake', 'python']
[0.718s] Level 1:colcon.colcon_core.package_identification:_identify(src/trac_ik) by extension 'cmake'
[0.718s] Level 1:colcon.colcon_core.package_identification:_identify(src/trac_ik) by extension 'python'
[0.718s] Level 1:colcon.colcon_core.package_identification:_identify(src/trac_ik) by extensions ['python_setup_py']
[0.718s] Level 1:colcon.colcon_core.package_identification:_identify(src/trac_ik) by extension 'python_setup_py'
[0.718s] Level 1:colcon.colcon_core.package_identification:_identify(src/trac_ik/trac_ik) by extensions ['ignore', 'ignore_ament_install']
[0.718s] Level 1:colcon.colcon_core.package_identification:_identify(src/trac_ik/trac_ik) by extension 'ignore'
[0.718s] Level 1:colcon.colcon_core.package_identification:_identify(src/trac_ik/trac_ik) by extension 'ignore_ament_install'
[0.718s] Level 1:colcon.colcon_core.package_identification:_identify(src/trac_ik/trac_ik) by extensions ['colcon_pkg']
[0.718s] Level 1:colcon.colcon_core.package_identification:_identify(src/trac_ik/trac_ik) by extension 'colcon_pkg'
[0.719s] Level 1:colcon.colcon_core.package_identification:_identify(src/trac_ik/trac_ik) by extensions ['colcon_meta']
[0.719s] Level 1:colcon.colcon_core.package_identification:_identify(src/trac_ik/trac_ik) by extension 'colcon_meta'
[0.719s] Level 1:colcon.colcon_core.package_identification:_identify(src/trac_ik/trac_ik) by extensions ['ros']
[0.719s] Level 1:colcon.colcon_core.package_identification:_identify(src/trac_ik/trac_ik) by extension 'ros'
[0.720s] DEBUG:colcon.colcon_core.package_identification:Package 'src/trac_ik/trac_ik' with type 'ros.ament_cmake' and name 'trac_ik'
[0.720s] Level 1:colcon.colcon_core.package_identification:_identify(src/trac_ik/trac_ik_examples) by extensions ['ignore', 'ignore_ament_install']
[0.720s] Level 1:colcon.colcon_core.package_identification:_identify(src/trac_ik/trac_ik_examples) by extension 'ignore'
[0.721s] Level 1:colcon.colcon_core.package_identification:_identify(src/trac_ik/trac_ik_examples) ignored
[0.721s] Level 1:colcon.colcon_core.package_identification:_identify(src/trac_ik/trac_ik_kinematics_plugin) by extensions ['ignore', 'ignore_ament_install']
[0.721s] Level 1:colcon.colcon_core.package_identification:_identify(src/trac_ik/trac_ik_kinematics_plugin) by extension 'ignore'
[0.721s] Level 1:colcon.colcon_core.package_identification:_identify(src/trac_ik/trac_ik_kinematics_plugin) ignored
[0.721s] Level 1:colcon.colcon_core.package_identification:_identify(src/trac_ik/trac_ik_lib) by extensions ['ignore', 'ignore_ament_install']
[0.721s] Level 1:colcon.colcon_core.package_identification:_identify(src/trac_ik/trac_ik_lib) by extension 'ignore'
[0.721s] Level 1:colcon.colcon_core.package_identification:_identify(src/trac_ik/trac_ik_lib) by extension 'ignore_ament_install'
[0.722s] Level 1:colcon.colcon_core.package_identification:_identify(src/trac_ik/trac_ik_lib) by extensions ['colcon_pkg']
[0.722s] Level 1:colcon.colcon_core.package_identification:_identify(src/trac_ik/trac_ik_lib) by extension 'colcon_pkg'
[0.722s] Level 1:colcon.colcon_core.package_identification:_identify(src/trac_ik/trac_ik_lib) by extensions ['colcon_meta']
[0.722s] Level 1:colcon.colcon_core.package_identification:_identify(src/trac_ik/trac_ik_lib) by extension 'colcon_meta'
[0.722s] Level 1:colcon.colcon_core.package_identification:_identify(src/trac_ik/trac_ik_lib) by extensions ['ros']
[0.722s] Level 1:colcon.colcon_core.package_identification:_identify(src/trac_ik/trac_ik_lib) by extension 'ros'
[0.724s] DEBUG:colcon.colcon_core.package_identification:Package 'src/trac_ik/trac_ik_lib' with type 'ros.ament_cmake' and name 'trac_ik_lib'
[0.724s] Level 1:colcon.colcon_core.package_identification:_identify(src/trac_ik/trac_ik_python) by extensions ['ignore', 'ignore_ament_install']
[0.724s] Level 1:colcon.colcon_core.package_identification:_identify(src/trac_ik/trac_ik_python) by extension 'ignore'
[0.724s] Level 1:colcon.colcon_core.package_identification:_identify(src/trac_ik/trac_ik_python) ignored
[0.725s] Level 1:colcon.colcon_core.package_identification:_identify(src/unitree_g1_dex3_stack-main) by extensions ['ignore', 'ignore_ament_install']
[0.725s] Level 1:colcon.colcon_core.package_identification:_identify(src/unitree_g1_dex3_stack-main) by extension 'ignore'
[0.725s] Level 1:colcon.colcon_core.package_identification:_identify(src/unitree_g1_dex3_stack-main) by extension 'ignore_ament_install'
[0.725s] Level 1:colcon.colcon_core.package_identification:_identify(src/unitree_g1_dex3_stack-main) by extensions ['colcon_pkg']
[0.725s] Level 1:colcon.colcon_core.package_identification:_identify(src/unitree_g1_dex3_stack-main) by extension 'colcon_pkg'
[0.725s] Level 1:colcon.colcon_core.package_identification:_identify(src/unitree_g1_dex3_stack-main) by extensions ['colcon_meta']
[0.725s] Level 1:colcon.colcon_core.package_identification:_identify(src/unitree_g1_dex3_stack-main) by extension 'colcon_meta'
[0.725s] Level 1:colcon.colcon_core.package_identification:_identify(src/unitree_g1_dex3_stack-main) by extensions ['ros']
[0.725s] Level 1:colcon.colcon_core.package_identification:_identify(src/unitree_g1_dex3_stack-main) by extension 'ros'
[0.729s] DEBUG:colcon.colcon_core.package_identification:Package 'src/unitree_g1_dex3_stack-main' with type 'ros.ament_cmake' and name 'unitree_g1_dex3_stack'
[0.730s] Level 1:colcon.colcon_core.package_discovery:discover_packages(recursive) using defaults
[0.730s] Level 1:colcon.colcon_core.package_discovery:discover_packages(ignore) discover
[0.730s] Level 1:colcon.colcon_core.package_discovery:discover_packages(ignore) using defaults
[0.730s] Level 1:colcon.colcon_core.package_discovery:discover_packages(path) discover
[0.730s] Level 1:colcon.colcon_core.package_discovery:discover_packages(path) using defaults
[0.767s] INFO:colcon.colcon_core.package_selection:Skipping not selected package 'bboxes_ex_msgs' in 'src/bboxes_ex_msgs'
[0.767s] INFO:colcon.colcon_core.package_selection:Skipping not selected package 'trac_ik_lib' in 'src/trac_ik/trac_ik_lib'
[0.767s] INFO:colcon.colcon_core.package_selection:Skipping not selected package 'yolox_cpp' in 'src/YOLOX-ROS/yolox_ros_cpp/yolox_cpp'
[0.767s] INFO:colcon.colcon_core.package_selection:Skipping not selected package 'yolox_ros_py' in 'src/YOLOX-ROS/yolox_ros_py'
[0.767s] INFO:colcon.colcon_core.package_selection:Skipping not selected package 'trac_ik' in 'src/trac_ik/trac_ik'
[0.767s] INFO:colcon.colcon_core.package_selection:Skipping not selected package 'yolox_ros_cpp' in 'src/YOLOX-ROS/yolox_ros_cpp/yolox_ros_cpp'
[0.768s] Level 1:colcon.colcon_core.package_discovery:discover_packages(prefix_path) check parameters
[0.768s] Level 1:colcon.colcon_core.package_discovery:discover_packages(prefix_path) discover
[0.772s] DEBUG:colcon.colcon_installed_package_information.package_discovery:Found 6 installed packages in /home/unitree/unitree_ros2/cyclonedds_ws/install
[0.773s] DEBUG:colcon.colcon_installed_package_information.package_discovery:Found 2 installed packages in /home/unitree/cyclonedds_ws/install
[0.776s] DEBUG:colcon.colcon_installed_package_information.package_discovery:Found 306 installed packages in /opt/ros/foxy
[0.778s] Level 1:colcon.colcon_core.package_discovery:discover_packages(prefix_path) using defaults
[0.932s] Level 5:colcon.colcon_core.verb:set package 'unitree_g1_dex3_stack' build argument 'cmake_args' from command line to 'None'
[0.932s] Level 5:colcon.colcon_core.verb:set package 'unitree_g1_dex3_stack' build argument 'cmake_target' from command line to 'None'
[0.932s] Level 5:colcon.colcon_core.verb:set package 'unitree_g1_dex3_stack' build argument 'cmake_target_skip_unavailable' from command line to 'False'
[0.932s] Level 5:colcon.colcon_core.verb:set package 'unitree_g1_dex3_stack' build argument 'cmake_clean_cache' from command line to 'False'
[0.932s] Level 5:colcon.colcon_core.verb:set package 'unitree_g1_dex3_stack' build argument 'cmake_clean_first' from command line to 'False'
[0.932s] Level 5:colcon.colcon_core.verb:set package 'unitree_g1_dex3_stack' build argument 'cmake_force_configure' from command line to 'False'
[0.932s] Level 5:colcon.colcon_core.verb:set package 'unitree_g1_dex3_stack' build argument 'ament_cmake_args' from command line to 'None'
[0.932s] Level 5:colcon.colcon_core.verb:set package 'unitree_g1_dex3_stack' build argument 'catkin_cmake_args' from command line to 'None'
[0.932s] Level 5:colcon.colcon_core.verb:set package 'unitree_g1_dex3_stack' build argument 'catkin_skip_building_tests' from command line to 'False'
[0.932s] DEBUG:colcon.colcon_core.verb:Building package 'unitree_g1_dex3_stack' with the following arguments: {'ament_cmake_args': None, 'build_base': '/home/unitree/Desktop/unitree_dex3/build/unitree_g1_dex3_stack', 'catkin_cmake_args': None, 'catkin_skip_building_tests': False, 'cmake_args': None, 'cmake_clean_cache': False, 'cmake_clean_first': False, 'cmake_force_configure': False, 'cmake_target': None, 'cmake_target_skip_unavailable': False, 'install_base': '/home/unitree/Desktop/unitree_dex3/install/unitree_g1_dex3_stack', 'merge_install': False, 'path': '/home/unitree/Desktop/unitree_dex3/src/unitree_g1_dex3_stack-main', 'symlink_install': False, 'test_result_base': None}
[0.933s] INFO:colcon.colcon_core.executor:Executing jobs using 'parallel' executor
[0.935s] DEBUG:colcon.colcon_parallel_executor.executor.parallel:run_until_complete
[0.936s] INFO:colcon.colcon_ros.task.ament_cmake.build:Building ROS package in '/home/unitree/Desktop/unitree_dex3/src/unitree_g1_dex3_stack-main' with build type 'ament_cmake'
[0.936s] INFO:colcon.colcon_cmake.task.cmake.build:Building CMake package in '/home/unitree/Desktop/unitree_dex3/src/unitree_g1_dex3_stack-main'
[0.942s] INFO:colcon.colcon_core.plugin_system:Skipping extension 'colcon_core.shell.bat': Not used on non-Windows systems
[0.942s] INFO:colcon.colcon_core.shell:Skip shell extension 'powershell' for command environment: Not usable outside of PowerShell
[0.943s] DEBUG:colcon.colcon_core.shell:Skip shell extension 'dsv' for command environment
[0.980s] DEBUG:colcon.colcon_core.event_handler.log_command:Invoking command in '/home/unitree/Desktop/unitree_dex3/build/unitree_g1_dex3_stack': AMENT_PREFIX_PATH=/home/unitree/Desktop/unitree_dex3/install/trac_ik_lib:/home/unitree/Desktop/unitree_dex3/install/bboxes_ex_msgs:${AMENT_PREFIX_PATH} CMAKE_PREFIX_PATH=/home/unitree/Desktop/unitree_dex3/install/trac_ik_lib:/home/unitree/Desktop/unitree_dex3/install/bboxes_ex_msgs:/home/unitree/unitree_ros2/cyclonedds_ws/install:/home/unitree/cyclonedds_ws/install/rmw_cyclonedds_cpp:/home/unitree/cyclonedds_ws/install/cyclonedds:/opt/ros/foxy CONDA_PROMPT_MODIFIER=(base) LD_LIBRARY_PATH=/home/unitree/Desktop/unitree_dex3/install/trac_ik_lib/lib:/home/unitree/Desktop/unitree_dex3/install/bboxes_ex_msgs/lib:${LD_LIBRARY_PATH} PYTHONPATH=/home/unitree/Desktop/unitree_dex3/install/bboxes_ex_msgs/lib/python3.8/site-packages:${PYTHONPATH} /usr/bin/cmake --build /home/unitree/Desktop/unitree_dex3/build/unitree_g1_dex3_stack -- -j8 -l8
[58.074s] DEBUG:colcon.colcon_core.event_handler.log_command:Invoked command in '/home/unitree/Desktop/unitree_dex3/build/unitree_g1_dex3_stack' returned '0': AMENT_PREFIX_PATH=/home/unitree/Desktop/unitree_dex3/install/trac_ik_lib:/home/unitree/Desktop/unitree_dex3/install/bboxes_ex_msgs:${AMENT_PREFIX_PATH} CMAKE_PREFIX_PATH=/home/unitree/Desktop/unitree_dex3/install/trac_ik_lib:/home/unitree/Desktop/unitree_dex3/install/bboxes_ex_msgs:/home/unitree/unitree_ros2/cyclonedds_ws/install:/home/unitree/cyclonedds_ws/install/rmw_cyclonedds_cpp:/home/unitree/cyclonedds_ws/install/cyclonedds:/opt/ros/foxy CONDA_PROMPT_MODIFIER=(base) LD_LIBRARY_PATH=/home/unitree/Desktop/unitree_dex3/install/trac_ik_lib/lib:/home/unitree/Desktop/unitree_dex3/install/bboxes_ex_msgs/lib:${LD_LIBRARY_PATH} PYTHONPATH=/home/unitree/Desktop/unitree_dex3/install/bboxes_ex_msgs/lib/python3.8/site-packages:${PYTHONPATH} /usr/bin/cmake --build /home/unitree/Desktop/unitree_dex3/build/unitree_g1_dex3_stack -- -j8 -l8
[58.101s] DEBUG:colcon.colcon_core.event_handler.log_command:Invoking command in '/home/unitree/Desktop/unitree_dex3/build/unitree_g1_dex3_stack': AMENT_PREFIX_PATH=/home/unitree/Desktop/unitree_dex3/install/trac_ik_lib:/home/unitree/Desktop/unitree_dex3/install/bboxes_ex_msgs:${AMENT_PREFIX_PATH} CMAKE_PREFIX_PATH=/home/unitree/Desktop/unitree_dex3/install/trac_ik_lib:/home/unitree/Desktop/unitree_dex3/install/bboxes_ex_msgs:/home/unitree/unitree_ros2/cyclonedds_ws/install:/home/unitree/cyclonedds_ws/install/rmw_cyclonedds_cpp:/home/unitree/cyclonedds_ws/install/cyclonedds:/opt/ros/foxy CONDA_PROMPT_MODIFIER=(base) LD_LIBRARY_PATH=/home/unitree/Desktop/unitree_dex3/install/trac_ik_lib/lib:/home/unitree/Desktop/unitree_dex3/install/bboxes_ex_msgs/lib:${LD_LIBRARY_PATH} PYTHONPATH=/home/unitree/Desktop/unitree_dex3/install/bboxes_ex_msgs/lib/python3.8/site-packages:${PYTHONPATH} /usr/bin/cmake --install /home/unitree/Desktop/unitree_dex3/build/unitree_g1_dex3_stack
[58.154s] Level 1:colcon.colcon_core.environment:create_environment_scripts_only(unitree_g1_dex3_stack)
[58.160s] Level 1:colcon.colcon_core.environment:checking '/home/unitree/Desktop/unitree_dex3/install/unitree_g1_dex3_stack' for CMake module files
[58.161s] Level 1:colcon.colcon_core.environment:checking '/home/unitree/Desktop/unitree_dex3/install/unitree_g1_dex3_stack' for CMake config files
[58.163s] Level 1:colcon.colcon_core.shell:create_environment_hook('unitree_g1_dex3_stack', 'cmake_prefix_path')
[58.163s] INFO:colcon.colcon_core.shell:Creating environment hook '/home/unitree/Desktop/unitree_dex3/install/unitree_g1_dex3_stack/share/unitree_g1_dex3_stack/hook/cmake_prefix_path.ps1'
[58.165s] INFO:colcon.colcon_core.shell:Creating environment descriptor '/home/unitree/Desktop/unitree_dex3/install/unitree_g1_dex3_stack/share/unitree_g1_dex3_stack/hook/cmake_prefix_path.dsv'
[58.167s] INFO:colcon.colcon_core.shell:Creating environment hook '/home/unitree/Desktop/unitree_dex3/install/unitree_g1_dex3_stack/share/unitree_g1_dex3_stack/hook/cmake_prefix_path.sh'
[58.169s] Level 1:colcon.colcon_core.environment:checking '/home/unitree/Desktop/unitree_dex3/install/unitree_g1_dex3_stack/lib'
[58.169s] Level 1:colcon.colcon_core.environment:checking '/home/unitree/Desktop/unitree_dex3/install/unitree_g1_dex3_stack/bin'
[58.170s] Level 1:colcon.colcon_core.environment:checking '/home/unitree/Desktop/unitree_dex3/install/unitree_g1_dex3_stack/lib/pkgconfig/unitree_g1_dex3_stack.pc'
[58.170s] Level 1:colcon.colcon_core.environment:checking '/home/unitree/Desktop/unitree_dex3/install/unitree_g1_dex3_stack/lib/python3.8/site-packages'
[58.170s] Level 1:colcon.colcon_core.environment:checking '/home/unitree/Desktop/unitree_dex3/install/unitree_g1_dex3_stack/bin'
[58.171s] INFO:colcon.colcon_core.shell:Creating package script '/home/unitree/Desktop/unitree_dex3/install/unitree_g1_dex3_stack/share/unitree_g1_dex3_stack/package.ps1'
[58.189s] INFO:colcon.colcon_core.shell:Creating package descriptor '/home/unitree/Desktop/unitree_dex3/install/unitree_g1_dex3_stack/share/unitree_g1_dex3_stack/package.dsv'
[58.191s] INFO:colcon.colcon_core.shell:Creating package script '/home/unitree/Desktop/unitree_dex3/install/unitree_g1_dex3_stack/share/unitree_g1_dex3_stack/package.sh'
[58.193s] INFO:colcon.colcon_core.shell:Creating package script '/home/unitree/Desktop/unitree_dex3/install/unitree_g1_dex3_stack/share/unitree_g1_dex3_stack/package.bash'
[58.194s] INFO:colcon.colcon_core.shell:Creating package script '/home/unitree/Desktop/unitree_dex3/install/unitree_g1_dex3_stack/share/unitree_g1_dex3_stack/package.zsh'
[58.196s] Level 1:colcon.colcon_core.environment:create_file_with_runtime_dependencies(/home/unitree/Desktop/unitree_dex3/install/unitree_g1_dex3_stack/share/colcon-core/packages/unitree_g1_dex3_stack)
[58.197s] Level 1:colcon.colcon_core.environment:create_environment_scripts_only(unitree_g1_dex3_stack)
[58.198s] Level 1:colcon.colcon_core.environment:checking '/home/unitree/Desktop/unitree_dex3/install/unitree_g1_dex3_stack' for CMake module files
[58.198s] Level 1:colcon.colcon_core.environment:checking '/home/unitree/Desktop/unitree_dex3/install/unitree_g1_dex3_stack' for CMake config files
[58.200s] Level 1:colcon.colcon_core.shell:create_environment_hook('unitree_g1_dex3_stack', 'cmake_prefix_path')
[58.200s] INFO:colcon.colcon_core.shell:Creating environment hook '/home/unitree/Desktop/unitree_dex3/install/unitree_g1_dex3_stack/share/unitree_g1_dex3_stack/hook/cmake_prefix_path.ps1'
[58.201s] INFO:colcon.colcon_core.shell:Creating environment descriptor '/home/unitree/Desktop/unitree_dex3/install/unitree_g1_dex3_stack/share/unitree_g1_dex3_stack/hook/cmake_prefix_path.dsv'
[58.202s] INFO:colcon.colcon_core.shell:Creating environment hook '/home/unitree/Desktop/unitree_dex3/install/unitree_g1_dex3_stack/share/unitree_g1_dex3_stack/hook/cmake_prefix_path.sh'
[58.203s] Level 1:colcon.colcon_core.environment:checking '/home/unitree/Desktop/unitree_dex3/install/unitree_g1_dex3_stack/lib'
[58.203s] Level 1:colcon.colcon_core.environment:checking '/home/unitree/Desktop/unitree_dex3/install/unitree_g1_dex3_stack/bin'
[58.203s] Level 1:colcon.colcon_core.environment:checking '/home/unitree/Desktop/unitree_dex3/install/unitree_g1_dex3_stack/lib/pkgconfig/unitree_g1_dex3_stack.pc'
[58.204s] Level 1:colcon.colcon_core.environment:checking '/home/unitree/Desktop/unitree_dex3/install/unitree_g1_dex3_stack/lib/python3.8/site-packages'
[58.204s] Level 1:colcon.colcon_core.environment:checking '/home/unitree/Desktop/unitree_dex3/install/unitree_g1_dex3_stack/bin'
[58.205s] INFO:colcon.colcon_core.shell:Creating package script '/home/unitree/Desktop/unitree_dex3/install/unitree_g1_dex3_stack/share/unitree_g1_dex3_stack/package.ps1'
[58.206s] INFO:colcon.colcon_core.shell:Creating package descriptor '/home/unitree/Desktop/unitree_dex3/install/unitree_g1_dex3_stack/share/unitree_g1_dex3_stack/package.dsv'
[58.207s] INFO:colcon.colcon_core.shell:Creating package script '/home/unitree/Desktop/unitree_dex3/install/unitree_g1_dex3_stack/share/unitree_g1_dex3_stack/package.sh'
[58.210s] DEBUG:colcon.colcon_core.event_handler.log_command:Invoked command in '/home/unitree/Desktop/unitree_dex3/build/unitree_g1_dex3_stack' returned '0': AMENT_PREFIX_PATH=/home/unitree/Desktop/unitree_dex3/install/trac_ik_lib:/home/unitree/Desktop/unitree_dex3/install/bboxes_ex_msgs:${AMENT_PREFIX_PATH} CMAKE_PREFIX_PATH=/home/unitree/Desktop/unitree_dex3/install/trac_ik_lib:/home/unitree/Desktop/unitree_dex3/install/bboxes_ex_msgs:/home/unitree/unitree_ros2/cyclonedds_ws/install:/home/unitree/cyclonedds_ws/install/rmw_cyclonedds_cpp:/home/unitree/cyclonedds_ws/install/cyclonedds:/opt/ros/foxy CONDA_PROMPT_MODIFIER=(base) LD_LIBRARY_PATH=/home/unitree/Desktop/unitree_dex3/install/trac_ik_lib/lib:/home/unitree/Desktop/unitree_dex3/install/bboxes_ex_msgs/lib:${LD_LIBRARY_PATH} PYTHONPATH=/home/unitree/Desktop/unitree_dex3/install/bboxes_ex_msgs/lib/python3.8/site-packages:${PYTHONPATH} /usr/bin/cmake --install /home/unitree/Desktop/unitree_dex3/build/unitree_g1_dex3_stack
[58.210s] INFO:colcon.colcon_core.shell:Creating package script '/home/unitree/Desktop/unitree_dex3/install/unitree_g1_dex3_stack/share/unitree_g1_dex3_stack/package.bash'
[58.211s] INFO:colcon.colcon_core.shell:Creating package script '/home/unitree/Desktop/unitree_dex3/install/unitree_g1_dex3_stack/share/unitree_g1_dex3_stack/package.zsh'
[58.212s] Level 1:colcon.colcon_core.environment:create_file_with_runtime_dependencies(/home/unitree/Desktop/unitree_dex3/install/unitree_g1_dex3_stack/share/colcon-core/packages/unitree_g1_dex3_stack)
[58.214s] DEBUG:colcon.colcon_parallel_executor.executor.parallel:closing loop
[58.214s] DEBUG:colcon.colcon_parallel_executor.executor.parallel:loop closed
[58.214s] DEBUG:colcon.colcon_parallel_executor.executor.parallel:run_until_complete finished with '0'
[58.214s] DEBUG:colcon.colcon_core.event_reactor:joining thread
[58.226s] INFO:colcon.colcon_core.plugin_system:Skipping extension 'colcon_notification.desktop_notification.terminal_notifier': Not used on non-Darwin systems
[58.226s] INFO:colcon.colcon_core.plugin_system:Skipping extension 'colcon_notification.desktop_notification.win32': Not used on non-Windows systems
[58.227s] INFO:colcon.colcon_notification.desktop_notification:Sending desktop notification using 'notify2'
[58.277s] DEBUG:colcon.colcon_core.event_reactor:joined thread
[58.278s] INFO:colcon.colcon_core.shell:Creating prefix script '/home/unitree/Desktop/unitree_dex3/install/local_setup.ps1'
[58.281s] INFO:colcon.colcon_core.shell:Creating prefix util module '/home/unitree/Desktop/unitree_dex3/install/_local_setup_util_ps1.py'
[58.284s] INFO:colcon.colcon_core.shell:Creating prefix chain script '/home/unitree/Desktop/unitree_dex3/install/setup.ps1'
[58.286s] INFO:colcon.colcon_core.shell:Creating prefix script '/home/unitree/Desktop/unitree_dex3/install/local_setup.sh'
[58.288s] INFO:colcon.colcon_core.shell:Creating prefix util module '/home/unitree/Desktop/unitree_dex3/install/_local_setup_util_sh.py'
[58.290s] INFO:colcon.colcon_core.shell:Creating prefix chain script '/home/unitree/Desktop/unitree_dex3/install/setup.sh'
[58.293s] INFO:colcon.colcon_core.shell:Creating prefix script '/home/unitree/Desktop/unitree_dex3/install/local_setup.bash'
[58.294s] INFO:colcon.colcon_core.shell:Creating prefix chain script '/home/unitree/Desktop/unitree_dex3/install/setup.bash'
[58.297s] INFO:colcon.colcon_core.shell:Creating prefix script '/home/unitree/Desktop/unitree_dex3/install/local_setup.zsh'
[58.298s] INFO:colcon.colcon_core.shell:Creating prefix chain script '/home/unitree/Desktop/unitree_dex3/install/setup.zsh'
