[0.096s] Invoking command in '/home/unitree/Desktop/unitree_dex3/build/unitree_g1_dex3_stack': AMENT_PREFIX_PATH=/home/unitree/Desktop/unitree_dex3/install/trac_ik_lib:/home/unitree/Desktop/unitree_dex3/install/bboxes_ex_msgs:${AMENT_PREFIX_PATH} CMAKE_PREFIX_PATH=/home/unitree/Desktop/unitree_dex3/install/trac_ik_lib:/home/unitree/Desktop/unitree_dex3/install/bboxes_ex_msgs:/home/unitree/unitree_ros2/cyclonedds_ws/install:/home/unitree/cyclonedds_ws/install/rmw_cyclonedds_cpp:/home/unitree/cyclonedds_ws/install/cyclonedds:/opt/ros/foxy CONDA_PROMPT_MODIFIER=(base) LD_LIBRARY_PATH=/home/unitree/Desktop/unitree_dex3/install/trac_ik_lib/lib:/home/unitree/Desktop/unitree_dex3/install/bboxes_ex_msgs/lib:${LD_LIBRARY_PATH} PYTHONPATH=/home/unitree/Desktop/unitree_dex3/install/bboxes_ex_msgs/lib/python3.8/site-packages:${PYTHONPATH} /usr/bin/cmake /home/unitree/Desktop/unitree_dex3/src/unitree_g1_dex3_stack-main -DCMAKE_INSTALL_PREFIX=/home/unitree/Desktop/unitree_dex3/install/unitree_g1_dex3_stack
[0.137s] -- Found ament_cmake: 0.9.12 (/opt/ros/foxy/share/ament_cmake/cmake)
[0.219s] -- Using PYTHON_EXECUTABLE: /usr/bin/python3
[0.700s] -- Found rclcpp: 2.4.3 (/opt/ros/foxy/share/rclcpp/cmake)
[0.781s] -- Using all available rosidl_typesupport_c: rosidl_typesupport_fastrtps_c;rosidl_typesupport_introspection_c
[0.788s] -- Found rosidl_adapter: 1.3.1 (/opt/ros/foxy/share/rosidl_adapter/cmake)
[1.062s] -- Using all available rosidl_typesupport_cpp: rosidl_typesupport_fastrtps_cpp;rosidl_typesupport_introspection_cpp
[1.158s] -- Found rmw_implementation_cmake: 1.0.4 (/opt/ros/foxy/share/rmw_implementation_cmake/cmake)
[1.162s] -- Using RMW implementation 'rmw_cyclonedds_cpp' as default
[1.397s] -- Found sensor_msgs: 2.0.5 (/opt/ros/foxy/share/sensor_msgs/cmake)
[1.575s] -- Found trajectory_msgs: 2.0.5 (/opt/ros/foxy/share/trajectory_msgs/cmake)
[1.678s] -- Found unitree_hg: 0.0.0 (/home/unitree/unitree_ros2/cyclonedds_ws/install/share/unitree_hg/cmake)
[1.763s] -- Found urdf: 2.4.0 (/opt/ros/foxy/share/urdf/cmake)
[1.800s] -- Found kdl_parser: 2.4.1 (/opt/ros/foxy/share/kdl_parser/cmake)
[1.801s] -- Found eigen3_cmake_module: 0.1.1 (/opt/ros/foxy/share/eigen3_cmake_module/cmake)
[1.811s] -- Found vision_msgs: 2.0.0 (/opt/ros/foxy/share/vision_msgs/cmake)
[1.998s] -- Found cv_bridge: 3.0.7 (/opt/ros/foxy/share/cv_bridge/cmake)
[2.065s] -- Found bboxes_ex_msgs: 0.0.1 (/home/unitree/Desktop/unitree_dex3/install/bboxes_ex_msgs/share/bboxes_ex_msgs/cmake)
[2.127s] -- Found image_transport: 2.4.0 (/opt/ros/foxy/share/image_transport/cmake)
[2.216s] -- Found pcl_conversions: 2.2.1 (/opt/ros/foxy/share/pcl_conversions/cmake)
[2.465s] -- Found tf2: 0.13.14 (/opt/ros/foxy/share/tf2/cmake)
[2.482s] -- Found tf2_ros: 0.13.14 (/opt/ros/foxy/share/tf2_ros/cmake)
[2.950s] -- Found tf2_geometry_msgs: 0.13.14 (/opt/ros/foxy/share/tf2_geometry_msgs/cmake)
[3.020s] -- Eigen found (include: /usr/include/eigen3, version: 3.3.7)
[3.036s] -- Found Boost: /usr/include (found suitable version "1.71.0", minimum required is "1.55.0") found components: system filesystem date_time iostreams regex 
[3.185s] -- The imported target "vtkParseOGLExt" references the file
[3.186s]    "/usr/bin/vtkParseOGLExt-7.1"
[3.186s] but this file does not exist.  Possible reasons include:
[3.186s] * The file was deleted, renamed, or moved to another location.
[3.186s] * An install or uninstall procedure did not complete successfully.
[3.186s] * The installation package was faulty and contained
[3.186s]    "/usr/lib/cmake/vtk-7.1/VTKTargets.cmake"
[3.187s] but not all the files it references.
[3.193s] 
[3.193s] -- The imported target "vtkRenderingPythonTkWidgets" references the file
[3.193s]    "/usr/lib/aarch64-linux-gnu/libvtkRenderingPythonTkWidgets.so"
[3.193s] but this file does not exist.  Possible reasons include:
[3.194s] * The file was deleted, renamed, or moved to another location.
[3.194s] * An install or uninstall procedure did not complete successfully.
[3.194s] * The installation package was faulty and contained
[3.194s]    "/usr/lib/cmake/vtk-7.1/VTKTargets.cmake"
[3.194s] but not all the files it references.
[3.194s] 
[3.194s] -- The imported target "vtk" references the file
[3.194s]    "/usr/bin/vtk"
[3.195s] but this file does not exist.  Possible reasons include:
[3.195s] * The file was deleted, renamed, or moved to another location.
[3.195s] * An install or uninstall procedure did not complete successfully.
[3.195s] * The installation package was faulty and contained
[3.195s]    "/usr/lib/cmake/vtk-7.1/VTKTargets.cmake"
[3.195s] but not all the files it references.
[3.195s] 
[3.195s] -- The imported target "pvtk" references the file
[3.195s]    "/usr/bin/pvtk"
[3.196s] but this file does not exist.  Possible reasons include:
[3.196s] * The file was deleted, renamed, or moved to another location.
[3.196s] * An install or uninstall procedure did not complete successfully.
[3.196s] * The installation package was faulty and contained
[3.196s]    "/usr/lib/cmake/vtk-7.1/VTKTargets.cmake"
[3.196s] but not all the files it references.
[3.196s] 
[3.236s] -- OpenNI found (include: /usr/include/ni, lib: /usr/lib/libOpenNI.so)
[3.264s] -- OpenNI2 found (include: /usr/include/openni2, lib: /usr/lib/libOpenNI2.so)
[3.266s] ** WARNING ** io features related to pcap will be disabled
[3.266s] ** WARNING ** io features related to png will be disabled
[3.284s] ** WARNING ** io features related to libusb-1.0 will be disabled
[3.298s] -- OpenNI found (include: /usr/include/ni, lib: /usr/lib/libOpenNI.so)
[3.313s] -- OpenNI2 found (include: /usr/include/openni2, lib: /usr/lib/libOpenNI2.so)
[3.339s] -- QHULL found (include: /usr/include, lib: optimized;/usr/lib/aarch64-linux-gnu/libqhull.so;debug;/usr/lib/aarch64-linux-gnu/libqhull.so)
[3.351s] -- OpenNI found (include: /usr/include/ni, lib: /usr/lib/libOpenNI.so)
[3.371s] -- looking for PCL_COMMON
[3.372s] -- looking for PCL_KDTREE
[3.373s] -- looking for PCL_OCTREE
[3.373s] -- looking for PCL_SEARCH
[3.374s] -- looking for PCL_SAMPLE_CONSENSUS
[3.375s] -- looking for PCL_FILTERS
[3.376s] -- looking for PCL_2D
[3.377s] -- looking for PCL_GEOMETRY
[3.377s] -- looking for PCL_IO
[3.379s] -- looking for PCL_FEATURES
[3.380s] -- looking for PCL_ML
[3.381s] -- looking for PCL_SEGMENTATION
[3.382s] -- looking for PCL_VISUALIZATION
[3.383s] -- looking for PCL_SURFACE
[3.384s] -- looking for PCL_REGISTRATION
[3.384s] -- looking for PCL_KEYPOINTS
[3.385s] -- looking for PCL_TRACKING
[3.386s] -- looking for PCL_RECOGNITION
[3.388s] -- looking for PCL_STEREO
[3.388s] -- looking for PCL_APPS
[3.390s] -- looking for PCL_IN_HAND_SCANNER
[3.392s] -- looking for PCL_POINT_CLOUD_EDITOR
[3.392s] -- looking for PCL_OUTOFCORE
[3.392s] -- looking for PCL_PEOPLE
[3.398s] -- Found trac_ik_lib: 2.0.2 (/home/unitree/Desktop/unitree_dex3/install/trac_ik_lib/share/trac_ik_lib/cmake)
[3.451s] -- Found geometric_shapes: 2.1.2 (/opt/ros/foxy/share/geometric_shapes/cmake)
[3.462s] -- Found Boost: /usr/include (found version "1.71.0") found components: filesystem 
[3.546s] -- library: /usr/lib/aarch64-linux-gnu/libcurl.so
[3.959s] -- Found ament_lint_auto: 0.9.8 (/opt/ros/foxy/share/ament_lint_auto/cmake)
[4.152s] -- Configuring done
[4.430s] -- Generating done
[4.582s] -- Build files have been written to: /home/unitree/Desktop/unitree_dex3/build/unitree_g1_dex3_stack
[4.639s] Invoked command in '/home/unitree/Desktop/unitree_dex3/build/unitree_g1_dex3_stack' returned '0': AMENT_PREFIX_PATH=/home/unitree/Desktop/unitree_dex3/install/trac_ik_lib:/home/unitree/Desktop/unitree_dex3/install/bboxes_ex_msgs:${AMENT_PREFIX_PATH} CMAKE_PREFIX_PATH=/home/unitree/Desktop/unitree_dex3/install/trac_ik_lib:/home/unitree/Desktop/unitree_dex3/install/bboxes_ex_msgs:/home/unitree/unitree_ros2/cyclonedds_ws/install:/home/unitree/cyclonedds_ws/install/rmw_cyclonedds_cpp:/home/unitree/cyclonedds_ws/install/cyclonedds:/opt/ros/foxy CONDA_PROMPT_MODIFIER=(base) LD_LIBRARY_PATH=/home/unitree/Desktop/unitree_dex3/install/trac_ik_lib/lib:/home/unitree/Desktop/unitree_dex3/install/bboxes_ex_msgs/lib:${LD_LIBRARY_PATH} PYTHONPATH=/home/unitree/Desktop/unitree_dex3/install/bboxes_ex_msgs/lib/python3.8/site-packages:${PYTHONPATH} /usr/bin/cmake /home/unitree/Desktop/unitree_dex3/src/unitree_g1_dex3_stack-main -DCMAKE_INSTALL_PREFIX=/home/unitree/Desktop/unitree_dex3/install/unitree_g1_dex3_stack
[4.649s] Invoking command in '/home/unitree/Desktop/unitree_dex3/build/unitree_g1_dex3_stack': AMENT_PREFIX_PATH=/home/unitree/Desktop/unitree_dex3/install/trac_ik_lib:/home/unitree/Desktop/unitree_dex3/install/bboxes_ex_msgs:${AMENT_PREFIX_PATH} CMAKE_PREFIX_PATH=/home/unitree/Desktop/unitree_dex3/install/trac_ik_lib:/home/unitree/Desktop/unitree_dex3/install/bboxes_ex_msgs:/home/unitree/unitree_ros2/cyclonedds_ws/install:/home/unitree/cyclonedds_ws/install/rmw_cyclonedds_cpp:/home/unitree/cyclonedds_ws/install/cyclonedds:/opt/ros/foxy CONDA_PROMPT_MODIFIER=(base) LD_LIBRARY_PATH=/home/unitree/Desktop/unitree_dex3/install/trac_ik_lib/lib:/home/unitree/Desktop/unitree_dex3/install/bboxes_ex_msgs/lib:${LD_LIBRARY_PATH} PYTHONPATH=/home/unitree/Desktop/unitree_dex3/install/bboxes_ex_msgs/lib/python3.8/site-packages:${PYTHONPATH} /usr/bin/cmake --build /home/unitree/Desktop/unitree_dex3/build/unitree_g1_dex3_stack -- -j8 -l8
[4.907s] [ 11%] Built target joint_trajectory_executor
[5.020s] [ 16%] Building CXX object CMakeFiles/ik_fcl_ompl_planner.dir/src/ik_fcl_ompl_planner.cpp.o
[5.490s] /home/unitree/Desktop/unitree_dex3/src/unitree_g1_dex3_stack-main/src/ik_fcl_ompl_planner.cpp:14:10: fatal error: fcl/fcl.h: No such file or directory
[5.490s]    14 | #include <fcl/fcl.h>
[5.490s]       |          ^~~~~~~~~~~
[5.490s] compilation terminated.
[5.499s] make[2]: *** [CMakeFiles/ik_fcl_ompl_planner.dir/build.make:63: CMakeFiles/ik_fcl_ompl_planner.dir/src/ik_fcl_ompl_planner.cpp.o] Error 1
[5.502s] make[1]: *** [CMakeFiles/Makefile2:310: CMakeFiles/ik_fcl_ompl_planner.dir/all] Error 2
[5.502s] make: *** [Makefile:141: all] Error 2
[5.511s] Invoked command in '/home/unitree/Desktop/unitree_dex3/build/unitree_g1_dex3_stack' returned '2': AMENT_PREFIX_PATH=/home/unitree/Desktop/unitree_dex3/install/trac_ik_lib:/home/unitree/Desktop/unitree_dex3/install/bboxes_ex_msgs:${AMENT_PREFIX_PATH} CMAKE_PREFIX_PATH=/home/unitree/Desktop/unitree_dex3/install/trac_ik_lib:/home/unitree/Desktop/unitree_dex3/install/bboxes_ex_msgs:/home/unitree/unitree_ros2/cyclonedds_ws/install:/home/unitree/cyclonedds_ws/install/rmw_cyclonedds_cpp:/home/unitree/cyclonedds_ws/install/cyclonedds:/opt/ros/foxy CONDA_PROMPT_MODIFIER=(base) LD_LIBRARY_PATH=/home/unitree/Desktop/unitree_dex3/install/trac_ik_lib/lib:/home/unitree/Desktop/unitree_dex3/install/bboxes_ex_msgs/lib:${LD_LIBRARY_PATH} PYTHONPATH=/home/unitree/Desktop/unitree_dex3/install/bboxes_ex_msgs/lib/python3.8/site-packages:${PYTHONPATH} /usr/bin/cmake --build /home/unitree/Desktop/unitree_dex3/build/unitree_g1_dex3_stack -- -j8 -l8
